Virtual User Script started at: 11/4/2019 9:55:14 AM
Starting action vuser_init.
Web Turbo Replay of LoadRunner 12.63.0 for Windows 2012 R2; build 399 (May 14 2019 11:24:39)  	[MsgId: MMSG-26983]
Run mode: HTML  	[MsgId: MMSG-26993]
Replay user agent: Mozilla/5.0 (Windows NT 6.3; Win64; x64) AppleWebKit/537.36 (KHTML, like Gecko) Chrome/77.0.3865.120 Safari/537.36  	[MsgId: MMSG-26988]
Runtime Settings file: "C:\Users\Administrator\Documents\VuGen\Scripts\Web_Login_Logout\\default.cfg"  	[MsgId: MMSG-27141]
Ending action vuser_init.
Running Vuser...
Starting iteration 1.
Maximum number of concurrent connections per server: 6  	[MsgId: MMSG-26989]
Starting action Action.
Action.c(4): web_set_user started  	[MsgId: MMSG-26355]
Action.c(4): web_set_user was successful  	[MsgId: MMSG-26392]
Action.c(8): web_add_header("Upgrade-Insecure-Requests") started  	[MsgId: MMSG-26355]
Action.c(8): web_add_header("Upgrade-Insecure-Requests") was successful  	[MsgId: MMSG-26392]
Action.c(11): web_add_cookie started  	[MsgId: MMSG-26355]
Action.c(11): web_add_cookie was successful  	[MsgId: MMSG-26392]
Action.c(13): web_url("{URL}") started  	[MsgId: MMSG-26355]
Action.c(13): Found resource "http://adm-aos:8080/css/main.min.css" in HTML "http://adm-aos:8080/"  	[MsgId: MMSG-26659]
Action.c(13): Found resource "http://adm-aos:8080/css/images/Down_arrow.svg" in HTML "http://adm-aos:8080/"  	[MsgId: MMSG-26659]
Action.c(13): Found resource "http://adm-aos:8080/vendor/requirejs/require.js" in HTML "http://adm-aos:8080/"  	[MsgId: MMSG-26659]
Action.c(13): Downloading resource "http://adm-aos:8080/main.min.js" (specified by argument number 9)  	[MsgId: MMSG-26577]
Action.c(13): Downloading resource "http://adm-aos:8080/services.properties" (specified by argument number 11)  	[MsgId: MMSG-26577]
Action.c(13): Downloading resource "http://adm-aos:8080/css/images/logo.png" (specified by argument number 13)  	[MsgId: MMSG-26577]
Action.c(13): Downloading resource "http://adm-aos:8080/css/images/closeDark.png" (specified by argument number 15)  	[MsgId: MMSG-26577]
Action.c(13): Downloading resource "http://adm-aos:8080/css/fonts/roboto_regular_macroman/Roboto-Regular-webfont.woff" (specified by argument number 17)  	[MsgId: MMSG-26577]
Action.c(13): Downloading resource "http://adm-aos:8080/css/fonts/roboto_medium_macroman/Roboto-Medium-webfont.woff" (specified by argument number 20)  	[MsgId: MMSG-26577]
Action.c(13): Downloading resource "http://adm-aos:8080/css/fonts/roboto_light_macroman/Roboto-Light-webfont.woff" (specified by argument number 23)  	[MsgId: MMSG-26577]
Action.c(13): Downloading resource "https://www.google-analytics.com/analytics.js" (specified by argument number 26)  	[MsgId: MMSG-26577]
Action.c(13): Downloading resource "https://www.google-analytics.com/r/collect?v=1&_v=j79&a=1599360580&t=pageview&_s=1&dl=http%3A%2F%2Fadm-aos%2F&ul=en-us&de=UTF-8&dt=%C2%A0Advantage%20Shopping&sd=24-bit&sr=1920x1200&vp=1920x1057&je=0&_u=IEBAAEAB~&jid=247331336&gjid=1940143684&cid=732987440.1572860698&tid=UA-81334227-1&_gid=1453451630.1572860698&_r=1&z=542420221" (specified by argument number 28)  	[MsgId: MMSG-26577]
Action.c(13): Downloading resource "http://adm-aos:8080/css/images/arrow_right.png" (specified by argument number 30)  	[MsgId: MMSG-26577]
Action.c(13): Downloading resource "http://adm-aos:8080/catalog/fetchImage?image_id=1236" (specified by argument number 33)  	[MsgId: MMSG-26577]
Action.c(13): Downloading resource "http://adm-aos:8080/catalog/fetchImage?image_id=1237" (specified by argument number 35)  	[MsgId: MMSG-26577]
Action.c(13): Downloading resource "http://adm-aos:8080/catalog/fetchImage?image_id=1235" (specified by argument number 37)  	[MsgId: MMSG-26577]
Action.c(13): Downloading resource "http://adm-aos:8080/catalog/fetchImage?image_id=1238" (specified by argument number 39)  	[MsgId: MMSG-26577]
Action.c(13): Downloading resource "http://adm-aos:8080/catalog/fetchImage?image_id=1234" (specified by argument number 41)  	[MsgId: MMSG-26577]
Action.c(13): Downloading resource "http://adm-aos:8080/css/fonts/roboto_bold_macroman/Roboto-Bold-webfont.woff" (specified by argument number 43)  	[MsgId: MMSG-26577]
Action.c(13): Downloading resource "http://adm-aos:8080/css/fonts/roboto_thin_macroman/Roboto-Thin-webfont.woff" (specified by argument number 46)  	[MsgId: MMSG-26577]
Action.c(13): Downloading resource "http://adm-aos:8080/css/images/Special-offer.jpg" (specified by argument number 49)  	[MsgId: MMSG-26577]
Action.c(13): Downloading resource "http://adm-aos:8080/css/images/facebook.png" (specified by argument number 51)  	[MsgId: MMSG-26577]
Action.c(13): Downloading resource "http://adm-aos:8080/css/images/GoUp.png" (specified by argument number 53)  	[MsgId: MMSG-26577]
Action.c(13): Downloading resource "http://adm-aos:8080/css/images/twitter.png" (specified by argument number 55)  	[MsgId: MMSG-26577]
Action.c(13): Downloading resource "http://adm-aos:8080/css/images/linkedin.png" (specified by argument number 57)  	[MsgId: MMSG-26577]
Action.c(13): Downloading resource "http://adm-aos:8080/css/images/Banner1.jpg" (specified by argument number 59)  	[MsgId: MMSG-26577]
Action.c(13): Downloading resource "http://adm-aos:8080/css/images/Banner2.jpg" (specified by argument number 61)  	[MsgId: MMSG-26577]
Action.c(13): Downloading resource "http://adm-aos:8080/css/images/Popular-item3.jpg" (specified by argument number 63)  	[MsgId: MMSG-26577]
Action.c(13): Downloading resource "http://adm-aos:8080/css/images/Banner3.jpg" (specified by argument number 65)  	[MsgId: MMSG-26577]
Action.c(13): Downloading resource "http://adm-aos:8080/css/images/Popular-item2.jpg" (specified by argument number 67)  	[MsgId: MMSG-26577]
Action.c(13): Downloading resource "https://www.google-analytics.com/collect?v=1&_v=j79&a=1599360580&t=pageview&_s=2&dl=http%3A%2F%2Fadm-aos%2F&dp=%2F&ul=en-us&de=UTF-8&dt=%C2%A0Advantage%20Shopping&sd=24-bit&sr=1920x1200&vp=1920x1057&je=0&_u=KEBAAEAB~&jid=&gjid=&cid=732987440.1572860698&tid=UA-81334227-1&_gid=1453451630.1572860698&z=1799955492" (specified by argument number 69)  	[MsgId: MMSG-26577]
Action.c(13): Downloading resource "http://adm-aos:8080/css/images/Popular-item1.jpg" (specified by argument number 71)  	[MsgId: MMSG-26577]
Action.c(13): Downloading resource "http://adm-aos:8080/css/images/FacebookLogo.png" (specified by argument number 73)  	[MsgId: MMSG-26577]
Action.c(13): Downloading resource "https://www.google-analytics.com/r/collect?v=1&_v=j79&a=1599360580&t=event&_s=3&dl=http%3A%2F%2Fadm-aos%2F&ul=en-us&de=UTF-8&dt=%C2%A0Advantage%20Shopping&sd=24-bit&sr=1920x1200&vp=1920x1057&je=0&ec=Account&ea=signIn&_u=KEBAAEAB~&jid=2136973828&gjid=1873648838&cid=732987440.1572860698&tid=UA-81334227-1&_gid=1453451630.1572860698&_r=1&z=2130442800" (specified by argument number 76)  	[MsgId: MMSG-26577]
Action.c(13): Warning -26612: HTTP Status-Code=500 (Internal Server Error) for "https://www.google-analytics.com/collect?v=1&_v=j79&a=1599360580&t=pageview&_s=2&dl=http%3A%2F%2Fadm-aos%2F&dp=%2F&ul=en-us&de=UTF-8&dt=%C2%A0Advantage%20Shopping&sd=24-bit&sr=1920x1200&vp=1920x1057&je=0&_u=KEBAAEAB~&jid=&gjid=&cid=732987440.1572860698&tid=UA-81334227-1&_gid=1453451630.1572860698&z=1799955492"  	[MsgId: MWAR-26612]
Action.c(13): Warning -27789: Proxy "proxy.mfdemoportal.com" failed to connect to server "www.google-analytics.com" -- returned status code 500 Internal Server Error  	[MsgId: MWAR-27789]
Action.c(13): web_url("{URL}") highest severity level was "warning", 2874564 body bytes, 10070 header bytes, 519 chunking overhead bytes  	[MsgId: MMSG-26387]
Action.c(54): web_set_sockets_option started  	[MsgId: MMSG-26355]
Action.c(54): web_set_sockets_option was successful  	[MsgId: MMSG-26392]
Action.c(56): web_add_auto_header("Sec-Fetch-Site") started  	[MsgId: MMSG-26355]
Action.c(56): web_add_auto_header("Sec-Fetch-Site") was successful  	[MsgId: MMSG-26392]
Action.c(59): web_add_header("X-Goog-Update-AppId") started  	[MsgId: MMSG-26355]
Action.c(59): web_add_header("X-Goog-Update-AppId") was successful  	[MsgId: MMSG-26392]
Action.c(62): web_add_header("X-Goog-Update-Interactivity") started  	[MsgId: MMSG-26355]
Action.c(62): web_add_header("X-Goog-Update-Interactivity") was successful  	[MsgId: MMSG-26392]
Action.c(65): web_add_header("X-Goog-Update-Updater") started  	[MsgId: MMSG-26355]
Action.c(65): web_add_header("X-Goog-Update-Updater") was successful  	[MsgId: MMSG-26392]
Action.c(68): web_url("crx") started  	[MsgId: MMSG-26355]
Action.c(68): web_url("crx") was successful, 376 body bytes, 849 header bytes  	[MsgId: MMSG-26386]
Action.c(79): web_add_cookie started  	[MsgId: MMSG-26355]
Action.c(79): web_add_cookie was successful  	[MsgId: MMSG-26392]
Action.c(81): web_add_cookie started  	[MsgId: MMSG-26355]
Action.c(81): web_add_cookie was successful  	[MsgId: MMSG-26392]
Action.c(83): web_add_header("Origin") started  	[MsgId: MMSG-26355]
Action.c(83): web_add_header("Origin") was successful  	[MsgId: MMSG-26392]
Action.c(86): web_custom_request("ListAccounts") started  	[MsgId: MMSG-26355]
Action.c(86): Downloading resource "https://clientservices.googleapis.com/chrome-variations/seed?osname=win&channel=stable&milestone=77" (specified by argument number 11)  	[MsgId: MMSG-26577]
Action.c(86): web_custom_request("ListAccounts") was successful, 76854 body bytes, 1672 header bytes  	[MsgId: MMSG-26386]
Action.c(99): web_remove_auto_header("Sec-Fetch-Site") started  	[MsgId: MMSG-26355]
Action.c(99): Previous automatically added web header for "Sec-Fetch-Site" removed  	[MsgId: MMSG-26587]
Action.c(99): web_remove/revert_auto_header("Sec-Fetch-Site") was successful  	[MsgId: MMSG-26392]
Action.c(101): Notify: Transaction "AOS_URL" started.
Action.c(103): web_url("ALL") started  	[MsgId: MMSG-26355]
Action.c(103): web_url("ALL") was successful, 19946 body bytes, 165 header bytes, 28 chunking overhead bytes  	[MsgId: MMSG-26385]
Action.c(112): web_add_header("Origin") started  	[MsgId: MMSG-26355]
Action.c(112): web_add_header("Origin") was successful  	[MsgId: MMSG-26392]
Action.c(115): web_add_header("SOAPAction") started  	[MsgId: MMSG-26355]
Action.c(115): web_add_header("SOAPAction") was successful  	[MsgId: MMSG-26392]
Action.c(118): web_add_header("X-Requested-With") started  	[MsgId: MMSG-26355]
Action.c(118): web_add_header("X-Requested-With") was successful  	[MsgId: MMSG-26392]
Action.c(121): web_custom_request("GetAccountConfigurationRequest") started  	[MsgId: MMSG-26355]
Action.c(121): web_custom_request("GetAccountConfigurationRequest") was successful, 822 body bytes, 512 header bytes  	[MsgId: MMSG-26386]
Action.c(133): web_url("categories") started  	[MsgId: MMSG-26355]
Action.c(133): Downloading resource "https://clients1.google.com/tbproxy/af/query?q=Chc2LjEuMTcxNS4xNDQyL2VuIChHR0xMKRMZN0GsyAN9T9UjLeeNQA4kIy3OQUx6JCMteG8SGSQjLQ8WviskFA==" (specified by argument number 9)  	[MsgId: MMSG-26577]
Action.c(133): web_url("categories") was successful, 12969 body bytes, 659 header bytes, 21 chunking overhead bytes  	[MsgId: MMSG-26385]
Action.c(144): web_add_cookie started  	[MsgId: MMSG-26355]
Action.c(144): web_add_cookie was successful  	[MsgId: MMSG-26392]
Action.c(146): web_add_cookie started  	[MsgId: MMSG-26355]
Action.c(146): web_add_cookie was successful  	[MsgId: MMSG-26392]
Action.c(148): web_add_cookie started  	[MsgId: MMSG-26355]
Action.c(148): web_add_cookie was successful  	[MsgId: MMSG-26392]
Action.c(150): web_url("search") started  	[MsgId: MMSG-26355]
Action.c(150): web_url("search") was successful, 681 body bytes, 165 header bytes, 12 chunking overhead bytes  	[MsgId: MMSG-26385]
Action.c(159): web_url("popularProducts.json") started  	[MsgId: MMSG-26355]
Action.c(159): web_url("popularProducts.json") was successful, 2323 body bytes, 272 header bytes  	[MsgId: MMSG-26386]
Action.c(168): web_url("home-page.html") started  	[MsgId: MMSG-26355]
Action.c(168): Downloading resource "https://clients1.google.com/tbproxy/af/query?q=Chc2LjEuMTcxNS4xNDQyL2VuIChHR0xMKRMZXaM-FVW3SOkjLeeNQA4kIy3OQUx6JCMteG8SGSQjLQ8WviskIy2E5pjgJCMt9nKYWSQjLcd2OFAkIy1axjztJCMtcpdcLyQU" (specified by argument number 9)  	[MsgId: MMSG-26577]
Action.c(168): Found resource "http://adm-aos:8080/app/views/css/images/Special-offer.jpg" in HTML "http://adm-aos:8080/app/views/home-page.html"  	[MsgId: MMSG-26659]
Action.c(168): Found resource "http://adm-aos:8080/css/images/chat_logo.png" in HTML "http://adm-aos:8080/app/views/home-page.html"  	[MsgId: MMSG-26659]
Action.c(168): Found resource "http://adm-aos:8080/app/views/" in HTML "http://adm-aos:8080/app/views/home-page.html"  	[MsgId: MMSG-26659]
Action.c(168): Warning -26627: HTTP Status-Code=404 (Not Found) for "http://adm-aos:8080/app/views/css/images/Special-offer.jpg"  	[MsgId: MWAR-26627]
Action.c(168): Warning -26627: HTTP Status-Code=404 (Not Found) for "http://adm-aos:8080/app/views/"  	[MsgId: MWAR-26627]
Action.c(168): web_url("home-page.html") highest severity level was "warning", 17577 body bytes, 1247 header bytes  	[MsgId: MMSG-26388]
Action.c(179): web_url("all_data") started  	[MsgId: MMSG-26355]
Action.c(179): Downloading resource "https://ssl.gstatic.com/safebrowsing/csd/client_model_v5_variation_0.pb" (specified by argument number 9)  	[MsgId: MMSG-26577]
Action.c(179): Downloading resource "https://ssl.gstatic.com/safebrowsing/csd/client_model_v5_ext_variation_0.pb" (specified by argument number 12)  	[MsgId: MMSG-26577]
Action.c(179): web_url("all_data") was successful, 204819 body bytes, 1347 header bytes, 53 chunking overhead bytes  	[MsgId: MMSG-26385]
Action.c(193): Notify: Transaction "AOS_URL" ended with a "Pass" status (Duration: 4.9914 Wasted Time: 0.0697).
Action.c(195): Notify: Transaction "Login" started.
Action.c(197): Notify: Transaction "Username" started.
Action.c(199): web_add_auto_header("Sec-Fetch-Site") started  	[MsgId: MMSG-26355]
Action.c(199): web_add_auto_header("Sec-Fetch-Site") was successful  	[MsgId: MMSG-26392]
Action.c(202): web_url("plugins_win.json") started  	[MsgId: MMSG-26355]
Action.c(202): Downloading resource "https://safebrowsing.googleapis.com/v4/threatListUpdates_fetch?$req=Ch0KDGdvb2dsZWNocm9tZRINNzcuMC4zODY1LjEyMBopCAUQARobCg0IBRAGGAEiAzAwMTABEO63BxoCGAhuo6iVIgQgASACKAEaKQgBEAEaGwoNCAEQBhgBIgMwMDEwARCZ0QYaAhgIAlOU-yIEIAEgAigBGikIBxABGhsKDQgHEAYYASIDMDAxMAEQ8aIGGgIYCHtFEO0iBCABIAIoARonCAEQARoZCg0IARAGGAEiAzAwMTADEBQaAhgISqPG7yIEIAEgAigDGigIARAIGhoKDQgBEAgYASIDMDAxMAQQzhgaAhgI3GIveiIEIAEgAigEGicICRABGhkKDQgJEAYYASIDMDAxMAYQAhoCGAi88WFLIgQgASACKAYaKAgPEAEaGgoNCA8QBhgBIgMwMDEwARDfFhoCGAhH_0O8IgQgASACKAEaJwgJEAEaGQoNCAkQBhgBIgMwMDEwARAVGgIYCL-ldC8iBCABIAIoARonCAoQCBoZCg0IChAIGAEiAzAwMTABEAUaAhgIdsexryIEIAEgAigBGigICBABGhoKDQgIEAYYASIDMDAxMAEQkAcaAhgIzEHGRyIEIAEgAigBGigIDRABGhoKDQgNEAYYASIDMDAxMAEQhlMaAhgIGoa2biIEIAEgAigBGikIAxABGhsKDQgDEAYYASIDMDAxMAEQ_M0GGgIYCICfFsAiBCABIAIoARopCA4QARobCg0IDhAGGAEiAzAwMTABELDAAhoCGAhITdcZIgQgASACKAEiAggB&$ct=application/x-protobuf&key=AIzaSyBOti4mM-6x9WDnZIjIeyEU21OpBXqWBgw" (specified by argument number 9)  	[MsgId: MMSG-26577]
Action.c(202): Warning -26627: HTTP Status-Code=404 (Not Found) for "https://safebrowsing.googleapis.com/v4/threatListUpdates_fetch?$req=Ch0KDGdvb2dsZWNocm9tZRINNzcuMC4zODY1LjEyMBopCAUQARobCg0IBRAGGAEiAzAwMTABEO63BxoCGAhuo6iVIgQgASACKAEaKQgBEAEaGwoNCAEQBhgBIgMwMDEwARCZ0QYaAhgIAlOU-yIEIAEgAigBGikIBxABGhsKDQgHEAYYASIDMDAxMAEQ8aIGGgIYCHtFEO0iBCABIAIoARonCAEQARoZCg0IARAGGAEiAzAwMTADEBQaAhgISqPG7yIEIAEgAigDGigIARAIGhoKDQgBEAgYASIDMDAxMAQQzhgaAhgI3GIveiIEIAEgAigEGicICRABGhkKDQgJEAYYASIDMDAxMAYQAhoCGAi88WFLIgQgASACKAYaKAgPEAEaGgoNCA8QBhgBIgMwMDEwARDfFhoCGAhH_0O8IgQgASACKAEaJwgJEAEaGQoNCAkQBhgBIgMwMDEwARAVGgIYCL-ldC8iBCABIAIoARonCAoQCBoZCg0IChAIGAEiAzAwMTABEAUaAhgIdsexryIEIAEgAigBGigICBABGhoKDQgIEAYYASIDMDAxMAEQkAcaAhgIzEHGRyIEIAEgAigBGigIDRABGhoKDQgNEAYYASIDMDAxMAEQhlMaAhgIGoa2biIEIAEgAigBGikIAxABGhsKDQgDEAYYASIDMDAxMAEQ_M0GGgIYCICfFsAiBCABIAIoARopCA4QARobCg0IDhAGGAEiAzAwMTABELDAAhoCGAhITdcZIgQgASACKAEiAggB&$ct=application/x-protobuf&key=AIzaSyBOti4mM-6x9WDnZIjIeyEU21OpBXqWBgw"  	[MsgId: MWAR-26627]
Action.c(202): web_url("plugins_win.json") highest severity level was "warning", 4465 body bytes, 1023 header bytes  	[MsgId: MMSG-26388]
Action.c(215): Notify: Transaction "Username" ended with a "Pass" status (Duration: 0.5313 Wasted Time: 0.0096).
Action.c(217): Notify: Transaction "Password" started.
Action.c(219): Notify: Transaction "Password" ended with a "Pass" status (Duration: 0.0937).
Action.c(221): web_custom_request("experimentstatus") started  	[MsgId: MMSG-26355]
Action.c(221): web_custom_request("experimentstatus") was successful, 20 body bytes, 648 header bytes  	[MsgId: MMSG-26386]
Action.c(233): Notify: Transaction "sigh_in" started.
Action.c(235): web_remove_auto_header("Sec-Fetch-Site") started  	[MsgId: MMSG-26355]
Action.c(235): Previous automatically added web header for "Sec-Fetch-Site" removed  	[MsgId: MMSG-26587]
Action.c(235): web_remove/revert_auto_header("Sec-Fetch-Site") was successful  	[MsgId: MMSG-26392]
Action.c(237): web_add_header("Origin") started  	[MsgId: MMSG-26355]
Action.c(237): web_add_header("Origin") was successful  	[MsgId: MMSG-26392]
Action.c(240): web_add_header("SOAPAction") started  	[MsgId: MMSG-26355]
Action.c(240): web_add_header("SOAPAction") was successful  	[MsgId: MMSG-26392]
Action.c(243): web_add_header("X-Requested-With") started  	[MsgId: MMSG-26355]
Action.c(243): web_add_header("X-Requested-With") was successful  	[MsgId: MMSG-26392]
Action.c(248): web_custom_request("AccountLoginRequest") started  	[MsgId: MMSG-26355]
Action.c(248): web_custom_request("AccountLoginRequest") was successful, 783 body bytes, 512 header bytes  	[MsgId: MMSG-26386]
Action.c(260): web_set_sockets_option started  	[MsgId: MMSG-26355]
Action.c(260): web_set_sockets_option was successful  	[MsgId: MMSG-26392]
Action.c(262): web_url("741696325") started  	[MsgId: MMSG-26355]
Action.c(262): web_url("741696325") was successful, 87 body bytes, 245 header bytes, 11 chunking overhead bytes  	[MsgId: MMSG-26385]
Action.c(271): Notify: Transaction "sigh_in" ended with a "Pass" status (Duration: 0.5019 Wasted Time: 0.0148).
Action.c(273): Notify: Transaction "Login" ended with a "Pass" status (Duration: 1.7418 Wasted Time: 0.0331).
Action.c(275): Notify: Transaction "Logout" started.
Action.c(277): web_add_header("Origin") started  	[MsgId: MMSG-26355]
Action.c(277): web_add_header("Origin") was successful  	[MsgId: MMSG-26392]
Action.c(280): web_add_header("SOAPAction") started  	[MsgId: MMSG-26355]
Action.c(280): web_add_header("SOAPAction") was successful  	[MsgId: MMSG-26392]
Action.c(283): web_add_header("X-Requested-With") started  	[MsgId: MMSG-26355]
Action.c(283): web_add_header("X-Requested-With") was successful  	[MsgId: MMSG-26392]
Action.c(288): web_custom_request("AccountLogoutRequest") started  	[MsgId: MMSG-26355]
Action.c(288): web_custom_request("AccountLogoutRequest") was successful, 402 body bytes, 512 header bytes  	[MsgId: MMSG-26386]
Action.c(300): Notify: Transaction "Logout" ended with a "Pass" status (Duration: 0.1296 Wasted Time: 0.0075).
Ending action Action.
Ending iteration 1.
Ending Vuser...
Starting action vuser_end.
Ending action vuser_end.
Vuser Terminated.
