Virtual User Script started at : 2022-10-31 12:14:59	[MsgId: MMSG-205068]
TruClient Replay (build 0383) for LoadRunner Professional 2021.2.0, build 0495. OS: Windows 2019, Browser: Chromium 91.0.4472.77, initialized on 2022/10/31 at 12:14:57 (1667214897.502s)
	[MsgId: MMSG-204898]
Selected Run-Time Settings:	[MsgId: MMSG-204896]
    Simulate a new user on each iteration...............: 1	[MsgId: MMSG-204894]
    Using system proxy settings	[MsgId: MMSG-204891]
    Check for newer versions of stored pages: 4 (Automatically)	[MsgId: MMSG-204880]
    Keep-Alive..........................................: 1	[MsgId: MMSG-204875]
    Proxy Keep-Alive....................................: 1	[MsgId: MMSG-204874]
    Keep-Alive timeout (ms).............................: 60000	[MsgId: MMSG-204873]
    HTTP Version........................................: 1.1	[MsgId: MMSG-204871]
    Proxy HTTP Version..................................: 1.1	[MsgId: MMSG-204870]
    DNS cache entries...................................: 20	[MsgId: MMSG-204868]
    Run-Time Settings file..............................: "C:\Users\demo\AppData\Local\Temp\1\lr5tmpdirtlS.348\lrcfgqbP.349\cfgE3A.350"	[MsgId: MMSG-204867]
    Vuser directory.....................................: "C:\Users\demo\AppData\Local\Temp\1\brr_8j8.356\TC_VTS_VuLogin218\TC_VTS_VuLogin21"	[MsgId: MMSG-204866]
    Vuser output directory..............................: "C:\Users\demo\AppData\Local\Temp\1\brr_8j8.356\TC_VTS_VuLogin218\TC_VTS_VuLogin21"	[MsgId: MMSG-204865]
End of selected Run-Time Settings
	[MsgId: MMSG-204895]
Please refer to the ReadMe file in the LoadRunner Professional installation directory for notes about measurements and logging	[MsgId: MMSG-204864]
t=00001944ms: Step 2: Execute TC.groupName started    [MsgId: MMSG-205180]	[MsgId: MMSG-205180]
t=00001958ms: Step 2: Execute TC.groupName successfully completed with End Event "Action completed"    [MsgId: MMSG-205180]	[MsgId: MMSG-205180]
t=00001961ms: Step 3: Execute VTS.vtcConnect ("nimbusserver", 4888, [vtsName]) started    [MsgId: MMSG-205180]	[MsgId: MMSG-205180]
t=00001992ms: Step 3: Execute VTS.vtcConnect ("nimbusserver", 4888, [vtsName]) successfully completed with End Event "Action completed"    [MsgId: MMSG-205180]	[MsgId: MMSG-205180]
t=00001997ms: Step 4: Execute VTS.vtcPopCells ([vtsName]) started    [MsgId: MMSG-205180]	[MsgId: MMSG-205180]
t=00002016ms: Step 4: Execute VTS.vtcPopCells ([vtsName]) successfully completed with End Event "Action completed"    [MsgId: MMSG-205180]	[MsgId: MMSG-205180]
t=00002024ms: Step 5: Evaluate JavaScript code TC.log("vPopedCells : " ...Cells.Password); started    [MsgId: MMSG-205180]	[MsgId: MMSG-205180]
t=00002024ms: Warning -205179: The TC.log API is deprecated because it is synchronous. Use the asynchronous API TCA.log instead. For details, see https://admhelp.microfocus.com/tc/en/2021.2.0/Content/TruClient/procedures/Async_API_Example.htm.    [MsgId: MWAR-205179]	[MsgId: MWAR-205179]
t=00002025ms: vPopedCells : [object Object]    [MsgId: MMSG-205180]	[MsgId: MMSG-205180]
t=00002033ms: GroupName : TC_VTS_VuLogin2 / User : 1 > User2/p2    [MsgId: MMSG-205180]	[MsgId: MMSG-205180]
t=00002303ms: Step 5: Evaluate JavaScript code TC.log("vPopedCells : " ...Cells.Password); successfully completed with End Event "Action completed"    [MsgId: MMSG-205180]	[MsgId: MMSG-205180]
t=00002303ms: Step 9: Execute VTS.vtcDisconnect ([vtsName]) started    [MsgId: MMSG-205180]	[MsgId: MMSG-205180]
t=00002303ms: Step 9: Execute VTS.vtcDisconnect ([vtsName]) successfully completed with End Event "Action completed"    [MsgId: MMSG-205180]	[MsgId: MMSG-205180]
Warning: The "vuser_init" section contains step(s) when the "Simulate a new user on each iteration" Run-Time Setting is ON.  This may produce unpredictable results with multiple iterations.	[MsgId: MWAR-204863]
Running Vuser...	[MsgId: MMSG-205064]
Starting iteration 1.	[MsgId: MMSG-15968]
t=00003227ms: Step 1: Wait 3 seconds started    [MsgId: MMSG-205180]	[MsgId: MMSG-205180]
Virtual User Script started at : 2022-10-31 12:15:03	[MsgId: MMSG-205068]
TruClient Replay (build 0383) for LoadRunner Professional 2021.2.0, build 0495. OS: Windows 2019, Browser: Chromium 91.0.4472.77, initialized on 2022/10/31 at 12:14:57 (1667214897.502s)
	[MsgId: MMSG-204898]
Selected Run-Time Settings:	[MsgId: MMSG-204896]
    Simulate a new user on each iteration...............: 1	[MsgId: MMSG-204894]
    Using system proxy settings	[MsgId: MMSG-204891]
    Check for newer versions of stored pages: 4 (Automatically)	[MsgId: MMSG-204880]
    Keep-Alive..........................................: 1	[MsgId: MMSG-204875]
    Proxy Keep-Alive....................................: 1	[MsgId: MMSG-204874]
    Keep-Alive timeout (ms).............................: 60000	[MsgId: MMSG-204873]
    HTTP Version........................................: 1.1	[MsgId: MMSG-204871]
    Proxy HTTP Version..................................: 1.1	[MsgId: MMSG-204870]
    DNS cache entries...................................: 20	[MsgId: MMSG-204868]
    Run-Time Settings file..............................: "C:\Users\demo\AppData\Local\Temp\1\lr5tmpdirtlS.348\lrcfgqbP.349\cfgE3A.350"	[MsgId: MMSG-204867]
    Vuser directory.....................................: "C:\Users\demo\AppData\Local\Temp\1\brr_8j8.356\TC_VTS_VuLogin218\TC_VTS_VuLogin22"	[MsgId: MMSG-204866]
    Vuser output directory..............................: "C:\Users\demo\AppData\Local\Temp\1\brr_8j8.356\TC_VTS_VuLogin218\TC_VTS_VuLogin22"	[MsgId: MMSG-204865]
End of selected Run-Time Settings
	[MsgId: MMSG-204895]
Please refer to the ReadMe file in the LoadRunner Professional installation directory for notes about measurements and logging	[MsgId: MMSG-204864]
t=00005926ms: Step 2: Execute TC.groupName started    [MsgId: MMSG-205180]	[MsgId: MMSG-205180]
t=00006004ms: Step 2: Execute TC.groupName successfully completed with End Event "Action completed"    [MsgId: MMSG-205180]	[MsgId: MMSG-205180]
t=00006004ms: Step 3: Execute VTS.vtcConnect ("nimbusserver", 4888, [vtsName]) started    [MsgId: MMSG-205180]	[MsgId: MMSG-205180]
t=00006004ms: Step 3: Execute VTS.vtcConnect ("nimbusserver", 4888, [vtsName]) successfully completed with End Event "Action completed"    [MsgId: MMSG-205180]	[MsgId: MMSG-205180]
t=00006016ms: Step 4: Execute VTS.vtcPopCells ([vtsName]) started    [MsgId: MMSG-205180]	[MsgId: MMSG-205180]
t=00006040ms: Step 4: Execute VTS.vtcPopCells ([vtsName]) successfully completed with End Event "Action completed"    [MsgId: MMSG-205180]	[MsgId: MMSG-205180]
t=00006040ms: Step 5: Evaluate JavaScript code TC.log("vPopedCells : " ...Cells.Password); started    [MsgId: MMSG-205180]	[MsgId: MMSG-205180]
t=00006040ms: Warning -205179: The TC.log API is deprecated because it is synchronous. Use the asynchronous API TCA.log instead. For details, see https://admhelp.microfocus.com/tc/en/2021.2.0/Content/TruClient/procedures/Async_API_Example.htm.    [MsgId: MWAR-205179]	[MsgId: MWAR-205179]
t=00006042ms: vPopedCells : [object Object]    [MsgId: MMSG-205180]	[MsgId: MMSG-205180]
t=00006053ms: GroupName : TC_VTS_VuLogin2 / User : 2 > User3/p3    [MsgId: MMSG-205180]	[MsgId: MMSG-205180]
t=00006423ms: Step 5: Evaluate JavaScript code TC.log("vPopedCells : " ...Cells.Password); successfully completed with End Event "Action completed"    [MsgId: MMSG-205180]	[MsgId: MMSG-205180]
t=00006424ms: Step 1: Wait 3 seconds successfully completed with End Event "Action completed"    [MsgId: MMSG-205180]	[MsgId: MMSG-205180]
t=00006424ms: Step 9: Execute VTS.vtcDisconnect ([vtsName]) started    [MsgId: MMSG-205180]	[MsgId: MMSG-205180]
t=00006424ms: Step 9: Execute VTS.vtcDisconnect ([vtsName]) successfully completed with End Event "Action completed"    [MsgId: MMSG-205180]	[MsgId: MMSG-205180]
Warning: The "vuser_init" section contains step(s) when the "Simulate a new user on each iteration" Run-Time Setting is ON.  This may produce unpredictable results with multiple iterations.	[MsgId: MWAR-204863]
Running Vuser...	[MsgId: MMSG-205064]
Starting iteration 1.	[MsgId: MMSG-15968]
t=00007058ms: Step 2: Navigate to "http://advantageonlineshopping.com/" started    [MsgId: MMSG-205180]	[MsgId: MMSG-205180]
t=00007742ms: Step 1: Wait 3 seconds started    [MsgId: MMSG-205180]	[MsgId: MMSG-205180]
t=00008699ms: Step 2: Navigate to http://advantageonlineshopping.com/ successfully completed with End Event "Document Loaded"    [MsgId: MMSG-205180]	[MsgId: MMSG-205180]
Ending iteration 1.	[MsgId: MMSG-15965]
Starting iteration 2.	[MsgId: MMSG-15968]
t=00009054ms: Step 1: Wait 3 seconds started    [MsgId: MMSG-205180]	[MsgId: MMSG-205180]
t=00010949ms: Step 1: Wait 3 seconds successfully completed with End Event "Action completed"    [MsgId: MMSG-205180]	[MsgId: MMSG-205180]
t=00011534ms: Step 2: Navigate to "http://advantageonlineshopping.com/" started    [MsgId: MMSG-205180]	[MsgId: MMSG-205180]
t=00012270ms: Step 1: Wait 3 seconds successfully completed with End Event "Action completed"    [MsgId: MMSG-205180]	[MsgId: MMSG-205180]
t=00012718ms: Step 2: Navigate to http://advantageonlineshopping.com/ successfully completed with End Event "Document Loaded"    [MsgId: MMSG-205180]	[MsgId: MMSG-205180]
Ending iteration 1.	[MsgId: MMSG-15965]
Starting iteration 2.	[MsgId: MMSG-15968]
t=00012821ms: Step 2: Navigate to "http://advantageonlineshopping.com/" started    [MsgId: MMSG-205180]	[MsgId: MMSG-205180]
t=00013288ms: Step 1: Wait 3 seconds started    [MsgId: MMSG-205180]	[MsgId: MMSG-205180]
t=00014018ms: Step 2: Navigate to http://advantageonlineshopping.com/ successfully completed with End Event "Document Loaded"    [MsgId: MMSG-205180]	[MsgId: MMSG-205180]
Ending iteration 2.	[MsgId: MMSG-15965]
Starting iteration 3.	[MsgId: MMSG-15968]
t=00014374ms: Step 1: Wait 3 seconds started    [MsgId: MMSG-205180]	[MsgId: MMSG-205180]
t=00016496ms: Step 1: Wait 3 seconds successfully completed with End Event "Action completed"    [MsgId: MMSG-205180]	[MsgId: MMSG-205180]
t=00016998ms: Step 2: Navigate to "http://advantageonlineshopping.com/" started    [MsgId: MMSG-205180]	[MsgId: MMSG-205180]
t=00017578ms: Step 1: Wait 3 seconds successfully completed with End Event "Action completed"    [MsgId: MMSG-205180]	[MsgId: MMSG-205180]
t=00018074ms: Step 2: Navigate to http://advantageonlineshopping.com/ successfully completed with End Event "Document Loaded"    [MsgId: MMSG-205180]	[MsgId: MMSG-205180]
t=00018083ms: Step 2: Navigate to "http://advantageonlineshopping.com/" started    [MsgId: MMSG-205180]	[MsgId: MMSG-205180]
Ending iteration 2.	[MsgId: MMSG-15965]
Starting iteration 3.	[MsgId: MMSG-15968]
t=00018455ms: Step 1: Wait 3 seconds started    [MsgId: MMSG-205180]	[MsgId: MMSG-205180]
t=00020347ms: Step 2: Navigate to http://advantageonlineshopping.com/ successfully completed with End Event "Document Loaded"    [MsgId: MMSG-205180]	[MsgId: MMSG-205180]
Ending iteration 3.	[MsgId: MMSG-15965]
Starting iteration 4.	[MsgId: MMSG-15968]
t=00020750ms: Step 1: Wait 3 seconds started    [MsgId: MMSG-205180]	[MsgId: MMSG-205180]
t=00021659ms: Step 1: Wait 3 seconds successfully completed with End Event "Action completed"    [MsgId: MMSG-205180]	[MsgId: MMSG-205180]
t=00022161ms: Step 2: Navigate to "http://advantageonlineshopping.com/" started    [MsgId: MMSG-205180]	[MsgId: MMSG-205180]
t=00023314ms: Step 2: Navigate to http://advantageonlineshopping.com/ successfully completed with End Event "Document Loaded"    [MsgId: MMSG-205180]	[MsgId: MMSG-205180]
Ending iteration 3.	[MsgId: MMSG-15965]
Starting iteration 4.	[MsgId: MMSG-15968]
t=00023657ms: Step 1: Wait 3 seconds started    [MsgId: MMSG-205180]	[MsgId: MMSG-205180]
t=00023953ms: Step 1: Wait 3 seconds successfully completed with End Event "Action completed"    [MsgId: MMSG-205180]	[MsgId: MMSG-205180]
t=00024456ms: Step 2: Navigate to "http://advantageonlineshopping.com/" started    [MsgId: MMSG-205180]	[MsgId: MMSG-205180]
t=00025734ms: Step 2: Navigate to http://advantageonlineshopping.com/ successfully completed with End Event "Document Loaded"    [MsgId: MMSG-205180]	[MsgId: MMSG-205180]
Ending iteration 4.	[MsgId: MMSG-15965]
Starting iteration 5.	[MsgId: MMSG-15968]
t=00026081ms: Step 1: Wait 3 seconds started    [MsgId: MMSG-205180]	[MsgId: MMSG-205180]
t=00026862ms: Step 1: Wait 3 seconds successfully completed with End Event "Action completed"    [MsgId: MMSG-205180]	[MsgId: MMSG-205180]
t=00027364ms: Step 2: Navigate to "http://advantageonlineshopping.com/" started    [MsgId: MMSG-205180]	[MsgId: MMSG-205180]
t=00028466ms: Step 2: Navigate to http://advantageonlineshopping.com/ successfully completed with End Event "Document Loaded"    [MsgId: MMSG-205180]	[MsgId: MMSG-205180]
Ending iteration 4.	[MsgId: MMSG-15965]
Starting iteration 5.	[MsgId: MMSG-15968]
t=00028772ms: Step 1: Wait 3 seconds started    [MsgId: MMSG-205180]	[MsgId: MMSG-205180]
t=00029284ms: Step 1: Wait 3 seconds successfully completed with End Event "Action completed"    [MsgId: MMSG-205180]	[MsgId: MMSG-205180]
t=00029786ms: Step 2: Navigate to "http://advantageonlineshopping.com/" started    [MsgId: MMSG-205180]	[MsgId: MMSG-205180]
t=00031924ms: Step 2: Navigate to http://advantageonlineshopping.com/ successfully completed with End Event "Document Loaded"    [MsgId: MMSG-205180]	[MsgId: MMSG-205180]
Ending iteration 5.	[MsgId: MMSG-15965]
Starting iteration 6.	[MsgId: MMSG-15968]
t=00031977ms: Step 1: Wait 3 seconds successfully completed with End Event "Action completed"    [MsgId: MMSG-205180]	[MsgId: MMSG-205180]
t=00032232ms: Step 1: Wait 3 seconds started    [MsgId: MMSG-205180]	[MsgId: MMSG-205180]
t=00032480ms: Step 2: Navigate to "http://advantageonlineshopping.com/" started    [MsgId: MMSG-205180]	[MsgId: MMSG-205180]
t=00035352ms: Step 2: Navigate to http://advantageonlineshopping.com/ successfully completed with End Event "Document Loaded"    [MsgId: MMSG-205180]	[MsgId: MMSG-205180]
Ending iteration 5.	[MsgId: MMSG-15965]
Starting iteration 6.	[MsgId: MMSG-15968]
t=00035442ms: Step 1: Wait 3 seconds successfully completed with End Event "Action completed"    [MsgId: MMSG-205180]	[MsgId: MMSG-205180]
t=00035676ms: Step 1: Wait 3 seconds started    [MsgId: MMSG-205180]	[MsgId: MMSG-205180]
t=00035940ms: Step 2: Navigate to "http://advantageonlineshopping.com/" started    [MsgId: MMSG-205180]	[MsgId: MMSG-205180]
t=00038403ms: Step 2: Navigate to http://advantageonlineshopping.com/ successfully completed with End Event "Document Loaded"    [MsgId: MMSG-205180]	[MsgId: MMSG-205180]
Action was aborted.	[MsgId: MMSG-10694]
Ending Vuser...	[MsgId: MMSG-205066]
Vuser Terminated.	[MsgId: MMSG-205063]
Vuser 0 (thread 12924), ended OK."	[MsgId: MMSG-10695]
t=00038877ms: Step 1: Wait 3 seconds successfully completed with End Event "Action completed"    [MsgId: MMSG-205180]	[MsgId: MMSG-205180]
t=00039380ms: Step 2: Navigate to "http://advantageonlineshopping.com/" started    [MsgId: MMSG-205180]	[MsgId: MMSG-205180]
t=00040528ms: Step 2: Navigate to http://advantageonlineshopping.com/ successfully completed with End Event "Document Loaded"    [MsgId: MMSG-205180]	[MsgId: MMSG-205180]
Action was aborted.	[MsgId: MMSG-10694]
Ending Vuser...	[MsgId: MMSG-205066]
Vuser Terminated.	[MsgId: MMSG-205063]
Vuser 1 (thread 12396), ended OK."	[MsgId: MMSG-10695]
