Virtual User Script started at : 2022-10-31 12:13:13
TruClient Replay (build 0383) for LoadRunner Professional 2021.2.0, build 0495. OS: Windows 2019, Browser: Chromium 91.0.4472.77, initialized on 2022/10/31 at 12:13:13 (1667214793.943s)

Selected Run-Time Settings:
    Simulate a new user on each iteration...............: 1
    Using system proxy settings
    Check for newer versions of stored pages: 4 (Automatically)
    Keep-Alive..........................................: 1
    Proxy Keep-Alive....................................: 1
    Keep-Alive timeout (ms).............................: 60000
    HTTP Version........................................: 1.1
    Proxy HTTP Version..................................: 1.1
    DNS cache entries...................................: 20
    Run-Time Settings file..............................: "C:\Users\demo\Documents\VuGen\Scripts\TC_VTS_VuLogin2\\default.cfg"
    Vuser directory.....................................: "C:\Users\demo\Documents\VuGen\Scripts\TC_VTS_VuLogin2"
    Vuser output directory..............................: "C:\Users\demo\Documents\VuGen\Scripts\TC_VTS_VuLogin2"
End of selected Run-Time Settings

Please refer to the ReadMe file in the LoadRunner Professional installation directory for notes about measurements and logging
t=00000498ms: Step 2: Execute TC.groupName started    [MsgId: MMSG-205180]
t=00000515ms: Step 2: Execute TC.groupName successfully completed with End Event "Action completed"    [MsgId: MMSG-205180]
t=00000523ms: Step 3: Execute VTS.vtcConnect ("nimbusserver", 4888, [vtsName]) started    [MsgId: MMSG-205180]
t=00000551ms: Step 3: Execute VTS.vtcConnect ("nimbusserver", 4888, [vtsName]) successfully completed with End Event "Action completed"    [MsgId: MMSG-205180]
t=00000558ms: Step 4: Execute VTS.vtcPopCells ([vtsName]) started    [MsgId: MMSG-205180]
t=00000582ms: Step 4: Execute VTS.vtcPopCells ([vtsName]) successfully completed with End Event "Action completed"    [MsgId: MMSG-205180]
t=00000588ms: Step 5: Evaluate JavaScript code TC.log("vPopedCells : " ...Cells.Password); started    [MsgId: MMSG-205180]
t=00000590ms: Warning -205179: The TC.log API is deprecated because it is synchronous. Use the asynchronous API TCA.log instead. For details, see https://admhelp.microfocus.com/tc/en/2021.2.0/Content/TruClient/procedures/Async_API_Example.htm.    [MsgId: MWAR-205179]
t=00000591ms: vPopedCells : [object Object]    [MsgId: MMSG-205180]
t=00000602ms: GroupName : None / User : -1 > User1/p1    [MsgId: MMSG-205180]
t=00000805ms: Step 5: Evaluate JavaScript code TC.log("vPopedCells : " ...Cells.Password); successfully completed with End Event "Action completed"    [MsgId: MMSG-205180]
t=00000809ms: Step 9: Execute VTS.vtcDisconnect ([vtsName]) started    [MsgId: MMSG-205180]
t=00000823ms: Step 9: Execute VTS.vtcDisconnect ([vtsName]) successfully completed with End Event "Action completed"    [MsgId: MMSG-205180]
Warning: The "vuser_init" section contains step(s) when the "Simulate a new user on each iteration" Run-Time Setting is ON.  This may produce unpredictable results with multiple iterations.
Running Vuser...
Starting iteration 1.
t=00001212ms: Step 1: Wait 3 seconds started    [MsgId: MMSG-205180]
t=00004424ms: Step 1: Wait 3 seconds successfully completed with End Event "Action completed"    [MsgId: MMSG-205180]
t=00004941ms: Step 2: Navigate to "http://advantageonlineshopping.com/" started    [MsgId: MMSG-205180]
t=00005899ms: 2: Navigate to http://advantageonlineshopping.com/: Automatic End Event set to: Document Loaded    [MsgId: MMSG-205200]
t=00005901ms: Step 2: Navigate to http://advantageonlineshopping.com/ successfully completed with End Event "Document Loaded"    [MsgId: MMSG-205180]
Ending iteration 1.
Ending Vuser...
Vuser Terminated.
Vuser 0 (thread 9448), ended OK."
