Virtual User Script started at : 2022-10-31 11:24:01	[MsgId: MMSG-205068]
TruClient Replay (build 0383) for LoadRunner Professional 2021.2.0, build 0495. OS: Windows 2019, Browser: Chromium 91.0.4472.77, initialized on 2022/10/31 at 11:23:59 (1667211839.235s)
	[MsgId: MMSG-204898]
Selected Run-Time Settings:	[MsgId: MMSG-204896]
    Simulate a new user on each iteration...............: 1	[MsgId: MMSG-204894]
    Using system proxy settings	[MsgId: MMSG-204891]
    Check for newer versions of stored pages: 4 (Automatically)	[MsgId: MMSG-204880]
    Keep-Alive..........................................: 1	[MsgId: MMSG-204875]
    Proxy Keep-Alive....................................: 1	[MsgId: MMSG-204874]
    Keep-Alive timeout (ms).............................: 60000	[MsgId: MMSG-204873]
    HTTP Version........................................: 1.1	[MsgId: MMSG-204871]
    Proxy HTTP Version..................................: 1.1	[MsgId: MMSG-204870]
    DNS cache entries...................................: 20	[MsgId: MMSG-204868]
    Run-Time Settings file..............................: "C:\Users\demo\AppData\Local\Temp\1\lr5tmpdirtlS.348\lrcfgqbP.349\cfgE3A.350"	[MsgId: MMSG-204867]
    Vuser directory.....................................: "C:\Users\demo\AppData\Local\Temp\1\brr_8j8.356\TC_VTS_VuLogin24\TC_VTS_VuLogin21"	[MsgId: MMSG-204866]
    Vuser output directory..............................: "C:\Users\demo\AppData\Local\Temp\1\brr_8j8.356\TC_VTS_VuLogin24\TC_VTS_VuLogin21"	[MsgId: MMSG-204865]
End of selected Run-Time Settings
	[MsgId: MMSG-204895]
Please refer to the ReadMe file in the LoadRunner Professional installation directory for notes about measurements and logging	[MsgId: MMSG-204864]
t=00002011ms: Step 2: Execute TC.groupName started    [MsgId: MMSG-205180]	[MsgId: MMSG-205180]
t=00002026ms: Step 2: Execute TC.groupName successfully completed with End Event "Action completed"    [MsgId: MMSG-205180]	[MsgId: MMSG-205180]
t=00002029ms: Step 3: Execute VTS.vtcConnect ("nimbusserver", 4888, [vtsName]) started    [MsgId: MMSG-205180]	[MsgId: MMSG-205180]
Virtual User Script started at : 2022-10-31 11:24:04	[MsgId: MMSG-205068]
TruClient Replay (build 0383) for LoadRunner Professional 2021.2.0, build 0495. OS: Windows 2019, Browser: Chromium 91.0.4472.77, initialized on 2022/10/31 at 11:23:59 (1667211839.235s)
	[MsgId: MMSG-204898]
Selected Run-Time Settings:	[MsgId: MMSG-204896]
    Simulate a new user on each iteration...............: 1	[MsgId: MMSG-204894]
    Using system proxy settings	[MsgId: MMSG-204891]
    Check for newer versions of stored pages: 4 (Automatically)	[MsgId: MMSG-204880]
    Keep-Alive..........................................: 1	[MsgId: MMSG-204875]
    Proxy Keep-Alive....................................: 1	[MsgId: MMSG-204874]
    Keep-Alive timeout (ms).............................: 60000	[MsgId: MMSG-204873]
    HTTP Version........................................: 1.1	[MsgId: MMSG-204871]
    Proxy HTTP Version..................................: 1.1	[MsgId: MMSG-204870]
    DNS cache entries...................................: 20	[MsgId: MMSG-204868]
    Run-Time Settings file..............................: "C:\Users\demo\AppData\Local\Temp\1\lr5tmpdirtlS.348\lrcfgqbP.349\cfgE3A.350"	[MsgId: MMSG-204867]
    Vuser directory.....................................: "C:\Users\demo\AppData\Local\Temp\1\brr_8j8.356\TC_VTS_VuLogin24\TC_VTS_VuLogin22"	[MsgId: MMSG-204866]
    Vuser output directory..............................: "C:\Users\demo\AppData\Local\Temp\1\brr_8j8.356\TC_VTS_VuLogin24\TC_VTS_VuLogin22"	[MsgId: MMSG-204865]
End of selected Run-Time Settings
	[MsgId: MMSG-204895]
Please refer to the ReadMe file in the LoadRunner Professional installation directory for notes about measurements and logging	[MsgId: MMSG-204864]
t=00005355ms: Step 2: Execute TC.groupName started    [MsgId: MMSG-205180]	[MsgId: MMSG-205180]
t=00005370ms: Step 2: Execute TC.groupName successfully completed with End Event "Action completed"    [MsgId: MMSG-205180]	[MsgId: MMSG-205180]
t=00005370ms: Step 3: Execute VTS.vtcConnect ("nimbusserver", 4888, [vtsName]) started    [MsgId: MMSG-205180]	[MsgId: MMSG-205180]
t=00007203ms: Step 3: Execute VTS.vtcConnect ("nimbusserver", 4888, [vtsName]) successfully completed with End Event "Action completed"    [MsgId: MMSG-205180]	[MsgId: MMSG-205180]
t=00007203ms: Step 4: Execute VTS.vtcGetCell ("UserName", TC.userId, [vtsName]) started    [MsgId: MMSG-205180]	[MsgId: MMSG-205180]
t=00010402ms: Step 3: Execute VTS.vtcConnect ("nimbusserver", 4888, [vtsName]) successfully completed with End Event "Action completed"    [MsgId: MMSG-205180]	[MsgId: MMSG-205180]
t=00010405ms: Step 4: Execute VTS.vtcGetCell ("UserName", TC.userId, [vtsName]) started    [MsgId: MMSG-205180]	[MsgId: MMSG-205180]
t=00012247ms: Warning -205179: VTS.vtcGetCell("UserName","1") APIError: Failed to get parameter from Virtual Table Server. Failed to connect. Check the server name, port number, network connectivity, and whether server is on line.undefined    [MsgId: MWAR-205179]	[MsgId: MWAR-205179]
t=00012356ms: Error -205177: Step 4: Execute VTS.vtcGetCell ("UserName", 1, [vtsName]) failed - Exception occurred: API_ERROR_INVALID_ARGUMENTS_RUNTIME: VTS.vtcGetCell("UserName","1") APIError: Failed to get parameter from Virtual Table Server. Failed to connect. Check the server name, port number, network connectivity, and whether server is on line.undefined       Snapshot Info [MSH Init 0]    [MsgId: MERR-205177]	[MsgId: MERR-205177]
Action was aborted.	[MsgId: MMSG-10694]
Vuser 0 (thread 9276), ended OK."	[MsgId: MMSG-10695]
t=00015430ms: Warning -205179: VTS.vtcGetCell("UserName","2") APIError: Failed to get parameter from Virtual Table Server. Failed to connect. Check the server name, port number, network connectivity, and whether server is on line.undefined    [MsgId: MWAR-205179]	[MsgId: MWAR-205179]
t=00015534ms: Error -205177: Step 4: Execute VTS.vtcGetCell ("UserName", 2, [vtsName]) failed - Exception occurred: API_ERROR_INVALID_ARGUMENTS_RUNTIME: VTS.vtcGetCell("UserName","2") APIError: Failed to get parameter from Virtual Table Server. Failed to connect. Check the server name, port number, network connectivity, and whether server is on line.undefined       Snapshot Info [MSH Init 0]    [MsgId: MERR-205177]	[MsgId: MERR-205177]
Action was aborted.	[MsgId: MMSG-10694]
Vuser 1 (thread 6028), ended OK."	[MsgId: MMSG-10695]
