Virtual User Script started at : 2022-10-31 11:29:21	[MsgId: MMSG-205068]
TruClient Replay (build 0383) for LoadRunner Professional 2021.2.0, build 0495. OS: Windows 2019, Browser: Chromium 91.0.4472.77, initialized on 2022/10/31 at 11:29:19 (1667212159.926s)
	[MsgId: MMSG-204898]
Selected Run-Time Settings:	[MsgId: MMSG-204896]
    Simulate a new user on each iteration...............: 1	[MsgId: MMSG-204894]
    Using system proxy settings	[MsgId: MMSG-204891]
    Check for newer versions of stored pages: 4 (Automatically)	[MsgId: MMSG-204880]
    Keep-Alive..........................................: 1	[MsgId: MMSG-204875]
    Proxy Keep-Alive....................................: 1	[MsgId: MMSG-204874]
    Keep-Alive timeout (ms).............................: 60000	[MsgId: MMSG-204873]
    HTTP Version........................................: 1.1	[MsgId: MMSG-204871]
    Proxy HTTP Version..................................: 1.1	[MsgId: MMSG-204870]
    DNS cache entries...................................: 20	[MsgId: MMSG-204868]
    Run-Time Settings file..............................: "C:\Users\demo\AppData\Local\Temp\1\lr5tmpdirtlS.348\lrcfgqbP.349\cfgE3A.350"	[MsgId: MMSG-204867]
    Vuser directory.....................................: "C:\Users\demo\AppData\Local\Temp\1\brr_8j8.356\TC_VTS_VuLogin211\TC_VTS_VuLogin21"	[MsgId: MMSG-204866]
    Vuser output directory..............................: "C:\Users\demo\AppData\Local\Temp\1\brr_8j8.356\TC_VTS_VuLogin211\TC_VTS_VuLogin21"	[MsgId: MMSG-204865]
End of selected Run-Time Settings
	[MsgId: MMSG-204895]
Please refer to the ReadMe file in the LoadRunner Professional installation directory for notes about measurements and logging	[MsgId: MMSG-204864]
t=00001787ms: Step 2: Execute TC.groupName started    [MsgId: MMSG-205180]	[MsgId: MMSG-205180]
t=00001799ms: Step 2: Execute TC.groupName successfully completed with End Event "Action completed"    [MsgId: MMSG-205180]	[MsgId: MMSG-205180]
t=00001803ms: Step 3: Execute VTS.vtcConnect ("nimbusserver", 4888, [vtsName]) started    [MsgId: MMSG-205180]	[MsgId: MMSG-205180]
t=00001831ms: Step 3: Execute VTS.vtcConnect ("nimbusserver", 4888, [vtsName]) successfully completed with End Event "Action completed"    [MsgId: MMSG-205180]	[MsgId: MMSG-205180]
t=00001839ms: Step 4: Execute VTS.vtcGetCell ("UserName", TC.userId, [vtsName]) started    [MsgId: MMSG-205180]	[MsgId: MMSG-205180]
t=00001863ms: Step 4: Execute VTS.vtcGetCell ("UserName", 1, [vtsName]) successfully completed with End Event "Action completed"    [MsgId: MMSG-205180]	[MsgId: MMSG-205180]
t=00001866ms: Step 5: Execute VTS.vtcGetCell ("Password", TC.userId, [vtsName]) started    [MsgId: MMSG-205180]	[MsgId: MMSG-205180]
t=00001891ms: Step 5: Execute VTS.vtcGetCell ("Password", 1, [vtsName]) successfully completed with End Event "Action completed"    [MsgId: MMSG-205180]	[MsgId: MMSG-205180]
t=00001893ms: Step 6: Execute TC.log ("GroupName : " + vGroupN... : " + vPassword, "Standard") started    [MsgId: MMSG-205180]	[MsgId: MMSG-205180]
t=00001901ms: GroupName : TC_VTS_VuLogin2 / User : 1 > User1 : p1    [MsgId: MMSG-205180]	[MsgId: MMSG-205180]
t=00001903ms: Step 6: Execute TC.log (GroupName : TC_VTS_VuLog... > User1 : p1, "Standard") successfully completed with End Event "Action completed"    [MsgId: MMSG-205180]	[MsgId: MMSG-205180]
t=00001905ms: Step 7: Execute VTS.vtcDisconnect ([vtsName]) started    [MsgId: MMSG-205180]	[MsgId: MMSG-205180]
t=00001920ms: Step 7: Execute VTS.vtcDisconnect ([vtsName]) successfully completed with End Event "Action completed"    [MsgId: MMSG-205180]	[MsgId: MMSG-205180]
Warning: The "vuser_init" section contains step(s) when the "Simulate a new user on each iteration" Run-Time Setting is ON.  This may produce unpredictable results with multiple iterations.	[MsgId: MWAR-204863]
Running Vuser...	[MsgId: MMSG-205064]
Starting iteration 1.	[MsgId: MMSG-15968]
t=00003439ms: Step 1: Wait 3 seconds started    [MsgId: MMSG-205180]	[MsgId: MMSG-205180]
Virtual User Script started at : 2022-10-31 11:29:25	[MsgId: MMSG-205068]
TruClient Replay (build 0383) for LoadRunner Professional 2021.2.0, build 0495. OS: Windows 2019, Browser: Chromium 91.0.4472.77, initialized on 2022/10/31 at 11:29:19 (1667212159.926s)
	[MsgId: MMSG-204898]
Selected Run-Time Settings:	[MsgId: MMSG-204896]
    Simulate a new user on each iteration...............: 1	[MsgId: MMSG-204894]
    Using system proxy settings	[MsgId: MMSG-204891]
    Check for newer versions of stored pages: 4 (Automatically)	[MsgId: MMSG-204880]
    Keep-Alive..........................................: 1	[MsgId: MMSG-204875]
    Proxy Keep-Alive....................................: 1	[MsgId: MMSG-204874]
    Keep-Alive timeout (ms).............................: 60000	[MsgId: MMSG-204873]
    HTTP Version........................................: 1.1	[MsgId: MMSG-204871]
    Proxy HTTP Version..................................: 1.1	[MsgId: MMSG-204870]
    DNS cache entries...................................: 20	[MsgId: MMSG-204868]
    Run-Time Settings file..............................: "C:\Users\demo\AppData\Local\Temp\1\lr5tmpdirtlS.348\lrcfgqbP.349\cfgE3A.350"	[MsgId: MMSG-204867]
    Vuser directory.....................................: "C:\Users\demo\AppData\Local\Temp\1\brr_8j8.356\TC_VTS_VuLogin211\TC_VTS_VuLogin22"	[MsgId: MMSG-204866]
    Vuser output directory..............................: "C:\Users\demo\AppData\Local\Temp\1\brr_8j8.356\TC_VTS_VuLogin211\TC_VTS_VuLogin22"	[MsgId: MMSG-204865]
End of selected Run-Time Settings
	[MsgId: MMSG-204895]
Please refer to the ReadMe file in the LoadRunner Professional installation directory for notes about measurements and logging	[MsgId: MMSG-204864]
t=00005707ms: Step 2: Execute TC.groupName started    [MsgId: MMSG-205180]	[MsgId: MMSG-205180]
t=00005717ms: Step 2: Execute TC.groupName successfully completed with End Event "Action completed"    [MsgId: MMSG-205180]	[MsgId: MMSG-205180]
t=00005720ms: Step 3: Execute VTS.vtcConnect ("nimbusserver", 4888, [vtsName]) started    [MsgId: MMSG-205180]	[MsgId: MMSG-205180]
t=00005744ms: Step 3: Execute VTS.vtcConnect ("nimbusserver", 4888, [vtsName]) successfully completed with End Event "Action completed"    [MsgId: MMSG-205180]	[MsgId: MMSG-205180]
t=00005747ms: Step 4: Execute VTS.vtcGetCell ("UserName", TC.userId, [vtsName]) started    [MsgId: MMSG-205180]	[MsgId: MMSG-205180]
t=00005778ms: Step 4: Execute VTS.vtcGetCell ("UserName", 2, [vtsName]) successfully completed with End Event "Action completed"    [MsgId: MMSG-205180]	[MsgId: MMSG-205180]
t=00005790ms: Step 5: Execute VTS.vtcGetCell ("Password", TC.userId, [vtsName]) started    [MsgId: MMSG-205180]	[MsgId: MMSG-205180]
t=00005817ms: Step 5: Execute VTS.vtcGetCell ("Password", 2, [vtsName]) successfully completed with End Event "Action completed"    [MsgId: MMSG-205180]	[MsgId: MMSG-205180]
t=00005843ms: Step 6: Execute TC.log ("GroupName : " + vGroupN... : " + vPassword, "Standard") started    [MsgId: MMSG-205180]	[MsgId: MMSG-205180]
t=00005869ms: GroupName : TC_VTS_VuLogin2 / User : 2 > User2 : p2    [MsgId: MMSG-205180]	[MsgId: MMSG-205180]
t=00005869ms: Step 6: Execute TC.log (GroupName : TC_VTS_VuLog... > User2 : p2, "Standard") successfully completed with End Event "Action completed"    [MsgId: MMSG-205180]	[MsgId: MMSG-205180]
t=00005869ms: Step 7: Execute VTS.vtcDisconnect ([vtsName]) started    [MsgId: MMSG-205180]	[MsgId: MMSG-205180]
t=00005872ms: Step 7: Execute VTS.vtcDisconnect ([vtsName]) successfully completed with End Event "Action completed"    [MsgId: MMSG-205180]	[MsgId: MMSG-205180]
Warning: The "vuser_init" section contains step(s) when the "Simulate a new user on each iteration" Run-Time Setting is ON.  This may produce unpredictable results with multiple iterations.	[MsgId: MWAR-204863]
Running Vuser...	[MsgId: MMSG-205064]
Starting iteration 1.	[MsgId: MMSG-15968]
t=00006643ms: Step 1: Wait 3 seconds successfully completed with End Event "Action completed"    [MsgId: MMSG-205180]	[MsgId: MMSG-205180]
t=00007156ms: Step 2: Navigate to "http://advantageonlineshopping.com/" started    [MsgId: MMSG-205180]	[MsgId: MMSG-205180]
t=00008245ms: Step 1: Wait 3 seconds started    [MsgId: MMSG-205180]	[MsgId: MMSG-205180]
t=00008576ms: 2: Navigate to http://advantageonlineshopping.com/: Automatic End Event set to: Document Loaded    [MsgId: MMSG-205200]	[MsgId: MMSG-205200]
t=00008576ms: Step 2: Navigate to http://advantageonlineshopping.com/ successfully completed with End Event "Document Loaded"    [MsgId: MMSG-205180]	[MsgId: MMSG-205180]
Ending iteration 1.	[MsgId: MMSG-15965]
Starting iteration 2.	[MsgId: MMSG-15968]
t=00008936ms: Step 1: Wait 3 seconds started    [MsgId: MMSG-205180]	[MsgId: MMSG-205180]
t=00011448ms: Step 1: Wait 3 seconds successfully completed with End Event "Action completed"    [MsgId: MMSG-205180]	[MsgId: MMSG-205180]
t=00011952ms: Step 2: Navigate to "http://advantageonlineshopping.com/" started    [MsgId: MMSG-205180]	[MsgId: MMSG-205180]
t=00012143ms: Step 1: Wait 3 seconds successfully completed with End Event "Action completed"    [MsgId: MMSG-205180]	[MsgId: MMSG-205180]
t=00012646ms: Step 2: Navigate to "http://advantageonlineshopping.com/" started    [MsgId: MMSG-205180]	[MsgId: MMSG-205180]
t=00013194ms: 2: Navigate to http://advantageonlineshopping.com/: Automatic End Event set to: Document Loaded    [MsgId: MMSG-205200]	[MsgId: MMSG-205200]
t=00013209ms: Step 2: Navigate to http://advantageonlineshopping.com/ successfully completed with End Event "Document Loaded"    [MsgId: MMSG-205180]	[MsgId: MMSG-205180]
Ending iteration 1.	[MsgId: MMSG-15965]
Starting iteration 2.	[MsgId: MMSG-15968]
t=00013524ms: Step 1: Wait 3 seconds started    [MsgId: MMSG-205180]	[MsgId: MMSG-205180]
t=00014011ms: Step 2: Navigate to http://advantageonlineshopping.com/ successfully completed with End Event "Document Loaded"    [MsgId: MMSG-205180]	[MsgId: MMSG-205180]
Ending iteration 2.	[MsgId: MMSG-15965]
Starting iteration 3.	[MsgId: MMSG-15968]
t=00014323ms: Step 1: Wait 3 seconds started    [MsgId: MMSG-205180]	[MsgId: MMSG-205180]
t=00016728ms: Step 1: Wait 3 seconds successfully completed with End Event "Action completed"    [MsgId: MMSG-205180]	[MsgId: MMSG-205180]
t=00017343ms: Step 2: Navigate to "http://advantageonlineshopping.com/" started    [MsgId: MMSG-205180]	[MsgId: MMSG-205180]
t=00017533ms: Step 1: Wait 3 seconds successfully completed with End Event "Action completed"    [MsgId: MMSG-205180]	[MsgId: MMSG-205180]
t=00018035ms: Step 2: Navigate to "http://advantageonlineshopping.com/" started    [MsgId: MMSG-205180]	[MsgId: MMSG-205180]
t=00018505ms: Step 2: Navigate to http://advantageonlineshopping.com/ successfully completed with End Event "Document Loaded"    [MsgId: MMSG-205180]	[MsgId: MMSG-205180]
Ending iteration 2.	[MsgId: MMSG-15965]
Starting iteration 3.	[MsgId: MMSG-15968]
t=00018830ms: Step 1: Wait 3 seconds started    [MsgId: MMSG-205180]	[MsgId: MMSG-205180]
t=00019418ms: Step 2: Navigate to http://advantageonlineshopping.com/ successfully completed with End Event "Document Loaded"    [MsgId: MMSG-205180]	[MsgId: MMSG-205180]
Ending iteration 3.	[MsgId: MMSG-15965]
Starting iteration 4.	[MsgId: MMSG-15968]
t=00019745ms: Step 1: Wait 3 seconds started    [MsgId: MMSG-205180]	[MsgId: MMSG-205180]
t=00022035ms: Step 1: Wait 3 seconds successfully completed with End Event "Action completed"    [MsgId: MMSG-205180]	[MsgId: MMSG-205180]
t=00022537ms: Step 2: Navigate to "http://advantageonlineshopping.com/" started    [MsgId: MMSG-205180]	[MsgId: MMSG-205180]
t=00022992ms: Step 1: Wait 3 seconds successfully completed with End Event "Action completed"    [MsgId: MMSG-205180]	[MsgId: MMSG-205180]
t=00023474ms: Step 2: Navigate to "http://advantageonlineshopping.com/" started    [MsgId: MMSG-205180]	[MsgId: MMSG-205180]
t=00023781ms: Step 2: Navigate to http://advantageonlineshopping.com/ successfully completed with End Event "Document Loaded"    [MsgId: MMSG-205180]	[MsgId: MMSG-205180]
Ending iteration 3.	[MsgId: MMSG-15965]
Starting iteration 4.	[MsgId: MMSG-15968]
t=00024169ms: Step 1: Wait 3 seconds started    [MsgId: MMSG-205180]	[MsgId: MMSG-205180]
t=00024940ms: Step 2: Navigate to http://advantageonlineshopping.com/ successfully completed with End Event "Document Loaded"    [MsgId: MMSG-205180]	[MsgId: MMSG-205180]
Ending iteration 4.	[MsgId: MMSG-15965]
Starting iteration 5.	[MsgId: MMSG-15968]
t=00025237ms: Step 1: Wait 3 seconds started    [MsgId: MMSG-205180]	[MsgId: MMSG-205180]
t=00027373ms: Step 1: Wait 3 seconds successfully completed with End Event "Action completed"    [MsgId: MMSG-205180]	[MsgId: MMSG-205180]
t=00027875ms: Step 2: Navigate to "http://advantageonlineshopping.com/" started    [MsgId: MMSG-205180]	[MsgId: MMSG-205180]
t=00028440ms: Step 1: Wait 3 seconds successfully completed with End Event "Action completed"    [MsgId: MMSG-205180]	[MsgId: MMSG-205180]
t=00028891ms: Step 2: Navigate to http://advantageonlineshopping.com/ successfully completed with End Event "Document Loaded"    [MsgId: MMSG-205180]	[MsgId: MMSG-205180]
Ending iteration 4.	[MsgId: MMSG-15965]
Starting iteration 5.	[MsgId: MMSG-15968]
t=00028942ms: Step 2: Navigate to "http://advantageonlineshopping.com/" started    [MsgId: MMSG-205180]	[MsgId: MMSG-205180]
t=00029258ms: Step 1: Wait 3 seconds started    [MsgId: MMSG-205180]	[MsgId: MMSG-205180]
t=00030120ms: Step 2: Navigate to http://advantageonlineshopping.com/ successfully completed with End Event "Document Loaded"    [MsgId: MMSG-205180]	[MsgId: MMSG-205180]
Ending iteration 5.	[MsgId: MMSG-15965]
Starting iteration 6.	[MsgId: MMSG-15968]
t=00030475ms: Step 1: Wait 3 seconds started    [MsgId: MMSG-205180]	[MsgId: MMSG-205180]
t=00032462ms: Step 1: Wait 3 seconds successfully completed with End Event "Action completed"    [MsgId: MMSG-205180]	[MsgId: MMSG-205180]
t=00032964ms: Step 2: Navigate to "http://advantageonlineshopping.com/" started    [MsgId: MMSG-205180]	[MsgId: MMSG-205180]
t=00033683ms: Step 1: Wait 3 seconds successfully completed with End Event "Action completed"    [MsgId: MMSG-205180]	[MsgId: MMSG-205180]
t=00034184ms: Step 2: Navigate to "http://advantageonlineshopping.com/" started    [MsgId: MMSG-205180]	[MsgId: MMSG-205180]
t=00034302ms: Step 2: Navigate to http://advantageonlineshopping.com/ successfully completed with End Event "Document Loaded"    [MsgId: MMSG-205180]	[MsgId: MMSG-205180]
Ending iteration 5.	[MsgId: MMSG-15965]
Starting iteration 6.	[MsgId: MMSG-15968]
t=00034628ms: Step 1: Wait 3 seconds started    [MsgId: MMSG-205180]	[MsgId: MMSG-205180]
t=00035408ms: Step 2: Navigate to http://advantageonlineshopping.com/ successfully completed with End Event "Document Loaded"    [MsgId: MMSG-205180]	[MsgId: MMSG-205180]
Ending iteration 6.	[MsgId: MMSG-15965]
Starting iteration 7.	[MsgId: MMSG-15968]
t=00035721ms: Step 1: Wait 3 seconds started    [MsgId: MMSG-205180]	[MsgId: MMSG-205180]
t=00037834ms: Step 1: Wait 3 seconds successfully completed with End Event "Action completed"    [MsgId: MMSG-205180]	[MsgId: MMSG-205180]
t=00038336ms: Step 2: Navigate to "http://advantageonlineshopping.com/" started    [MsgId: MMSG-205180]	[MsgId: MMSG-205180]
t=00038924ms: Step 1: Wait 3 seconds successfully completed with End Event "Action completed"    [MsgId: MMSG-205180]	[MsgId: MMSG-205180]
t=00039325ms: Step 2: Navigate to http://advantageonlineshopping.com/ successfully completed with End Event "Document Loaded"    [MsgId: MMSG-205180]	[MsgId: MMSG-205180]
Ending iteration 6.	[MsgId: MMSG-15965]
Starting iteration 7.	[MsgId: MMSG-15968]
t=00039551ms: Step 2: Navigate to "http://advantageonlineshopping.com/" started    [MsgId: MMSG-205180]	[MsgId: MMSG-205180]
t=00039735ms: Step 1: Wait 3 seconds started    [MsgId: MMSG-205180]	[MsgId: MMSG-205180]
t=00040474ms: Step 2: Navigate to http://advantageonlineshopping.com/ successfully completed with End Event "Document Loaded"    [MsgId: MMSG-205180]	[MsgId: MMSG-205180]
Ending iteration 7.	[MsgId: MMSG-15965]
Starting iteration 8.	[MsgId: MMSG-15968]
t=00040809ms: Step 1: Wait 3 seconds started    [MsgId: MMSG-205180]	[MsgId: MMSG-205180]
t=00042939ms: Step 1: Wait 3 seconds successfully completed with End Event "Action completed"    [MsgId: MMSG-205180]	[MsgId: MMSG-205180]
t=00043442ms: Step 2: Navigate to "http://advantageonlineshopping.com/" started    [MsgId: MMSG-205180]	[MsgId: MMSG-205180]
t=00044014ms: Step 1: Wait 3 seconds successfully completed with End Event "Action completed"    [MsgId: MMSG-205180]	[MsgId: MMSG-205180]
t=00044516ms: Step 2: Navigate to "http://advantageonlineshopping.com/" started    [MsgId: MMSG-205180]	[MsgId: MMSG-205180]
t=00044755ms: Step 2: Navigate to http://advantageonlineshopping.com/ successfully completed with End Event "Document Loaded"    [MsgId: MMSG-205180]	[MsgId: MMSG-205180]
Ending iteration 7.	[MsgId: MMSG-15965]
Starting iteration 8.	[MsgId: MMSG-15968]
t=00045155ms: Step 1: Wait 3 seconds started    [MsgId: MMSG-205180]	[MsgId: MMSG-205180]
t=00045526ms: Step 2: Navigate to http://advantageonlineshopping.com/ successfully completed with End Event "Document Loaded"    [MsgId: MMSG-205180]	[MsgId: MMSG-205180]
Ending iteration 8.	[MsgId: MMSG-15965]
Starting iteration 9.	[MsgId: MMSG-15968]
t=00045832ms: Step 1: Wait 3 seconds started    [MsgId: MMSG-205180]	[MsgId: MMSG-205180]
t=00048359ms: Step 1: Wait 3 seconds successfully completed with End Event "Action completed"    [MsgId: MMSG-205180]	[MsgId: MMSG-205180]
t=00048862ms: Step 2: Navigate to "http://advantageonlineshopping.com/" started    [MsgId: MMSG-205180]	[MsgId: MMSG-205180]
t=00049039ms: Step 1: Wait 3 seconds successfully completed with End Event "Action completed"    [MsgId: MMSG-205180]	[MsgId: MMSG-205180]
t=00049541ms: Step 2: Navigate to "http://advantageonlineshopping.com/" started    [MsgId: MMSG-205180]	[MsgId: MMSG-205180]
t=00050018ms: Step 2: Navigate to http://advantageonlineshopping.com/ successfully completed with End Event "Document Loaded"    [MsgId: MMSG-205180]	[MsgId: MMSG-205180]
Ending iteration 8.	[MsgId: MMSG-15965]
Starting iteration 9.	[MsgId: MMSG-15968]
t=00050365ms: Step 1: Wait 3 seconds started    [MsgId: MMSG-205180]	[MsgId: MMSG-205180]
t=00050824ms: Step 2: Navigate to http://advantageonlineshopping.com/ successfully completed with End Event "Document Loaded"    [MsgId: MMSG-205180]	[MsgId: MMSG-205180]
Ending iteration 9.	[MsgId: MMSG-15965]
Starting iteration 10.	[MsgId: MMSG-15968]
t=00051135ms: Step 1: Wait 3 seconds started    [MsgId: MMSG-205180]	[MsgId: MMSG-205180]
t=00053570ms: Step 1: Wait 3 seconds successfully completed with End Event "Action completed"    [MsgId: MMSG-205180]	[MsgId: MMSG-205180]
t=00054072ms: Step 2: Navigate to "http://advantageonlineshopping.com/" started    [MsgId: MMSG-205180]	[MsgId: MMSG-205180]
t=00054337ms: Step 1: Wait 3 seconds successfully completed with End Event "Action completed"    [MsgId: MMSG-205180]	[MsgId: MMSG-205180]
t=00054839ms: Step 2: Navigate to "http://advantageonlineshopping.com/" started    [MsgId: MMSG-205180]	[MsgId: MMSG-205180]
t=00055228ms: Step 2: Navigate to http://advantageonlineshopping.com/ successfully completed with End Event "Document Loaded"    [MsgId: MMSG-205180]	[MsgId: MMSG-205180]
Ending iteration 9.	[MsgId: MMSG-15965]
Starting iteration 10.	[MsgId: MMSG-15968]
t=00055560ms: Step 1: Wait 3 seconds started    [MsgId: MMSG-205180]	[MsgId: MMSG-205180]
t=00056263ms: Step 2: Navigate to http://advantageonlineshopping.com/ successfully completed with End Event "Document Loaded"    [MsgId: MMSG-205180]	[MsgId: MMSG-205180]
Ending iteration 10.	[MsgId: MMSG-15965]
Starting iteration 11.	[MsgId: MMSG-15968]
t=00056590ms: Step 1: Wait 3 seconds started    [MsgId: MMSG-205180]	[MsgId: MMSG-205180]
t=00058759ms: Step 1: Wait 3 seconds successfully completed with End Event "Action completed"    [MsgId: MMSG-205180]	[MsgId: MMSG-205180]
t=00059262ms: Step 2: Navigate to "http://advantageonlineshopping.com/" started    [MsgId: MMSG-205180]	[MsgId: MMSG-205180]
t=00059794ms: Step 1: Wait 3 seconds successfully completed with End Event "Action completed"    [MsgId: MMSG-205180]	[MsgId: MMSG-205180]
t=00060295ms: Step 2: Navigate to "http://advantageonlineshopping.com/" started    [MsgId: MMSG-205180]	[MsgId: MMSG-205180]
t=00061577ms: Step 2: Navigate to http://advantageonlineshopping.com/ successfully completed with End Event "Document Loaded"    [MsgId: MMSG-205180]	[MsgId: MMSG-205180]
Ending iteration 10.	[MsgId: MMSG-15965]
Starting iteration 11.	[MsgId: MMSG-15968]
t=00061890ms: Step 1: Wait 3 seconds started    [MsgId: MMSG-205180]	[MsgId: MMSG-205180]
t=00062268ms: Step 2: Navigate to http://advantageonlineshopping.com/ successfully completed with End Event "Document Loaded"    [MsgId: MMSG-205180]	[MsgId: MMSG-205180]
Ending iteration 11.	[MsgId: MMSG-15965]
Starting iteration 12.	[MsgId: MMSG-15968]
t=00062608ms: Step 1: Wait 3 seconds started    [MsgId: MMSG-205180]	[MsgId: MMSG-205180]
t=00065092ms: Step 1: Wait 3 seconds successfully completed with End Event "Action completed"    [MsgId: MMSG-205180]	[MsgId: MMSG-205180]
t=00065594ms: Step 2: Navigate to "http://advantageonlineshopping.com/" started    [MsgId: MMSG-205180]	[MsgId: MMSG-205180]
t=00065810ms: Step 1: Wait 3 seconds successfully completed with End Event "Action completed"    [MsgId: MMSG-205180]	[MsgId: MMSG-205180]
t=00066313ms: Step 2: Navigate to "http://advantageonlineshopping.com/" started    [MsgId: MMSG-205180]	[MsgId: MMSG-205180]
t=00067106ms: Step 2: Navigate to http://advantageonlineshopping.com/ successfully completed with End Event "Document Loaded"    [MsgId: MMSG-205180]	[MsgId: MMSG-205180]
Action was aborted.	[MsgId: MMSG-10694]
Ending Vuser...	[MsgId: MMSG-205066]
Vuser Terminated.	[MsgId: MMSG-205063]
Vuser 1 (thread 11332), ended OK."	[MsgId: MMSG-10695]
t=00067832ms: Step 2: Navigate to http://advantageonlineshopping.com/ successfully completed with End Event "Document Loaded"    [MsgId: MMSG-205180]	[MsgId: MMSG-205180]
Action was aborted.	[MsgId: MMSG-10694]
Ending Vuser...	[MsgId: MMSG-205066]
Vuser Terminated.	[MsgId: MMSG-205063]
Vuser 0 (thread 6260), ended OK."	[MsgId: MMSG-10695]
