Virtual User Script started at : 2022-10-12 17:36:14
TruClient Replay (build 0383) for LoadRunner Professional 2021.2.0, build 0495. OS: Windows 2019, Browser: Chromium 91.0.4472.77, initialized on 2022/10/12 at 17:36:14 (1665588974.220s)

Selected Run-Time Settings:
    Simulate a new user on each iteration...............: 1
    Using system proxy settings
    Check for newer versions of stored pages: 4 (Automatically)
    Keep-Alive..........................................: 1
    Proxy Keep-Alive....................................: 1
    Keep-Alive timeout (ms).............................: 60000
    HTTP Version........................................: 1.1
    Proxy HTTP Version..................................: 1.1
    DNS cache entries...................................: 20
    Run-Time Settings file..............................: "C:\Users\demo\Documents\VuGen\Scripts\TC_VTS_VuLogin\\default.cfg"
    Vuser directory.....................................: "C:\Users\demo\Documents\VuGen\Scripts\TC_VTS_VuLogin"
    Vuser output directory..............................: "C:\Users\demo\Documents\VuGen\Scripts\TC_VTS_VuLogin"
End of selected Run-Time Settings

Please refer to the ReadMe file in the LoadRunner Professional installation directory for notes about measurements and logging
t=00000550ms: Step 2: Execute VTS.vtcConnect ("nimbusserver", 4888, [vtsName]) started    [MsgId: MMSG-205180]
t=00000614ms: Step 2: Execute VTS.vtcConnect ("nimbusserver", 4888, [vtsName]) successfully completed with End Event "Action completed"    [MsgId: MMSG-205180]
t=00000620ms: Step 3: Execute VTS.vtcGetCell ("UserName", TC.userId, [vtsName]) started    [MsgId: MMSG-205180]
t=00000848ms: Error -205177: Step 3: Execute VTS.vtcGetCell ("UserName", -1, [vtsName]) failed - an argument is invalid: Row Index. The specified value is below the minimum value. Given: -1 but expected at least 1       Snapshot Info [MSH Init 0]    [MsgId: MERR-205177]
Action was aborted.
Vuser 0 (thread 2688), ended OK."
