Virtual User Script started at : 2022-10-31 11:29:19	[MsgId: MMSG-205068]
TruClient Replay (build 0383) for LoadRunner Professional 2021.2.0, build 0495. OS: Windows 2019, Browser: Chromium 91.0.4472.77, initialized on 2022/10/31 at 11:29:17 (1667212157.934s)
	[MsgId: MMSG-204898]
Selected Run-Time Settings:	[MsgId: MMSG-204896]
    Simulate a new user on each iteration...............: 0	[MsgId: MMSG-204894]
    Using system proxy settings	[MsgId: MMSG-204891]
    Check for newer versions of stored pages: 4 (Automatically)	[MsgId: MMSG-204880]
    Keep-Alive..........................................: 1	[MsgId: MMSG-204875]
    Proxy Keep-Alive....................................: 1	[MsgId: MMSG-204874]
    Keep-Alive timeout (ms).............................: 60000	[MsgId: MMSG-204873]
    HTTP Version........................................: 1.1	[MsgId: MMSG-204871]
    Proxy HTTP Version..................................: 1.1	[MsgId: MMSG-204870]
    DNS cache entries...................................: 20	[MsgId: MMSG-204868]
    Run-Time Settings file..............................: "C:\Users\demo\AppData\Local\Temp\1\lr5tmpdirtlS.348\lrcfgqbP.349\cfgg1r.354"	[MsgId: MMSG-204867]
    Vuser directory.....................................: "C:\Users\demo\AppData\Local\Temp\1\brr_8j8.356\TC_VTS_VuLogin9\TC_VTS_VuLogin1"	[MsgId: MMSG-204866]
    Vuser output directory..............................: "C:\Users\demo\AppData\Local\Temp\1\brr_8j8.356\TC_VTS_VuLogin9\TC_VTS_VuLogin1"	[MsgId: MMSG-204865]
End of selected Run-Time Settings
	[MsgId: MMSG-204895]
Please refer to the ReadMe file in the LoadRunner Professional installation directory for notes about measurements and logging	[MsgId: MMSG-204864]
t=00001658ms: Step 2: Execute VTS.vtcConnect ("nimbusserver", 4888, [vtsName]) started    [MsgId: MMSG-205180]	[MsgId: MMSG-205180]
t=00001685ms: Step 2: Execute VTS.vtcConnect ("nimbusserver", 4888, [vtsName]) successfully completed with End Event "Action completed"    [MsgId: MMSG-205180]	[MsgId: MMSG-205180]
t=00001687ms: Step 3: Execute VTS.vtcGetCell ("UserName", TC.userId, [vtsName]) started    [MsgId: MMSG-205180]	[MsgId: MMSG-205180]
t=00001710ms: Step 3: Execute VTS.vtcGetCell ("UserName", 1, [vtsName]) successfully completed with End Event "Action completed"    [MsgId: MMSG-205180]	[MsgId: MMSG-205180]
t=00001712ms: Step 4: Execute VTS.vtcGetCell ("Password", TC.userId, [vtsName]) started    [MsgId: MMSG-205180]	[MsgId: MMSG-205180]
t=00001734ms: Step 4: Execute VTS.vtcGetCell ("Password", 1, [vtsName]) successfully completed with End Event "Action completed"    [MsgId: MMSG-205180]	[MsgId: MMSG-205180]
t=00001738ms: Step 5: Execute TC.log ("User : " + TC.userId + ... : " + vPassword, "Standard") started    [MsgId: MMSG-205180]	[MsgId: MMSG-205180]
t=00001747ms: User : 1 > User1 : p1    [MsgId: MMSG-205180]	[MsgId: MMSG-205180]
t=00001748ms: Step 5: Execute TC.log (User : 1 > User1 : p1, "Standard") successfully completed with End Event "Action completed"    [MsgId: MMSG-205180]	[MsgId: MMSG-205180]
t=00001751ms: Step 6: Execute VTS.vtcDisconnect ([vtsName]) started    [MsgId: MMSG-205180]	[MsgId: MMSG-205180]
t=00001763ms: Step 6: Execute VTS.vtcDisconnect ([vtsName]) successfully completed with End Event "Action completed"    [MsgId: MMSG-205180]	[MsgId: MMSG-205180]
Running Vuser...	[MsgId: MMSG-205064]
Starting iteration 1.	[MsgId: MMSG-15968]
t=00001847ms: Step 1: Wait 3 seconds started    [MsgId: MMSG-205180]	[MsgId: MMSG-205180]
t=00005085ms: Step 1: Wait 3 seconds successfully completed with End Event "Action completed"    [MsgId: MMSG-205180]	[MsgId: MMSG-205180]
Virtual User Script started at : 2022-10-31 11:29:23	[MsgId: MMSG-205068]
TruClient Replay (build 0383) for LoadRunner Professional 2021.2.0, build 0495. OS: Windows 2019, Browser: Chromium 91.0.4472.77, initialized on 2022/10/31 at 11:29:17 (1667212157.934s)
	[MsgId: MMSG-204898]
Selected Run-Time Settings:	[MsgId: MMSG-204896]
    Simulate a new user on each iteration...............: 0	[MsgId: MMSG-204894]
    Using system proxy settings	[MsgId: MMSG-204891]
    Check for newer versions of stored pages: 4 (Automatically)	[MsgId: MMSG-204880]
    Keep-Alive..........................................: 1	[MsgId: MMSG-204875]
    Proxy Keep-Alive....................................: 1	[MsgId: MMSG-204874]
    Keep-Alive timeout (ms).............................: 60000	[MsgId: MMSG-204873]
    HTTP Version........................................: 1.1	[MsgId: MMSG-204871]
    Proxy HTTP Version..................................: 1.1	[MsgId: MMSG-204870]
    DNS cache entries...................................: 20	[MsgId: MMSG-204868]
    Run-Time Settings file..............................: "C:\Users\demo\AppData\Local\Temp\1\lr5tmpdirtlS.348\lrcfgqbP.349\cfgg1r.354"	[MsgId: MMSG-204867]
    Vuser directory.....................................: "C:\Users\demo\AppData\Local\Temp\1\brr_8j8.356\TC_VTS_VuLogin9\TC_VTS_VuLogin2"	[MsgId: MMSG-204866]
    Vuser output directory..............................: "C:\Users\demo\AppData\Local\Temp\1\brr_8j8.356\TC_VTS_VuLogin9\TC_VTS_VuLogin2"	[MsgId: MMSG-204865]
End of selected Run-Time Settings
	[MsgId: MMSG-204895]
Please refer to the ReadMe file in the LoadRunner Professional installation directory for notes about measurements and logging	[MsgId: MMSG-204864]
t=00005451ms: Step 2: Execute VTS.vtcConnect ("nimbusserver", 4888, [vtsName]) started    [MsgId: MMSG-205180]	[MsgId: MMSG-205180]
t=00005477ms: Step 2: Execute VTS.vtcConnect ("nimbusserver", 4888, [vtsName]) successfully completed with End Event "Action completed"    [MsgId: MMSG-205180]	[MsgId: MMSG-205180]
t=00005479ms: Step 3: Execute VTS.vtcGetCell ("UserName", TC.userId, [vtsName]) started    [MsgId: MMSG-205180]	[MsgId: MMSG-205180]
t=00005507ms: Step 3: Execute VTS.vtcGetCell ("UserName", 2, [vtsName]) successfully completed with End Event "Action completed"    [MsgId: MMSG-205180]	[MsgId: MMSG-205180]
t=00005512ms: Step 4: Execute VTS.vtcGetCell ("Password", TC.userId, [vtsName]) started    [MsgId: MMSG-205180]	[MsgId: MMSG-205180]
t=00005534ms: Step 4: Execute VTS.vtcGetCell ("Password", 2, [vtsName]) successfully completed with End Event "Action completed"    [MsgId: MMSG-205180]	[MsgId: MMSG-205180]
t=00005536ms: Step 5: Execute TC.log ("User : " + TC.userId + ... : " + vPassword, "Standard") started    [MsgId: MMSG-205180]	[MsgId: MMSG-205180]
t=00005545ms: User : 2 > User2 : p2    [MsgId: MMSG-205180]	[MsgId: MMSG-205180]
t=00005547ms: Step 5: Execute TC.log (User : 2 > User2 : p2, "Standard") successfully completed with End Event "Action completed"    [MsgId: MMSG-205180]	[MsgId: MMSG-205180]
t=00005550ms: Step 6: Execute VTS.vtcDisconnect ([vtsName]) started    [MsgId: MMSG-205180]	[MsgId: MMSG-205180]
t=00005595ms: Step 6: Execute VTS.vtcDisconnect ([vtsName]) successfully completed with End Event "Action completed"    [MsgId: MMSG-205180]	[MsgId: MMSG-205180]
t=00005597ms: Step 2: Navigate to "http://advantageonlineshopping.com/" started    [MsgId: MMSG-205180]	[MsgId: MMSG-205180]
Running Vuser...	[MsgId: MMSG-205064]
Starting iteration 1.	[MsgId: MMSG-15968]
t=00005664ms: Step 1: Wait 3 seconds started    [MsgId: MMSG-205180]	[MsgId: MMSG-205180]
t=00006693ms: 2: Navigate to http://advantageonlineshopping.com/: Automatic End Event set to: Document Loaded    [MsgId: MMSG-205200]	[MsgId: MMSG-205200]
t=00006694ms: Step 2: Navigate to http://advantageonlineshopping.com/ successfully completed with End Event "Document Loaded"    [MsgId: MMSG-205180]	[MsgId: MMSG-205180]
Ending iteration 1.	[MsgId: MMSG-15965]
Starting iteration 2.	[MsgId: MMSG-15968]
t=00006729ms: Step 1: Wait 3 seconds started    [MsgId: MMSG-205180]	[MsgId: MMSG-205180]
t=00008889ms: Step 1: Wait 3 seconds successfully completed with End Event "Action completed"    [MsgId: MMSG-205180]	[MsgId: MMSG-205180]
t=00009467ms: Step 2: Navigate to "http://advantageonlineshopping.com/" started    [MsgId: MMSG-205180]	[MsgId: MMSG-205180]
Virtual User Script started at : 2022-10-31 11:29:27	[MsgId: MMSG-205068]
TruClient Replay (build 0383) for LoadRunner Professional 2021.2.0, build 0495. OS: Windows 2019, Browser: Chromium 91.0.4472.77, initialized on 2022/10/31 at 11:29:17 (1667212157.934s)
	[MsgId: MMSG-204898]
Selected Run-Time Settings:	[MsgId: MMSG-204896]
    Simulate a new user on each iteration...............: 0	[MsgId: MMSG-204894]
    Using system proxy settings	[MsgId: MMSG-204891]
    Check for newer versions of stored pages: 4 (Automatically)	[MsgId: MMSG-204880]
    Keep-Alive..........................................: 1	[MsgId: MMSG-204875]
    Proxy Keep-Alive....................................: 1	[MsgId: MMSG-204874]
    Keep-Alive timeout (ms).............................: 60000	[MsgId: MMSG-204873]
    HTTP Version........................................: 1.1	[MsgId: MMSG-204871]
    Proxy HTTP Version..................................: 1.1	[MsgId: MMSG-204870]
    DNS cache entries...................................: 20	[MsgId: MMSG-204868]
    Run-Time Settings file..............................: "C:\Users\demo\AppData\Local\Temp\1\lr5tmpdirtlS.348\lrcfgqbP.349\cfgg1r.354"	[MsgId: MMSG-204867]
    Vuser directory.....................................: "C:\Users\demo\AppData\Local\Temp\1\brr_8j8.356\TC_VTS_VuLogin9\TC_VTS_VuLogin3"	[MsgId: MMSG-204866]
    Vuser output directory..............................: "C:\Users\demo\AppData\Local\Temp\1\brr_8j8.356\TC_VTS_VuLogin9\TC_VTS_VuLogin3"	[MsgId: MMSG-204865]
End of selected Run-Time Settings
	[MsgId: MMSG-204895]
Please refer to the ReadMe file in the LoadRunner Professional installation directory for notes about measurements and logging	[MsgId: MMSG-204864]
t=00009631ms: Step 2: Execute VTS.vtcConnect ("nimbusserver", 4888, [vtsName]) started    [MsgId: MMSG-205180]	[MsgId: MMSG-205180]
t=00009656ms: Step 2: Execute VTS.vtcConnect ("nimbusserver", 4888, [vtsName]) successfully completed with End Event "Action completed"    [MsgId: MMSG-205180]	[MsgId: MMSG-205180]
t=00009665ms: Step 3: Execute VTS.vtcGetCell ("UserName", TC.userId, [vtsName]) started    [MsgId: MMSG-205180]	[MsgId: MMSG-205180]
t=00009718ms: Step 3: Execute VTS.vtcGetCell ("UserName", 3, [vtsName]) successfully completed with End Event "Action completed"    [MsgId: MMSG-205180]	[MsgId: MMSG-205180]
t=00009718ms: Step 4: Execute VTS.vtcGetCell ("Password", TC.userId, [vtsName]) started    [MsgId: MMSG-205180]	[MsgId: MMSG-205180]
t=00009749ms: Step 4: Execute VTS.vtcGetCell ("Password", 3, [vtsName]) successfully completed with End Event "Action completed"    [MsgId: MMSG-205180]	[MsgId: MMSG-205180]
t=00009756ms: Step 5: Execute TC.log ("User : " + TC.userId + ... : " + vPassword, "Standard") started    [MsgId: MMSG-205180]	[MsgId: MMSG-205180]
t=00009767ms: User : 3 > User3 : p3    [MsgId: MMSG-205180]	[MsgId: MMSG-205180]
t=00009767ms: Step 5: Execute TC.log (User : 3 > User3 : p3, "Standard") successfully completed with End Event "Action completed"    [MsgId: MMSG-205180]	[MsgId: MMSG-205180]
t=00009803ms: Step 6: Execute VTS.vtcDisconnect ([vtsName]) started    [MsgId: MMSG-205180]	[MsgId: MMSG-205180]
t=00009804ms: Step 6: Execute VTS.vtcDisconnect ([vtsName]) successfully completed with End Event "Action completed"    [MsgId: MMSG-205180]	[MsgId: MMSG-205180]
Running Vuser...	[MsgId: MMSG-205064]
Starting iteration 1.	[MsgId: MMSG-15968]
t=00009941ms: Step 1: Wait 3 seconds started    [MsgId: MMSG-205180]	[MsgId: MMSG-205180]
t=00009942ms: Step 1: Wait 3 seconds successfully completed with End Event "Action completed"    [MsgId: MMSG-205180]	[MsgId: MMSG-205180]
t=00010447ms: Step 2: Navigate to "http://advantageonlineshopping.com/" started    [MsgId: MMSG-205180]	[MsgId: MMSG-205180]
t=00010619ms: 2: Navigate to http://advantageonlineshopping.com/: Automatic End Event set to: Document Loaded    [MsgId: MMSG-205200]	[MsgId: MMSG-205200]
t=00010620ms: Step 2: Navigate to http://advantageonlineshopping.com/ successfully completed with End Event "Document Loaded"    [MsgId: MMSG-205180]	[MsgId: MMSG-205180]
Ending iteration 1.	[MsgId: MMSG-15965]
Starting iteration 2.	[MsgId: MMSG-15968]
t=00010700ms: Step 1: Wait 3 seconds started    [MsgId: MMSG-205180]	[MsgId: MMSG-205180]
t=00012405ms: Step 2: Navigate to http://advantageonlineshopping.com/ successfully completed with End Event "Document Loaded"    [MsgId: MMSG-205180]	[MsgId: MMSG-205180]
Ending iteration 2.	[MsgId: MMSG-15965]
Starting iteration 3.	[MsgId: MMSG-15968]
t=00012698ms: Step 1: Wait 3 seconds started    [MsgId: MMSG-205180]	[MsgId: MMSG-205180]
t=00013146ms: Step 1: Wait 3 seconds successfully completed with End Event "Action completed"    [MsgId: MMSG-205180]	[MsgId: MMSG-205180]
t=00013656ms: Step 2: Navigate to "http://advantageonlineshopping.com/" started    [MsgId: MMSG-205180]	[MsgId: MMSG-205180]
t=00013856ms: Step 1: Wait 3 seconds successfully completed with End Event "Action completed"    [MsgId: MMSG-205180]	[MsgId: MMSG-205180]
t=00014385ms: Step 2: Navigate to "http://advantageonlineshopping.com/" started    [MsgId: MMSG-205180]	[MsgId: MMSG-205180]
t=00014636ms: 2: Navigate to http://advantageonlineshopping.com/: Automatic End Event set to: Document Loaded    [MsgId: MMSG-205200]	[MsgId: MMSG-205200]
t=00014636ms: Step 2: Navigate to http://advantageonlineshopping.com/ successfully completed with End Event "Document Loaded"    [MsgId: MMSG-205180]	[MsgId: MMSG-205180]
Ending iteration 1.	[MsgId: MMSG-15965]
Starting iteration 2.	[MsgId: MMSG-15968]
t=00014680ms: Step 1: Wait 3 seconds started    [MsgId: MMSG-205180]	[MsgId: MMSG-205180]
t=00015901ms: Step 1: Wait 3 seconds successfully completed with End Event "Action completed"    [MsgId: MMSG-205180]	[MsgId: MMSG-205180]
t=00016403ms: Step 2: Navigate to "http://advantageonlineshopping.com/" started    [MsgId: MMSG-205180]	[MsgId: MMSG-205180]
t=00017883ms: Step 1: Wait 3 seconds successfully completed with End Event "Action completed"    [MsgId: MMSG-205180]	[MsgId: MMSG-205180]
t=00018386ms: Step 2: Navigate to "http://advantageonlineshopping.com/" started    [MsgId: MMSG-205180]	[MsgId: MMSG-205180]
t=00019107ms: Step 2: Navigate to http://advantageonlineshopping.com/ successfully completed with End Event "Document Loaded"    [MsgId: MMSG-205180]	[MsgId: MMSG-205180]
Ending iteration 3.	[MsgId: MMSG-15965]
Starting iteration 4.	[MsgId: MMSG-15968]
t=00019365ms: Step 1: Wait 3 seconds started    [MsgId: MMSG-205180]	[MsgId: MMSG-205180]
t=00019632ms: Step 2: Navigate to http://advantageonlineshopping.com/ successfully completed with End Event "Document Loaded"    [MsgId: MMSG-205180]	[MsgId: MMSG-205180]
Ending iteration 2.	[MsgId: MMSG-15965]
Starting iteration 3.	[MsgId: MMSG-15968]
t=00019803ms: Step 1: Wait 3 seconds started    [MsgId: MMSG-205180]	[MsgId: MMSG-205180]
t=00022574ms: Step 1: Wait 3 seconds successfully completed with End Event "Action completed"    [MsgId: MMSG-205180]	[MsgId: MMSG-205180]
t=00023006ms: Step 1: Wait 3 seconds successfully completed with End Event "Action completed"    [MsgId: MMSG-205180]	[MsgId: MMSG-205180]
t=00023076ms: Step 2: Navigate to "http://advantageonlineshopping.com/" started    [MsgId: MMSG-205180]	[MsgId: MMSG-205180]
t=00023508ms: Step 2: Navigate to "http://advantageonlineshopping.com/" started    [MsgId: MMSG-205180]	[MsgId: MMSG-205180]
t=00024500ms: Step 2: Navigate to http://advantageonlineshopping.com/ successfully completed with End Event "Document Loaded"    [MsgId: MMSG-205180]	[MsgId: MMSG-205180]
t=00024719ms: Step 2: Navigate to http://advantageonlineshopping.com/ successfully completed with End Event "Document Loaded"    [MsgId: MMSG-205180]	[MsgId: MMSG-205180]
Ending iteration 4.	[MsgId: MMSG-15965]
Starting iteration 5.	[MsgId: MMSG-15968]
t=00024992ms: Step 1: Wait 3 seconds started    [MsgId: MMSG-205180]	[MsgId: MMSG-205180]
Ending iteration 3.	[MsgId: MMSG-15965]
Starting iteration 4.	[MsgId: MMSG-15968]
t=00025059ms: Step 1: Wait 3 seconds started    [MsgId: MMSG-205180]	[MsgId: MMSG-205180]
t=00028027ms: Step 2: Navigate to http://advantageonlineshopping.com/ successfully completed with End Event "Document Loaded"    [MsgId: MMSG-205180]	[MsgId: MMSG-205180]
t=00028194ms: Step 1: Wait 3 seconds successfully completed with End Event "Action completed"    [MsgId: MMSG-205180]	[MsgId: MMSG-205180]
t=00028262ms: Step 1: Wait 3 seconds successfully completed with End Event "Action completed"    [MsgId: MMSG-205180]	[MsgId: MMSG-205180]
Ending iteration 2.	[MsgId: MMSG-15965]
Starting iteration 3.	[MsgId: MMSG-15968]
t=00028342ms: Step 1: Wait 3 seconds started    [MsgId: MMSG-205180]	[MsgId: MMSG-205180]
t=00028696ms: Step 2: Navigate to "http://advantageonlineshopping.com/" started    [MsgId: MMSG-205180]	[MsgId: MMSG-205180]
t=00028763ms: Step 2: Navigate to "http://advantageonlineshopping.com/" started    [MsgId: MMSG-205180]	[MsgId: MMSG-205180]
t=00029381ms: Step 2: Navigate to http://advantageonlineshopping.com/ successfully completed with End Event "Document Loaded"    [MsgId: MMSG-205180]	[MsgId: MMSG-205180]
Ending iteration 4.	[MsgId: MMSG-15965]
Starting iteration 5.	[MsgId: MMSG-15968]
t=00029763ms: Step 1: Wait 3 seconds started    [MsgId: MMSG-205180]	[MsgId: MMSG-205180]
t=00029850ms: Step 2: Navigate to http://advantageonlineshopping.com/ successfully completed with End Event "Document Loaded"    [MsgId: MMSG-205180]	[MsgId: MMSG-205180]
Ending iteration 5.	[MsgId: MMSG-15965]
Starting iteration 6.	[MsgId: MMSG-15968]
t=00030085ms: Step 1: Wait 3 seconds started    [MsgId: MMSG-205180]	[MsgId: MMSG-205180]
t=00031546ms: Step 1: Wait 3 seconds successfully completed with End Event "Action completed"    [MsgId: MMSG-205180]	[MsgId: MMSG-205180]
t=00032049ms: Step 2: Navigate to "http://advantageonlineshopping.com/" started    [MsgId: MMSG-205180]	[MsgId: MMSG-205180]
t=00032758ms: Step 2: Navigate to http://advantageonlineshopping.com/ successfully completed with End Event "Document Loaded"    [MsgId: MMSG-205180]	[MsgId: MMSG-205180]
Ending iteration 3.	[MsgId: MMSG-15965]
Starting iteration 4.	[MsgId: MMSG-15968]
t=00032967ms: Step 1: Wait 3 seconds successfully completed with End Event "Action completed"    [MsgId: MMSG-205180]	[MsgId: MMSG-205180]
t=00032972ms: Step 1: Wait 3 seconds started    [MsgId: MMSG-205180]	[MsgId: MMSG-205180]
t=00033289ms: Step 1: Wait 3 seconds successfully completed with End Event "Action completed"    [MsgId: MMSG-205180]	[MsgId: MMSG-205180]
t=00033469ms: Step 2: Navigate to "http://advantageonlineshopping.com/" started    [MsgId: MMSG-205180]	[MsgId: MMSG-205180]
t=00033790ms: Step 2: Navigate to "http://advantageonlineshopping.com/" started    [MsgId: MMSG-205180]	[MsgId: MMSG-205180]
t=00034273ms: Step 2: Navigate to http://advantageonlineshopping.com/ successfully completed with End Event "Document Loaded"    [MsgId: MMSG-205180]	[MsgId: MMSG-205180]
t=00034471ms: Step 2: Navigate to http://advantageonlineshopping.com/ successfully completed with End Event "Document Loaded"    [MsgId: MMSG-205180]	[MsgId: MMSG-205180]
Ending iteration 5.	[MsgId: MMSG-15965]
Starting iteration 6.	[MsgId: MMSG-15968]
t=00034608ms: Step 1: Wait 3 seconds started    [MsgId: MMSG-205180]	[MsgId: MMSG-205180]
Ending iteration 6.	[MsgId: MMSG-15965]
Starting iteration 7.	[MsgId: MMSG-15968]
t=00034670ms: Step 1: Wait 3 seconds started    [MsgId: MMSG-205180]	[MsgId: MMSG-205180]
t=00036177ms: Step 1: Wait 3 seconds successfully completed with End Event "Action completed"    [MsgId: MMSG-205180]	[MsgId: MMSG-205180]
t=00036680ms: Step 2: Navigate to "http://advantageonlineshopping.com/" started    [MsgId: MMSG-205180]	[MsgId: MMSG-205180]
t=00037157ms: Step 2: Navigate to http://advantageonlineshopping.com/ successfully completed with End Event "Document Loaded"    [MsgId: MMSG-205180]	[MsgId: MMSG-205180]
Ending iteration 4.	[MsgId: MMSG-15965]
Starting iteration 5.	[MsgId: MMSG-15968]
t=00037387ms: Step 1: Wait 3 seconds started    [MsgId: MMSG-205180]	[MsgId: MMSG-205180]
t=00037812ms: Step 1: Wait 3 seconds successfully completed with End Event "Action completed"    [MsgId: MMSG-205180]	[MsgId: MMSG-205180]
t=00037873ms: Step 1: Wait 3 seconds successfully completed with End Event "Action completed"    [MsgId: MMSG-205180]	[MsgId: MMSG-205180]
t=00038314ms: Step 2: Navigate to "http://advantageonlineshopping.com/" started    [MsgId: MMSG-205180]	[MsgId: MMSG-205180]
t=00038376ms: Step 2: Navigate to "http://advantageonlineshopping.com/" started    [MsgId: MMSG-205180]	[MsgId: MMSG-205180]
t=00039224ms: Step 2: Navigate to http://advantageonlineshopping.com/ successfully completed with End Event "Document Loaded"    [MsgId: MMSG-205180]	[MsgId: MMSG-205180]
t=00039598ms: Step 2: Navigate to http://advantageonlineshopping.com/ successfully completed with End Event "Document Loaded"    [MsgId: MMSG-205180]	[MsgId: MMSG-205180]
Ending iteration 6.	[MsgId: MMSG-15965]
Starting iteration 7.	[MsgId: MMSG-15968]
t=00039855ms: Step 1: Wait 3 seconds started    [MsgId: MMSG-205180]	[MsgId: MMSG-205180]
Ending iteration 7.	[MsgId: MMSG-15965]
Starting iteration 8.	[MsgId: MMSG-15968]
t=00040077ms: Step 1: Wait 3 seconds started    [MsgId: MMSG-205180]	[MsgId: MMSG-205180]
t=00040588ms: Step 1: Wait 3 seconds successfully completed with End Event "Action completed"    [MsgId: MMSG-205180]	[MsgId: MMSG-205180]
t=00041091ms: Step 2: Navigate to "http://advantageonlineshopping.com/" started    [MsgId: MMSG-205180]	[MsgId: MMSG-205180]
t=00041641ms: Step 2: Navigate to http://advantageonlineshopping.com/ successfully completed with End Event "Document Loaded"    [MsgId: MMSG-205180]	[MsgId: MMSG-205180]
Ending iteration 5.	[MsgId: MMSG-15965]
Starting iteration 6.	[MsgId: MMSG-15968]
t=00041782ms: Step 1: Wait 3 seconds started    [MsgId: MMSG-205180]	[MsgId: MMSG-205180]
t=00043059ms: Step 1: Wait 3 seconds successfully completed with End Event "Action completed"    [MsgId: MMSG-205180]	[MsgId: MMSG-205180]
t=00043282ms: Step 1: Wait 3 seconds successfully completed with End Event "Action completed"    [MsgId: MMSG-205180]	[MsgId: MMSG-205180]
t=00043561ms: Step 2: Navigate to "http://advantageonlineshopping.com/" started    [MsgId: MMSG-205180]	[MsgId: MMSG-205180]
t=00043783ms: Step 2: Navigate to "http://advantageonlineshopping.com/" started    [MsgId: MMSG-205180]	[MsgId: MMSG-205180]
t=00044990ms: Step 1: Wait 3 seconds successfully completed with End Event "Action completed"    [MsgId: MMSG-205180]	[MsgId: MMSG-205180]
t=00045005ms: Step 2: Navigate to http://advantageonlineshopping.com/ successfully completed with End Event "Document Loaded"    [MsgId: MMSG-205180]	[MsgId: MMSG-205180]
Ending iteration 8.	[MsgId: MMSG-15965]
Starting iteration 9.	[MsgId: MMSG-15968]
t=00045345ms: Step 1: Wait 3 seconds started    [MsgId: MMSG-205180]	[MsgId: MMSG-205180]
t=00045469ms: Step 2: Navigate to http://advantageonlineshopping.com/ successfully completed with End Event "Document Loaded"    [MsgId: MMSG-205180]	[MsgId: MMSG-205180]
t=00045492ms: Step 2: Navigate to "http://advantageonlineshopping.com/" started    [MsgId: MMSG-205180]	[MsgId: MMSG-205180]
Ending iteration 7.	[MsgId: MMSG-15965]
Starting iteration 8.	[MsgId: MMSG-15968]
t=00045746ms: Step 1: Wait 3 seconds started    [MsgId: MMSG-205180]	[MsgId: MMSG-205180]
t=00045901ms: Step 2: Navigate to http://advantageonlineshopping.com/ successfully completed with End Event "Document Loaded"    [MsgId: MMSG-205180]	[MsgId: MMSG-205180]
Ending iteration 6.	[MsgId: MMSG-15965]
Starting iteration 7.	[MsgId: MMSG-15968]
t=00046181ms: Step 1: Wait 3 seconds started    [MsgId: MMSG-205180]	[MsgId: MMSG-205180]
t=00048554ms: Step 1: Wait 3 seconds successfully completed with End Event "Action completed"    [MsgId: MMSG-205180]	[MsgId: MMSG-205180]
t=00048951ms: Step 1: Wait 3 seconds successfully completed with End Event "Action completed"    [MsgId: MMSG-205180]	[MsgId: MMSG-205180]
t=00049056ms: Step 2: Navigate to "http://advantageonlineshopping.com/" started    [MsgId: MMSG-205180]	[MsgId: MMSG-205180]
t=00049384ms: Step 1: Wait 3 seconds successfully completed with End Event "Action completed"    [MsgId: MMSG-205180]	[MsgId: MMSG-205180]
t=00049453ms: Step 2: Navigate to "http://advantageonlineshopping.com/" started    [MsgId: MMSG-205180]	[MsgId: MMSG-205180]
t=00049887ms: Step 2: Navigate to "http://advantageonlineshopping.com/" started    [MsgId: MMSG-205180]	[MsgId: MMSG-205180]
t=00050703ms: Step 2: Navigate to http://advantageonlineshopping.com/ successfully completed with End Event "Document Loaded"    [MsgId: MMSG-205180]	[MsgId: MMSG-205180]
Ending iteration 8.	[MsgId: MMSG-15965]
Starting iteration 9.	[MsgId: MMSG-15968]
t=00050810ms: Step 1: Wait 3 seconds started    [MsgId: MMSG-205180]	[MsgId: MMSG-205180]
t=00050883ms: Step 2: Navigate to http://advantageonlineshopping.com/ successfully completed with End Event "Document Loaded"    [MsgId: MMSG-205180]	[MsgId: MMSG-205180]
t=00050982ms: Step 2: Navigate to http://advantageonlineshopping.com/ successfully completed with End Event "Document Loaded"    [MsgId: MMSG-205180]	[MsgId: MMSG-205180]
Ending iteration 7.	[MsgId: MMSG-15965]
Starting iteration 8.	[MsgId: MMSG-15968]
t=00051124ms: Step 1: Wait 3 seconds started    [MsgId: MMSG-205180]	[MsgId: MMSG-205180]
Ending iteration 9.	[MsgId: MMSG-15965]
Starting iteration 10.	[MsgId: MMSG-15968]
t=00051259ms: Step 1: Wait 3 seconds started    [MsgId: MMSG-205180]	[MsgId: MMSG-205180]
t=00054013ms: Step 1: Wait 3 seconds successfully completed with End Event "Action completed"    [MsgId: MMSG-205180]	[MsgId: MMSG-205180]
t=00054329ms: Step 1: Wait 3 seconds successfully completed with End Event "Action completed"    [MsgId: MMSG-205180]	[MsgId: MMSG-205180]
t=00054463ms: Step 1: Wait 3 seconds successfully completed with End Event "Action completed"    [MsgId: MMSG-205180]	[MsgId: MMSG-205180]
t=00054516ms: Step 2: Navigate to "http://advantageonlineshopping.com/" started    [MsgId: MMSG-205180]	[MsgId: MMSG-205180]
t=00054830ms: Step 2: Navigate to "http://advantageonlineshopping.com/" started    [MsgId: MMSG-205180]	[MsgId: MMSG-205180]
t=00054965ms: Step 2: Navigate to "http://advantageonlineshopping.com/" started    [MsgId: MMSG-205180]	[MsgId: MMSG-205180]
t=00055786ms: Step 2: Navigate to http://advantageonlineshopping.com/ successfully completed with End Event "Document Loaded"    [MsgId: MMSG-205180]	[MsgId: MMSG-205180]
Ending iteration 9.	[MsgId: MMSG-15965]
Starting iteration 10.	[MsgId: MMSG-15968]
t=00055854ms: Step 1: Wait 3 seconds started    [MsgId: MMSG-205180]	[MsgId: MMSG-205180]
t=00056171ms: Step 2: Navigate to http://advantageonlineshopping.com/ successfully completed with End Event "Document Loaded"    [MsgId: MMSG-205180]	[MsgId: MMSG-205180]
Ending iteration 10.	[MsgId: MMSG-15965]
Starting iteration 11.	[MsgId: MMSG-15968]
t=00056547ms: Step 1: Wait 3 seconds started    [MsgId: MMSG-205180]	[MsgId: MMSG-205180]
t=00056839ms: Step 2: Navigate to http://advantageonlineshopping.com/ successfully completed with End Event "Document Loaded"    [MsgId: MMSG-205180]	[MsgId: MMSG-205180]
Ending iteration 8.	[MsgId: MMSG-15965]
Starting iteration 9.	[MsgId: MMSG-15968]
t=00057152ms: Step 1: Wait 3 seconds started    [MsgId: MMSG-205180]	[MsgId: MMSG-205180]
t=00059060ms: Step 1: Wait 3 seconds successfully completed with End Event "Action completed"    [MsgId: MMSG-205180]	[MsgId: MMSG-205180]
t=00059563ms: Step 2: Navigate to "http://advantageonlineshopping.com/" started    [MsgId: MMSG-205180]	[MsgId: MMSG-205180]
t=00059750ms: Step 1: Wait 3 seconds successfully completed with End Event "Action completed"    [MsgId: MMSG-205180]	[MsgId: MMSG-205180]
t=00060214ms: Step 2: Navigate to http://advantageonlineshopping.com/ successfully completed with End Event "Document Loaded"    [MsgId: MMSG-205180]	[MsgId: MMSG-205180]
t=00060252ms: Step 2: Navigate to "http://advantageonlineshopping.com/" started    [MsgId: MMSG-205180]	[MsgId: MMSG-205180]
t=00060357ms: Step 1: Wait 3 seconds successfully completed with End Event "Action completed"    [MsgId: MMSG-205180]	[MsgId: MMSG-205180]
Ending iteration 10.	[MsgId: MMSG-15965]
Starting iteration 11.	[MsgId: MMSG-15968]
t=00060380ms: Step 1: Wait 3 seconds started    [MsgId: MMSG-205180]	[MsgId: MMSG-205180]
t=00060787ms: Step 2: Navigate to http://advantageonlineshopping.com/ successfully completed with End Event "Document Loaded"    [MsgId: MMSG-205180]	[MsgId: MMSG-205180]
t=00060860ms: Step 2: Navigate to "http://advantageonlineshopping.com/" started    [MsgId: MMSG-205180]	[MsgId: MMSG-205180]
Ending iteration 11.	[MsgId: MMSG-15965]
Starting iteration 12.	[MsgId: MMSG-15968]
t=00061335ms: Step 1: Wait 3 seconds started    [MsgId: MMSG-205180]	[MsgId: MMSG-205180]
t=00061545ms: Step 2: Navigate to http://advantageonlineshopping.com/ successfully completed with End Event "Document Loaded"    [MsgId: MMSG-205180]	[MsgId: MMSG-205180]
Ending iteration 9.	[MsgId: MMSG-15965]
Starting iteration 10.	[MsgId: MMSG-15968]
t=00061711ms: Step 1: Wait 3 seconds started    [MsgId: MMSG-205180]	[MsgId: MMSG-205180]
t=00063585ms: Step 1: Wait 3 seconds successfully completed with End Event "Action completed"    [MsgId: MMSG-205180]	[MsgId: MMSG-205180]
t=00064087ms: Step 2: Navigate to "http://advantageonlineshopping.com/" started    [MsgId: MMSG-205180]	[MsgId: MMSG-205180]
t=00064540ms: Step 1: Wait 3 seconds successfully completed with End Event "Action completed"    [MsgId: MMSG-205180]	[MsgId: MMSG-205180]
t=00064687ms: Step 2: Navigate to http://advantageonlineshopping.com/ successfully completed with End Event "Document Loaded"    [MsgId: MMSG-205180]	[MsgId: MMSG-205180]
Ending iteration 11.	[MsgId: MMSG-15965]
Starting iteration 12.	[MsgId: MMSG-15968]
t=00064853ms: Step 1: Wait 3 seconds started    [MsgId: MMSG-205180]	[MsgId: MMSG-205180]
t=00064915ms: Step 1: Wait 3 seconds successfully completed with End Event "Action completed"    [MsgId: MMSG-205180]	[MsgId: MMSG-205180]
t=00065042ms: Step 2: Navigate to "http://advantageonlineshopping.com/" started    [MsgId: MMSG-205180]	[MsgId: MMSG-205180]
t=00065417ms: Step 2: Navigate to "http://advantageonlineshopping.com/" started    [MsgId: MMSG-205180]	[MsgId: MMSG-205180]
t=00065890ms: Step 2: Navigate to http://advantageonlineshopping.com/ successfully completed with End Event "Document Loaded"    [MsgId: MMSG-205180]	[MsgId: MMSG-205180]
Ending iteration 10.	[MsgId: MMSG-15965]
Starting iteration 11.	[MsgId: MMSG-15968]
t=00066079ms: Step 1: Wait 3 seconds started    [MsgId: MMSG-205180]	[MsgId: MMSG-205180]
t=00066773ms: Step 2: Navigate to http://advantageonlineshopping.com/ successfully completed with End Event "Document Loaded"    [MsgId: MMSG-205180]	[MsgId: MMSG-205180]
Ending iteration 12.	[MsgId: MMSG-15965]
Starting iteration 13.	[MsgId: MMSG-15968]
t=00066972ms: Step 1: Wait 3 seconds started    [MsgId: MMSG-205180]	[MsgId: MMSG-205180]
t=00068057ms: Step 1: Wait 3 seconds successfully completed with End Event "Action completed"    [MsgId: MMSG-205180]	[MsgId: MMSG-205180]
t=00068560ms: Step 2: Navigate to "http://advantageonlineshopping.com/" started    [MsgId: MMSG-205180]	[MsgId: MMSG-205180]
t=00069273ms: Step 2: Navigate to http://advantageonlineshopping.com/ successfully completed with End Event "Document Loaded"    [MsgId: MMSG-205180]	[MsgId: MMSG-205180]
t=00069285ms: Step 1: Wait 3 seconds successfully completed with End Event "Action completed"    [MsgId: MMSG-205180]	[MsgId: MMSG-205180]
Action was aborted.	[MsgId: MMSG-10694]
Ending Vuser...	[MsgId: MMSG-205066]
Vuser Terminated.	[MsgId: MMSG-205063]
Vuser 2 (thread 5920), ended OK."	[MsgId: MMSG-10695]
t=00069787ms: Step 2: Navigate to "http://advantageonlineshopping.com/" started    [MsgId: MMSG-205180]	[MsgId: MMSG-205180]
t=00070180ms: Step 1: Wait 3 seconds successfully completed with End Event "Action completed"    [MsgId: MMSG-205180]	[MsgId: MMSG-205180]
t=00070275ms: Step 2: Navigate to http://advantageonlineshopping.com/ successfully completed with End Event "Document Loaded"    [MsgId: MMSG-205180]	[MsgId: MMSG-205180]
Action was aborted.	[MsgId: MMSG-10694]
Ending Vuser...	[MsgId: MMSG-205066]
Vuser Terminated.	[MsgId: MMSG-205063]
Vuser 1 (thread 4552), ended OK."	[MsgId: MMSG-10695]
t=00070683ms: Step 2: Navigate to "http://advantageonlineshopping.com/" started    [MsgId: MMSG-205180]	[MsgId: MMSG-205180]
t=00071178ms: Step 2: Navigate to http://advantageonlineshopping.com/ successfully completed with End Event "Document Loaded"    [MsgId: MMSG-205180]	[MsgId: MMSG-205180]
Action was aborted.	[MsgId: MMSG-10694]
Ending Vuser...	[MsgId: MMSG-205066]
Vuser Terminated.	[MsgId: MMSG-205063]
Vuser 0 (thread 2528), ended OK."	[MsgId: MMSG-10695]
