Virtual User Script started at : 2022-10-31 12:14:57	[MsgId: MMSG-205068]
TruClient Replay (build 0383) for LoadRunner Professional 2021.2.0, build 0495. OS: Windows 2019, Browser: Chromium 91.0.4472.77, initialized on 2022/10/31 at 12:14:55 (1667214895.473s)
	[MsgId: MMSG-204898]
Selected Run-Time Settings:	[MsgId: MMSG-204896]
    Simulate a new user on each iteration...............: 0	[MsgId: MMSG-204894]
    Using system proxy settings	[MsgId: MMSG-204891]
    Check for newer versions of stored pages: 4 (Automatically)	[MsgId: MMSG-204880]
    Keep-Alive..........................................: 1	[MsgId: MMSG-204875]
    Proxy Keep-Alive....................................: 1	[MsgId: MMSG-204874]
    Keep-Alive timeout (ms).............................: 60000	[MsgId: MMSG-204873]
    HTTP Version........................................: 1.1	[MsgId: MMSG-204871]
    Proxy HTTP Version..................................: 1.1	[MsgId: MMSG-204870]
    DNS cache entries...................................: 20	[MsgId: MMSG-204868]
    Run-Time Settings file..............................: "C:\Users\demo\AppData\Local\Temp\1\lr5tmpdirtlS.348\lrcfgqbP.349\cfgg1r.354"	[MsgId: MMSG-204867]
    Vuser directory.....................................: "C:\Users\demo\AppData\Local\Temp\1\brr_8j8.356\TC_VTS_VuLogin16\TC_VTS_VuLogin1"	[MsgId: MMSG-204866]
    Vuser output directory..............................: "C:\Users\demo\AppData\Local\Temp\1\brr_8j8.356\TC_VTS_VuLogin16\TC_VTS_VuLogin1"	[MsgId: MMSG-204865]
End of selected Run-Time Settings
	[MsgId: MMSG-204895]
Please refer to the ReadMe file in the LoadRunner Professional installation directory for notes about measurements and logging	[MsgId: MMSG-204864]
t=00001727ms: Step 2: Execute VTS.vtcConnect ("nimbusserver", 4888, [vtsName]) started    [MsgId: MMSG-205180]	[MsgId: MMSG-205180]
t=00001756ms: Step 2: Execute VTS.vtcConnect ("nimbusserver", 4888, [vtsName]) successfully completed with End Event "Action completed"    [MsgId: MMSG-205180]	[MsgId: MMSG-205180]
t=00001758ms: Step 3: Execute VTS.vtcGetCell ("UserName", TC.userId, [vtsName]) started    [MsgId: MMSG-205180]	[MsgId: MMSG-205180]
t=00001785ms: Step 3: Execute VTS.vtcGetCell ("UserName", 1, [vtsName]) successfully completed with End Event "Action completed"    [MsgId: MMSG-205180]	[MsgId: MMSG-205180]
t=00001788ms: Step 4: Execute VTS.vtcGetCell ("Password", TC.userId, [vtsName]) started    [MsgId: MMSG-205180]	[MsgId: MMSG-205180]
t=00001810ms: Step 4: Execute VTS.vtcGetCell ("Password", 1, [vtsName]) successfully completed with End Event "Action completed"    [MsgId: MMSG-205180]	[MsgId: MMSG-205180]
t=00001814ms: Step 5: Execute TC.log ("User : " + TC.userId + ... : " + vPassword, "Standard") started    [MsgId: MMSG-205180]	[MsgId: MMSG-205180]
t=00001823ms: User : 1 > User2 : p2    [MsgId: MMSG-205180]	[MsgId: MMSG-205180]
t=00001824ms: Step 5: Execute TC.log (User : 1 > User2 : p2, "Standard") successfully completed with End Event "Action completed"    [MsgId: MMSG-205180]	[MsgId: MMSG-205180]
t=00001827ms: Step 6: Execute VTS.vtcDisconnect ([vtsName]) started    [MsgId: MMSG-205180]	[MsgId: MMSG-205180]
t=00001839ms: Step 6: Execute VTS.vtcDisconnect ([vtsName]) successfully completed with End Event "Action completed"    [MsgId: MMSG-205180]	[MsgId: MMSG-205180]
Running Vuser...	[MsgId: MMSG-205064]
Starting iteration 1.	[MsgId: MMSG-15968]
t=00001924ms: Step 1: Wait 3 seconds started    [MsgId: MMSG-205180]	[MsgId: MMSG-205180]
t=00005207ms: Step 1: Wait 3 seconds successfully completed with End Event "Action completed"    [MsgId: MMSG-205180]	[MsgId: MMSG-205180]
Virtual User Script started at : 2022-10-31 12:15:00	[MsgId: MMSG-205068]
TruClient Replay (build 0383) for LoadRunner Professional 2021.2.0, build 0495. OS: Windows 2019, Browser: Chromium 91.0.4472.77, initialized on 2022/10/31 at 12:14:55 (1667214895.473s)
	[MsgId: MMSG-204898]
Selected Run-Time Settings:	[MsgId: MMSG-204896]
    Simulate a new user on each iteration...............: 0	[MsgId: MMSG-204894]
    Using system proxy settings	[MsgId: MMSG-204891]
    Check for newer versions of stored pages: 4 (Automatically)	[MsgId: MMSG-204880]
    Keep-Alive..........................................: 1	[MsgId: MMSG-204875]
    Proxy Keep-Alive....................................: 1	[MsgId: MMSG-204874]
    Keep-Alive timeout (ms).............................: 60000	[MsgId: MMSG-204873]
    HTTP Version........................................: 1.1	[MsgId: MMSG-204871]
    Proxy HTTP Version..................................: 1.1	[MsgId: MMSG-204870]
    DNS cache entries...................................: 20	[MsgId: MMSG-204868]
    Run-Time Settings file..............................: "C:\Users\demo\AppData\Local\Temp\1\lr5tmpdirtlS.348\lrcfgqbP.349\cfgg1r.354"	[MsgId: MMSG-204867]
    Vuser directory.....................................: "C:\Users\demo\AppData\Local\Temp\1\brr_8j8.356\TC_VTS_VuLogin16\TC_VTS_VuLogin2"	[MsgId: MMSG-204866]
    Vuser output directory..............................: "C:\Users\demo\AppData\Local\Temp\1\brr_8j8.356\TC_VTS_VuLogin16\TC_VTS_VuLogin2"	[MsgId: MMSG-204865]
End of selected Run-Time Settings
	[MsgId: MMSG-204895]
Please refer to the ReadMe file in the LoadRunner Professional installation directory for notes about measurements and logging	[MsgId: MMSG-204864]
t=00005577ms: Step 2: Execute VTS.vtcConnect ("nimbusserver", 4888, [vtsName]) started    [MsgId: MMSG-205180]	[MsgId: MMSG-205180]
t=00005580ms: Step 2: Execute VTS.vtcConnect ("nimbusserver", 4888, [vtsName]) successfully completed with End Event "Action completed"    [MsgId: MMSG-205180]	[MsgId: MMSG-205180]
t=00005586ms: Step 3: Execute VTS.vtcGetCell ("UserName", TC.userId, [vtsName]) started    [MsgId: MMSG-205180]	[MsgId: MMSG-205180]
t=00005610ms: Step 3: Execute VTS.vtcGetCell ("UserName", 2, [vtsName]) successfully completed with End Event "Action completed"    [MsgId: MMSG-205180]	[MsgId: MMSG-205180]
t=00005612ms: Step 4: Execute VTS.vtcGetCell ("Password", TC.userId, [vtsName]) started    [MsgId: MMSG-205180]	[MsgId: MMSG-205180]
t=00005637ms: Step 4: Execute VTS.vtcGetCell ("Password", 2, [vtsName]) successfully completed with End Event "Action completed"    [MsgId: MMSG-205180]	[MsgId: MMSG-205180]
t=00005640ms: Step 5: Execute TC.log ("User : " + TC.userId + ... : " + vPassword, "Standard") started    [MsgId: MMSG-205180]	[MsgId: MMSG-205180]
t=00005687ms: Step 2: Navigate to "http://advantageonlineshopping.com/" started    [MsgId: MMSG-205180]	[MsgId: MMSG-205180]
t=00005692ms: User : 2 > User4 : p4    [MsgId: MMSG-205180]	[MsgId: MMSG-205180]
t=00005692ms: Step 5: Execute TC.log (User : 2 > User4 : p4, "Standard") successfully completed with End Event "Action completed"    [MsgId: MMSG-205180]	[MsgId: MMSG-205180]
t=00005692ms: Step 6: Execute VTS.vtcDisconnect ([vtsName]) started    [MsgId: MMSG-205180]	[MsgId: MMSG-205180]
t=00005692ms: Step 6: Execute VTS.vtcDisconnect ([vtsName]) successfully completed with End Event "Action completed"    [MsgId: MMSG-205180]	[MsgId: MMSG-205180]
Running Vuser...	[MsgId: MMSG-205064]
Starting iteration 1.	[MsgId: MMSG-15968]
t=00005808ms: Step 1: Wait 3 seconds started    [MsgId: MMSG-205180]	[MsgId: MMSG-205180]
t=00007022ms: 2: Navigate to http://advantageonlineshopping.com/: Automatic End Event set to: Document Loaded    [MsgId: MMSG-205200]	[MsgId: MMSG-205200]
t=00007025ms: Step 2: Navigate to http://advantageonlineshopping.com/ successfully completed with End Event "Document Loaded"    [MsgId: MMSG-205180]	[MsgId: MMSG-205180]
Ending iteration 1.	[MsgId: MMSG-15965]
Starting iteration 2.	[MsgId: MMSG-15968]
t=00007269ms: Step 1: Wait 3 seconds started    [MsgId: MMSG-205180]	[MsgId: MMSG-205180]
t=00009086ms: Step 1: Wait 3 seconds successfully completed with End Event "Action completed"    [MsgId: MMSG-205180]	[MsgId: MMSG-205180]
t=00009750ms: Step 2: Navigate to "http://advantageonlineshopping.com/" started    [MsgId: MMSG-205180]	[MsgId: MMSG-205180]
Virtual User Script started at : 2022-10-31 12:15:05	[MsgId: MMSG-205068]
TruClient Replay (build 0383) for LoadRunner Professional 2021.2.0, build 0495. OS: Windows 2019, Browser: Chromium 91.0.4472.77, initialized on 2022/10/31 at 12:14:55 (1667214895.473s)
	[MsgId: MMSG-204898]
Selected Run-Time Settings:	[MsgId: MMSG-204896]
    Simulate a new user on each iteration...............: 0	[MsgId: MMSG-204894]
    Using system proxy settings	[MsgId: MMSG-204891]
    Check for newer versions of stored pages: 4 (Automatically)	[MsgId: MMSG-204880]
    Keep-Alive..........................................: 1	[MsgId: MMSG-204875]
    Proxy Keep-Alive....................................: 1	[MsgId: MMSG-204874]
    Keep-Alive timeout (ms).............................: 60000	[MsgId: MMSG-204873]
    HTTP Version........................................: 1.1	[MsgId: MMSG-204871]
    Proxy HTTP Version..................................: 1.1	[MsgId: MMSG-204870]
    DNS cache entries...................................: 20	[MsgId: MMSG-204868]
    Run-Time Settings file..............................: "C:\Users\demo\AppData\Local\Temp\1\lr5tmpdirtlS.348\lrcfgqbP.349\cfgg1r.354"	[MsgId: MMSG-204867]
    Vuser directory.....................................: "C:\Users\demo\AppData\Local\Temp\1\brr_8j8.356\TC_VTS_VuLogin16\TC_VTS_VuLogin3"	[MsgId: MMSG-204866]
    Vuser output directory..............................: "C:\Users\demo\AppData\Local\Temp\1\brr_8j8.356\TC_VTS_VuLogin16\TC_VTS_VuLogin3"	[MsgId: MMSG-204865]
End of selected Run-Time Settings
	[MsgId: MMSG-204895]
Please refer to the ReadMe file in the LoadRunner Professional installation directory for notes about measurements and logging	[MsgId: MMSG-204864]
t=00010132ms: Step 2: Execute VTS.vtcConnect ("nimbusserver", 4888, [vtsName]) started    [MsgId: MMSG-205180]	[MsgId: MMSG-205180]
t=00010132ms: Step 2: Execute VTS.vtcConnect ("nimbusserver", 4888, [vtsName]) successfully completed with End Event "Action completed"    [MsgId: MMSG-205180]	[MsgId: MMSG-205180]
t=00010132ms: Step 3: Execute VTS.vtcGetCell ("UserName", TC.userId, [vtsName]) started    [MsgId: MMSG-205180]	[MsgId: MMSG-205180]
t=00010166ms: Step 3: Execute VTS.vtcGetCell ("UserName", 3, [vtsName]) successfully completed with End Event "Action completed"    [MsgId: MMSG-205180]	[MsgId: MMSG-205180]
t=00010170ms: Step 4: Execute VTS.vtcGetCell ("Password", TC.userId, [vtsName]) started    [MsgId: MMSG-205180]	[MsgId: MMSG-205180]
t=00010244ms: Step 4: Execute VTS.vtcGetCell ("Password", 3, [vtsName]) successfully completed with End Event "Action completed"    [MsgId: MMSG-205180]	[MsgId: MMSG-205180]
t=00010244ms: Step 5: Execute TC.log ("User : " + TC.userId + ... : " + vPassword, "Standard") started    [MsgId: MMSG-205180]	[MsgId: MMSG-205180]
t=00010270ms: User : 3 > User6 : p6    [MsgId: MMSG-205180]	[MsgId: MMSG-205180]
t=00010272ms: Step 5: Execute TC.log (User : 3 > User6 : p6, "Standard") successfully completed with End Event "Action completed"    [MsgId: MMSG-205180]	[MsgId: MMSG-205180]
t=00010272ms: Step 6: Execute VTS.vtcDisconnect ([vtsName]) started    [MsgId: MMSG-205180]	[MsgId: MMSG-205180]
t=00010278ms: Step 6: Execute VTS.vtcDisconnect ([vtsName]) successfully completed with End Event "Action completed"    [MsgId: MMSG-205180]	[MsgId: MMSG-205180]
Running Vuser...	[MsgId: MMSG-205064]
Starting iteration 1.	[MsgId: MMSG-15968]
t=00010414ms: Step 1: Wait 3 seconds started    [MsgId: MMSG-205180]	[MsgId: MMSG-205180]
t=00010492ms: Step 1: Wait 3 seconds successfully completed with End Event "Action completed"    [MsgId: MMSG-205180]	[MsgId: MMSG-205180]
t=00010991ms: Step 2: Navigate to "http://advantageonlineshopping.com/" started    [MsgId: MMSG-205180]	[MsgId: MMSG-205180]
t=00012281ms: 2: Navigate to http://advantageonlineshopping.com/: Automatic End Event set to: Document Loaded    [MsgId: MMSG-205200]	[MsgId: MMSG-205200]
t=00012281ms: Step 2: Navigate to http://advantageonlineshopping.com/ successfully completed with End Event "Document Loaded"    [MsgId: MMSG-205180]	[MsgId: MMSG-205180]
Ending iteration 1.	[MsgId: MMSG-15965]
Starting iteration 2.	[MsgId: MMSG-15968]
t=00012306ms: Step 1: Wait 3 seconds started    [MsgId: MMSG-205180]	[MsgId: MMSG-205180]
t=00012885ms: Step 2: Navigate to http://advantageonlineshopping.com/ successfully completed with End Event "Document Loaded"    [MsgId: MMSG-205180]	[MsgId: MMSG-205180]
Ending iteration 2.	[MsgId: MMSG-15965]
Starting iteration 3.	[MsgId: MMSG-15968]
t=00013133ms: Step 1: Wait 3 seconds started    [MsgId: MMSG-205180]	[MsgId: MMSG-205180]
t=00013618ms: Step 1: Wait 3 seconds successfully completed with End Event "Action completed"    [MsgId: MMSG-205180]	[MsgId: MMSG-205180]
t=00014123ms: Step 2: Navigate to "http://advantageonlineshopping.com/" started    [MsgId: MMSG-205180]	[MsgId: MMSG-205180]
t=00015530ms: Step 1: Wait 3 seconds successfully completed with End Event "Action completed"    [MsgId: MMSG-205180]	[MsgId: MMSG-205180]
t=00016016ms: Step 2: Navigate to "http://advantageonlineshopping.com/" started    [MsgId: MMSG-205180]	[MsgId: MMSG-205180]
t=00016375ms: Step 1: Wait 3 seconds successfully completed with End Event "Action completed"    [MsgId: MMSG-205180]	[MsgId: MMSG-205180]
t=00016839ms: Step 2: Navigate to "http://advantageonlineshopping.com/" started    [MsgId: MMSG-205180]	[MsgId: MMSG-205180]
t=00017827ms: Step 2: Navigate to http://advantageonlineshopping.com/ successfully completed with End Event "Document Loaded"    [MsgId: MMSG-205180]	[MsgId: MMSG-205180]
Ending iteration 3.	[MsgId: MMSG-15965]
Starting iteration 4.	[MsgId: MMSG-15968]
t=00018150ms: Step 1: Wait 3 seconds started    [MsgId: MMSG-205180]	[MsgId: MMSG-205180]
t=00019845ms: Step 2: Navigate to http://advantageonlineshopping.com/ successfully completed with End Event "Document Loaded"    [MsgId: MMSG-205180]	[MsgId: MMSG-205180]
Ending iteration 2.	[MsgId: MMSG-15965]
Starting iteration 3.	[MsgId: MMSG-15968]
t=00020082ms: Step 1: Wait 3 seconds started    [MsgId: MMSG-205180]	[MsgId: MMSG-205180]
t=00021354ms: Step 1: Wait 3 seconds successfully completed with End Event "Action completed"    [MsgId: MMSG-205180]	[MsgId: MMSG-205180]
t=00021857ms: Step 2: Navigate to "http://advantageonlineshopping.com/" started    [MsgId: MMSG-205180]	[MsgId: MMSG-205180]
t=00022211ms: 2: Navigate to http://advantageonlineshopping.com/: Automatic End Event set to: Document Loaded    [MsgId: MMSG-205200]	[MsgId: MMSG-205200]
t=00022213ms: Step 2: Navigate to http://advantageonlineshopping.com/ successfully completed with End Event "Document Loaded"    [MsgId: MMSG-205180]	[MsgId: MMSG-205180]
t=00022562ms: Step 2: Navigate to http://advantageonlineshopping.com/ successfully completed with End Event "Document Loaded"    [MsgId: MMSG-205180]	[MsgId: MMSG-205180]
Ending iteration 1.	[MsgId: MMSG-15965]
Starting iteration 2.	[MsgId: MMSG-15968]
t=00022712ms: Step 1: Wait 3 seconds started    [MsgId: MMSG-205180]	[MsgId: MMSG-205180]
Ending iteration 4.	[MsgId: MMSG-15965]
Starting iteration 5.	[MsgId: MMSG-15968]
t=00022864ms: Step 1: Wait 3 seconds started    [MsgId: MMSG-205180]	[MsgId: MMSG-205180]
t=00023285ms: Step 1: Wait 3 seconds successfully completed with End Event "Action completed"    [MsgId: MMSG-205180]	[MsgId: MMSG-205180]
t=00023787ms: Step 2: Navigate to "http://advantageonlineshopping.com/" started    [MsgId: MMSG-205180]	[MsgId: MMSG-205180]
t=00024902ms: Step 2: Navigate to http://advantageonlineshopping.com/ successfully completed with End Event "Document Loaded"    [MsgId: MMSG-205180]	[MsgId: MMSG-205180]
Ending iteration 3.	[MsgId: MMSG-15965]
Starting iteration 4.	[MsgId: MMSG-15968]
t=00025005ms: Step 1: Wait 3 seconds started    [MsgId: MMSG-205180]	[MsgId: MMSG-205180]
t=00025910ms: Step 1: Wait 3 seconds successfully completed with End Event "Action completed"    [MsgId: MMSG-205180]	[MsgId: MMSG-205180]
t=00026067ms: Step 1: Wait 3 seconds successfully completed with End Event "Action completed"    [MsgId: MMSG-205180]	[MsgId: MMSG-205180]
t=00026412ms: Step 2: Navigate to "http://advantageonlineshopping.com/" started    [MsgId: MMSG-205180]	[MsgId: MMSG-205180]
t=00026583ms: Step 2: Navigate to "http://advantageonlineshopping.com/" started    [MsgId: MMSG-205180]	[MsgId: MMSG-205180]
t=00027124ms: Step 2: Navigate to http://advantageonlineshopping.com/ successfully completed with End Event "Document Loaded"    [MsgId: MMSG-205180]	[MsgId: MMSG-205180]
t=00027371ms: Step 2: Navigate to http://advantageonlineshopping.com/ successfully completed with End Event "Document Loaded"    [MsgId: MMSG-205180]	[MsgId: MMSG-205180]
Ending iteration 5.	[MsgId: MMSG-15965]
Starting iteration 6.	[MsgId: MMSG-15968]
t=00027470ms: Step 1: Wait 3 seconds started    [MsgId: MMSG-205180]	[MsgId: MMSG-205180]
Ending iteration 2.	[MsgId: MMSG-15965]
Starting iteration 3.	[MsgId: MMSG-15968]
t=00027531ms: Step 1: Wait 3 seconds started    [MsgId: MMSG-205180]	[MsgId: MMSG-205180]
t=00028209ms: Step 1: Wait 3 seconds successfully completed with End Event "Action completed"    [MsgId: MMSG-205180]	[MsgId: MMSG-205180]
t=00028717ms: Step 2: Navigate to "http://advantageonlineshopping.com/" started    [MsgId: MMSG-205180]	[MsgId: MMSG-205180]
t=00029241ms: Step 2: Navigate to http://advantageonlineshopping.com/ successfully completed with End Event "Document Loaded"    [MsgId: MMSG-205180]	[MsgId: MMSG-205180]
Ending iteration 4.	[MsgId: MMSG-15965]
Starting iteration 5.	[MsgId: MMSG-15968]
t=00029515ms: Step 1: Wait 3 seconds started    [MsgId: MMSG-205180]	[MsgId: MMSG-205180]
t=00030674ms: Step 1: Wait 3 seconds successfully completed with End Event "Action completed"    [MsgId: MMSG-205180]	[MsgId: MMSG-205180]
t=00030735ms: Step 1: Wait 3 seconds successfully completed with End Event "Action completed"    [MsgId: MMSG-205180]	[MsgId: MMSG-205180]
t=00031175ms: Step 2: Navigate to "http://advantageonlineshopping.com/" started    [MsgId: MMSG-205180]	[MsgId: MMSG-205180]
t=00031237ms: Step 2: Navigate to "http://advantageonlineshopping.com/" started    [MsgId: MMSG-205180]	[MsgId: MMSG-205180]
t=00031918ms: Step 2: Navigate to http://advantageonlineshopping.com/ successfully completed with End Event "Document Loaded"    [MsgId: MMSG-205180]	[MsgId: MMSG-205180]
t=00032379ms: Step 2: Navigate to http://advantageonlineshopping.com/ successfully completed with End Event "Document Loaded"    [MsgId: MMSG-205180]	[MsgId: MMSG-205180]
Ending iteration 3.	[MsgId: MMSG-15965]
Starting iteration 4.	[MsgId: MMSG-15968]
t=00032404ms: Step 1: Wait 3 seconds started    [MsgId: MMSG-205180]	[MsgId: MMSG-205180]
t=00032719ms: Step 1: Wait 3 seconds successfully completed with End Event "Action completed"    [MsgId: MMSG-205180]	[MsgId: MMSG-205180]
t=00033221ms: Step 2: Navigate to "http://advantageonlineshopping.com/" started    [MsgId: MMSG-205180]	[MsgId: MMSG-205180]
Ending iteration 6.	[MsgId: MMSG-15965]
Starting iteration 7.	[MsgId: MMSG-15968]
t=00033342ms: Step 1: Wait 3 seconds started    [MsgId: MMSG-205180]	[MsgId: MMSG-205180]
t=00033874ms: Step 2: Navigate to http://advantageonlineshopping.com/ successfully completed with End Event "Document Loaded"    [MsgId: MMSG-205180]	[MsgId: MMSG-205180]
Ending iteration 5.	[MsgId: MMSG-15965]
Starting iteration 6.	[MsgId: MMSG-15968]
t=00033937ms: Step 1: Wait 3 seconds started    [MsgId: MMSG-205180]	[MsgId: MMSG-205180]
t=00035613ms: Step 1: Wait 3 seconds successfully completed with End Event "Action completed"    [MsgId: MMSG-205180]	[MsgId: MMSG-205180]
t=00036108ms: Step 2: Navigate to "http://advantageonlineshopping.com/" started    [MsgId: MMSG-205180]	[MsgId: MMSG-205180]
t=00036546ms: Step 1: Wait 3 seconds successfully completed with End Event "Action completed"    [MsgId: MMSG-205180]	[MsgId: MMSG-205180]
t=00037051ms: Step 2: Navigate to "http://advantageonlineshopping.com/" started    [MsgId: MMSG-205180]	[MsgId: MMSG-205180]
t=00037174ms: Step 1: Wait 3 seconds successfully completed with End Event "Action completed"    [MsgId: MMSG-205180]	[MsgId: MMSG-205180]
t=00037532ms: Step 2: Navigate to http://advantageonlineshopping.com/ successfully completed with End Event "Document Loaded"    [MsgId: MMSG-205180]	[MsgId: MMSG-205180]
t=00037689ms: Step 2: Navigate to "http://advantageonlineshopping.com/" started    [MsgId: MMSG-205180]	[MsgId: MMSG-205180]
Ending iteration 4.	[MsgId: MMSG-15965]
Starting iteration 5.	[MsgId: MMSG-15968]
t=00037704ms: Step 1: Wait 3 seconds started    [MsgId: MMSG-205180]	[MsgId: MMSG-205180]
t=00037827ms: Step 2: Navigate to http://advantageonlineshopping.com/ successfully completed with End Event "Document Loaded"    [MsgId: MMSG-205180]	[MsgId: MMSG-205180]
Action was aborted.	[MsgId: MMSG-10694]
Ending Vuser...	[MsgId: MMSG-205066]
Vuser Terminated.	[MsgId: MMSG-205063]
Vuser 0 (thread 8652), ended OK."	[MsgId: MMSG-10695]
t=00038402ms: Step 2: Navigate to http://advantageonlineshopping.com/ successfully completed with End Event "Document Loaded"    [MsgId: MMSG-205180]	[MsgId: MMSG-205180]
Action was aborted.	[MsgId: MMSG-10694]
Ending Vuser...	[MsgId: MMSG-205066]
Vuser Terminated.	[MsgId: MMSG-205063]
Vuser 1 (thread 11744), ended OK."	[MsgId: MMSG-10695]
t=00040907ms: Step 1: Wait 3 seconds successfully completed with End Event "Action completed"    [MsgId: MMSG-205180]	[MsgId: MMSG-205180]
t=00041410ms: Step 2: Navigate to "http://advantageonlineshopping.com/" started    [MsgId: MMSG-205180]	[MsgId: MMSG-205180]
t=00042135ms: Step 2: Navigate to http://advantageonlineshopping.com/ successfully completed with End Event "Document Loaded"    [MsgId: MMSG-205180]	[MsgId: MMSG-205180]
Action was aborted.	[MsgId: MMSG-10694]
Ending Vuser...	[MsgId: MMSG-205066]
Vuser Terminated.	[MsgId: MMSG-205063]
Vuser 2 (thread 13540), ended OK."	[MsgId: MMSG-10695]
