[13:51:39.24] Debug: Running build Release_2020.2.0_1761 on windows
[13:51:39.24] Info: Starting initialize.
[13:51:39.25] Info: Ending initialize.
[13:51:39.25] Info: Starting iteration 1.
[13:51:39.25] Debug: Parameter user (sequential) is taken from row 0
[13:51:39.25] Info: Parameter Substitution: 'user = ed.wesson@gmail.com'	(./main.js:15:32)
[13:51:39.25] Debug: Parameter password (same as user) is taken from row 0
[13:51:39.25] Info: Parameter Substitution: 'password = ed'	(./main.js:16:32)
[13:51:39.26] Info: WebRequest [Id: 1] 'http://demo.borland.com/InsuranceWebExtJS/' registered to send (sync).
[13:51:39.26] Trace: Request [Id: 1] 'http://demo.borland.com/InsuranceWebExtJS/': 
GET /InsuranceWebExtJS/ HTTP/1.1
Host: demo.borland.com
User-Agent: Mozilla/5.0 (Windows NT 10.0; Win64; x64) AppleWebKit/537.36 (KHTML, like Gecko) Chrome/73.0.3683.86 Safari/537.36
Accept: text/html,application/xhtml+xml,application/xml;q=0.9,image/webp,image/apng,*/*;q=0.8,application/signed-exchange;v=b3
Accept-Encoding: gzip, deflate
Accept-Language: fr-FR,fr;q=0.9,en-US;q=0.8,en;q=0.7
Cache-Control: no-cache
Connection: keep-alive
Pragma: no-cache
Upgrade-Insecure-Requests: 1


[13:51:39.26] Debug: Request [Id: 1]: GET 'http://demo.borland.com/InsuranceWebExtJS/' started.
[13:51:39.60] Trace: Request [Id: 1]: Connecting tcp socket to host 143.186.120.171:80.
[13:51:39.63] Trace: Request [Id: 1]: Connection to host 143.186.120.171:80 done.
[13:51:39.63] Trace: Request [Id: 1]: New connection from 192.168.138.240:3282 to 143.186.120.171:80 in 29 ms.
[13:51:39.68] Debug: Request [Id: 1]: GET 'http://demo.borland.com/InsuranceWebExtJS/' done. Status 200 OK. HTTP/1.1
[13:51:39.68] Trace: Response 'http://demo.borland.com/InsuranceWebExtJS/': 
HTTP/1.1 200 OK
Content-Length: 2628
Cache-Control: no-cache,must-revalidate
Content-Encoding: gzip
Content-Type: text/html;charset=UTF-8
Date: Tue, 21 Jul 2020 11:51:29 GMT
Expires: Mon, 8 Aug 2000 10:00:00 GMT
Pragma: no-cache
Server: Microsoft-IIS/10.0
Set-Cookie: JSESSIONID=3EA2B6ACB4D0724EA319EAA424950EFF; Path=/InsuranceWebExtJS/; HttpOnly
Vary: Accept-Encoding
X-Frame-Options: SAMEORIGIN
X-Powered-By: JSF/1.2
X-Powered-By: ASP.NET


[13:51:39.68] Trace: Request [Id: 1.21] 'http://demo.borland.com/InsuranceWebExtJS/images/rbc1.gif': 
GET /InsuranceWebExtJS/images/rbc1.gif HTTP/1.1
Host: demo.borland.com
User-Agent: Mozilla/5.0 (Windows NT 10.0; Win64; x64) AppleWebKit/537.36 (KHTML, like Gecko) Chrome/73.0.3683.86 Safari/537.36
Accept: text/html,application/xhtml+xml,application/xml;q=0.9,image/webp,image/apng,*/*;q=0.8,application/signed-exchange;v=b3
Accept-Encoding: gzip, deflate
Accept-Language: fr-FR,fr;q=0.9,en-US;q=0.8,en;q=0.7
Cache-Control: no-cache
Connection: keep-alive
Cookie: JSESSIONID=3EA2B6ACB4D0724EA319EAA424950EFF
Pragma: no-cache
Referer: http://demo.borland.com/InsuranceWebExtJS/
Upgrade-Insecure-Requests: 1


[13:51:39.68] Debug: Request [Id: 1.21]: GET 'http://demo.borland.com/InsuranceWebExtJS/images/rbc1.gif' started.
[13:51:39.68] Trace: Request [Id: 1.10] 'http://demo.borland.com/InsuranceWebExtJS/images/h_back2.jpg': 
GET /InsuranceWebExtJS/images/h_back2.jpg HTTP/1.1
Host: demo.borland.com
User-Agent: Mozilla/5.0 (Windows NT 10.0; Win64; x64) AppleWebKit/537.36 (KHTML, like Gecko) Chrome/73.0.3683.86 Safari/537.36
Accept: text/html,application/xhtml+xml,application/xml;q=0.9,image/webp,image/apng,*/*;q=0.8,application/signed-exchange;v=b3
Accept-Encoding: gzip, deflate
Accept-Language: fr-FR,fr;q=0.9,en-US;q=0.8,en;q=0.7
Cache-Control: no-cache
Connection: keep-alive
Cookie: JSESSIONID=3EA2B6ACB4D0724EA319EAA424950EFF
Pragma: no-cache
Referer: http://demo.borland.com/InsuranceWebExtJS/
Upgrade-Insecure-Requests: 1


[13:51:39.68] Debug: Request [Id: 1.10]: GET 'http://demo.borland.com/InsuranceWebExtJS/images/h_back2.jpg' started.
[13:51:39.68] Trace: Request [Id: 1.21]: Connection reused from 192.168.138.240:3282 to 143.186.120.171:80.
[13:51:39.68] Trace: Request [Id: 1.11] 'http://demo.borland.com/InsuranceWebExtJS/images/pimp1.gif': 
GET /InsuranceWebExtJS/images/pimp1.gif HTTP/1.1
Host: demo.borland.com
User-Agent: Mozilla/5.0 (Windows NT 10.0; Win64; x64) AppleWebKit/537.36 (KHTML, like Gecko) Chrome/73.0.3683.86 Safari/537.36
Accept: text/html,application/xhtml+xml,application/xml;q=0.9,image/webp,image/apng,*/*;q=0.8,application/signed-exchange;v=b3
Accept-Encoding: gzip, deflate
Accept-Language: fr-FR,fr;q=0.9,en-US;q=0.8,en;q=0.7
Cache-Control: no-cache
Connection: keep-alive
Cookie: JSESSIONID=3EA2B6ACB4D0724EA319EAA424950EFF
Pragma: no-cache
Referer: http://demo.borland.com/InsuranceWebExtJS/
Upgrade-Insecure-Requests: 1


[13:51:39.68] Trace: Request [Id: 1.1] 'http://demo.borland.com/InsuranceWebExtJS/javascript/menu.js': 
GET /InsuranceWebExtJS/javascript/menu.js HTTP/1.1
Host: demo.borland.com
User-Agent: Mozilla/5.0 (Windows NT 10.0; Win64; x64) AppleWebKit/537.36 (KHTML, like Gecko) Chrome/73.0.3683.86 Safari/537.36
Accept: text/html,application/xhtml+xml,application/xml;q=0.9,image/webp,image/apng,*/*;q=0.8,application/signed-exchange;v=b3
Accept-Encoding: gzip, deflate
Accept-Language: fr-FR,fr;q=0.9,en-US;q=0.8,en;q=0.7
Cache-Control: no-cache
Connection: keep-alive
Cookie: JSESSIONID=3EA2B6ACB4D0724EA319EAA424950EFF
Pragma: no-cache
Referer: http://demo.borland.com/InsuranceWebExtJS/
Upgrade-Insecure-Requests: 1


[13:51:39.68] Debug: Request [Id: 1.1]: GET 'http://demo.borland.com/InsuranceWebExtJS/javascript/menu.js' started.
[13:51:39.68] Trace: Request [Id: 1.1]: Connecting tcp socket to host 143.186.120.171:80.
[13:51:39.68] Trace: Request [Id: 1.3] 'http://demo.borland.com/InsuranceWebExtJS/images/login.gif;jsessionid=1576411CB36EF57546A9FECBF33C7B09': 
GET /InsuranceWebExtJS/images/login.gif;jsessionid=1576411CB36EF57546A9FECBF33C7B09 HTTP/1.1
Host: demo.borland.com
User-Agent: Mozilla/5.0 (Windows NT 10.0; Win64; x64) AppleWebKit/537.36 (KHTML, like Gecko) Chrome/73.0.3683.86 Safari/537.36
Accept: text/html,application/xhtml+xml,application/xml;q=0.9,image/webp,image/apng,*/*;q=0.8,application/signed-exchange;v=b3
Accept-Encoding: gzip, deflate
Accept-Language: fr-FR,fr;q=0.9,en-US;q=0.8,en;q=0.7
Cache-Control: no-cache
Connection: keep-alive
Cookie: JSESSIONID=3EA2B6ACB4D0724EA319EAA424950EFF
Pragma: no-cache
Referer: http://demo.borland.com/InsuranceWebExtJS/
Upgrade-Insecure-Requests: 1


[13:51:39.68] Debug: Request [Id: 1.3]: GET 'http://demo.borland.com/InsuranceWebExtJS/images/login.gif;jsessionid=1576411CB36EF57546A9FECBF33C7B09' started.
[13:51:39.68] Trace: Request [Id: 1.6] 'http://demo.borland.com/InsuranceWebExtJS/images/highlights.gif': 
GET /InsuranceWebExtJS/images/highlights.gif HTTP/1.1
Host: demo.borland.com
User-Agent: Mozilla/5.0 (Windows NT 10.0; Win64; x64) AppleWebKit/537.36 (KHTML, like Gecko) Chrome/73.0.3683.86 Safari/537.36
Accept: text/html,application/xhtml+xml,application/xml;q=0.9,image/webp,image/apng,*/*;q=0.8,application/signed-exchange;v=b3
Accept-Encoding: gzip, deflate
Accept-Language: fr-FR,fr;q=0.9,en-US;q=0.8,en;q=0.7
Cache-Control: no-cache
Connection: keep-alive
Cookie: JSESSIONID=3EA2B6ACB4D0724EA319EAA424950EFF
Pragma: no-cache
Referer: http://demo.borland.com/InsuranceWebExtJS/
Upgrade-Insecure-Requests: 1


[13:51:39.68] Debug: Request [Id: 1.6]: GET 'http://demo.borland.com/InsuranceWebExtJS/images/highlights.gif' started.
[13:51:39.68] Debug: Request [Id: 1.11]: GET 'http://demo.borland.com/InsuranceWebExtJS/images/pimp1.gif' started.
[13:51:39.68] Trace: Request [Id: 1.7] 'http://demo.borland.com/InsuranceWebExtJS/images/signup.gif;jsessionid=1576411CB36EF57546A9FECBF33C7B09': 
GET /InsuranceWebExtJS/images/signup.gif;jsessionid=1576411CB36EF57546A9FECBF33C7B09 HTTP/1.1
Host: demo.borland.com
User-Agent: Mozilla/5.0 (Windows NT 10.0; Win64; x64) AppleWebKit/537.36 (KHTML, like Gecko) Chrome/73.0.3683.86 Safari/537.36
Accept: text/html,application/xhtml+xml,application/xml;q=0.9,image/webp,image/apng,*/*;q=0.8,application/signed-exchange;v=b3
Accept-Encoding: gzip, deflate
Accept-Language: fr-FR,fr;q=0.9,en-US;q=0.8,en;q=0.7
Cache-Control: no-cache
Connection: keep-alive
Cookie: JSESSIONID=3EA2B6ACB4D0724EA319EAA424950EFF
Pragma: no-cache
Referer: http://demo.borland.com/InsuranceWebExtJS/
Upgrade-Insecure-Requests: 1


[13:51:39.68] Trace: Request [Id: 1.12] 'http://demo.borland.com/InsuranceWebExtJS/images/ltc.gif': 
GET /InsuranceWebExtJS/images/ltc.gif HTTP/1.1
Host: demo.borland.com
User-Agent: Mozilla/5.0 (Windows NT 10.0; Win64; x64) AppleWebKit/537.36 (KHTML, like Gecko) Chrome/73.0.3683.86 Safari/537.36
Accept: text/html,application/xhtml+xml,application/xml;q=0.9,image/webp,image/apng,*/*;q=0.8,application/signed-exchange;v=b3
Accept-Encoding: gzip, deflate
Accept-Language: fr-FR,fr;q=0.9,en-US;q=0.8,en;q=0.7
Cache-Control: no-cache
Connection: keep-alive
Cookie: JSESSIONID=3EA2B6ACB4D0724EA319EAA424950EFF
Pragma: no-cache
Referer: http://demo.borland.com/InsuranceWebExtJS/
Upgrade-Insecure-Requests: 1


[13:51:39.68] Trace: Request [Id: 1.15] 'http://demo.borland.com/InsuranceWebExtJS/images/rbc.gif': 
GET /InsuranceWebExtJS/images/rbc.gif HTTP/1.1
Host: demo.borland.com
User-Agent: Mozilla/5.0 (Windows NT 10.0; Win64; x64) AppleWebKit/537.36 (KHTML, like Gecko) Chrome/73.0.3683.86 Safari/537.36
Accept: text/html,application/xhtml+xml,application/xml;q=0.9,image/webp,image/apng,*/*;q=0.8,application/signed-exchange;v=b3
Accept-Encoding: gzip, deflate
Accept-Language: fr-FR,fr;q=0.9,en-US;q=0.8,en;q=0.7
Cache-Control: no-cache
Connection: keep-alive
Cookie: JSESSIONID=3EA2B6ACB4D0724EA319EAA424950EFF
Pragma: no-cache
Referer: http://demo.borland.com/InsuranceWebExtJS/
Upgrade-Insecure-Requests: 1


[13:51:39.68] Trace: Request [Id: 1.3]: Connecting tcp socket to host 143.186.120.171:80.
[13:51:39.68] Trace: Request [Id: 1.16] 'http://demo.borland.com/InsuranceWebExtJS/images/pimp2.gif': 
GET /InsuranceWebExtJS/images/pimp2.gif HTTP/1.1
Host: demo.borland.com
User-Agent: Mozilla/5.0 (Windows NT 10.0; Win64; x64) AppleWebKit/537.36 (KHTML, like Gecko) Chrome/73.0.3683.86 Safari/537.36
Accept: text/html,application/xhtml+xml,application/xml;q=0.9,image/webp,image/apng,*/*;q=0.8,application/signed-exchange;v=b3
Accept-Encoding: gzip, deflate
Accept-Language: fr-FR,fr;q=0.9,en-US;q=0.8,en;q=0.7
Cache-Control: no-cache
Connection: keep-alive
Cookie: JSESSIONID=3EA2B6ACB4D0724EA319EAA424950EFF
Pragma: no-cache
Referer: http://demo.borland.com/InsuranceWebExtJS/
Upgrade-Insecure-Requests: 1


[13:51:39.68] Trace: Request [Id: 1.9] 'http://demo.borland.com/InsuranceWebExtJS/images/spacer.gif': 
GET /InsuranceWebExtJS/images/spacer.gif HTTP/1.1
Host: demo.borland.com
User-Agent: Mozilla/5.0 (Windows NT 10.0; Win64; x64) AppleWebKit/537.36 (KHTML, like Gecko) Chrome/73.0.3683.86 Safari/537.36
Accept: text/html,application/xhtml+xml,application/xml;q=0.9,image/webp,image/apng,*/*;q=0.8,application/signed-exchange;v=b3
Accept-Encoding: gzip, deflate
Accept-Language: fr-FR,fr;q=0.9,en-US;q=0.8,en;q=0.7
Cache-Control: no-cache
Connection: keep-alive
Cookie: JSESSIONID=3EA2B6ACB4D0724EA319EAA424950EFF
Pragma: no-cache
Referer: http://demo.borland.com/InsuranceWebExtJS/
Upgrade-Insecure-Requests: 1


[13:51:39.68] Trace: Request [Id: 1.17] 'http://demo.borland.com/InsuranceWebExtJS/images/pimp3.gif': 
GET /InsuranceWebExtJS/images/pimp3.gif HTTP/1.1
Host: demo.borland.com
User-Agent: Mozilla/5.0 (Windows NT 10.0; Win64; x64) AppleWebKit/537.36 (KHTML, like Gecko) Chrome/73.0.3683.86 Safari/537.36
Accept: text/html,application/xhtml+xml,application/xml;q=0.9,image/webp,image/apng,*/*;q=0.8,application/signed-exchange;v=b3
Accept-Encoding: gzip, deflate
Accept-Language: fr-FR,fr;q=0.9,en-US;q=0.8,en;q=0.7
Cache-Control: no-cache
Connection: keep-alive
Cookie: JSESSIONID=3EA2B6ACB4D0724EA319EAA424950EFF
Pragma: no-cache
Referer: http://demo.borland.com/InsuranceWebExtJS/
Upgrade-Insecure-Requests: 1


[13:51:39.68] Trace: Request [Id: 1.10]: Connecting tcp socket to host 143.186.120.171:80.
[13:51:39.68] Trace: Request [Id: 1.14] 'http://demo.borland.com/InsuranceWebExtJS/images/rtc.gif': 
GET /InsuranceWebExtJS/images/rtc.gif HTTP/1.1
Host: demo.borland.com
User-Agent: Mozilla/5.0 (Windows NT 10.0; Win64; x64) AppleWebKit/537.36 (KHTML, like Gecko) Chrome/73.0.3683.86 Safari/537.36
Accept: text/html,application/xhtml+xml,application/xml;q=0.9,image/webp,image/apng,*/*;q=0.8,application/signed-exchange;v=b3
Accept-Encoding: gzip, deflate
Accept-Language: fr-FR,fr;q=0.9,en-US;q=0.8,en;q=0.7
Cache-Control: no-cache
Connection: keep-alive
Cookie: JSESSIONID=3EA2B6ACB4D0724EA319EAA424950EFF
Pragma: no-cache
Referer: http://demo.borland.com/InsuranceWebExtJS/
Upgrade-Insecure-Requests: 1


[13:51:39.68] Trace: Request [Id: 1.13] 'http://demo.borland.com/InsuranceWebExtJS/images/lbc.gif': 
GET /InsuranceWebExtJS/images/lbc.gif HTTP/1.1
Host: demo.borland.com
User-Agent: Mozilla/5.0 (Windows NT 10.0; Win64; x64) AppleWebKit/537.36 (KHTML, like Gecko) Chrome/73.0.3683.86 Safari/537.36
Accept: text/html,application/xhtml+xml,application/xml;q=0.9,image/webp,image/apng,*/*;q=0.8,application/signed-exchange;v=b3
Accept-Encoding: gzip, deflate
Accept-Language: fr-FR,fr;q=0.9,en-US;q=0.8,en;q=0.7
Cache-Control: no-cache
Connection: keep-alive
Cookie: JSESSIONID=3EA2B6ACB4D0724EA319EAA424950EFF
Pragma: no-cache
Referer: http://demo.borland.com/InsuranceWebExtJS/
Upgrade-Insecure-Requests: 1


[13:51:39.68] Trace: Request [Id: 1.8] 'http://demo.borland.com/InsuranceWebExtJS/images/profile.gif': 
GET /InsuranceWebExtJS/images/profile.gif HTTP/1.1
Host: demo.borland.com
User-Agent: Mozilla/5.0 (Windows NT 10.0; Win64; x64) AppleWebKit/537.36 (KHTML, like Gecko) Chrome/73.0.3683.86 Safari/537.36
Accept: text/html,application/xhtml+xml,application/xml;q=0.9,image/webp,image/apng,*/*;q=0.8,application/signed-exchange;v=b3
Accept-Encoding: gzip, deflate
Accept-Language: fr-FR,fr;q=0.9,en-US;q=0.8,en;q=0.7
Cache-Control: no-cache
Connection: keep-alive
Cookie: JSESSIONID=3EA2B6ACB4D0724EA319EAA424950EFF
Pragma: no-cache
Referer: http://demo.borland.com/InsuranceWebExtJS/
Upgrade-Insecure-Requests: 1


[13:51:39.68] Trace: Request [Id: 1.2] 'http://demo.borland.com/InsuranceWebExtJS/css/style.css': 
GET /InsuranceWebExtJS/css/style.css HTTP/1.1
Host: demo.borland.com
User-Agent: Mozilla/5.0 (Windows NT 10.0; Win64; x64) AppleWebKit/537.36 (KHTML, like Gecko) Chrome/73.0.3683.86 Safari/537.36
Accept: text/html,application/xhtml+xml,application/xml;q=0.9,image/webp,image/apng,*/*;q=0.8,application/signed-exchange;v=b3
Accept-Encoding: gzip, deflate
Accept-Language: fr-FR,fr;q=0.9,en-US;q=0.8,en;q=0.7
Cache-Control: no-cache
Connection: keep-alive
Cookie: JSESSIONID=3EA2B6ACB4D0724EA319EAA424950EFF
Pragma: no-cache
Referer: http://demo.borland.com/InsuranceWebExtJS/
Upgrade-Insecure-Requests: 1


[13:51:39.68] Trace: Request [Id: 1.4] 'http://demo.borland.com/InsuranceWebExtJS/images/submit2.gif': 
GET /InsuranceWebExtJS/images/submit2.gif HTTP/1.1
Host: demo.borland.com
User-Agent: Mozilla/5.0 (Windows NT 10.0; Win64; x64) AppleWebKit/537.36 (KHTML, like Gecko) Chrome/73.0.3683.86 Safari/537.36
Accept: text/html,application/xhtml+xml,application/xml;q=0.9,image/webp,image/apng,*/*;q=0.8,application/signed-exchange;v=b3
Accept-Encoding: gzip, deflate
Accept-Language: fr-FR,fr;q=0.9,en-US;q=0.8,en;q=0.7
Cache-Control: no-cache
Connection: keep-alive
Cookie: JSESSIONID=3EA2B6ACB4D0724EA319EAA424950EFF
Pragma: no-cache
Referer: http://demo.borland.com/InsuranceWebExtJS/
Upgrade-Insecure-Requests: 1


[13:51:39.68] Trace: Request [Id: 1.18] 'http://demo.borland.com/InsuranceWebExtJS/images/ltc1.gif': 
GET /InsuranceWebExtJS/images/ltc1.gif HTTP/1.1
Host: demo.borland.com
User-Agent: Mozilla/5.0 (Windows NT 10.0; Win64; x64) AppleWebKit/537.36 (KHTML, like Gecko) Chrome/73.0.3683.86 Safari/537.36
Accept: text/html,application/xhtml+xml,application/xml;q=0.9,image/webp,image/apng,*/*;q=0.8,application/signed-exchange;v=b3
Accept-Encoding: gzip, deflate
Accept-Language: fr-FR,fr;q=0.9,en-US;q=0.8,en;q=0.7
Cache-Control: no-cache
Connection: keep-alive
Cookie: JSESSIONID=3EA2B6ACB4D0724EA319EAA424950EFF
Pragma: no-cache
Referer: http://demo.borland.com/InsuranceWebExtJS/
Upgrade-Insecure-Requests: 1


[13:51:39.68] Trace: Request [Id: 1.19] 'http://demo.borland.com/InsuranceWebExtJS/images/rtc1.gif': 
GET /InsuranceWebExtJS/images/rtc1.gif HTTP/1.1
Host: demo.borland.com
User-Agent: Mozilla/5.0 (Windows NT 10.0; Win64; x64) AppleWebKit/537.36 (KHTML, like Gecko) Chrome/73.0.3683.86 Safari/537.36
Accept: text/html,application/xhtml+xml,application/xml;q=0.9,image/webp,image/apng,*/*;q=0.8,application/signed-exchange;v=b3
Accept-Encoding: gzip, deflate
Accept-Language: fr-FR,fr;q=0.9,en-US;q=0.8,en;q=0.7
Cache-Control: no-cache
Connection: keep-alive
Cookie: JSESSIONID=3EA2B6ACB4D0724EA319EAA424950EFF
Pragma: no-cache
Referer: http://demo.borland.com/InsuranceWebExtJS/
Upgrade-Insecure-Requests: 1


[13:51:39.68] Trace: Request [Id: 1.5] 'http://demo.borland.com/InsuranceWebExtJS/images/main_services.gif': 
GET /InsuranceWebExtJS/images/main_services.gif HTTP/1.1
Host: demo.borland.com
User-Agent: Mozilla/5.0 (Windows NT 10.0; Win64; x64) AppleWebKit/537.36 (KHTML, like Gecko) Chrome/73.0.3683.86 Safari/537.36
Accept: text/html,application/xhtml+xml,application/xml;q=0.9,image/webp,image/apng,*/*;q=0.8,application/signed-exchange;v=b3
Accept-Encoding: gzip, deflate
Accept-Language: fr-FR,fr;q=0.9,en-US;q=0.8,en;q=0.7
Cache-Control: no-cache
Connection: keep-alive
Cookie: JSESSIONID=3EA2B6ACB4D0724EA319EAA424950EFF
Pragma: no-cache
Referer: http://demo.borland.com/InsuranceWebExtJS/
Upgrade-Insecure-Requests: 1


[13:51:39.68] Trace: Request [Id: 1.20] 'http://demo.borland.com/InsuranceWebExtJS/images/lbc1.gif': 
GET /InsuranceWebExtJS/images/lbc1.gif HTTP/1.1
Host: demo.borland.com
User-Agent: Mozilla/5.0 (Windows NT 10.0; Win64; x64) AppleWebKit/537.36 (KHTML, like Gecko) Chrome/73.0.3683.86 Safari/537.36
Accept: text/html,application/xhtml+xml,application/xml;q=0.9,image/webp,image/apng,*/*;q=0.8,application/signed-exchange;v=b3
Accept-Encoding: gzip, deflate
Accept-Language: fr-FR,fr;q=0.9,en-US;q=0.8,en;q=0.7
Cache-Control: no-cache
Connection: keep-alive
Cookie: JSESSIONID=3EA2B6ACB4D0724EA319EAA424950EFF
Pragma: no-cache
Referer: http://demo.borland.com/InsuranceWebExtJS/
Upgrade-Insecure-Requests: 1


[13:51:39.69] Trace: Request [Id: 1.6]: Connecting tcp socket to host 143.186.120.171:80.
[13:51:39.69] Trace: Request [Id: 1.11]: Connecting tcp socket to host 143.186.120.171:80.
[13:51:39.69] Debug: Request [Id: 1.7]: GET 'http://demo.borland.com/InsuranceWebExtJS/images/signup.gif;jsessionid=1576411CB36EF57546A9FECBF33C7B09' started.
[13:51:39.69] Debug: Request [Id: 1.12]: GET 'http://demo.borland.com/InsuranceWebExtJS/images/ltc.gif' started.
[13:51:39.69] Debug: Request [Id: 1.15]: GET 'http://demo.borland.com/InsuranceWebExtJS/images/rbc.gif' started.
[13:51:39.69] Debug: Request [Id: 1.16]: GET 'http://demo.borland.com/InsuranceWebExtJS/images/pimp2.gif' started.
[13:51:39.69] Debug: Request [Id: 1.9]: GET 'http://demo.borland.com/InsuranceWebExtJS/images/spacer.gif' started.
[13:51:39.70] Debug: Request [Id: 1.17]: GET 'http://demo.borland.com/InsuranceWebExtJS/images/pimp3.gif' started.
[13:51:39.70] Debug: Request [Id: 1.14]: GET 'http://demo.borland.com/InsuranceWebExtJS/images/rtc.gif' started.
[13:51:39.70] Debug: Request [Id: 1.13]: GET 'http://demo.borland.com/InsuranceWebExtJS/images/lbc.gif' started.
[13:51:39.70] Debug: Request [Id: 1.8]: GET 'http://demo.borland.com/InsuranceWebExtJS/images/profile.gif' started.
[13:51:39.70] Debug: Request [Id: 1.2]: GET 'http://demo.borland.com/InsuranceWebExtJS/css/style.css' started.
[13:51:39.70] Debug: Request [Id: 1.4]: GET 'http://demo.borland.com/InsuranceWebExtJS/images/submit2.gif' started.
[13:51:39.70] Debug: Request [Id: 1.18]: GET 'http://demo.borland.com/InsuranceWebExtJS/images/ltc1.gif' started.
[13:51:39.70] Debug: Request [Id: 1.19]: GET 'http://demo.borland.com/InsuranceWebExtJS/images/rtc1.gif' started.
[13:51:39.70] Debug: Request [Id: 1.5]: GET 'http://demo.borland.com/InsuranceWebExtJS/images/main_services.gif' started.
[13:51:39.71] Debug: Request [Id: 1.20]: GET 'http://demo.borland.com/InsuranceWebExtJS/images/lbc1.gif' started.
[13:51:39.71] Trace: Request [Id: 1.1]: Connection to host 143.186.120.171:80 done.
[13:51:39.71] Debug: Request [Id: 1.21]: GET 'http://demo.borland.com/InsuranceWebExtJS/images/rbc1.gif' done. Status 200 OK. HTTP/1.1
[13:51:39.72] Trace: Request [Id: 1.3]: Connection to host 143.186.120.171:80 done.
[13:51:39.73] Trace: Request [Id: 1.10]: Connection to host 143.186.120.171:80 done.
[13:51:39.73] Trace: Request [Id: 1.1]: New connection from 192.168.138.240:3284 to 143.186.120.171:80 in 27 ms.
[13:51:39.73] Trace: Response 'http://demo.borland.com/InsuranceWebExtJS/images/rbc1.gif': 
HTTP/1.1 200 OK
Content-Length: 115
Accept-Ranges: bytes
Content-Type: image/gif
Date: Tue, 21 Jul 2020 11:51:29 GMT
Etag: W/"115-1355218844000"
Last-Modified: Tue, 11 Dec 2012 09:40:44 GMT
Server: Microsoft-IIS/10.0
X-Frame-Options: SAMEORIGIN
X-Powered-By: ASP.NET


[13:51:39.73] Trace: Request [Id: 1.3]: New connection from 192.168.138.240:3285 to 143.186.120.171:80 in 38 ms.
[13:51:39.73] Trace: Request [Id: 1.10]: New connection from 192.168.138.240:3286 to 143.186.120.171:80 in 43 ms.
[13:51:39.73] Trace: Request [Id: 1.6]: Connection reused from 192.168.138.240:3282 to 143.186.120.171:80.
[13:51:39.74] Trace: Request [Id: 1.11]: Connection to host 143.186.120.171:80 done.
[13:51:39.74] Trace: Request [Id: 1.6]: Connection to host 143.186.120.171:80 done.
[13:51:39.74] Trace: Request [Id: 1.11]: New connection from 192.168.138.240:3288 to 143.186.120.171:80 in 51 ms.
[13:51:39.74] Trace: Request [Id: 1.7]: Connection reused from 192.168.138.240:3287 to 143.186.120.171:80.
[13:51:39.77] Debug: Request [Id: 1.1]: GET 'http://demo.borland.com/InsuranceWebExtJS/javascript/menu.js' done. Status 200 OK. HTTP/1.1
[13:51:39.77] Trace: Response 'http://demo.borland.com/InsuranceWebExtJS/javascript/menu.js': 
HTTP/1.1 200 OK
Content-Length: 1641
Accept-Ranges: bytes
Content-Type: application/javascript
Date: Tue, 21 Jul 2020 11:51:29 GMT
Etag: W/"1641-1355218844000"
Last-Modified: Tue, 11 Dec 2012 09:40:44 GMT
Server: Microsoft-IIS/10.0
X-Frame-Options: SAMEORIGIN
X-Powered-By: ASP.NET


[13:51:39.77] Trace: Request [Id: 1.12]: Connection reused from 192.168.138.240:3284 to 143.186.120.171:80.
[13:51:39.77] Debug: Request [Id: 1.3]: GET 'http://demo.borland.com/InsuranceWebExtJS/images/login.gif;jsessionid=1576411CB36EF57546A9FECBF33C7B09' done. Status 200 OK. HTTP/1.1
[13:51:39.77] Trace: Response 'http://demo.borland.com/InsuranceWebExtJS/images/login.gif;jsessionid=1576411CB36EF57546A9FECBF33C7B09': 
HTTP/1.1 200 OK
Content-Length: 1666
Accept-Ranges: bytes
Content-Type: image/gif
Date: Tue, 21 Jul 2020 11:51:29 GMT
Etag: W/"1666-1355218844000"
Last-Modified: Tue, 11 Dec 2012 09:40:44 GMT
Server: Microsoft-IIS/10.0
X-Frame-Options: SAMEORIGIN
X-Powered-By: ASP.NET


[13:51:39.77] Trace: Request [Id: 1.15]: Connection reused from 192.168.138.240:3285 to 143.186.120.171:80.
[13:51:39.77] Debug: Request [Id: 1.10]: GET 'http://demo.borland.com/InsuranceWebExtJS/images/h_back2.jpg' done. Status 200 OK. HTTP/1.1
[13:51:39.77] Trace: Response 'http://demo.borland.com/InsuranceWebExtJS/images/h_back2.jpg': 
HTTP/1.1 200 OK
Content-Length: 1878
Accept-Ranges: bytes
Content-Type: image/jpeg
Date: Tue, 21 Jul 2020 11:51:29 GMT
Etag: W/"1878-1355218844000"
Last-Modified: Tue, 11 Dec 2012 09:40:44 GMT
Server: Microsoft-IIS/10.0
X-Frame-Options: SAMEORIGIN
X-Powered-By: ASP.NET


[13:51:39.77] Trace: Request [Id: 1.16]: Connection reused from 192.168.138.240:3286 to 143.186.120.171:80.
[13:51:39.77] Debug: Request [Id: 1.6]: GET 'http://demo.borland.com/InsuranceWebExtJS/images/highlights.gif' done. Status 200 OK. HTTP/1.1
[13:51:39.77] Trace: Response 'http://demo.borland.com/InsuranceWebExtJS/images/highlights.gif': 
HTTP/1.1 200 OK
Content-Length: 2660
Accept-Ranges: bytes
Content-Type: image/gif
Date: Tue, 21 Jul 2020 11:51:29 GMT
Etag: W/"2660-1355218844000"
Last-Modified: Tue, 11 Dec 2012 09:40:44 GMT
Server: Microsoft-IIS/10.0
X-Frame-Options: SAMEORIGIN
X-Powered-By: ASP.NET


[13:51:39.77] Trace: Request [Id: 1.9]: Connection reused from 192.168.138.240:3282 to 143.186.120.171:80.
[13:51:39.77] Debug: Request [Id: 1.11]: GET 'http://demo.borland.com/InsuranceWebExtJS/images/pimp1.gif' done. Status 200 OK. HTTP/1.1
[13:51:39.77] Debug: Request [Id: 1.7]: GET 'http://demo.borland.com/InsuranceWebExtJS/images/signup.gif;jsessionid=1576411CB36EF57546A9FECBF33C7B09' done. Status 200 OK. HTTP/1.1
[13:51:39.77] Trace: Response 'http://demo.borland.com/InsuranceWebExtJS/images/signup.gif;jsessionid=1576411CB36EF57546A9FECBF33C7B09': 
HTTP/1.1 200 OK
Content-Length: 1686
Accept-Ranges: bytes
Content-Type: image/gif
Date: Tue, 21 Jul 2020 11:51:29 GMT
Etag: W/"1686-1355218844000"
Last-Modified: Tue, 11 Dec 2012 09:40:44 GMT
Server: Microsoft-IIS/10.0
X-Frame-Options: SAMEORIGIN
X-Powered-By: ASP.NET


[13:51:39.77] Trace: Response 'http://demo.borland.com/InsuranceWebExtJS/images/pimp1.gif': 
HTTP/1.1 200 OK
Content-Length: 64
Accept-Ranges: bytes
Content-Type: image/gif
Date: Tue, 21 Jul 2020 11:51:29 GMT
Etag: W/"64-1355218844000"
Last-Modified: Tue, 11 Dec 2012 09:40:44 GMT
Server: Microsoft-IIS/10.0
X-Frame-Options: SAMEORIGIN
X-Powered-By: ASP.NET


[13:51:39.77] Trace: Request [Id: 1.17]: Connection reused from 192.168.138.240:3287 to 143.186.120.171:80.
[13:51:39.77] Trace: Request [Id: 1.14]: Connection reused from 192.168.138.240:3288 to 143.186.120.171:80.
[13:51:39.80] Debug: Request [Id: 1.12]: GET 'http://demo.borland.com/InsuranceWebExtJS/images/ltc.gif' done. Status 200 OK. HTTP/1.1
[13:51:39.80] Trace: Response 'http://demo.borland.com/InsuranceWebExtJS/images/ltc.gif': 
HTTP/1.1 200 OK
Content-Length: 120
Accept-Ranges: bytes
Content-Type: image/gif
Date: Tue, 21 Jul 2020 11:51:29 GMT
Etag: W/"120-1355218844000"
Last-Modified: Tue, 11 Dec 2012 09:40:44 GMT
Server: Microsoft-IIS/10.0
X-Frame-Options: SAMEORIGIN
X-Powered-By: ASP.NET


[13:51:39.80] Trace: Request [Id: 1.13]: Connection reused from 192.168.138.240:3284 to 143.186.120.171:80.
[13:51:39.80] Debug: Request [Id: 1.15]: GET 'http://demo.borland.com/InsuranceWebExtJS/images/rbc.gif' done. Status 200 OK. HTTP/1.1
[13:51:39.80] Trace: Response 'http://demo.borland.com/InsuranceWebExtJS/images/rbc.gif': 
HTTP/1.1 200 OK
Content-Length: 121
Accept-Ranges: bytes
Content-Type: image/gif
Date: Tue, 21 Jul 2020 11:51:29 GMT
Etag: W/"121-1355218844000"
Last-Modified: Tue, 11 Dec 2012 09:40:44 GMT
Server: Microsoft-IIS/10.0
X-Frame-Options: SAMEORIGIN
X-Powered-By: ASP.NET


[13:51:39.80] Debug: Request [Id: 1.16]: GET 'http://demo.borland.com/InsuranceWebExtJS/images/pimp2.gif' done. Status 200 OK. HTTP/1.1
[13:51:39.80] Trace: Request [Id: 1.8]: Connection reused from 192.168.138.240:3285 to 143.186.120.171:80.
[13:51:39.80] Trace: Response 'http://demo.borland.com/InsuranceWebExtJS/images/pimp2.gif': 
HTTP/1.1 200 OK
Content-Length: 46
Accept-Ranges: bytes
Content-Type: image/gif
Date: Tue, 21 Jul 2020 11:51:29 GMT
Etag: W/"46-1355218844000"
Last-Modified: Tue, 11 Dec 2012 09:40:44 GMT
Server: Microsoft-IIS/10.0
X-Frame-Options: SAMEORIGIN
X-Powered-By: ASP.NET


[13:51:39.80] Trace: Request [Id: 1.2]: Connection reused from 192.168.138.240:3286 to 143.186.120.171:80.
[13:51:39.80] Debug: Request [Id: 1.17]: GET 'http://demo.borland.com/InsuranceWebExtJS/images/pimp3.gif' done. Status 200 OK. HTTP/1.1
[13:51:39.80] Trace: Response 'http://demo.borland.com/InsuranceWebExtJS/images/pimp3.gif': 
HTTP/1.1 200 OK
Content-Length: 91
Accept-Ranges: bytes
Content-Type: image/gif
Date: Tue, 21 Jul 2020 11:51:29 GMT
Etag: W/"91-1355218844000"
Last-Modified: Tue, 11 Dec 2012 09:40:44 GMT
Server: Microsoft-IIS/10.0
X-Frame-Options: SAMEORIGIN
X-Powered-By: ASP.NET


[13:51:39.81] Trace: Request [Id: 1.4]: Connection reused from 192.168.138.240:3287 to 143.186.120.171:80.
[13:51:39.81] Debug: Request [Id: 1.9]: GET 'http://demo.borland.com/InsuranceWebExtJS/images/spacer.gif' done. Status 200 OK. HTTP/1.1
[13:51:39.81] Debug: Request [Id: 1.14]: GET 'http://demo.borland.com/InsuranceWebExtJS/images/rtc.gif' done. Status 200 OK. HTTP/1.1
[13:51:39.81] Trace: Response 'http://demo.borland.com/InsuranceWebExtJS/images/spacer.gif': 
HTTP/1.1 200 OK
Content-Length: 43
Accept-Ranges: bytes
Content-Type: image/gif
Date: Tue, 21 Jul 2020 11:51:29 GMT
Etag: W/"43-1355218844000"
Last-Modified: Tue, 11 Dec 2012 09:40:44 GMT
Server: Microsoft-IIS/10.0
X-Frame-Options: SAMEORIGIN
X-Powered-By: ASP.NET


[13:51:39.81] Trace: Response 'http://demo.borland.com/InsuranceWebExtJS/images/rtc.gif': 
HTTP/1.1 200 OK
Content-Length: 120
Accept-Ranges: bytes
Content-Type: image/gif
Date: Tue, 21 Jul 2020 11:51:29 GMT
Etag: W/"120-1355218844000"
Last-Modified: Tue, 11 Dec 2012 09:40:44 GMT
Server: Microsoft-IIS/10.0
X-Frame-Options: SAMEORIGIN
X-Powered-By: ASP.NET


[13:51:39.81] Trace: Request [Id: 1.18]: Connection reused from 192.168.138.240:3282 to 143.186.120.171:80.
[13:51:39.81] Trace: Request [Id: 1.19]: Connection reused from 192.168.138.240:3288 to 143.186.120.171:80.
[13:51:39.83] Debug: Request [Id: 1.13]: GET 'http://demo.borland.com/InsuranceWebExtJS/images/lbc.gif' done. Status 200 OK. HTTP/1.1
[13:51:39.83] Trace: Response 'http://demo.borland.com/InsuranceWebExtJS/images/lbc.gif': 
HTTP/1.1 200 OK
Content-Length: 118
Accept-Ranges: bytes
Content-Type: image/gif
Date: Tue, 21 Jul 2020 11:51:29 GMT
Etag: W/"118-1355218844000"
Last-Modified: Tue, 11 Dec 2012 09:40:44 GMT
Server: Microsoft-IIS/10.0
X-Frame-Options: SAMEORIGIN
X-Powered-By: ASP.NET


[13:51:39.83] Trace: Request [Id: 1.5]: Connection reused from 192.168.138.240:3284 to 143.186.120.171:80.
[13:51:39.83] Debug: Request [Id: 1.8]: GET 'http://demo.borland.com/InsuranceWebExtJS/images/profile.gif' done. Status 200 OK. HTTP/1.1
[13:51:39.83] Trace: Response 'http://demo.borland.com/InsuranceWebExtJS/images/profile.gif': 
HTTP/1.1 200 OK
Content-Length: 2594
Accept-Ranges: bytes
Content-Type: image/gif
Date: Tue, 21 Jul 2020 11:51:29 GMT
Etag: W/"2594-1355218844000"
Last-Modified: Tue, 11 Dec 2012 09:40:44 GMT
Server: Microsoft-IIS/10.0
X-Frame-Options: SAMEORIGIN
X-Powered-By: ASP.NET


[13:51:39.83] Trace: Request [Id: 1.20]: Connection reused from 192.168.138.240:3285 to 143.186.120.171:80.
[13:51:39.83] Debug: Request [Id: 1.2]: GET 'http://demo.borland.com/InsuranceWebExtJS/css/style.css' done. Status 200 OK. HTTP/1.1
[13:51:39.83] Trace: Response 'http://demo.borland.com/InsuranceWebExtJS/css/style.css': 
HTTP/1.1 200 OK
Content-Length: 2399
Accept-Ranges: bytes
Content-Encoding: gzip
Content-Type: text/css
Date: Tue, 21 Jul 2020 11:51:29 GMT
Etag: W/"8254-1355218836000"
Last-Modified: Tue, 11 Dec 2012 09:40:36 GMT
Server: Microsoft-IIS/10.0
Vary: Accept-Encoding
X-Frame-Options: SAMEORIGIN
X-Powered-By: ASP.NET


[13:51:39.84] Debug: Request [Id: 1.4]: GET 'http://demo.borland.com/InsuranceWebExtJS/images/submit2.gif' done. Status 200 OK. HTTP/1.1
[13:51:39.84] Trace: Response 'http://demo.borland.com/InsuranceWebExtJS/images/submit2.gif': 
HTTP/1.1 200 OK
Content-Length: 900
Accept-Ranges: bytes
Content-Type: image/gif
Date: Tue, 21 Jul 2020 11:51:29 GMT
Etag: W/"900-1355218844000"
Last-Modified: Tue, 11 Dec 2012 09:40:44 GMT
Server: Microsoft-IIS/10.0
X-Frame-Options: SAMEORIGIN
X-Powered-By: ASP.NET


[13:51:39.84] Debug: Request [Id: 1.19]: GET 'http://demo.borland.com/InsuranceWebExtJS/images/rtc1.gif' done. Status 200 OK. HTTP/1.1
[13:51:39.84] Trace: Response 'http://demo.borland.com/InsuranceWebExtJS/images/rtc1.gif': 
HTTP/1.1 200 OK
Content-Length: 117
Accept-Ranges: bytes
Content-Type: image/gif
Date: Tue, 21 Jul 2020 11:51:29 GMT
Etag: W/"117-1355218844000"
Last-Modified: Tue, 11 Dec 2012 09:40:44 GMT
Server: Microsoft-IIS/10.0
X-Frame-Options: SAMEORIGIN
X-Powered-By: ASP.NET


[13:51:39.84] Debug: Request [Id: 1.18]: GET 'http://demo.borland.com/InsuranceWebExtJS/images/ltc1.gif' done. Status 200 OK. HTTP/1.1
[13:51:39.84] Trace: Response 'http://demo.borland.com/InsuranceWebExtJS/images/ltc1.gif': 
HTTP/1.1 200 OK
Content-Length: 115
Accept-Ranges: bytes
Content-Type: image/gif
Date: Tue, 21 Jul 2020 11:51:29 GMT
Etag: W/"115-1355218844000"
Last-Modified: Tue, 11 Dec 2012 09:40:44 GMT
Server: Microsoft-IIS/10.0
X-Frame-Options: SAMEORIGIN
X-Powered-By: ASP.NET


[13:51:39.86] Debug: Request [Id: 1.5]: GET 'http://demo.borland.com/InsuranceWebExtJS/images/main_services.gif' done. Status 200 OK. HTTP/1.1
[13:51:39.86] Trace: Response 'http://demo.borland.com/InsuranceWebExtJS/images/main_services.gif': 
HTTP/1.1 200 OK
Content-Length: 2799
Accept-Ranges: bytes
Content-Type: image/gif
Date: Tue, 21 Jul 2020 11:51:29 GMT
Etag: W/"2799-1355218844000"
Last-Modified: Tue, 11 Dec 2012 09:40:44 GMT
Server: Microsoft-IIS/10.0
X-Frame-Options: SAMEORIGIN
X-Powered-By: ASP.NET


[13:51:39.86] Debug: Request [Id: 1.20]: GET 'http://demo.borland.com/InsuranceWebExtJS/images/lbc1.gif' done. Status 200 OK. HTTP/1.1
[13:51:39.86] Trace: Response 'http://demo.borland.com/InsuranceWebExtJS/images/lbc1.gif': 
HTTP/1.1 200 OK
Content-Length: 115
Accept-Ranges: bytes
Content-Type: image/gif
Date: Tue, 21 Jul 2020 11:51:29 GMT
Etag: W/"115-1355218844000"
Last-Modified: Tue, 11 Dec 2012 09:40:44 GMT
Server: Microsoft-IIS/10.0
X-Frame-Options: SAMEORIGIN
X-Powered-By: ASP.NET


[13:51:39.86] Info: WebRequest [Id: 1] 'http://demo.borland.com/InsuranceWebExtJS/' completed. (22 request(s) sent, 34392 bytes downloaded)
[13:51:39.86] Info: Saving parameter 'InscoSessionID = 3EA2B6ACB4D0724EA319EAA424950EFF'
[13:51:39.87] Error: Vuser action was stopped after receiving engine error 'T01 is not defined'	(./main.js:70:5)
[13:51:39.87] Debug: Error stack: 'ReferenceError: T01 is not defined
    at Array.<anonymous> (C:\Users\MFAdmin\Documents\Demo\DevWeb\Insco\main.js:70:5)
    at C:\Tools\DevWeb_2020.2\DevWeb\bin\jsrunner\vuser\engine\script_runner.js:27:24'
[13:51:39.87] Info: Ending iteration 1.
