Virtual User Script started at : 2022-10-13 08:57:00	[MsgId: MMSG-205068]
TruClient Replay (build 0383) for LoadRunner Professional 2021.2.0, build 0495. OS: Windows 2019, Browser: Chromium 91.0.4472.77, initialized on 2022/10/13 at 08:56:57 (1665644217.807s)
	[MsgId: MMSG-204898]
Selected Run-Time Settings:	[MsgId: MMSG-204896]
    Simulate a new user on each iteration...............: 1	[MsgId: MMSG-204894]
    Using system proxy settings	[MsgId: MMSG-204891]
    Check for newer versions of stored pages: 4 (Automatically)	[MsgId: MMSG-204880]
    Keep-Alive..........................................: 1	[MsgId: MMSG-204875]
    Proxy Keep-Alive....................................: 1	[MsgId: MMSG-204874]
    Keep-Alive timeout (ms).............................: 60000	[MsgId: MMSG-204873]
    HTTP Version........................................: 1.1	[MsgId: MMSG-204871]
    Proxy HTTP Version..................................: 1.1	[MsgId: MMSG-204870]
    DNS cache entries...................................: 20	[MsgId: MMSG-204868]
    Run-Time Settings file..............................: "C:\Users\demo\AppData\Local\Temp\1\lr5tmpdir2u1.140\lrcfgSEL.141\cfgUrm.142"	[MsgId: MMSG-204867]
    Vuser directory.....................................: "C:\Users\demo\AppData\Local\Temp\1\brr_nwf.144\TC_VTS_VuLogin2\TC_VTS_VuLogin1"	[MsgId: MMSG-204866]
    Vuser output directory..............................: "C:\Users\demo\AppData\Local\Temp\1\brr_nwf.144\TC_VTS_VuLogin2\TC_VTS_VuLogin1"	[MsgId: MMSG-204865]
End of selected Run-Time Settings
	[MsgId: MMSG-204895]
Please refer to the ReadMe file in the LoadRunner Professional installation directory for notes about measurements and logging	[MsgId: MMSG-204864]
t=00002344ms: Step 2: Execute VTS.vtcConnect ("nimbusserver", 4888, [vtsName]) started    [MsgId: MMSG-205180]	[MsgId: MMSG-205180]
t=00002374ms: Step 2: Execute VTS.vtcConnect ("nimbusserver", 4888, [vtsName]) successfully completed with End Event "Action completed"    [MsgId: MMSG-205180]	[MsgId: MMSG-205180]
t=00002378ms: Step 3: Execute VTS.vtcGetCell ("UserName", TC.userId, [vtsName]) started    [MsgId: MMSG-205180]	[MsgId: MMSG-205180]
t=00002403ms: Step 3: Execute VTS.vtcGetCell ("UserName", 1, [vtsName]) successfully completed with End Event "Action completed"    [MsgId: MMSG-205180]	[MsgId: MMSG-205180]
t=00002405ms: Step 4: Execute VTS.vtcGetCell ("Password", TC.userId, [vtsName]) started    [MsgId: MMSG-205180]	[MsgId: MMSG-205180]
t=00002426ms: Step 4: Execute VTS.vtcGetCell ("Password", 1, [vtsName]) successfully completed with End Event "Action completed"    [MsgId: MMSG-205180]	[MsgId: MMSG-205180]
t=00002428ms: Step 5: Execute TC.log ("User : " + TC.userId + ... : " + vPassword, "Standard") started    [MsgId: MMSG-205180]	[MsgId: MMSG-205180]
t=00002435ms: User : 1 > User1 : p1    [MsgId: MMSG-205180]	[MsgId: MMSG-205180]
t=00002437ms: Step 5: Execute TC.log (User : 1 > User1 : p1, "Standard") successfully completed with End Event "Action completed"    [MsgId: MMSG-205180]	[MsgId: MMSG-205180]
t=00002440ms: Step 6: Execute VTS.vtcDisconnect ([vtsName]) started    [MsgId: MMSG-205180]	[MsgId: MMSG-205180]
t=00002453ms: Step 6: Execute VTS.vtcDisconnect ([vtsName]) successfully completed with End Event "Action completed"    [MsgId: MMSG-205180]	[MsgId: MMSG-205180]
Warning: The "vuser_init" section contains step(s) when the "Simulate a new user on each iteration" Run-Time Setting is ON.  This may produce unpredictable results with multiple iterations.	[MsgId: MWAR-204863]
Running Vuser...	[MsgId: MMSG-205064]
Starting iteration 1.	[MsgId: MMSG-15968]
t=00002833ms: Step 1: Wait 3 seconds started    [MsgId: MMSG-205180]	[MsgId: MMSG-205180]
t=00006036ms: Step 1: Wait 3 seconds successfully completed with End Event "Action completed"    [MsgId: MMSG-205180]	[MsgId: MMSG-205180]
t=00006538ms: Step 2: Navigate to "http://advantageonlineshopping.com/" started    [MsgId: MMSG-205180]	[MsgId: MMSG-205180]
t=00007032ms: 2: Navigate to http://advantageonlineshopping.com/: Automatic End Event set to: Document Loaded    [MsgId: MMSG-205200]	[MsgId: MMSG-205200]
t=00007033ms: Step 2: Navigate to http://advantageonlineshopping.com/ successfully completed with End Event "Document Loaded"    [MsgId: MMSG-205180]	[MsgId: MMSG-205180]
Ending iteration 1.	[MsgId: MMSG-15965]
Starting iteration 2.	[MsgId: MMSG-15968]
t=00007347ms: Step 1: Wait 3 seconds started    [MsgId: MMSG-205180]	[MsgId: MMSG-205180]
t=00010552ms: Step 1: Wait 3 seconds successfully completed with End Event "Action completed"    [MsgId: MMSG-205180]	[MsgId: MMSG-205180]
t=00011056ms: Step 2: Navigate to "http://advantageonlineshopping.com/" started    [MsgId: MMSG-205180]	[MsgId: MMSG-205180]
t=00011721ms: Step 2: Navigate to http://advantageonlineshopping.com/ successfully completed with End Event "Document Loaded"    [MsgId: MMSG-205180]	[MsgId: MMSG-205180]
Ending iteration 2.	[MsgId: MMSG-15965]
Starting iteration 3.	[MsgId: MMSG-15968]
t=00012051ms: Step 1: Wait 3 seconds started    [MsgId: MMSG-205180]	[MsgId: MMSG-205180]
t=00015380ms: Step 1: Wait 3 seconds successfully completed with End Event "Action completed"    [MsgId: MMSG-205180]	[MsgId: MMSG-205180]
t=00015892ms: Step 2: Navigate to "http://advantageonlineshopping.com/" started    [MsgId: MMSG-205180]	[MsgId: MMSG-205180]
t=00016546ms: Step 2: Navigate to http://advantageonlineshopping.com/ successfully completed with End Event "Document Loaded"    [MsgId: MMSG-205180]	[MsgId: MMSG-205180]
Ending iteration 3.	[MsgId: MMSG-15965]
Starting iteration 4.	[MsgId: MMSG-15968]
t=00016950ms: Step 1: Wait 3 seconds started    [MsgId: MMSG-205180]	[MsgId: MMSG-205180]
t=00020153ms: Step 1: Wait 3 seconds successfully completed with End Event "Action completed"    [MsgId: MMSG-205180]	[MsgId: MMSG-205180]
t=00020655ms: Step 2: Navigate to "http://advantageonlineshopping.com/" started    [MsgId: MMSG-205180]	[MsgId: MMSG-205180]
t=00021330ms: Step 2: Navigate to http://advantageonlineshopping.com/ successfully completed with End Event "Document Loaded"    [MsgId: MMSG-205180]	[MsgId: MMSG-205180]
Ending iteration 4.	[MsgId: MMSG-15965]
Starting iteration 5.	[MsgId: MMSG-15968]
t=00021662ms: Step 1: Wait 3 seconds started    [MsgId: MMSG-205180]	[MsgId: MMSG-205180]
t=00024866ms: Step 1: Wait 3 seconds successfully completed with End Event "Action completed"    [MsgId: MMSG-205180]	[MsgId: MMSG-205180]
t=00025368ms: Step 2: Navigate to "http://advantageonlineshopping.com/" started    [MsgId: MMSG-205180]	[MsgId: MMSG-205180]
t=00026034ms: Step 2: Navigate to http://advantageonlineshopping.com/ successfully completed with End Event "Document Loaded"    [MsgId: MMSG-205180]	[MsgId: MMSG-205180]
Ending iteration 5.	[MsgId: MMSG-15965]
Starting iteration 6.	[MsgId: MMSG-15968]
t=00026526ms: Step 1: Wait 3 seconds started    [MsgId: MMSG-205180]	[MsgId: MMSG-205180]
t=00029731ms: Step 1: Wait 3 seconds successfully completed with End Event "Action completed"    [MsgId: MMSG-205180]	[MsgId: MMSG-205180]
t=00030235ms: Step 2: Navigate to "http://advantageonlineshopping.com/" started    [MsgId: MMSG-205180]	[MsgId: MMSG-205180]
t=00031261ms: Step 2: Navigate to http://advantageonlineshopping.com/ successfully completed with End Event "Document Loaded"    [MsgId: MMSG-205180]	[MsgId: MMSG-205180]
Ending iteration 6.	[MsgId: MMSG-15965]
Starting iteration 7.	[MsgId: MMSG-15968]
t=00031946ms: Step 1: Wait 3 seconds started    [MsgId: MMSG-205180]	[MsgId: MMSG-205180]
t=00035138ms: Step 1: Wait 3 seconds successfully completed with End Event "Action completed"    [MsgId: MMSG-205180]	[MsgId: MMSG-205180]
t=00035641ms: Step 2: Navigate to "http://advantageonlineshopping.com/" started    [MsgId: MMSG-205180]	[MsgId: MMSG-205180]
t=00036315ms: Step 2: Navigate to http://advantageonlineshopping.com/ successfully completed with End Event "Document Loaded"    [MsgId: MMSG-205180]	[MsgId: MMSG-205180]
Ending iteration 7.	[MsgId: MMSG-15965]
Starting iteration 8.	[MsgId: MMSG-15968]
t=00036677ms: Step 1: Wait 3 seconds started    [MsgId: MMSG-205180]	[MsgId: MMSG-205180]
t=00039881ms: Step 1: Wait 3 seconds successfully completed with End Event "Action completed"    [MsgId: MMSG-205180]	[MsgId: MMSG-205180]
t=00040382ms: Step 2: Navigate to "http://advantageonlineshopping.com/" started    [MsgId: MMSG-205180]	[MsgId: MMSG-205180]
t=00041050ms: Step 2: Navigate to http://advantageonlineshopping.com/ successfully completed with End Event "Document Loaded"    [MsgId: MMSG-205180]	[MsgId: MMSG-205180]
Ending iteration 8.	[MsgId: MMSG-15965]
Starting iteration 9.	[MsgId: MMSG-15968]
t=00041396ms: Step 1: Wait 3 seconds started    [MsgId: MMSG-205180]	[MsgId: MMSG-205180]
t=00044599ms: Step 1: Wait 3 seconds successfully completed with End Event "Action completed"    [MsgId: MMSG-205180]	[MsgId: MMSG-205180]
t=00045101ms: Step 2: Navigate to "http://advantageonlineshopping.com/" started    [MsgId: MMSG-205180]	[MsgId: MMSG-205180]
t=00045803ms: Step 2: Navigate to http://advantageonlineshopping.com/ successfully completed with End Event "Document Loaded"    [MsgId: MMSG-205180]	[MsgId: MMSG-205180]
Ending iteration 9.	[MsgId: MMSG-15965]
Starting iteration 10.	[MsgId: MMSG-15968]
t=00046124ms: Step 1: Wait 3 seconds started    [MsgId: MMSG-205180]	[MsgId: MMSG-205180]
t=00049329ms: Step 1: Wait 3 seconds successfully completed with End Event "Action completed"    [MsgId: MMSG-205180]	[MsgId: MMSG-205180]
t=00049831ms: Step 2: Navigate to "http://advantageonlineshopping.com/" started    [MsgId: MMSG-205180]	[MsgId: MMSG-205180]
t=00050515ms: Step 2: Navigate to http://advantageonlineshopping.com/ successfully completed with End Event "Document Loaded"    [MsgId: MMSG-205180]	[MsgId: MMSG-205180]
Ending iteration 10.	[MsgId: MMSG-15965]
Starting iteration 11.	[MsgId: MMSG-15968]
t=00050914ms: Step 1: Wait 3 seconds started    [MsgId: MMSG-205180]	[MsgId: MMSG-205180]
t=00054114ms: Step 1: Wait 3 seconds successfully completed with End Event "Action completed"    [MsgId: MMSG-205180]	[MsgId: MMSG-205180]
t=00054616ms: Step 2: Navigate to "http://advantageonlineshopping.com/" started    [MsgId: MMSG-205180]	[MsgId: MMSG-205180]
t=00055287ms: Step 2: Navigate to http://advantageonlineshopping.com/ successfully completed with End Event "Document Loaded"    [MsgId: MMSG-205180]	[MsgId: MMSG-205180]
Ending iteration 11.	[MsgId: MMSG-15965]
Starting iteration 12.	[MsgId: MMSG-15968]
t=00055697ms: Step 1: Wait 3 seconds started    [MsgId: MMSG-205180]	[MsgId: MMSG-205180]
t=00058902ms: Step 1: Wait 3 seconds successfully completed with End Event "Action completed"    [MsgId: MMSG-205180]	[MsgId: MMSG-205180]
t=00059403ms: Step 2: Navigate to "http://advantageonlineshopping.com/" started    [MsgId: MMSG-205180]	[MsgId: MMSG-205180]
t=00060078ms: Step 2: Navigate to http://advantageonlineshopping.com/ successfully completed with End Event "Document Loaded"    [MsgId: MMSG-205180]	[MsgId: MMSG-205180]
Ending iteration 12.	[MsgId: MMSG-15965]
Starting iteration 13.	[MsgId: MMSG-15968]
t=00060470ms: Step 1: Wait 3 seconds started    [MsgId: MMSG-205180]	[MsgId: MMSG-205180]
t=00063674ms: Step 1: Wait 3 seconds successfully completed with End Event "Action completed"    [MsgId: MMSG-205180]	[MsgId: MMSG-205180]
t=00064176ms: Step 2: Navigate to "http://advantageonlineshopping.com/" started    [MsgId: MMSG-205180]	[MsgId: MMSG-205180]
t=00064843ms: Step 2: Navigate to http://advantageonlineshopping.com/ successfully completed with End Event "Document Loaded"    [MsgId: MMSG-205180]	[MsgId: MMSG-205180]
Ending iteration 13.	[MsgId: MMSG-15965]
Starting iteration 14.	[MsgId: MMSG-15968]
t=00065316ms: Step 1: Wait 3 seconds started    [MsgId: MMSG-205180]	[MsgId: MMSG-205180]
t=00068519ms: Step 1: Wait 3 seconds successfully completed with End Event "Action completed"    [MsgId: MMSG-205180]	[MsgId: MMSG-205180]
t=00069021ms: Step 2: Navigate to "http://advantageonlineshopping.com/" started    [MsgId: MMSG-205180]	[MsgId: MMSG-205180]
t=00069686ms: Step 2: Navigate to http://advantageonlineshopping.com/ successfully completed with End Event "Document Loaded"    [MsgId: MMSG-205180]	[MsgId: MMSG-205180]
Ending iteration 14.	[MsgId: MMSG-15965]
Starting iteration 15.	[MsgId: MMSG-15968]
t=00070054ms: Step 1: Wait 3 seconds started    [MsgId: MMSG-205180]	[MsgId: MMSG-205180]
t=00073258ms: Step 1: Wait 3 seconds successfully completed with End Event "Action completed"    [MsgId: MMSG-205180]	[MsgId: MMSG-205180]
t=00073759ms: Step 2: Navigate to "http://advantageonlineshopping.com/" started    [MsgId: MMSG-205180]	[MsgId: MMSG-205180]
t=00074435ms: Step 2: Navigate to http://advantageonlineshopping.com/ successfully completed with End Event "Document Loaded"    [MsgId: MMSG-205180]	[MsgId: MMSG-205180]
Ending iteration 15.	[MsgId: MMSG-15965]
Starting iteration 16.	[MsgId: MMSG-15968]
t=00074830ms: Step 1: Wait 3 seconds started    [MsgId: MMSG-205180]	[MsgId: MMSG-205180]
t=00078034ms: Step 1: Wait 3 seconds successfully completed with End Event "Action completed"    [MsgId: MMSG-205180]	[MsgId: MMSG-205180]
t=00078535ms: Step 2: Navigate to "http://advantageonlineshopping.com/" started    [MsgId: MMSG-205180]	[MsgId: MMSG-205180]
t=00079203ms: Step 2: Navigate to http://advantageonlineshopping.com/ successfully completed with End Event "Document Loaded"    [MsgId: MMSG-205180]	[MsgId: MMSG-205180]
Action was aborted.	[MsgId: MMSG-10694]
Ending Vuser...	[MsgId: MMSG-205066]
Vuser Terminated.	[MsgId: MMSG-205063]
