time="2020-02-19T16:27:04.490177" msg="Configured headers to filter: [Host Content-Length Cookie]"
time="2020-02-19T16:27:04.490177" msg="Configured hosts black list: [.*google.* .*bing.* .*geolocation.* .*gstatic.*]"
time="2020-02-19T16:27:04.490177" msg="Configured extensions to filter: [.ico .png]"
time="2020-02-19T16:27:04.494116" msg="WebRequest [Id: 1] GET 'http://demo.borland.com/InsuranceWebExtJS/'"
time="2020-02-19T16:27:04.494116" msg="Request 'http://demo.borland.com/InsuranceWebExtJS/'
GET http://demo.borland.com/InsuranceWebExtJS/ HTTP/1.1 
Cache-Control: "no-cache" 
User-Agent: "Mozilla/5.0 (Windows NT 10.0; Win64; x64) AppleWebKit/537.36 (KHTML, like Gecko) Chrome/73.0.3683.86 Safari/537.36" 
Accept-Encoding: "gzip, deflate" 
Pragma: "no-cache" 
Connection: "keep-alive" 
Upgrade-Insecure-Requests: "1" 
Accept: "text/html,application/xhtml+xml,application/xml;q=0.9,image/webp,image/apng,*/*;q=0.8,application/signed-exchange;v=b3" 
Accept-Language: "fr-FR,fr;q=0.9,en-US;q=0.8,en;q=0.7" 
Host: "demo.borland.com" 
"
time="2020-02-19T16:27:04.494116" msg="Response 'http://demo.borland.com/InsuranceWebExtJS/'
HTTP/1.1 200 OK 
Cache-Control: "no-cache,must-revalidate" 
Content-Type: "text/html;charset=UTF-8" 
Vary: "Accept-Encoding" 
Set-Cookie: "JSESSIONID=1576411CB36EF57546A9FECBF33C7B09; Path=/InsuranceWebExtJS/; HttpOnly" 
Date: "Wed, 27 Mar 2019 16:09:14 GMT" 
Pragma: "no-cache" 
Content-Encoding: "gzip" 
Expires: "Mon, 8 Aug 2000 10:00:00 GMT" 
Server: "Microsoft-IIS/7.5" 
X-Powered-By: "ASP.NET" 
X-FRAME-OPTIONS: "SAMEORIGIN" 
Content-Length: "2628" 
"
time="2020-02-19T16:27:04.494116" msg="Request 'http://demo.borland.com/InsuranceWebExtJS/javascript/menu.js'
GET http://demo.borland.com/InsuranceWebExtJS/javascript/menu.js http/1.1 
User-Agent: "Mozilla/5.0 (Windows NT 10.0; Win64; x64) AppleWebKit/537.36 (KHTML, like Gecko) Chrome/73.0.3683.86 Safari/537.36" 
Referer: "http://demo.borland.com/InsuranceWebExtJS/" 
"
time="2020-02-19T16:27:04.494116" msg="Response 'http://demo.borland.com/InsuranceWebExtJS/javascript/menu.js'
http/1.1 200 OK 
Date: "Wed, 27 Mar 2019 16:09:14 GMT" 
Server: "Microsoft-IIS/7.5" 
X-Powered-By: "ASP.NET" 
Content-Length: "1641" 
ETag: "W/\"1641-1355218844000\"" 
Last-Modified: "Tue, 11 Dec 2012 09:40:44 GMT" 
X-FRAME-OPTIONS: "SAMEORIGIN" 
Content-Type: "application/javascript" 
Accept-Ranges: "bytes" 
"
time="2020-02-19T16:27:04.494116" msg="Request 'http://demo.borland.com/InsuranceWebExtJS/css/style.css'
GET http://demo.borland.com/InsuranceWebExtJS/css/style.css http/1.1 
Referer: "http://demo.borland.com/InsuranceWebExtJS/" 
User-Agent: "Mozilla/5.0 (Windows NT 10.0; Win64; x64) AppleWebKit/537.36 (KHTML, like Gecko) Chrome/73.0.3683.86 Safari/537.36" 
"
time="2020-02-19T16:27:04.494116" msg="Response 'http://demo.borland.com/InsuranceWebExtJS/css/style.css'
http/1.1 200 OK 
Server: "Microsoft-IIS/7.5" 
Content-Type: "text/css" 
Accept-Ranges: "bytes" 
Content-Encoding: "gzip" 
ETag: "W/\"8254-1355218836000\"" 
Last-Modified: "Tue, 11 Dec 2012 09:40:36 GMT" 
X-FRAME-OPTIONS: "SAMEORIGIN" 
X-Powered-By: "ASP.NET" 
Vary: "Accept-Encoding" 
Content-Length: "2399" 
Date: "Wed, 27 Mar 2019 16:09:14 GMT" 
"
time="2020-02-19T16:27:04.494116" msg="Request 'http://demo.borland.com/InsuranceWebExtJS/images/login.gif;jsessionid=1576411CB36EF57546A9FECBF33C7B09'
GET http://demo.borland.com/InsuranceWebExtJS/images/login.gif;jsessionid=1576411CB36EF57546A9FECBF33C7B09 http/1.1 
Referer: "http://demo.borland.com/InsuranceWebExtJS/" 
User-Agent: "Mozilla/5.0 (Windows NT 10.0; Win64; x64) AppleWebKit/537.36 (KHTML, like Gecko) Chrome/73.0.3683.86 Safari/537.36" 
"
time="2020-02-19T16:27:04.494116" msg="Response 'http://demo.borland.com/InsuranceWebExtJS/images/login.gif;jsessionid=1576411CB36EF57546A9FECBF33C7B09'
http/1.1 200 OK 
X-Powered-By: "ASP.NET" 
Accept-Ranges: "bytes" 
Content-Length: "1666" 
Date: "Wed, 27 Mar 2019 16:09:14 GMT" 
Last-Modified: "Tue, 11 Dec 2012 09:40:44 GMT" 
X-FRAME-OPTIONS: "SAMEORIGIN" 
Content-Type: "image/gif" 
ETag: "W/\"1666-1355218844000\"" 
Server: "Microsoft-IIS/7.5" 
"
time="2020-02-19T16:27:04.494116" msg="Request 'http://demo.borland.com/InsuranceWebExtJS/images/submit2.gif'
GET http://demo.borland.com/InsuranceWebExtJS/images/submit2.gif http/1.1 
Referer: "http://demo.borland.com/InsuranceWebExtJS/" 
User-Agent: "Mozilla/5.0 (Windows NT 10.0; Win64; x64) AppleWebKit/537.36 (KHTML, like Gecko) Chrome/73.0.3683.86 Safari/537.36" 
"
time="2020-02-19T16:27:04.494116" msg="Response 'http://demo.borland.com/InsuranceWebExtJS/images/submit2.gif'
http/1.1 200 OK 
X-Powered-By: "ASP.NET" 
Content-Length: "900" 
Date: "Wed, 27 Mar 2019 16:09:14 GMT" 
ETag: "W/\"900-1355218844000\"" 
Last-Modified: "Tue, 11 Dec 2012 09:40:44 GMT" 
Server: "Microsoft-IIS/7.5" 
X-FRAME-OPTIONS: "SAMEORIGIN" 
Content-Type: "image/gif" 
Accept-Ranges: "bytes" 
"
time="2020-02-19T16:27:04.494116" msg="Request 'http://demo.borland.com/InsuranceWebExtJS/images/main_services.gif'
GET http://demo.borland.com/InsuranceWebExtJS/images/main_services.gif http/1.1 
Referer: "http://demo.borland.com/InsuranceWebExtJS/" 
User-Agent: "Mozilla/5.0 (Windows NT 10.0; Win64; x64) AppleWebKit/537.36 (KHTML, like Gecko) Chrome/73.0.3683.86 Safari/537.36" 
"
time="2020-02-19T16:27:04.494116" msg="Response 'http://demo.borland.com/InsuranceWebExtJS/images/main_services.gif'
http/1.1 200 OK 
ETag: "W/\"2799-1355218844000\"" 
Server: "Microsoft-IIS/7.5" 
X-Powered-By: "ASP.NET" 
Content-Type: "image/gif" 
Content-Length: "2799" 
Date: "Wed, 27 Mar 2019 16:09:14 GMT" 
Last-Modified: "Tue, 11 Dec 2012 09:40:44 GMT" 
X-FRAME-OPTIONS: "SAMEORIGIN" 
Accept-Ranges: "bytes" 
"
time="2020-02-19T16:27:04.494116" msg="Request 'http://demo.borland.com/InsuranceWebExtJS/images/highlights.gif'
GET http://demo.borland.com/InsuranceWebExtJS/images/highlights.gif http/1.1 
Referer: "http://demo.borland.com/InsuranceWebExtJS/" 
User-Agent: "Mozilla/5.0 (Windows NT 10.0; Win64; x64) AppleWebKit/537.36 (KHTML, like Gecko) Chrome/73.0.3683.86 Safari/537.36" 
"
time="2020-02-19T16:27:04.494116" msg="Response 'http://demo.borland.com/InsuranceWebExtJS/images/highlights.gif'
http/1.1 200 OK 
Date: "Wed, 27 Mar 2019 16:09:14 GMT" 
ETag: "W/\"2660-1355218844000\"" 
X-FRAME-OPTIONS: "SAMEORIGIN" 
Content-Length: "2660" 
Accept-Ranges: "bytes" 
Last-Modified: "Tue, 11 Dec 2012 09:40:44 GMT" 
Server: "Microsoft-IIS/7.5" 
X-Powered-By: "ASP.NET" 
Content-Type: "image/gif" 
"
time="2020-02-19T16:27:04.494116" msg="Request 'http://demo.borland.com/InsuranceWebExtJS/images/signup.gif;jsessionid=1576411CB36EF57546A9FECBF33C7B09'
GET http://demo.borland.com/InsuranceWebExtJS/images/signup.gif;jsessionid=1576411CB36EF57546A9FECBF33C7B09 http/1.1 
Referer: "http://demo.borland.com/InsuranceWebExtJS/" 
User-Agent: "Mozilla/5.0 (Windows NT 10.0; Win64; x64) AppleWebKit/537.36 (KHTML, like Gecko) Chrome/73.0.3683.86 Safari/537.36" 
"
time="2020-02-19T16:27:04.494116" msg="Response 'http://demo.borland.com/InsuranceWebExtJS/images/signup.gif;jsessionid=1576411CB36EF57546A9FECBF33C7B09'
http/1.1 200 OK 
Last-Modified: "Tue, 11 Dec 2012 09:40:44 GMT" 
Server: "Microsoft-IIS/7.5" 
X-Powered-By: "ASP.NET" 
X-FRAME-OPTIONS: "SAMEORIGIN" 
Content-Type: "image/gif" 
Accept-Ranges: "bytes" 
Date: "Wed, 27 Mar 2019 16:09:14 GMT" 
ETag: "W/\"1686-1355218844000\"" 
Content-Length: "1686" 
"
time="2020-02-19T16:27:04.494116" msg="Request 'http://demo.borland.com/InsuranceWebExtJS/images/profile.gif'
GET http://demo.borland.com/InsuranceWebExtJS/images/profile.gif http/1.1 
Referer: "http://demo.borland.com/InsuranceWebExtJS/" 
User-Agent: "Mozilla/5.0 (Windows NT 10.0; Win64; x64) AppleWebKit/537.36 (KHTML, like Gecko) Chrome/73.0.3683.86 Safari/537.36" 
"
time="2020-02-19T16:27:04.494116" msg="Response 'http://demo.borland.com/InsuranceWebExtJS/images/profile.gif'
http/1.1 200 OK 
Date: "Wed, 27 Mar 2019 16:09:14 GMT" 
Last-Modified: "Tue, 11 Dec 2012 09:40:44 GMT" 
X-FRAME-OPTIONS: "SAMEORIGIN" 
Content-Type: "image/gif" 
Accept-Ranges: "bytes" 
ETag: "W/\"2594-1355218844000\"" 
Server: "Microsoft-IIS/7.5" 
X-Powered-By: "ASP.NET" 
Content-Length: "2594" 
"
time="2020-02-19T16:27:04.494116" msg="Request 'http://demo.borland.com/InsuranceWebExtJS/images/spacer.gif'
GET http://demo.borland.com/InsuranceWebExtJS/images/spacer.gif http/1.1 
Referer: "http://demo.borland.com/InsuranceWebExtJS/" 
User-Agent: "Mozilla/5.0 (Windows NT 10.0; Win64; x64) AppleWebKit/537.36 (KHTML, like Gecko) Chrome/73.0.3683.86 Safari/537.36" 
"
time="2020-02-19T16:27:04.494116" msg="Response 'http://demo.borland.com/InsuranceWebExtJS/images/spacer.gif'
http/1.1 200 OK 
Date: "Wed, 27 Mar 2019 16:09:14 GMT" 
ETag: "W/\"43-1355218844000\"" 
Last-Modified: "Tue, 11 Dec 2012 09:40:44 GMT" 
Server: "Microsoft-IIS/7.5" 
X-Powered-By: "ASP.NET" 
Content-Type: "image/gif" 
Accept-Ranges: "bytes" 
X-FRAME-OPTIONS: "SAMEORIGIN" 
Content-Length: "43" 
"
time="2020-02-19T16:27:04.494116" msg="Request 'http://demo.borland.com/InsuranceWebExtJS/images/h_back2.jpg'
GET http://demo.borland.com/InsuranceWebExtJS/images/h_back2.jpg http/1.1 
Referer: "http://demo.borland.com/InsuranceWebExtJS/css/style.css" 
User-Agent: "Mozilla/5.0 (Windows NT 10.0; Win64; x64) AppleWebKit/537.36 (KHTML, like Gecko) Chrome/73.0.3683.86 Safari/537.36" 
"
time="2020-02-19T16:27:04.494116" msg="Response 'http://demo.borland.com/InsuranceWebExtJS/images/h_back2.jpg'
http/1.1 200 OK 
Server: "Microsoft-IIS/7.5" 
Content-Type: "image/jpeg" 
Accept-Ranges: "bytes" 
Date: "Wed, 27 Mar 2019 16:09:14 GMT" 
ETag: "W/\"1878-1355218844000\"" 
X-FRAME-OPTIONS: "SAMEORIGIN" 
Content-Length: "1878" 
Last-Modified: "Tue, 11 Dec 2012 09:40:44 GMT" 
X-Powered-By: "ASP.NET" 
"
time="2020-02-19T16:27:04.494116" msg="Request 'http://demo.borland.com/InsuranceWebExtJS/images/pimp1.gif'
GET http://demo.borland.com/InsuranceWebExtJS/images/pimp1.gif http/1.1 
Referer: "http://demo.borland.com/InsuranceWebExtJS/css/style.css" 
User-Agent: "Mozilla/5.0 (Windows NT 10.0; Win64; x64) AppleWebKit/537.36 (KHTML, like Gecko) Chrome/73.0.3683.86 Safari/537.36" 
"
time="2020-02-19T16:27:04.494116" msg="Response 'http://demo.borland.com/InsuranceWebExtJS/images/pimp1.gif'
http/1.1 200 OK 
Content-Length: "64" 
Date: "Wed, 27 Mar 2019 16:09:14 GMT" 
ETag: "W/\"64-1355218844000\"" 
Server: "Microsoft-IIS/7.5" 
Content-Type: "image/gif" 
Accept-Ranges: "bytes" 
Last-Modified: "Tue, 11 Dec 2012 09:40:44 GMT" 
X-Powered-By: "ASP.NET" 
X-FRAME-OPTIONS: "SAMEORIGIN" 
"
time="2020-02-19T16:27:04.494116" msg="Request 'http://demo.borland.com/InsuranceWebExtJS/images/ltc.gif'
GET http://demo.borland.com/InsuranceWebExtJS/images/ltc.gif http/1.1 
Referer: "http://demo.borland.com/InsuranceWebExtJS/css/style.css" 
User-Agent: "Mozilla/5.0 (Windows NT 10.0; Win64; x64) AppleWebKit/537.36 (KHTML, like Gecko) Chrome/73.0.3683.86 Safari/537.36" 
"
time="2020-02-19T16:27:04.494116" msg="Response 'http://demo.borland.com/InsuranceWebExtJS/images/ltc.gif'
http/1.1 200 OK 
ETag: "W/\"120-1355218844000\"" 
Last-Modified: "Tue, 11 Dec 2012 09:40:44 GMT" 
Content-Type: "image/gif" 
Content-Length: "120" 
Date: "Wed, 27 Mar 2019 16:09:14 GMT" 
X-Powered-By: "ASP.NET" 
X-FRAME-OPTIONS: "SAMEORIGIN" 
Accept-Ranges: "bytes" 
Server: "Microsoft-IIS/7.5" 
"
time="2020-02-19T16:27:04.494116" msg="Request 'http://demo.borland.com/InsuranceWebExtJS/images/lbc.gif'
GET http://demo.borland.com/InsuranceWebExtJS/images/lbc.gif http/1.1 
Referer: "http://demo.borland.com/InsuranceWebExtJS/css/style.css" 
User-Agent: "Mozilla/5.0 (Windows NT 10.0; Win64; x64) AppleWebKit/537.36 (KHTML, like Gecko) Chrome/73.0.3683.86 Safari/537.36" 
"
time="2020-02-19T16:27:04.494116" msg="Response 'http://demo.borland.com/InsuranceWebExtJS/images/lbc.gif'
http/1.1 200 OK 
Date: "Wed, 27 Mar 2019 16:09:14 GMT" 
ETag: "W/\"118-1355218844000\"" 
Server: "Microsoft-IIS/7.5" 
X-FRAME-OPTIONS: "SAMEORIGIN" 
Content-Type: "image/gif" 
Accept-Ranges: "bytes" 
Content-Length: "118" 
Last-Modified: "Tue, 11 Dec 2012 09:40:44 GMT" 
X-Powered-By: "ASP.NET" 
"
time="2020-02-19T16:27:04.49519" msg="Request 'http://demo.borland.com/InsuranceWebExtJS/images/rtc.gif'
GET http://demo.borland.com/InsuranceWebExtJS/images/rtc.gif http/1.1 
User-Agent: "Mozilla/5.0 (Windows NT 10.0; Win64; x64) AppleWebKit/537.36 (KHTML, like Gecko) Chrome/73.0.3683.86 Safari/537.36" 
Referer: "http://demo.borland.com/InsuranceWebExtJS/css/style.css" 
"
time="2020-02-19T16:27:04.49519" msg="Response 'http://demo.borland.com/InsuranceWebExtJS/images/rtc.gif'
http/1.1 200 OK 
Server: "Microsoft-IIS/7.5" 
X-FRAME-OPTIONS: "SAMEORIGIN" 
ETag: "W/\"120-1355218844000\"" 
Last-Modified: "Tue, 11 Dec 2012 09:40:44 GMT" 
X-Powered-By: "ASP.NET" 
Content-Type: "image/gif" 
Accept-Ranges: "bytes" 
Content-Length: "120" 
Date: "Wed, 27 Mar 2019 16:09:14 GMT" 
"
time="2020-02-19T16:27:04.49519" msg="Request 'http://demo.borland.com/InsuranceWebExtJS/images/rbc.gif'
GET http://demo.borland.com/InsuranceWebExtJS/images/rbc.gif http/1.1 
Referer: "http://demo.borland.com/InsuranceWebExtJS/css/style.css" 
User-Agent: "Mozilla/5.0 (Windows NT 10.0; Win64; x64) AppleWebKit/537.36 (KHTML, like Gecko) Chrome/73.0.3683.86 Safari/537.36" 
"
time="2020-02-19T16:27:04.49519" msg="Response 'http://demo.borland.com/InsuranceWebExtJS/images/rbc.gif'
http/1.1 200 OK 
X-Powered-By: "ASP.NET" 
Accept-Ranges: "bytes" 
Date: "Wed, 27 Mar 2019 16:09:14 GMT" 
ETag: "W/\"121-1355218844000\"" 
Server: "Microsoft-IIS/7.5" 
Content-Length: "121" 
Last-Modified: "Tue, 11 Dec 2012 09:40:44 GMT" 
X-FRAME-OPTIONS: "SAMEORIGIN" 
Content-Type: "image/gif" 
"
time="2020-02-19T16:27:04.49519" msg="Request 'http://demo.borland.com/InsuranceWebExtJS/images/pimp2.gif'
GET http://demo.borland.com/InsuranceWebExtJS/images/pimp2.gif http/1.1 
Referer: "http://demo.borland.com/InsuranceWebExtJS/css/style.css" 
User-Agent: "Mozilla/5.0 (Windows NT 10.0; Win64; x64) AppleWebKit/537.36 (KHTML, like Gecko) Chrome/73.0.3683.86 Safari/537.36" 
"
time="2020-02-19T16:27:04.49519" msg="Response 'http://demo.borland.com/InsuranceWebExtJS/images/pimp2.gif'
http/1.1 200 OK 
X-Powered-By: "ASP.NET" 
X-FRAME-OPTIONS: "SAMEORIGIN" 
Content-Type: "image/gif" 
Content-Length: "46" 
Date: "Wed, 27 Mar 2019 16:09:14 GMT" 
ETag: "W/\"46-1355218844000\"" 
Last-Modified: "Tue, 11 Dec 2012 09:40:44 GMT" 
Server: "Microsoft-IIS/7.5" 
Accept-Ranges: "bytes" 
"
time="2020-02-19T16:27:04.49519" msg="Request 'http://demo.borland.com/InsuranceWebExtJS/images/pimp3.gif'
GET http://demo.borland.com/InsuranceWebExtJS/images/pimp3.gif http/1.1 
Referer: "http://demo.borland.com/InsuranceWebExtJS/css/style.css" 
User-Agent: "Mozilla/5.0 (Windows NT 10.0; Win64; x64) AppleWebKit/537.36 (KHTML, like Gecko) Chrome/73.0.3683.86 Safari/537.36" 
"
time="2020-02-19T16:27:04.49519" msg="Response 'http://demo.borland.com/InsuranceWebExtJS/images/pimp3.gif'
http/1.1 200 OK 
Date: "Wed, 27 Mar 2019 16:09:14 GMT" 
Last-Modified: "Tue, 11 Dec 2012 09:40:44 GMT" 
Server: "Microsoft-IIS/7.5" 
X-FRAME-OPTIONS: "SAMEORIGIN" 
Content-Type: "image/gif" 
Content-Length: "91" 
ETag: "W/\"91-1355218844000\"" 
X-Powered-By: "ASP.NET" 
Accept-Ranges: "bytes" 
"
time="2020-02-19T16:27:04.49519" msg="Request 'http://demo.borland.com/InsuranceWebExtJS/images/ltc1.gif'
GET http://demo.borland.com/InsuranceWebExtJS/images/ltc1.gif http/1.1 
Referer: "http://demo.borland.com/InsuranceWebExtJS/css/style.css" 
User-Agent: "Mozilla/5.0 (Windows NT 10.0; Win64; x64) AppleWebKit/537.36 (KHTML, like Gecko) Chrome/73.0.3683.86 Safari/537.36" 
"
time="2020-02-19T16:27:04.49519" msg="Response 'http://demo.borland.com/InsuranceWebExtJS/images/ltc1.gif'
http/1.1 200 OK 
Server: "Microsoft-IIS/7.5" 
Content-Type: "image/gif" 
Content-Length: "115" 
ETag: "W/\"115-1355218844000\"" 
Last-Modified: "Tue, 11 Dec 2012 09:40:44 GMT" 
X-Powered-By: "ASP.NET" 
X-FRAME-OPTIONS: "SAMEORIGIN" 
Accept-Ranges: "bytes" 
Date: "Wed, 27 Mar 2019 16:09:14 GMT" 
"
time="2020-02-19T16:27:04.49519" msg="Request 'http://demo.borland.com/InsuranceWebExtJS/images/rtc1.gif'
GET http://demo.borland.com/InsuranceWebExtJS/images/rtc1.gif http/1.1 
Referer: "http://demo.borland.com/InsuranceWebExtJS/css/style.css" 
User-Agent: "Mozilla/5.0 (Windows NT 10.0; Win64; x64) AppleWebKit/537.36 (KHTML, like Gecko) Chrome/73.0.3683.86 Safari/537.36" 
"
time="2020-02-19T16:27:04.49519" msg="Response 'http://demo.borland.com/InsuranceWebExtJS/images/rtc1.gif'
http/1.1 200 OK 
Date: "Wed, 27 Mar 2019 16:09:14 GMT" 
Server: "Microsoft-IIS/7.5" 
X-Powered-By: "ASP.NET" 
Content-Type: "image/gif" 
ETag: "W/\"117-1355218844000\"" 
Last-Modified: "Tue, 11 Dec 2012 09:40:44 GMT" 
X-FRAME-OPTIONS: "SAMEORIGIN" 
Accept-Ranges: "bytes" 
Content-Length: "117" 
"
time="2020-02-19T16:27:04.49519" msg="Request 'http://demo.borland.com/InsuranceWebExtJS/images/lbc1.gif'
GET http://demo.borland.com/InsuranceWebExtJS/images/lbc1.gif http/1.1 
User-Agent: "Mozilla/5.0 (Windows NT 10.0; Win64; x64) AppleWebKit/537.36 (KHTML, like Gecko) Chrome/73.0.3683.86 Safari/537.36" 
Referer: "http://demo.borland.com/InsuranceWebExtJS/css/style.css" 
"
time="2020-02-19T16:27:04.49519" msg="Response 'http://demo.borland.com/InsuranceWebExtJS/images/lbc1.gif'
http/1.1 200 OK 
ETag: "W/\"115-1355218844000\"" 
X-FRAME-OPTIONS: "SAMEORIGIN" 
Content-Type: "image/gif" 
Accept-Ranges: "bytes" 
Content-Length: "115" 
Date: "Wed, 27 Mar 2019 16:09:14 GMT" 
Last-Modified: "Tue, 11 Dec 2012 09:40:44 GMT" 
Server: "Microsoft-IIS/7.5" 
X-Powered-By: "ASP.NET" 
"
time="2020-02-19T16:27:04.49519" msg="Request 'http://demo.borland.com/InsuranceWebExtJS/images/rbc1.gif'
GET http://demo.borland.com/InsuranceWebExtJS/images/rbc1.gif http/1.1 
Referer: "http://demo.borland.com/InsuranceWebExtJS/css/style.css" 
User-Agent: "Mozilla/5.0 (Windows NT 10.0; Win64; x64) AppleWebKit/537.36 (KHTML, like Gecko) Chrome/73.0.3683.86 Safari/537.36" 
"
time="2020-02-19T16:27:04.49519" msg="Response 'http://demo.borland.com/InsuranceWebExtJS/images/rbc1.gif'
http/1.1 200 OK 
Content-Length: "115" 
ETag: "W/\"115-1355218844000\"" 
Last-Modified: "Tue, 11 Dec 2012 09:40:44 GMT" 
Server: "Microsoft-IIS/7.5" 
X-FRAME-OPTIONS: "SAMEORIGIN" 
Content-Type: "image/gif" 
Accept-Ranges: "bytes" 
Date: "Wed, 27 Mar 2019 16:09:14 GMT" 
X-Powered-By: "ASP.NET" 
"
time="2020-02-19T16:27:04.498232" msg="WebRequest [Id: 2] POST 'http://demo.borland.com/InsuranceWebExtJS/index.jsf;jsessionid=1576411CB36EF57546A9FECBF33C7B09'"
time="2020-02-19T16:27:04.498232" msg="Request 'http://demo.borland.com/InsuranceWebExtJS/index.jsf;jsessionid=1576411CB36EF57546A9FECBF33C7B09'
POST http://demo.borland.com/InsuranceWebExtJS/index.jsf;jsessionid=1576411CB36EF57546A9FECBF33C7B09 HTTP/1.1 
Cookie: "JSESSIONID=1576411CB36EF57546A9FECBF33C7B09" 
Host: "demo.borland.com" 
Upgrade-Insecure-Requests: "1" 
Referer: "http://demo.borland.com/InsuranceWebExtJS/" 
Cache-Control: "no-cache" 
User-Agent: "Mozilla/5.0 (Windows NT 10.0; Win64; x64) AppleWebKit/537.36 (KHTML, like Gecko) Chrome/73.0.3683.86 Safari/537.36" 
Accept-Language: "fr-FR,fr;q=0.9,en-US;q=0.8,en;q=0.7" 
Accept: "text/html,application/xhtml+xml,application/xml;q=0.9,image/webp,image/apng,*/*;q=0.8,application/signed-exchange;v=b3" 
Accept-Encoding: "gzip, deflate" 
Connection: "keep-alive" 
Content-Length: "173" 
Content-Type: "application/x-www-form-urlencoded" 
Pragma: "no-cache" 
Origin: "http://demo.borland.com" 
"
time="2020-02-19T16:27:04.498232" msg="Response 'http://demo.borland.com/InsuranceWebExtJS/index.jsf;jsessionid=1576411CB36EF57546A9FECBF33C7B09'
HTTP/1.1 200 OK 
Expires: "Mon, 8 Aug 2000 10:00:00 GMT" 
Server: "Microsoft-IIS/7.5" 
Date: "Wed, 27 Mar 2019 16:09:34 GMT" 
Cache-Control: "no-cache,must-revalidate" 
Content-Encoding: "gzip" 
Vary: "Accept-Encoding" 
X-Powered-By: "ASP.NET" 
Set-Cookie: "UserSessionFilter.sessionId=1576411CB36EF57546A9FECBF33C7B09; Expires=Thu, 26-Mar-2020 16:09:35 GMT" 
X-FRAME-OPTIONS: "SAMEORIGIN" 
Content-Length: "2570" 
Pragma: "no-cache" 
Content-Type: "text/html;charset=UTF-8" 
"
time="2020-02-19T16:27:04.498232" msg="Request 'http://demo.borland.com/InsuranceWebExtJS/css/style.css'
GET http://demo.borland.com/InsuranceWebExtJS/css/style.css http/1.1 
Referer: "http://demo.borland.com/InsuranceWebExtJS/index.jsf;jsessionid=1576411CB36EF57546A9FECBF33C7B09" 
User-Agent: "Mozilla/5.0 (Windows NT 10.0; Win64; x64) AppleWebKit/537.36 (KHTML, like Gecko) Chrome/73.0.3683.86 Safari/537.36" 
"
time="2020-02-19T16:27:04.498232" msg="Response 'http://demo.borland.com/InsuranceWebExtJS/css/style.css'
http/1.1 200 OK 
Content-Encoding: "gzip" 
Last-Modified: "Tue, 11 Dec 2012 09:40:36 GMT" 
X-FRAME-OPTIONS: "SAMEORIGIN" 
Content-Type: "text/css" 
Vary: "Accept-Encoding" 
Accept-Ranges: "bytes" 
Content-Length: "2399" 
Date: "Wed, 27 Mar 2019 16:09:35 GMT" 
ETag: "W/\"8254-1355218836000\"" 
Server: "Microsoft-IIS/7.5" 
X-Powered-By: "ASP.NET" 
"
time="2020-02-19T16:27:04.498232" msg="Request 'http://demo.borland.com/InsuranceWebExtJS/javascript/menu.js'
GET http://demo.borland.com/InsuranceWebExtJS/javascript/menu.js http/1.1 
Referer: "http://demo.borland.com/InsuranceWebExtJS/index.jsf;jsessionid=1576411CB36EF57546A9FECBF33C7B09" 
User-Agent: "Mozilla/5.0 (Windows NT 10.0; Win64; x64) AppleWebKit/537.36 (KHTML, like Gecko) Chrome/73.0.3683.86 Safari/537.36" 
"
time="2020-02-19T16:27:04.498232" msg="Response 'http://demo.borland.com/InsuranceWebExtJS/javascript/menu.js'
http/1.1 200 OK 
Last-Modified: "Tue, 11 Dec 2012 09:40:44 GMT" 
Server: "Microsoft-IIS/7.5" 
X-Powered-By: "ASP.NET" 
Content-Type: "application/javascript" 
Accept-Ranges: "bytes" 
Date: "Wed, 27 Mar 2019 16:09:35 GMT" 
ETag: "W/\"1641-1355218844000\"" 
X-FRAME-OPTIONS: "SAMEORIGIN" 
Content-Length: "1641" 
"
time="2020-02-19T16:27:04.498232" msg="Request 'http://demo.borland.com/InsuranceWebExtJS/images/details.gif'
GET http://demo.borland.com/InsuranceWebExtJS/images/details.gif http/1.1 
Referer: "http://demo.borland.com/InsuranceWebExtJS/index.jsf;jsessionid=1576411CB36EF57546A9FECBF33C7B09" 
User-Agent: "Mozilla/5.0 (Windows NT 10.0; Win64; x64) AppleWebKit/537.36 (KHTML, like Gecko) Chrome/73.0.3683.86 Safari/537.36" 
"
time="2020-02-19T16:27:04.498232" msg="Response 'http://demo.borland.com/InsuranceWebExtJS/images/details.gif'
http/1.1 200 OK 
X-FRAME-OPTIONS: "SAMEORIGIN" 
Content-Type: "image/gif" 
Content-Length: "1661" 
Date: "Wed, 27 Mar 2019 16:09:35 GMT" 
Last-Modified: "Tue, 11 Dec 2012 09:40:44 GMT" 
Server: "Microsoft-IIS/7.5" 
ETag: "W/\"1661-1355218844000\"" 
X-Powered-By: "ASP.NET" 
Accept-Ranges: "bytes" 
"
time="2020-02-19T16:27:04.498232" msg="Request 'http://demo.borland.com/InsuranceWebExtJS/images/logout.gif'
GET http://demo.borland.com/InsuranceWebExtJS/images/logout.gif http/1.1 
Referer: "http://demo.borland.com/InsuranceWebExtJS/index.jsf;jsessionid=1576411CB36EF57546A9FECBF33C7B09" 
User-Agent: "Mozilla/5.0 (Windows NT 10.0; Win64; x64) AppleWebKit/537.36 (KHTML, like Gecko) Chrome/73.0.3683.86 Safari/537.36" 
"
time="2020-02-19T16:27:04.498232" msg="Response 'http://demo.borland.com/InsuranceWebExtJS/images/logout.gif'
http/1.1 200 OK 
ETag: "W/\"1678-1355218844000\"" 
X-Powered-By: "ASP.NET" 
X-FRAME-OPTIONS: "SAMEORIGIN" 
Content-Type: "image/gif" 
Accept-Ranges: "bytes" 
Content-Length: "1678" 
Date: "Wed, 27 Mar 2019 16:09:35 GMT" 
Last-Modified: "Tue, 11 Dec 2012 09:40:44 GMT" 
Server: "Microsoft-IIS/7.5" 
"
time="2020-02-19T16:27:04.498232" msg="Request 'http://demo.borland.com/InsuranceWebExtJS/images/spacer.gif'
GET http://demo.borland.com/InsuranceWebExtJS/images/spacer.gif http/1.1 
Referer: "http://demo.borland.com/InsuranceWebExtJS/index.jsf;jsessionid=1576411CB36EF57546A9FECBF33C7B09" 
User-Agent: "Mozilla/5.0 (Windows NT 10.0; Win64; x64) AppleWebKit/537.36 (KHTML, like Gecko) Chrome/73.0.3683.86 Safari/537.36" 
"
time="2020-02-19T16:27:04.498232" msg="Response 'http://demo.borland.com/InsuranceWebExtJS/images/spacer.gif'
http/1.1 200 OK 
X-FRAME-OPTIONS: "SAMEORIGIN" 
Content-Length: "43" 
Date: "Wed, 27 Mar 2019 16:09:35 GMT" 
X-Powered-By: "ASP.NET" 
Server: "Microsoft-IIS/7.5" 
Content-Type: "image/gif" 
Accept-Ranges: "bytes" 
ETag: "W/\"43-1355218844000\"" 
Last-Modified: "Tue, 11 Dec 2012 09:40:44 GMT" 
"
time="2020-02-19T16:27:04.498232" msg="Request 'http://demo.borland.com/InsuranceWebExtJS/images/main_services.gif'
GET http://demo.borland.com/InsuranceWebExtJS/images/main_services.gif http/1.1 
User-Agent: "Mozilla/5.0 (Windows NT 10.0; Win64; x64) AppleWebKit/537.36 (KHTML, like Gecko) Chrome/73.0.3683.86 Safari/537.36" 
Referer: "http://demo.borland.com/InsuranceWebExtJS/index.jsf;jsessionid=1576411CB36EF57546A9FECBF33C7B09" 
"
time="2020-02-19T16:27:04.498232" msg="Response 'http://demo.borland.com/InsuranceWebExtJS/images/main_services.gif'
http/1.1 200 OK 
Last-Modified: "Tue, 11 Dec 2012 09:40:44 GMT" 
Server: "Microsoft-IIS/7.5" 
Content-Type: "image/gif" 
Content-Length: "2799" 
Accept-Ranges: "bytes" 
Date: "Wed, 27 Mar 2019 16:09:35 GMT" 
ETag: "W/\"2799-1355218844000\"" 
X-Powered-By: "ASP.NET" 
X-FRAME-OPTIONS: "SAMEORIGIN" 
"
time="2020-02-19T16:27:04.498232" msg="Request 'http://demo.borland.com/InsuranceWebExtJS/images/highlights.gif'
GET http://demo.borland.com/InsuranceWebExtJS/images/highlights.gif http/1.1 
Referer: "http://demo.borland.com/InsuranceWebExtJS/index.jsf;jsessionid=1576411CB36EF57546A9FECBF33C7B09" 
User-Agent: "Mozilla/5.0 (Windows NT 10.0; Win64; x64) AppleWebKit/537.36 (KHTML, like Gecko) Chrome/73.0.3683.86 Safari/537.36" 
"
time="2020-02-19T16:27:04.498232" msg="Response 'http://demo.borland.com/InsuranceWebExtJS/images/highlights.gif'
http/1.1 200 OK 
Date: "Wed, 27 Mar 2019 16:09:35 GMT" 
ETag: "W/\"2660-1355218844000\"" 
Last-Modified: "Tue, 11 Dec 2012 09:40:44 GMT" 
Server: "Microsoft-IIS/7.5" 
X-Powered-By: "ASP.NET" 
X-FRAME-OPTIONS: "SAMEORIGIN" 
Content-Type: "image/gif" 
Accept-Ranges: "bytes" 
Content-Length: "2660" 
"
time="2020-02-19T16:27:04.498232" msg="Request 'http://demo.borland.com/InsuranceWebExtJS/images/profile.gif'
GET http://demo.borland.com/InsuranceWebExtJS/images/profile.gif http/1.1 
User-Agent: "Mozilla/5.0 (Windows NT 10.0; Win64; x64) AppleWebKit/537.36 (KHTML, like Gecko) Chrome/73.0.3683.86 Safari/537.36" 
Referer: "http://demo.borland.com/InsuranceWebExtJS/index.jsf;jsessionid=1576411CB36EF57546A9FECBF33C7B09" 
"
time="2020-02-19T16:27:04.498232" msg="Response 'http://demo.borland.com/InsuranceWebExtJS/images/profile.gif'
http/1.1 200 OK 
Date: "Wed, 27 Mar 2019 16:09:35 GMT" 
ETag: "W/\"2594-1355218844000\"" 
Server: "Microsoft-IIS/7.5" 
X-FRAME-OPTIONS: "SAMEORIGIN" 
Last-Modified: "Tue, 11 Dec 2012 09:40:44 GMT" 
X-Powered-By: "ASP.NET" 
Content-Type: "image/gif" 
Accept-Ranges: "bytes" 
Content-Length: "2594" 
"
time="2020-02-19T16:27:04.498232" msg="Request 'http://demo.borland.com/InsuranceWebExtJS/images/submit2.gif'
GET http://demo.borland.com/InsuranceWebExtJS/images/submit2.gif http/1.1 
User-Agent: "Mozilla/5.0 (Windows NT 10.0; Win64; x64) AppleWebKit/537.36 (KHTML, like Gecko) Chrome/73.0.3683.86 Safari/537.36" 
Referer: "http://demo.borland.com/InsuranceWebExtJS/index.jsf;jsessionid=1576411CB36EF57546A9FECBF33C7B09" 
"
time="2020-02-19T16:27:04.498232" msg="Response 'http://demo.borland.com/InsuranceWebExtJS/images/submit2.gif'
http/1.1 200 OK 
Date: "Wed, 27 Mar 2019 16:09:35 GMT" 
ETag: "W/\"900-1355218844000\"" 
X-Powered-By: "ASP.NET" 
Accept-Ranges: "bytes" 
Content-Length: "900" 
Last-Modified: "Tue, 11 Dec 2012 09:40:44 GMT" 
Server: "Microsoft-IIS/7.5" 
X-FRAME-OPTIONS: "SAMEORIGIN" 
Content-Type: "image/gif" 
"
time="2020-02-19T16:27:04.498232" msg="Request 'http://demo.borland.com/InsuranceWebExtJS/images/h_back2.jpg'
GET http://demo.borland.com/InsuranceWebExtJS/images/h_back2.jpg http/1.1 
Referer: "http://demo.borland.com/InsuranceWebExtJS/css/style.css" 
User-Agent: "Mozilla/5.0 (Windows NT 10.0; Win64; x64) AppleWebKit/537.36 (KHTML, like Gecko) Chrome/73.0.3683.86 Safari/537.36" 
"
time="2020-02-19T16:27:04.498232" msg="Response 'http://demo.borland.com/InsuranceWebExtJS/images/h_back2.jpg'
http/1.1 200 OK 
Date: "Wed, 27 Mar 2019 16:09:35 GMT" 
ETag: "W/\"1878-1355218844000\"" 
X-Powered-By: "ASP.NET" 
Content-Type: "image/jpeg" 
Accept-Ranges: "bytes" 
Last-Modified: "Tue, 11 Dec 2012 09:40:44 GMT" 
Server: "Microsoft-IIS/7.5" 
X-FRAME-OPTIONS: "SAMEORIGIN" 
Content-Length: "1878" 
"
time="2020-02-19T16:27:04.498232" msg="Request 'http://demo.borland.com/InsuranceWebExtJS/images/pimp1.gif'
GET http://demo.borland.com/InsuranceWebExtJS/images/pimp1.gif http/1.1 
Referer: "http://demo.borland.com/InsuranceWebExtJS/css/style.css" 
User-Agent: "Mozilla/5.0 (Windows NT 10.0; Win64; x64) AppleWebKit/537.36 (KHTML, like Gecko) Chrome/73.0.3683.86 Safari/537.36" 
"
time="2020-02-19T16:27:04.498232" msg="Response 'http://demo.borland.com/InsuranceWebExtJS/images/pimp1.gif'
http/1.1 200 OK 
Server: "Microsoft-IIS/7.5" 
X-Powered-By: "ASP.NET" 
X-FRAME-OPTIONS: "SAMEORIGIN" 
Content-Type: "image/gif" 
Accept-Ranges: "bytes" 
Content-Length: "64" 
Date: "Wed, 27 Mar 2019 16:09:35 GMT" 
ETag: "W/\"64-1355218844000\"" 
Last-Modified: "Tue, 11 Dec 2012 09:40:44 GMT" 
"
time="2020-02-19T16:27:04.498232" msg="Request 'http://demo.borland.com/InsuranceWebExtJS/images/lbc.gif'
GET http://demo.borland.com/InsuranceWebExtJS/images/lbc.gif http/1.1 
Referer: "http://demo.borland.com/InsuranceWebExtJS/css/style.css" 
User-Agent: "Mozilla/5.0 (Windows NT 10.0; Win64; x64) AppleWebKit/537.36 (KHTML, like Gecko) Chrome/73.0.3683.86 Safari/537.36" 
"
time="2020-02-19T16:27:04.498232" msg="Response 'http://demo.borland.com/InsuranceWebExtJS/images/lbc.gif'
http/1.1 200 OK 
ETag: "W/\"118-1355218844000\"" 
Server: "Microsoft-IIS/7.5" 
X-FRAME-OPTIONS: "SAMEORIGIN" 
Content-Type: "image/gif" 
Content-Length: "118" 
Date: "Wed, 27 Mar 2019 16:09:35 GMT" 
Last-Modified: "Tue, 11 Dec 2012 09:40:44 GMT" 
X-Powered-By: "ASP.NET" 
Accept-Ranges: "bytes" 
"
time="2020-02-19T16:27:04.498232" msg="Request 'http://demo.borland.com/InsuranceWebExtJS/images/rtc.gif'
GET http://demo.borland.com/InsuranceWebExtJS/images/rtc.gif http/1.1 
Referer: "http://demo.borland.com/InsuranceWebExtJS/css/style.css" 
User-Agent: "Mozilla/5.0 (Windows NT 10.0; Win64; x64) AppleWebKit/537.36 (KHTML, like Gecko) Chrome/73.0.3683.86 Safari/537.36" 
"
time="2020-02-19T16:27:04.498232" msg="Response 'http://demo.borland.com/InsuranceWebExtJS/images/rtc.gif'
http/1.1 200 OK 
Last-Modified: "Tue, 11 Dec 2012 09:40:44 GMT" 
X-Powered-By: "ASP.NET" 
ETag: "W/\"120-1355218844000\"" 
Server: "Microsoft-IIS/7.5" 
X-FRAME-OPTIONS: "SAMEORIGIN" 
Content-Type: "image/gif" 
Accept-Ranges: "bytes" 
Content-Length: "120" 
Date: "Wed, 27 Mar 2019 16:09:35 GMT" 
"
time="2020-02-19T16:27:04.498232" msg="Request 'http://demo.borland.com/InsuranceWebExtJS/images/ltc.gif'
GET http://demo.borland.com/InsuranceWebExtJS/images/ltc.gif http/1.1 
Referer: "http://demo.borland.com/InsuranceWebExtJS/css/style.css" 
User-Agent: "Mozilla/5.0 (Windows NT 10.0; Win64; x64) AppleWebKit/537.36 (KHTML, like Gecko) Chrome/73.0.3683.86 Safari/537.36" 
"
time="2020-02-19T16:27:04.498232" msg="Response 'http://demo.borland.com/InsuranceWebExtJS/images/ltc.gif'
http/1.1 200 OK 
Content-Length: "120" 
Date: "Wed, 27 Mar 2019 16:09:35 GMT" 
ETag: "W/\"120-1355218844000\"" 
Last-Modified: "Tue, 11 Dec 2012 09:40:44 GMT" 
Content-Type: "image/gif" 
Server: "Microsoft-IIS/7.5" 
X-Powered-By: "ASP.NET" 
X-FRAME-OPTIONS: "SAMEORIGIN" 
Accept-Ranges: "bytes" 
"
time="2020-02-19T16:27:04.498232" msg="Request 'http://demo.borland.com/InsuranceWebExtJS/images/rbc.gif'
GET http://demo.borland.com/InsuranceWebExtJS/images/rbc.gif http/1.1 
Referer: "http://demo.borland.com/InsuranceWebExtJS/css/style.css" 
User-Agent: "Mozilla/5.0 (Windows NT 10.0; Win64; x64) AppleWebKit/537.36 (KHTML, like Gecko) Chrome/73.0.3683.86 Safari/537.36" 
"
time="2020-02-19T16:27:04.498232" msg="Response 'http://demo.borland.com/InsuranceWebExtJS/images/rbc.gif'
http/1.1 200 OK 
X-FRAME-OPTIONS: "SAMEORIGIN" 
Content-Type: "image/gif" 
Content-Length: "121" 
ETag: "W/\"121-1355218844000\"" 
Server: "Microsoft-IIS/7.5" 
X-Powered-By: "ASP.NET" 
Date: "Wed, 27 Mar 2019 16:09:35 GMT" 
Last-Modified: "Tue, 11 Dec 2012 09:40:44 GMT" 
Accept-Ranges: "bytes" 
"
time="2020-02-19T16:27:04.498232" msg="Request 'http://demo.borland.com/InsuranceWebExtJS/images/pimp2.gif'
GET http://demo.borland.com/InsuranceWebExtJS/images/pimp2.gif http/1.1 
Referer: "http://demo.borland.com/InsuranceWebExtJS/css/style.css" 
User-Agent: "Mozilla/5.0 (Windows NT 10.0; Win64; x64) AppleWebKit/537.36 (KHTML, like Gecko) Chrome/73.0.3683.86 Safari/537.36" 
"
time="2020-02-19T16:27:04.498232" msg="Response 'http://demo.borland.com/InsuranceWebExtJS/images/pimp2.gif'
http/1.1 200 OK 
Last-Modified: "Tue, 11 Dec 2012 09:40:44 GMT" 
X-FRAME-OPTIONS: "SAMEORIGIN" 
Content-Length: "46" 
Accept-Ranges: "bytes" 
Date: "Wed, 27 Mar 2019 16:09:35 GMT" 
ETag: "W/\"46-1355218844000\"" 
Server: "Microsoft-IIS/7.5" 
X-Powered-By: "ASP.NET" 
Content-Type: "image/gif" 
"
time="2020-02-19T16:27:04.498232" msg="Request 'http://demo.borland.com/InsuranceWebExtJS/images/pimp3.gif'
GET http://demo.borland.com/InsuranceWebExtJS/images/pimp3.gif http/1.1 
Referer: "http://demo.borland.com/InsuranceWebExtJS/css/style.css" 
User-Agent: "Mozilla/5.0 (Windows NT 10.0; Win64; x64) AppleWebKit/537.36 (KHTML, like Gecko) Chrome/73.0.3683.86 Safari/537.36" 
"
time="2020-02-19T16:27:04.498232" msg="Response 'http://demo.borland.com/InsuranceWebExtJS/images/pimp3.gif'
http/1.1 200 OK 
Date: "Wed, 27 Mar 2019 16:09:35 GMT" 
Last-Modified: "Tue, 11 Dec 2012 09:40:44 GMT" 
Content-Type: "image/gif" 
Content-Length: "91" 
ETag: "W/\"91-1355218844000\"" 
Server: "Microsoft-IIS/7.5" 
X-Powered-By: "ASP.NET" 
X-FRAME-OPTIONS: "SAMEORIGIN" 
Accept-Ranges: "bytes" 
"
time="2020-02-19T16:27:04.498232" msg="Request 'http://demo.borland.com/InsuranceWebExtJS/images/ltc1.gif'
GET http://demo.borland.com/InsuranceWebExtJS/images/ltc1.gif http/1.1 
Referer: "http://demo.borland.com/InsuranceWebExtJS/css/style.css" 
User-Agent: "Mozilla/5.0 (Windows NT 10.0; Win64; x64) AppleWebKit/537.36 (KHTML, like Gecko) Chrome/73.0.3683.86 Safari/537.36" 
"
time="2020-02-19T16:27:04.498232" msg="Response 'http://demo.borland.com/InsuranceWebExtJS/images/ltc1.gif'
http/1.1 200 OK 
Date: "Wed, 27 Mar 2019 16:09:35 GMT" 
ETag: "W/\"115-1355218844000\"" 
Last-Modified: "Tue, 11 Dec 2012 09:40:44 GMT" 
Server: "Microsoft-IIS/7.5" 
Content-Type: "image/gif" 
X-Powered-By: "ASP.NET" 
X-FRAME-OPTIONS: "SAMEORIGIN" 
Accept-Ranges: "bytes" 
Content-Length: "115" 
"
time="2020-02-19T16:27:04.498232" msg="Request 'http://demo.borland.com/InsuranceWebExtJS/images/rtc1.gif'
GET http://demo.borland.com/InsuranceWebExtJS/images/rtc1.gif http/1.1 
Referer: "http://demo.borland.com/InsuranceWebExtJS/css/style.css" 
User-Agent: "Mozilla/5.0 (Windows NT 10.0; Win64; x64) AppleWebKit/537.36 (KHTML, like Gecko) Chrome/73.0.3683.86 Safari/537.36" 
"
time="2020-02-19T16:27:04.498232" msg="Response 'http://demo.borland.com/InsuranceWebExtJS/images/rtc1.gif'
http/1.1 200 OK 
Date: "Wed, 27 Mar 2019 16:09:35 GMT" 
X-Powered-By: "ASP.NET" 
X-FRAME-OPTIONS: "SAMEORIGIN" 
Content-Length: "117" 
ETag: "W/\"117-1355218844000\"" 
Last-Modified: "Tue, 11 Dec 2012 09:40:44 GMT" 
Server: "Microsoft-IIS/7.5" 
Content-Type: "image/gif" 
Accept-Ranges: "bytes" 
"
time="2020-02-19T16:27:04.498232" msg="Request 'http://demo.borland.com/InsuranceWebExtJS/images/lbc1.gif'
GET http://demo.borland.com/InsuranceWebExtJS/images/lbc1.gif http/1.1 
Referer: "http://demo.borland.com/InsuranceWebExtJS/css/style.css" 
User-Agent: "Mozilla/5.0 (Windows NT 10.0; Win64; x64) AppleWebKit/537.36 (KHTML, like Gecko) Chrome/73.0.3683.86 Safari/537.36" 
"
time="2020-02-19T16:27:04.498232" msg="Response 'http://demo.borland.com/InsuranceWebExtJS/images/lbc1.gif'
http/1.1 200 OK 
Date: "Wed, 27 Mar 2019 16:09:35 GMT" 
X-FRAME-OPTIONS: "SAMEORIGIN" 
Content-Type: "image/gif" 
ETag: "W/\"115-1355218844000\"" 
Last-Modified: "Tue, 11 Dec 2012 09:40:44 GMT" 
Server: "Microsoft-IIS/7.5" 
X-Powered-By: "ASP.NET" 
Accept-Ranges: "bytes" 
Content-Length: "115" 
"
time="2020-02-19T16:27:04.498232" msg="Request 'http://demo.borland.com/InsuranceWebExtJS/images/rbc1.gif'
GET http://demo.borland.com/InsuranceWebExtJS/images/rbc1.gif http/1.1 
Referer: "http://demo.borland.com/InsuranceWebExtJS/css/style.css" 
User-Agent: "Mozilla/5.0 (Windows NT 10.0; Win64; x64) AppleWebKit/537.36 (KHTML, like Gecko) Chrome/73.0.3683.86 Safari/537.36" 
"
time="2020-02-19T16:27:04.498232" msg="Response 'http://demo.borland.com/InsuranceWebExtJS/images/rbc1.gif'
http/1.1 200 OK 
ETag: "W/\"115-1355218844000\"" 
Last-Modified: "Tue, 11 Dec 2012 09:40:44 GMT" 
Server: "Microsoft-IIS/7.5" 
X-Powered-By: "ASP.NET" 
Accept-Ranges: "bytes" 
Date: "Wed, 27 Mar 2019 16:09:35 GMT" 
X-FRAME-OPTIONS: "SAMEORIGIN" 
Content-Type: "image/gif" 
Content-Length: "115" 
"
time="2020-02-19T16:27:04.501241" msg="WebRequest [Id: 3] POST 'http://demo.borland.com/InsuranceWebExtJS/index.jsf'"
time="2020-02-19T16:27:04.501241" msg="Request 'http://demo.borland.com/InsuranceWebExtJS/index.jsf'
POST http://demo.borland.com/InsuranceWebExtJS/index.jsf HTTP/1.1 
Referer: "http://demo.borland.com/InsuranceWebExtJS/index.jsf;jsessionid=1576411CB36EF57546A9FECBF33C7B09" 
Accept-Encoding: "gzip, deflate" 
Origin: "http://demo.borland.com" 
Content-Type: "application/x-www-form-urlencoded" 
User-Agent: "Mozilla/5.0 (Windows NT 10.0; Win64; x64) AppleWebKit/537.36 (KHTML, like Gecko) Chrome/73.0.3683.86 Safari/537.36" 
Accept: "text/html,application/xhtml+xml,application/xml;q=0.9,image/webp,image/apng,*/*;q=0.8,application/signed-exchange;v=b3" 
Pragma: "no-cache" 
Upgrade-Insecure-Requests: "1" 
Accept-Language: "fr-FR,fr;q=0.9,en-US;q=0.8,en;q=0.7" 
Connection: "keep-alive" 
Content-Length: "110" 
Cookie: "JSESSIONID=1576411CB36EF57546A9FECBF33C7B09; UserSessionFilter.sessionId=1576411CB36EF57546A9FECBF33C7B09" 
Host: "demo.borland.com" 
Cache-Control: "no-cache" 
"
time="2020-02-19T16:27:04.501241" msg="Response 'http://demo.borland.com/InsuranceWebExtJS/index.jsf'
HTTP/1.1 302 Found 
Server: "Microsoft-IIS/7.5" 
X-FRAME-OPTIONS: "SAMEORIGIN" 
Date: "Wed, 27 Mar 2019 16:09:38 GMT" 
Cache-Control: "no-cache,must-revalidate" 
Location: "http://demo.borland.com/InsuranceWebExtJS/index.jsf" 
Expires: "Mon, 8 Aug 2000 10:00:00 GMT" 
X-Powered-By: "ASP.NET" 
Set-Cookie: "UserSessionFilter.sessionId=\"\"; Expires=Thu, 01-Jan-1970 00:00:10 GMT" 
Pragma: "no-cache" 
Content-Length: "0" 
"
time="2020-02-19T16:27:04.501241" msg="Request 'http://demo.borland.com/InsuranceWebExtJS/index.jsf'
GET http://demo.borland.com/InsuranceWebExtJS/index.jsf HTTP/1.1 
Connection: "keep-alive" 
Pragma: "no-cache" 
Cache-Control: "no-cache" 
Upgrade-Insecure-Requests: "1" 
Accept: "text/html,application/xhtml+xml,application/xml;q=0.9,image/webp,image/apng,*/*;q=0.8,application/signed-exchange;v=b3" 
Host: "demo.borland.com" 
User-Agent: "Mozilla/5.0 (Windows NT 10.0; Win64; x64) AppleWebKit/537.36 (KHTML, like Gecko) Chrome/73.0.3683.86 Safari/537.36" 
Referer: "http://demo.borland.com/InsuranceWebExtJS/index.jsf;jsessionid=1576411CB36EF57546A9FECBF33C7B09" 
Accept-Encoding: "gzip, deflate" 
Accept-Language: "fr-FR,fr;q=0.9,en-US;q=0.8,en;q=0.7" 
Cookie: "JSESSIONID=1576411CB36EF57546A9FECBF33C7B09" 
"
time="2020-02-19T16:27:04.501241" msg="Response 'http://demo.borland.com/InsuranceWebExtJS/index.jsf'
HTTP/1.1 200 OK 
Expires: "Mon, 8 Aug 2000 10:00:00 GMT" 
Vary: "Accept-Encoding" 
X-Powered-By: "ASP.NET" 
Set-Cookie: "JSESSIONID=BE89C847D0BB3D862AE70AD6E0ADEDEE; Path=/InsuranceWebExtJS/; HttpOnly" 
X-FRAME-OPTIONS: "SAMEORIGIN" 
Content-Length: "2572" 
Cache-Control: "no-cache,must-revalidate" 
Pragma: "no-cache" 
Content-Type: "text/html;charset=UTF-8" 
Content-Encoding: "gzip" 
Server: "Microsoft-IIS/7.5" 
Date: "Wed, 27 Mar 2019 16:09:38 GMT" 
"
time="2020-02-19T16:27:04.501241" msg="Request 'http://demo.borland.com/InsuranceWebExtJS/css/style.css'
GET http://demo.borland.com/InsuranceWebExtJS/css/style.css http/1.1 
Referer: "http://demo.borland.com/InsuranceWebExtJS/index.jsf" 
User-Agent: "Mozilla/5.0 (Windows NT 10.0; Win64; x64) AppleWebKit/537.36 (KHTML, like Gecko) Chrome/73.0.3683.86 Safari/537.36" 
"
time="2020-02-19T16:27:04.501241" msg="Response 'http://demo.borland.com/InsuranceWebExtJS/css/style.css'
http/1.1 200 OK 
Content-Encoding: "gzip" 
ETag: "W/\"8254-1355218836000\"" 
Server: "Microsoft-IIS/7.5" 
X-FRAME-OPTIONS: "SAMEORIGIN" 
Content-Length: "2399" 
Accept-Ranges: "bytes" 
Date: "Wed, 27 Mar 2019 16:09:38 GMT" 
Last-Modified: "Tue, 11 Dec 2012 09:40:36 GMT" 
X-Powered-By: "ASP.NET" 
Vary: "Accept-Encoding" 
Content-Type: "text/css" 
"
time="2020-02-19T16:27:04.501241" msg="Request 'http://demo.borland.com/InsuranceWebExtJS/javascript/menu.js'
GET http://demo.borland.com/InsuranceWebExtJS/javascript/menu.js http/1.1 
Referer: "http://demo.borland.com/InsuranceWebExtJS/index.jsf" 
User-Agent: "Mozilla/5.0 (Windows NT 10.0; Win64; x64) AppleWebKit/537.36 (KHTML, like Gecko) Chrome/73.0.3683.86 Safari/537.36" 
"
time="2020-02-19T16:27:04.501241" msg="Response 'http://demo.borland.com/InsuranceWebExtJS/javascript/menu.js'
http/1.1 200 OK 
Last-Modified: "Tue, 11 Dec 2012 09:40:44 GMT" 
X-Powered-By: "ASP.NET" 
Content-Type: "application/javascript" 
Accept-Ranges: "bytes" 
ETag: "W/\"1641-1355218844000\"" 
Server: "Microsoft-IIS/7.5" 
X-FRAME-OPTIONS: "SAMEORIGIN" 
Content-Length: "1641" 
Date: "Wed, 27 Mar 2019 16:09:38 GMT" 
"
time="2020-02-19T16:27:04.501241" msg="Request 'http://demo.borland.com/InsuranceWebExtJS/images/login.gif'
GET http://demo.borland.com/InsuranceWebExtJS/images/login.gif http/1.1 
Referer: "http://demo.borland.com/InsuranceWebExtJS/index.jsf" 
User-Agent: "Mozilla/5.0 (Windows NT 10.0; Win64; x64) AppleWebKit/537.36 (KHTML, like Gecko) Chrome/73.0.3683.86 Safari/537.36" 
"
time="2020-02-19T16:27:04.501241" msg="Response 'http://demo.borland.com/InsuranceWebExtJS/images/login.gif'
http/1.1 200 OK 
Content-Type: "image/gif" 
Content-Length: "1666" 
ETag: "W/\"1666-1355218844000\"" 
X-Powered-By: "ASP.NET" 
X-FRAME-OPTIONS: "SAMEORIGIN" 
Accept-Ranges: "bytes" 
Date: "Wed, 27 Mar 2019 16:09:38 GMT" 
Last-Modified: "Tue, 11 Dec 2012 09:40:44 GMT" 
Server: "Microsoft-IIS/7.5" 
"
time="2020-02-19T16:27:04.501241" msg="Request 'http://demo.borland.com/InsuranceWebExtJS/images/signup.gif'
GET http://demo.borland.com/InsuranceWebExtJS/images/signup.gif http/1.1 
Referer: "http://demo.borland.com/InsuranceWebExtJS/index.jsf" 
User-Agent: "Mozilla/5.0 (Windows NT 10.0; Win64; x64) AppleWebKit/537.36 (KHTML, like Gecko) Chrome/73.0.3683.86 Safari/537.36" 
"
time="2020-02-19T16:27:04.501241" msg="Response 'http://demo.borland.com/InsuranceWebExtJS/images/signup.gif'
http/1.1 200 OK 
Date: "Wed, 27 Mar 2019 16:09:38 GMT" 
X-FRAME-OPTIONS: "SAMEORIGIN" 
Content-Type: "image/gif" 
Accept-Ranges: "bytes" 
ETag: "W/\"1686-1355218844000\"" 
Last-Modified: "Tue, 11 Dec 2012 09:40:44 GMT" 
Server: "Microsoft-IIS/7.5" 
X-Powered-By: "ASP.NET" 
Content-Length: "1686" 
"
time="2020-02-19T16:27:04.501241" msg="Request 'http://demo.borland.com/InsuranceWebExtJS/images/profile.gif'
GET http://demo.borland.com/InsuranceWebExtJS/images/profile.gif http/1.1 
Referer: "http://demo.borland.com/InsuranceWebExtJS/index.jsf" 
User-Agent: "Mozilla/5.0 (Windows NT 10.0; Win64; x64) AppleWebKit/537.36 (KHTML, like Gecko) Chrome/73.0.3683.86 Safari/537.36" 
"
time="2020-02-19T16:27:04.501241" msg="Response 'http://demo.borland.com/InsuranceWebExtJS/images/profile.gif'
http/1.1 200 OK 
Server: "Microsoft-IIS/7.5" 
X-FRAME-OPTIONS: "SAMEORIGIN" 
Content-Type: "image/gif" 
Accept-Ranges: "bytes" 
Content-Length: "2594" 
Date: "Wed, 27 Mar 2019 16:09:38 GMT" 
ETag: "W/\"2594-1355218844000\"" 
Last-Modified: "Tue, 11 Dec 2012 09:40:44 GMT" 
X-Powered-By: "ASP.NET" 
"
time="2020-02-19T16:27:04.501241" msg="Request 'http://demo.borland.com/InsuranceWebExtJS/images/main_services.gif'
GET http://demo.borland.com/InsuranceWebExtJS/images/main_services.gif http/1.1 
Referer: "http://demo.borland.com/InsuranceWebExtJS/index.jsf" 
User-Agent: "Mozilla/5.0 (Windows NT 10.0; Win64; x64) AppleWebKit/537.36 (KHTML, like Gecko) Chrome/73.0.3683.86 Safari/537.36" 
"
time="2020-02-19T16:27:04.501241" msg="Response 'http://demo.borland.com/InsuranceWebExtJS/images/main_services.gif'
http/1.1 200 OK 
Content-Type: "image/gif" 
Accept-Ranges: "bytes" 
Date: "Wed, 27 Mar 2019 16:09:38 GMT" 
ETag: "W/\"2799-1355218844000\"" 
Server: "Microsoft-IIS/7.5" 
X-FRAME-OPTIONS: "SAMEORIGIN" 
Last-Modified: "Tue, 11 Dec 2012 09:40:44 GMT" 
X-Powered-By: "ASP.NET" 
Content-Length: "2799" 
"
time="2020-02-19T16:27:04.501241" msg="Request 'http://demo.borland.com/InsuranceWebExtJS/images/highlights.gif'
GET http://demo.borland.com/InsuranceWebExtJS/images/highlights.gif http/1.1 
Referer: "http://demo.borland.com/InsuranceWebExtJS/index.jsf" 
User-Agent: "Mozilla/5.0 (Windows NT 10.0; Win64; x64) AppleWebKit/537.36 (KHTML, like Gecko) Chrome/73.0.3683.86 Safari/537.36" 
"
time="2020-02-19T16:27:04.501241" msg="Response 'http://demo.borland.com/InsuranceWebExtJS/images/highlights.gif'
http/1.1 200 OK 
Last-Modified: "Tue, 11 Dec 2012 09:40:44 GMT" 
Server: "Microsoft-IIS/7.5" 
X-Powered-By: "ASP.NET" 
Accept-Ranges: "bytes" 
Content-Length: "2660" 
Date: "Wed, 27 Mar 2019 16:09:38 GMT" 
ETag: "W/\"2660-1355218844000\"" 
X-FRAME-OPTIONS: "SAMEORIGIN" 
Content-Type: "image/gif" 
"
time="2020-02-19T16:27:04.501241" msg="Request 'http://demo.borland.com/InsuranceWebExtJS/images/spacer.gif'
GET http://demo.borland.com/InsuranceWebExtJS/images/spacer.gif http/1.1 
Referer: "http://demo.borland.com/InsuranceWebExtJS/index.jsf" 
User-Agent: "Mozilla/5.0 (Windows NT 10.0; Win64; x64) AppleWebKit/537.36 (KHTML, like Gecko) Chrome/73.0.3683.86 Safari/537.36" 
"
time="2020-02-19T16:27:04.501241" msg="Response 'http://demo.borland.com/InsuranceWebExtJS/images/spacer.gif'
http/1.1 200 OK 
ETag: "W/\"43-1355218844000\"" 
Last-Modified: "Tue, 11 Dec 2012 09:40:44 GMT" 
X-Powered-By: "ASP.NET" 
Content-Type: "image/gif" 
Accept-Ranges: "bytes" 
Date: "Wed, 27 Mar 2019 16:09:38 GMT" 
X-FRAME-OPTIONS: "SAMEORIGIN" 
Content-Length: "43" 
Server: "Microsoft-IIS/7.5" 
"
time="2020-02-19T16:27:04.501241" msg="Request 'http://demo.borland.com/InsuranceWebExtJS/images/submit2.gif'
GET http://demo.borland.com/InsuranceWebExtJS/images/submit2.gif http/1.1 
Referer: "http://demo.borland.com/InsuranceWebExtJS/index.jsf" 
User-Agent: "Mozilla/5.0 (Windows NT 10.0; Win64; x64) AppleWebKit/537.36 (KHTML, like Gecko) Chrome/73.0.3683.86 Safari/537.36" 
"
time="2020-02-19T16:27:04.501241" msg="Response 'http://demo.borland.com/InsuranceWebExtJS/images/submit2.gif'
http/1.1 200 OK 
Date: "Wed, 27 Mar 2019 16:09:38 GMT" 
X-FRAME-OPTIONS: "SAMEORIGIN" 
Content-Type: "image/gif" 
Content-Length: "900" 
ETag: "W/\"900-1355218844000\"" 
Last-Modified: "Tue, 11 Dec 2012 09:40:44 GMT" 
Server: "Microsoft-IIS/7.5" 
X-Powered-By: "ASP.NET" 
Accept-Ranges: "bytes" 
"
time="2020-02-19T16:27:04.501241" msg="Request 'http://demo.borland.com/InsuranceWebExtJS/images/h_back2.jpg'
GET http://demo.borland.com/InsuranceWebExtJS/images/h_back2.jpg http/1.1 
Referer: "http://demo.borland.com/InsuranceWebExtJS/css/style.css" 
User-Agent: "Mozilla/5.0 (Windows NT 10.0; Win64; x64) AppleWebKit/537.36 (KHTML, like Gecko) Chrome/73.0.3683.86 Safari/537.36" 
"
time="2020-02-19T16:27:04.501241" msg="Response 'http://demo.borland.com/InsuranceWebExtJS/images/h_back2.jpg'
http/1.1 200 OK 
X-Powered-By: "ASP.NET" 
Content-Length: "1878" 
Date: "Wed, 27 Mar 2019 16:09:38 GMT" 
Server: "Microsoft-IIS/7.5" 
X-FRAME-OPTIONS: "SAMEORIGIN" 
Content-Type: "image/jpeg" 
Accept-Ranges: "bytes" 
ETag: "W/\"1878-1355218844000\"" 
Last-Modified: "Tue, 11 Dec 2012 09:40:44 GMT" 
"
time="2020-02-19T16:27:04.501241" msg="Request 'http://demo.borland.com/InsuranceWebExtJS/images/pimp1.gif'
GET http://demo.borland.com/InsuranceWebExtJS/images/pimp1.gif http/1.1 
User-Agent: "Mozilla/5.0 (Windows NT 10.0; Win64; x64) AppleWebKit/537.36 (KHTML, like Gecko) Chrome/73.0.3683.86 Safari/537.36" 
Referer: "http://demo.borland.com/InsuranceWebExtJS/css/style.css" 
"
time="2020-02-19T16:27:04.501241" msg="Response 'http://demo.borland.com/InsuranceWebExtJS/images/pimp1.gif'
http/1.1 200 OK 
X-Powered-By: "ASP.NET" 
Content-Type: "image/gif" 
Content-Length: "64" 
ETag: "W/\"64-1355218844000\"" 
Last-Modified: "Tue, 11 Dec 2012 09:40:44 GMT" 
Server: "Microsoft-IIS/7.5" 
X-FRAME-OPTIONS: "SAMEORIGIN" 
Accept-Ranges: "bytes" 
Date: "Wed, 27 Mar 2019 16:09:38 GMT" 
"
time="2020-02-19T16:27:04.501241" msg="Request 'http://demo.borland.com/InsuranceWebExtJS/images/ltc.gif'
GET http://demo.borland.com/InsuranceWebExtJS/images/ltc.gif http/1.1 
Referer: "http://demo.borland.com/InsuranceWebExtJS/css/style.css" 
User-Agent: "Mozilla/5.0 (Windows NT 10.0; Win64; x64) AppleWebKit/537.36 (KHTML, like Gecko) Chrome/73.0.3683.86 Safari/537.36" 
"
time="2020-02-19T16:27:04.501241" msg="Response 'http://demo.borland.com/InsuranceWebExtJS/images/ltc.gif'
http/1.1 200 OK 
Server: "Microsoft-IIS/7.5" 
X-FRAME-OPTIONS: "SAMEORIGIN" 
Content-Type: "image/gif" 
Accept-Ranges: "bytes" 
Date: "Wed, 27 Mar 2019 16:09:38 GMT" 
Last-Modified: "Tue, 11 Dec 2012 09:40:44 GMT" 
Content-Length: "120" 
ETag: "W/\"120-1355218844000\"" 
X-Powered-By: "ASP.NET" 
"
time="2020-02-19T16:27:04.501241" msg="Request 'http://demo.borland.com/InsuranceWebExtJS/images/lbc.gif'
GET http://demo.borland.com/InsuranceWebExtJS/images/lbc.gif http/1.1 
Referer: "http://demo.borland.com/InsuranceWebExtJS/css/style.css" 
User-Agent: "Mozilla/5.0 (Windows NT 10.0; Win64; x64) AppleWebKit/537.36 (KHTML, like Gecko) Chrome/73.0.3683.86 Safari/537.36" 
"
time="2020-02-19T16:27:04.501241" msg="Response 'http://demo.borland.com/InsuranceWebExtJS/images/lbc.gif'
http/1.1 200 OK 
Content-Type: "image/gif" 
Accept-Ranges: "bytes" 
Content-Length: "118" 
Date: "Wed, 27 Mar 2019 16:09:38 GMT" 
ETag: "W/\"118-1355218844000\"" 
Last-Modified: "Tue, 11 Dec 2012 09:40:44 GMT" 
Server: "Microsoft-IIS/7.5" 
X-Powered-By: "ASP.NET" 
X-FRAME-OPTIONS: "SAMEORIGIN" 
"
time="2020-02-19T16:27:04.501241" msg="Request 'http://demo.borland.com/InsuranceWebExtJS/images/rtc.gif'
GET http://demo.borland.com/InsuranceWebExtJS/images/rtc.gif http/1.1 
Referer: "http://demo.borland.com/InsuranceWebExtJS/css/style.css" 
User-Agent: "Mozilla/5.0 (Windows NT 10.0; Win64; x64) AppleWebKit/537.36 (KHTML, like Gecko) Chrome/73.0.3683.86 Safari/537.36" 
"
time="2020-02-19T16:27:04.501241" msg="Response 'http://demo.borland.com/InsuranceWebExtJS/images/rtc.gif'
http/1.1 200 OK 
ETag: "W/\"120-1355218844000\"" 
Server: "Microsoft-IIS/7.5" 
X-FRAME-OPTIONS: "SAMEORIGIN" 
Content-Type: "image/gif" 
Accept-Ranges: "bytes" 
Content-Length: "120" 
Date: "Wed, 27 Mar 2019 16:09:38 GMT" 
Last-Modified: "Tue, 11 Dec 2012 09:40:44 GMT" 
X-Powered-By: "ASP.NET" 
"
time="2020-02-19T16:27:04.501241" msg="Request 'http://demo.borland.com/InsuranceWebExtJS/images/rbc.gif'
GET http://demo.borland.com/InsuranceWebExtJS/images/rbc.gif http/1.1 
Referer: "http://demo.borland.com/InsuranceWebExtJS/css/style.css" 
User-Agent: "Mozilla/5.0 (Windows NT 10.0; Win64; x64) AppleWebKit/537.36 (KHTML, like Gecko) Chrome/73.0.3683.86 Safari/537.36" 
"
time="2020-02-19T16:27:04.501241" msg="Response 'http://demo.borland.com/InsuranceWebExtJS/images/rbc.gif'
http/1.1 200 OK 
Last-Modified: "Tue, 11 Dec 2012 09:40:44 GMT" 
Content-Type: "image/gif" 
X-FRAME-OPTIONS: "SAMEORIGIN" 
Accept-Ranges: "bytes" 
Content-Length: "121" 
Date: "Wed, 27 Mar 2019 16:09:38 GMT" 
ETag: "W/\"121-1355218844000\"" 
Server: "Microsoft-IIS/7.5" 
X-Powered-By: "ASP.NET" 
"
time="2020-02-19T16:27:04.501241" msg="Request 'http://demo.borland.com/InsuranceWebExtJS/images/pimp2.gif'
GET http://demo.borland.com/InsuranceWebExtJS/images/pimp2.gif http/1.1 
User-Agent: "Mozilla/5.0 (Windows NT 10.0; Win64; x64) AppleWebKit/537.36 (KHTML, like Gecko) Chrome/73.0.3683.86 Safari/537.36" 
Referer: "http://demo.borland.com/InsuranceWebExtJS/css/style.css" 
"
time="2020-02-19T16:27:04.501241" msg="Response 'http://demo.borland.com/InsuranceWebExtJS/images/pimp2.gif'
http/1.1 200 OK 
Content-Length: "46" 
Date: "Wed, 27 Mar 2019 16:09:38 GMT" 
Last-Modified: "Tue, 11 Dec 2012 09:40:44 GMT" 
Server: "Microsoft-IIS/7.5" 
X-Powered-By: "ASP.NET" 
Accept-Ranges: "bytes" 
ETag: "W/\"46-1355218844000\"" 
X-FRAME-OPTIONS: "SAMEORIGIN" 
Content-Type: "image/gif" 
"
time="2020-02-19T16:27:04.501241" msg="Request 'http://demo.borland.com/InsuranceWebExtJS/images/pimp3.gif'
GET http://demo.borland.com/InsuranceWebExtJS/images/pimp3.gif http/1.1 
Referer: "http://demo.borland.com/InsuranceWebExtJS/css/style.css" 
User-Agent: "Mozilla/5.0 (Windows NT 10.0; Win64; x64) AppleWebKit/537.36 (KHTML, like Gecko) Chrome/73.0.3683.86 Safari/537.36" 
"
time="2020-02-19T16:27:04.501241" msg="Response 'http://demo.borland.com/InsuranceWebExtJS/images/pimp3.gif'
http/1.1 200 OK 
Last-Modified: "Tue, 11 Dec 2012 09:40:44 GMT" 
Server: "Microsoft-IIS/7.5" 
X-Powered-By: "ASP.NET" 
X-FRAME-OPTIONS: "SAMEORIGIN" 
Date: "Wed, 27 Mar 2019 16:09:38 GMT" 
ETag: "W/\"91-1355218844000\"" 
Content-Type: "image/gif" 
Accept-Ranges: "bytes" 
Content-Length: "91" 
"
time="2020-02-19T16:27:04.501241" msg="Request 'http://demo.borland.com/InsuranceWebExtJS/images/ltc1.gif'
GET http://demo.borland.com/InsuranceWebExtJS/images/ltc1.gif http/1.1 
Referer: "http://demo.borland.com/InsuranceWebExtJS/css/style.css" 
User-Agent: "Mozilla/5.0 (Windows NT 10.0; Win64; x64) AppleWebKit/537.36 (KHTML, like Gecko) Chrome/73.0.3683.86 Safari/537.36" 
"
time="2020-02-19T16:27:04.501241" msg="Response 'http://demo.borland.com/InsuranceWebExtJS/images/ltc1.gif'
http/1.1 200 OK 
Last-Modified: "Tue, 11 Dec 2012 09:40:44 GMT" 
X-Powered-By: "ASP.NET" 
Content-Type: "image/gif" 
Content-Length: "115" 
Date: "Wed, 27 Mar 2019 16:09:38 GMT" 
Server: "Microsoft-IIS/7.5" 
X-FRAME-OPTIONS: "SAMEORIGIN" 
Accept-Ranges: "bytes" 
ETag: "W/\"115-1355218844000\"" 
"
time="2020-02-19T16:27:04.501241" msg="Request 'http://demo.borland.com/InsuranceWebExtJS/images/lbc1.gif'
GET http://demo.borland.com/InsuranceWebExtJS/images/lbc1.gif http/1.1 
Referer: "http://demo.borland.com/InsuranceWebExtJS/css/style.css" 
User-Agent: "Mozilla/5.0 (Windows NT 10.0; Win64; x64) AppleWebKit/537.36 (KHTML, like Gecko) Chrome/73.0.3683.86 Safari/537.36" 
"
time="2020-02-19T16:27:04.501241" msg="Response 'http://demo.borland.com/InsuranceWebExtJS/images/lbc1.gif'
http/1.1 200 OK 
ETag: "W/\"115-1355218844000\"" 
Server: "Microsoft-IIS/7.5" 
X-FRAME-OPTIONS: "SAMEORIGIN" 
Content-Type: "image/gif" 
Date: "Wed, 27 Mar 2019 16:09:38 GMT" 
Last-Modified: "Tue, 11 Dec 2012 09:40:44 GMT" 
X-Powered-By: "ASP.NET" 
Accept-Ranges: "bytes" 
Content-Length: "115" 
"
time="2020-02-19T16:27:04.501241" msg="Request 'http://demo.borland.com/InsuranceWebExtJS/images/rtc1.gif'
GET http://demo.borland.com/InsuranceWebExtJS/images/rtc1.gif http/1.1 
User-Agent: "Mozilla/5.0 (Windows NT 10.0; Win64; x64) AppleWebKit/537.36 (KHTML, like Gecko) Chrome/73.0.3683.86 Safari/537.36" 
Referer: "http://demo.borland.com/InsuranceWebExtJS/css/style.css" 
"
time="2020-02-19T16:27:04.501241" msg="Response 'http://demo.borland.com/InsuranceWebExtJS/images/rtc1.gif'
http/1.1 200 OK 
Server: "Microsoft-IIS/7.5" 
X-Powered-By: "ASP.NET" 
Accept-Ranges: "bytes" 
Date: "Wed, 27 Mar 2019 16:09:38 GMT" 
ETag: "W/\"117-1355218844000\"" 
Last-Modified: "Tue, 11 Dec 2012 09:40:44 GMT" 
X-FRAME-OPTIONS: "SAMEORIGIN" 
Content-Type: "image/gif" 
Content-Length: "117" 
"
time="2020-02-19T16:27:04.501241" msg="Request 'http://demo.borland.com/InsuranceWebExtJS/images/rbc1.gif'
GET http://demo.borland.com/InsuranceWebExtJS/images/rbc1.gif http/1.1 
Referer: "http://demo.borland.com/InsuranceWebExtJS/css/style.css" 
User-Agent: "Mozilla/5.0 (Windows NT 10.0; Win64; x64) AppleWebKit/537.36 (KHTML, like Gecko) Chrome/73.0.3683.86 Safari/537.36" 
"
time="2020-02-19T16:27:04.501241" msg="Response 'http://demo.borland.com/InsuranceWebExtJS/images/rbc1.gif'
http/1.1 200 OK 
Date: "Wed, 27 Mar 2019 16:09:38 GMT" 
Last-Modified: "Tue, 11 Dec 2012 09:40:44 GMT" 
Server: "Microsoft-IIS/7.5" 
X-Powered-By: "ASP.NET" 
Content-Type: "image/gif" 
Content-Length: "115" 
ETag: "W/\"115-1355218844000\"" 
X-FRAME-OPTIONS: "SAMEORIGIN" 
Accept-Ranges: "bytes" 
"
