time="2020-10-14T14:02:07.028182" level=info msg="Starting ScaLRD"
time="2020-10-14T14:02:08.185608" level=info msg="Loading script from: C:\\dev\\devweb\\dv1410 ..."
time="2020-10-14T14:02:08.537195" level=info msg="Creating a new script"
time="2020-10-14T14:02:13.024708" level=info msg="Checking existing load tests"
time="2020-10-14T14:02:13.272856" level=info msg="No load test found, creating a new test Autogenerated_dv1410"
time="2020-10-14T14:02:15.300802" level=info msg="Disabling SLA for transactions"
time="2020-10-14T14:02:15.633862" level=info msg="Running test with id 2177"
time="2020-10-14T14:02:17.573741" level=info msg="Running the test as run id 3549"
time="2020-10-14T14:02:17.574618" level=info msg="Load test in progress ..."
time="2020-10-14T14:02:28.898901" level=info msg="Wait time elapsed, continue waiting by providing the run id - 3549"
time="2020-10-14T14:08:05.561224" level=info msg="Starting ScaLRD"
time="2020-10-14T14:08:06.683983" level=info msg="Loading script from: C:\\dev\\devweb\\dv1410 ..."
time="2020-10-14T14:08:06.997444" level=info msg="Updating existing script files"
time="2020-10-14T14:08:11.656309" level=info msg="Checking existing load tests"
time="2020-10-14T14:08:11.92888" level=info msg="Found load test Autogenerated_dv1410"
time="2020-10-14T14:08:13.58431" level=info msg="Disabling SLA for transactions"
time="2020-10-14T14:08:13.866128" level=info msg="Running test with id 2177"
time="2020-10-14T14:08:14.927954" level=info msg="Running the test as run id 3550"
time="2020-10-14T14:08:14.940526" level=info msg="Load test in progress ..."
time="2020-10-14T14:08:26.289473" level=info msg="Wait time elapsed, continue waiting by providing the run id - 3550"
time="2020-10-14T14:14:29.922913" level=info msg="Starting ScaLRD"
time="2020-10-14T14:14:31.179929" level=info msg="Loading script from: C:\\dev\\devweb\\dv1410 ..."
time="2020-10-14T14:14:31.488805" level=info msg="Updating existing script files"
time="2020-10-14T14:14:36.192072" level=info msg="Checking existing load tests"
time="2020-10-14T14:14:36.4429" level=info msg="Found load test Autogenerated_dv1410"
time="2020-10-14T14:14:38.19486" level=info msg="Disabling SLA for transactions"
time="2020-10-14T14:14:38.461952" level=info msg="Running test with id 2177"
time="2020-10-14T14:14:39.558125" level=info msg="Running the test as run id 3551"
time="2020-10-14T14:14:39.558125" level=info msg="Load test in progress ..."
time="2020-10-14T14:14:50.878056" level=info msg="Wait time elapsed, continue waiting by providing the run id - 3551"
time="2020-10-14T14:25:29.663305" level=info msg="Starting ScaLRD"
time="2020-10-14T14:25:31.029105" level=error msg="response was not 200 OK, &{Status:403 Forbidden StatusCode:403 Proto:HTTP/2.0 ProtoMajor:2 ProtoMinor:0 Header:map[Content-Type:[application/json;charset=utf-8] Date:[Wed, 14 Oct 2020 12:25:30 GMT] Etag:[W/\"40-BzB6t0n+bhFkVe+q1naiwI1Mn2U\"] Server:[nginx]] Body:0xc0001c7440 ContentLength:-1 TransferEncoding:[] Close:false Uncompressed:true Trailer:map[] Request:0xc000102600 TLS:0xc00029a0b0}"
time="2020-10-14T14:26:43.343304" level=info msg="Starting ScaLRD"
time="2020-10-14T14:26:44.486105" level=info msg="Loading script from: C:\\dev\\devweb\\dv1410 ..."
time="2020-10-14T14:26:44.786616" level=info msg="Creating a new script"
time="2020-10-14T14:26:49.305162" level=info msg="Checking existing load tests"
time="2020-10-14T14:26:49.563407" level=info msg="No load test found, creating a new test Autogenerated_dv1410"
time="2020-10-14T14:26:51.478841" level=info msg="Disabling SLA for transactions"
time="2020-10-14T14:26:51.761281" level=info msg="Running test with id 2178"
time="2020-10-14T14:26:53.18166" level=info msg="Running the test as run id 3552"
time="2020-10-14T14:26:53.18166" level=info msg="Load test in progress ..."
time="2020-10-14T14:27:04.57085" level=info msg="Wait time elapsed, continue waiting by providing the run id - 3552"
time="2020-10-14T14:33:50.062922" level=info msg="Starting ScaLRD"
time="2020-10-14T14:33:51.183505" level=info msg="Loading script from: C:\\dev\\devweb\\dv1410 ..."
time="2020-10-14T14:33:51.495325" level=info msg="Updating existing script files"
time="2020-10-14T14:33:56.089833" level=info msg="Checking existing load tests"
time="2020-10-14T14:33:56.319071" level=info msg="Found load test Autogenerated_dv1410"
time="2020-10-14T14:33:57.867059" level=info msg="Disabling SLA for transactions"
time="2020-10-14T14:33:59.673919" level=info msg="Running test with id 2178"
time="2020-10-14T14:34:01.272085" level=info msg="Running the test as run id 3554"
time="2020-10-14T14:34:01.275329" level=info msg="Load test in progress ..."
time="2020-10-14T14:34:12.603026" level=info msg="Wait time elapsed, continue waiting by providing the run id - 3554"
