Virtual User Script started at : 2022-10-26 15:39:04
TruClient Replay (build 0233) for LoadRunner Professional 2022.1.0, build 0299. OS: Windows 2019, Browser: Chromium 96.0.4664.45, initialized on 2022/10/26 at 15:39:04 (1666791544.832s)

Selected Run-Time Settings:
    Simulate a new user on each iteration...............: 1
    Using system proxy settings
    Check for newer versions of stored pages: 4 (Automatically)
    Keep-Alive..........................................: 1
    Proxy Keep-Alive....................................: 1
    Keep-Alive timeout (ms).............................: 60000
    HTTP Version........................................: 1.1
    Proxy HTTP Version..................................: 1.1
    DNS cache entries...................................: 20
    Run-Time Settings file..............................: "C:\dev\LRDemo\TruClient\TC_VTS_1\\default.cfg"
    Vuser directory.....................................: "C:\dev\LRDemo\TruClient\TC_VTS_1"
    Vuser output directory..............................: "C:\dev\LRDemo\TruClient\TC_VTS_1"
End of selected Run-Time Settings

Please refer to the ReadMe file in the LoadRunner Professional installation directory for notes about measurements and logging
t=00000445ms: Step 1: Evaluate JavaScript code vUserId=TCA.userId.then(...ror(error); });  started    [MsgId: MMSG-205180]
t=00000657ms: Step 1: Evaluate JavaScript code vUserId=TCA.userId.then(...ror(error); });  successfully completed with End Event "Action completed"    [MsgId: MMSG-205180]
t=00000662ms: Step 2: Execute TC.outputMessage ("User : " + vUserId) started    [MsgId: MMSG-205180]
t=00000670ms: User : [object Promise]    [MsgId: MMSG1]
t=00000673ms: Step 2: Execute TC.outputMessage (User : [object Promise]) successfully completed with End Event "Action completed"    [MsgId: MMSG-205180]
Action was aborted.
t=00000681ms: Step 3: Execute [Unspecified] started    [MsgId: MMSG-205180]
t=00000685ms: Step 3: Execute [Unspecified] was stopped    [MsgId: MMSG-205180]
Vuser 0 (thread 11164), ended OK."
