Starting action Action.	[MsgId: MMSG-15919]
Action.c(6): Notify: Parameter Substitution: parameter "myParam" =  "Value8"	[MsgId: MMSG-13992]
Group: parameters, vuser id: 8, scenario id 0, param : Value8	[MsgId: MMSG-17999]
Ending action Action.	[MsgId: MMSG-15918]
Ending iteration 251.	[MsgId: MMSG-15965]
Waiting 1,9990 seconds for iteration pacing.	[MsgId: MMSG-15996]
Starting iteration 236.	[MsgId: MMSG-15968]
Starting action Action.	[MsgId: MMSG-15919]
Action.c(6): Notify: Parameter Substitution: parameter "myParam" =  "Value10"	[MsgId: MMSG-13992]
Group: parameters, vuser id: 10, scenario id 0, param : Value10	[MsgId: MMSG-17999]
Ending action Action.	[MsgId: MMSG-15918]
Ending iteration 236.	[MsgId: MMSG-15965]
Waiting 2,0000 seconds for iteration pacing.	[MsgId: MMSG-15996]
Starting iteration 259.	[MsgId: MMSG-15968]
Starting action Action.	[MsgId: MMSG-15919]
Action.c(6): Notify: Parameter Substitution: parameter "myParam" =  "Value7"	[MsgId: MMSG-13992]
Group: parameters, vuser id: 7, scenario id 0, param : Value7	[MsgId: MMSG-17999]
Ending action Action.	[MsgId: MMSG-15918]
Ending iteration 259.	[MsgId: MMSG-15965]
Waiting 2,0000 seconds for iteration pacing.	[MsgId: MMSG-15996]
Starting iteration 244.	[MsgId: MMSG-15968]
Starting action Action.	[MsgId: MMSG-15919]
Action.c(6): Notify: Parameter Substitution: parameter "myParam" =  "Value9"	[MsgId: MMSG-13992]
Group: parameters, vuser id: 9, scenario id 0, param : Value9	[MsgId: MMSG-17999]
Ending action Action.	[MsgId: MMSG-15918]
Ending iteration 244.	[MsgId: MMSG-15965]
Waiting 2,0000 seconds for iteration pacing.	[MsgId: MMSG-15996]
Starting iteration 252.	[MsgId: MMSG-15968]
Starting action Action.	[MsgId: MMSG-15919]
Action.c(6): Notify: Parameter Substitution: parameter "myParam" =  "Value8"	[MsgId: MMSG-13992]
Group: parameters, vuser id: 8, scenario id 0, param : Value8	[MsgId: MMSG-17999]
Ending action Action.	[MsgId: MMSG-15918]
Ending iteration 252.	[MsgId: MMSG-15965]
Waiting 2,0000 seconds for iteration pacing.	[MsgId: MMSG-15996]
Starting iteration 237.	[MsgId: MMSG-15968]
Starting action Action.	[MsgId: MMSG-15919]
Action.c(6): Notify: Parameter Substitution: parameter "myParam" =  "Value10"	[MsgId: MMSG-13992]
Group: parameters, vuser id: 10, scenario id 0, param : Value10	[MsgId: MMSG-17999]
Ending action Action.	[MsgId: MMSG-15918]
Ending iteration 237.	[MsgId: MMSG-15965]
Waiting 2,0000 seconds for iteration pacing.	[MsgId: MMSG-15996]
Starting iteration 260.	[MsgId: MMSG-15968]
Starting action Action.	[MsgId: MMSG-15919]
Action.c(6): Notify: Parameter Substitution: parameter "myParam" =  "Value7"	[MsgId: MMSG-13992]
Group: parameters, vuser id: 7, scenario id 0, param : Value7	[MsgId: MMSG-17999]
Ending action Action.	[MsgId: MMSG-15918]
Ending iteration 260.	[MsgId: MMSG-15965]
Waiting 1,9990 seconds for iteration pacing.	[MsgId: MMSG-15996]
Starting iteration 245.	[MsgId: MMSG-15968]
Starting action Action.	[MsgId: MMSG-15919]
Action.c(6): Notify: Parameter Substitution: parameter "myParam" =  "Value9"	[MsgId: MMSG-13992]
Group: parameters, vuser id: 9, scenario id 0, param : Value9	[MsgId: MMSG-17999]
Ending action Action.	[MsgId: MMSG-15918]
Ending iteration 245.	[MsgId: MMSG-15965]
Waiting 2,0000 seconds for iteration pacing.	[MsgId: MMSG-15996]
Starting iteration 253.	[MsgId: MMSG-15968]
Starting action Action.	[MsgId: MMSG-15919]
Action.c(6): Notify: Parameter Substitution: parameter "myParam" =  "Value8"	[MsgId: MMSG-13992]
Group: parameters, vuser id: 8, scenario id 0, param : Value8	[MsgId: MMSG-17999]
Ending action Action.	[MsgId: MMSG-15918]
Ending iteration 253.	[MsgId: MMSG-15965]
Waiting 2,0000 seconds for iteration pacing.	[MsgId: MMSG-15996]
Starting iteration 238.	[MsgId: MMSG-15968]
Starting action Action.	[MsgId: MMSG-15919]
Action.c(6): Notify: Parameter Substitution: parameter "myParam" =  "Value10"	[MsgId: MMSG-13992]
Group: parameters, vuser id: 10, scenario id 0, param : Value10	[MsgId: MMSG-17999]
Ending action Action.	[MsgId: MMSG-15918]
Ending iteration 238.	[MsgId: MMSG-15965]
Waiting 1,9990 seconds for iteration pacing.	[MsgId: MMSG-15996]
Starting iteration 261.	[MsgId: MMSG-15968]
Starting action Action.	[MsgId: MMSG-15919]
Action.c(6): Notify: Parameter Substitution: parameter "myParam" =  "Value7"	[MsgId: MMSG-13992]
Group: parameters, vuser id: 7, scenario id 0, param : Value7	[MsgId: MMSG-17999]
Ending action Action.	[MsgId: MMSG-15918]
Ending iteration 261.	[MsgId: MMSG-15965]
Waiting 1,9990 seconds for iteration pacing.	[MsgId: MMSG-15996]
Starting iteration 246.	[MsgId: MMSG-15968]
Starting action Action.	[MsgId: MMSG-15919]
Action.c(6): Notify: Parameter Substitution: parameter "myParam" =  "Value9"	[MsgId: MMSG-13992]
Group: parameters, vuser id: 9, scenario id 0, param : Value9	[MsgId: MMSG-17999]
Ending action Action.	[MsgId: MMSG-15918]
Ending iteration 246.	[MsgId: MMSG-15965]
Waiting 1,9990 seconds for iteration pacing.	[MsgId: MMSG-15996]
Starting iteration 254.	[MsgId: MMSG-15968]
Starting action Action.	[MsgId: MMSG-15919]
Action.c(6): Notify: Parameter Substitution: parameter "myParam" =  "Value8"	[MsgId: MMSG-13992]
Group: parameters, vuser id: 8, scenario id 0, param : Value8	[MsgId: MMSG-17999]
Ending action Action.	[MsgId: MMSG-15918]
Ending iteration 254.	[MsgId: MMSG-15965]
Waiting 2,0000 seconds for iteration pacing.	[MsgId: MMSG-15996]
Starting iteration 239.	[MsgId: MMSG-15968]
Starting action Action.	[MsgId: MMSG-15919]
Action.c(6): Notify: Parameter Substitution: parameter "myParam" =  "Value10"	[MsgId: MMSG-13992]
Group: parameters, vuser id: 10, scenario id 0, param : Value10	[MsgId: MMSG-17999]
Ending action Action.	[MsgId: MMSG-15918]
Ending iteration 239.	[MsgId: MMSG-15965]
Waiting 1,9990 seconds for iteration pacing.	[MsgId: MMSG-15996]
Starting iteration 262.	[MsgId: MMSG-15968]
Starting action Action.	[MsgId: MMSG-15919]
Action.c(6): Notify: Parameter Substitution: parameter "myParam" =  "Value7"	[MsgId: MMSG-13992]
Group: parameters, vuser id: 7, scenario id 0, param : Value7	[MsgId: MMSG-17999]
Ending action Action.	[MsgId: MMSG-15918]
Ending iteration 262.	[MsgId: MMSG-15965]
Waiting 2,0000 seconds for iteration pacing.	[MsgId: MMSG-15996]
Starting iteration 247.	[MsgId: MMSG-15968]
Starting action Action.	[MsgId: MMSG-15919]
Action.c(6): Notify: Parameter Substitution: parameter "myParam" =  "Value9"	[MsgId: MMSG-13992]
Group: parameters, vuser id: 9, scenario id 0, param : Value9	[MsgId: MMSG-17999]
Ending action Action.	[MsgId: MMSG-15918]
Ending iteration 247.	[MsgId: MMSG-15965]
Waiting 2,0000 seconds for iteration pacing.	[MsgId: MMSG-15996]
Starting iteration 255.	[MsgId: MMSG-15968]
Starting action Action.	[MsgId: MMSG-15919]
Action.c(6): Notify: Parameter Substitution: parameter "myParam" =  "Value8"	[MsgId: MMSG-13992]
Group: parameters, vuser id: 8, scenario id 0, param : Value8	[MsgId: MMSG-17999]
Ending action Action.	[MsgId: MMSG-15918]
Ending iteration 255.	[MsgId: MMSG-15965]
Waiting 1,9990 seconds for iteration pacing.	[MsgId: MMSG-15996]
Starting iteration 240.	[MsgId: MMSG-15968]
Starting action Action.	[MsgId: MMSG-15919]
Action.c(6): Notify: Parameter Substitution: parameter "myParam" =  "Value10"	[MsgId: MMSG-13992]
Group: parameters, vuser id: 10, scenario id 0, param : Value10	[MsgId: MMSG-17999]
Ending action Action.	[MsgId: MMSG-15918]
Ending iteration 240.	[MsgId: MMSG-15965]
Waiting 2,0000 seconds for iteration pacing.	[MsgId: MMSG-15996]
Starting iteration 263.	[MsgId: MMSG-15968]
Starting action Action.	[MsgId: MMSG-15919]
Action.c(6): Notify: Parameter Substitution: parameter "myParam" =  "Value7"	[MsgId: MMSG-13992]
Group: parameters, vuser id: 7, scenario id 0, param : Value7	[MsgId: MMSG-17999]
Ending action Action.	[MsgId: MMSG-15918]
Ending iteration 263.	[MsgId: MMSG-15965]
Waiting 1,9990 seconds for iteration pacing.	[MsgId: MMSG-15996]
Starting iteration 248.	[MsgId: MMSG-15968]
Starting action Action.	[MsgId: MMSG-15919]
Action.c(6): Notify: Parameter Substitution: parameter "myParam" =  "Value9"	[MsgId: MMSG-13992]
Group: parameters, vuser id: 9, scenario id 0, param : Value9	[MsgId: MMSG-17999]
Ending action Action.	[MsgId: MMSG-15918]
Ending iteration 248.	[MsgId: MMSG-15965]
Waiting 1,9990 seconds for iteration pacing.	[MsgId: MMSG-15996]
Action was aborted.	[MsgId: MMSG-10694]
Ending Vuser...	[MsgId: MMSG-15966]
Starting action vuser_end.	[MsgId: MMSG-15919]
Ending action vuser_end.	[MsgId: MMSG-15918]
Vuser Terminated.	[MsgId: MMSG-15963]
Vuser 6 (thread 10424), ended OK."	[MsgId: MMSG-10695]
Starting iteration 256.	[MsgId: MMSG-15968]
Starting action Action.	[MsgId: MMSG-15919]
Action.c(6): Notify: Parameter Substitution: parameter "myParam" =  "Value8"	[MsgId: MMSG-13992]
Group: parameters, vuser id: 8, scenario id 0, param : Value8	[MsgId: MMSG-17999]
Ending action Action.	[MsgId: MMSG-15918]
Ending iteration 256.	[MsgId: MMSG-15965]
Waiting 2,0000 seconds for iteration pacing.	[MsgId: MMSG-15996]
Starting iteration 241.	[MsgId: MMSG-15968]
Starting action Action.	[MsgId: MMSG-15919]
Action.c(6): Notify: Parameter Substitution: parameter "myParam" =  "Value10"	[MsgId: MMSG-13992]
Group: parameters, vuser id: 10, scenario id 0, param : Value10	[MsgId: MMSG-17999]
Ending action Action.	[MsgId: MMSG-15918]
Ending iteration 241.	[MsgId: MMSG-15965]
Waiting 1,9990 seconds for iteration pacing.	[MsgId: MMSG-15996]
Starting iteration 249.	[MsgId: MMSG-15968]
Starting action Action.	[MsgId: MMSG-15919]
Action.c(6): Notify: Parameter Substitution: parameter "myParam" =  "Value9"	[MsgId: MMSG-13992]
Group: parameters, vuser id: 9, scenario id 0, param : Value9	[MsgId: MMSG-17999]
Ending action Action.	[MsgId: MMSG-15918]
Ending iteration 249.	[MsgId: MMSG-15965]
Waiting 1,9990 seconds for iteration pacing.	[MsgId: MMSG-15996]
Starting iteration 257.	[MsgId: MMSG-15968]
Starting action Action.	[MsgId: MMSG-15919]
Action.c(6): Notify: Parameter Substitution: parameter "myParam" =  "Value8"	[MsgId: MMSG-13992]
Group: parameters, vuser id: 8, scenario id 0, param : Value8	[MsgId: MMSG-17999]
Ending action Action.	[MsgId: MMSG-15918]
Ending iteration 257.	[MsgId: MMSG-15965]
Waiting 2,0000 seconds for iteration pacing.	[MsgId: MMSG-15996]
Starting iteration 242.	[MsgId: MMSG-15968]
Starting action Action.	[MsgId: MMSG-15919]
Action.c(6): Notify: Parameter Substitution: parameter "myParam" =  "Value10"	[MsgId: MMSG-13992]
Group: parameters, vuser id: 10, scenario id 0, param : Value10	[MsgId: MMSG-17999]
Ending action Action.	[MsgId: MMSG-15918]
Ending iteration 242.	[MsgId: MMSG-15965]
Waiting 1,9990 seconds for iteration pacing.	[MsgId: MMSG-15996]
Starting iteration 250.	[MsgId: MMSG-15968]
Starting action Action.	[MsgId: MMSG-15919]
Action.c(6): Notify: Parameter Substitution: parameter "myParam" =  "Value9"	[MsgId: MMSG-13992]
Group: parameters, vuser id: 9, scenario id 0, param : Value9	[MsgId: MMSG-17999]
Ending action Action.	[MsgId: MMSG-15918]
Ending iteration 250.	[MsgId: MMSG-15965]
Waiting 1,9990 seconds for iteration pacing.	[MsgId: MMSG-15996]
Starting iteration 258.	[MsgId: MMSG-15968]
Starting action Action.	[MsgId: MMSG-15919]
Action.c(6): Notify: Parameter Substitution: parameter "myParam" =  "Value8"	[MsgId: MMSG-13992]
Group: parameters, vuser id: 8, scenario id 0, param : Value8	[MsgId: MMSG-17999]
Ending action Action.	[MsgId: MMSG-15918]
Ending iteration 258.	[MsgId: MMSG-15965]
Waiting 2,0000 seconds for iteration pacing.	[MsgId: MMSG-15996]
Starting iteration 243.	[MsgId: MMSG-15968]
Starting action Action.	[MsgId: MMSG-15919]
Action.c(6): Notify: Parameter Substitution: parameter "myParam" =  "Value10"	[MsgId: MMSG-13992]
Group: parameters, vuser id: 10, scenario id 0, param : Value10	[MsgId: MMSG-17999]
Ending action Action.	[MsgId: MMSG-15918]
Ending iteration 243.	[MsgId: MMSG-15965]
Waiting 2,0000 seconds for iteration pacing.	[MsgId: MMSG-15996]
Starting iteration 251.	[MsgId: MMSG-15968]
Starting action Action.	[MsgId: MMSG-15919]
Action.c(6): Notify: Parameter Substitution: parameter "myParam" =  "Value9"	[MsgId: MMSG-13992]
Group: parameters, vuser id: 9, scenario id 0, param : Value9	[MsgId: MMSG-17999]
Ending action Action.	[MsgId: MMSG-15918]
Ending iteration 251.	[MsgId: MMSG-15965]
Waiting 2,0000 seconds for iteration pacing.	[MsgId: MMSG-15996]
Starting iteration 259.	[MsgId: MMSG-15968]
Starting action Action.	[MsgId: MMSG-15919]
Action.c(6): Notify: Parameter Substitution: parameter "myParam" =  "Value8"	[MsgId: MMSG-13992]
Group: parameters, vuser id: 8, scenario id 0, param : Value8	[MsgId: MMSG-17999]
Ending action Action.	[MsgId: MMSG-15918]
Ending iteration 259.	[MsgId: MMSG-15965]
Waiting 2,0000 seconds for iteration pacing.	[MsgId: MMSG-15996]
Starting iteration 244.	[MsgId: MMSG-15968]
Starting action Action.	[MsgId: MMSG-15919]
Action.c(6): Notify: Parameter Substitution: parameter "myParam" =  "Value10"	[MsgId: MMSG-13992]
Group: parameters, vuser id: 10, scenario id 0, param : Value10	[MsgId: MMSG-17999]
Ending action Action.	[MsgId: MMSG-15918]
Ending iteration 244.	[MsgId: MMSG-15965]
Waiting 1,9990 seconds for iteration pacing.	[MsgId: MMSG-15996]
Starting iteration 252.	[MsgId: MMSG-15968]
Starting action Action.	[MsgId: MMSG-15919]
Action.c(6): Notify: Parameter Substitution: parameter "myParam" =  "Value9"	[MsgId: MMSG-13992]
Group: parameters, vuser id: 9, scenario id 0, param : Value9	[MsgId: MMSG-17999]
Ending action Action.	[MsgId: MMSG-15918]
Ending iteration 252.	[MsgId: MMSG-15965]
Waiting 2,0000 seconds for iteration pacing.	[MsgId: MMSG-15996]
Starting iteration 260.	[MsgId: MMSG-15968]
Starting action Action.	[MsgId: MMSG-15919]
Action.c(6): Notify: Parameter Substitution: parameter "myParam" =  "Value8"	[MsgId: MMSG-13992]
Group: parameters, vuser id: 8, scenario id 0, param : Value8	[MsgId: MMSG-17999]
Ending action Action.	[MsgId: MMSG-15918]
Ending iteration 260.	[MsgId: MMSG-15965]
Waiting 1,9990 seconds for iteration pacing.	[MsgId: MMSG-15996]
Starting iteration 245.	[MsgId: MMSG-15968]
Starting action Action.	[MsgId: MMSG-15919]
Action.c(6): Notify: Parameter Substitution: parameter "myParam" =  "Value10"	[MsgId: MMSG-13992]
Group: parameters, vuser id: 10, scenario id 0, param : Value10	[MsgId: MMSG-17999]
Ending action Action.	[MsgId: MMSG-15918]
Ending iteration 245.	[MsgId: MMSG-15965]
Waiting 2,0000 seconds for iteration pacing.	[MsgId: MMSG-15996]
Starting iteration 253.	[MsgId: MMSG-15968]
Starting action Action.	[MsgId: MMSG-15919]
Action.c(6): Notify: Parameter Substitution: parameter "myParam" =  "Value9"	[MsgId: MMSG-13992]
Group: parameters, vuser id: 9, scenario id 0, param : Value9	[MsgId: MMSG-17999]
Ending action Action.	[MsgId: MMSG-15918]
Ending iteration 253.	[MsgId: MMSG-15965]
Waiting 2,0000 seconds for iteration pacing.	[MsgId: MMSG-15996]
Starting iteration 261.	[MsgId: MMSG-15968]
Starting action Action.	[MsgId: MMSG-15919]
Action.c(6): Notify: Parameter Substitution: parameter "myParam" =  "Value8"	[MsgId: MMSG-13992]
Group: parameters, vuser id: 8, scenario id 0, param : Value8	[MsgId: MMSG-17999]
Ending action Action.	[MsgId: MMSG-15918]
Ending iteration 261.	[MsgId: MMSG-15965]
Waiting 1,9990 seconds for iteration pacing.	[MsgId: MMSG-15996]
Starting iteration 246.	[MsgId: MMSG-15968]
Starting action Action.	[MsgId: MMSG-15919]
Action.c(6): Notify: Parameter Substitution: parameter "myParam" =  "Value10"	[MsgId: MMSG-13992]
Group: parameters, vuser id: 10, scenario id 0, param : Value10	[MsgId: MMSG-17999]
Ending action Action.	[MsgId: MMSG-15918]
Ending iteration 246.	[MsgId: MMSG-15965]
Waiting 1,9990 seconds for iteration pacing.	[MsgId: MMSG-15996]
Starting iteration 254.	[MsgId: MMSG-15968]
Starting action Action.	[MsgId: MMSG-15919]
Action.c(6): Notify: Parameter Substitution: parameter "myParam" =  "Value9"	[MsgId: MMSG-13992]
Group: parameters, vuser id: 9, scenario id 0, param : Value9	[MsgId: MMSG-17999]
Ending action Action.	[MsgId: MMSG-15918]
Ending iteration 254.	[MsgId: MMSG-15965]
Waiting 2,0000 seconds for iteration pacing.	[MsgId: MMSG-15996]
Starting iteration 262.	[MsgId: MMSG-15968]
Starting action Action.	[MsgId: MMSG-15919]
Action.c(6): Notify: Parameter Substitution: parameter "myParam" =  "Value8"	[MsgId: MMSG-13992]
Group: parameters, vuser id: 8, scenario id 0, param : Value8	[MsgId: MMSG-17999]
Ending action Action.	[MsgId: MMSG-15918]
Ending iteration 262.	[MsgId: MMSG-15965]
Waiting 1,9990 seconds for iteration pacing.	[MsgId: MMSG-15996]
Starting iteration 247.	[MsgId: MMSG-15968]
Starting action Action.	[MsgId: MMSG-15919]
Action.c(6): Notify: Parameter Substitution: parameter "myParam" =  "Value10"	[MsgId: MMSG-13992]
Group: parameters, vuser id: 10, scenario id 0, param : Value10	[MsgId: MMSG-17999]
Ending action Action.	[MsgId: MMSG-15918]
Ending iteration 247.	[MsgId: MMSG-15965]
Waiting 1,9990 seconds for iteration pacing.	[MsgId: MMSG-15996]
Starting iteration 255.	[MsgId: MMSG-15968]
Starting action Action.	[MsgId: MMSG-15919]
Action.c(6): Notify: Parameter Substitution: parameter "myParam" =  "Value9"	[MsgId: MMSG-13992]
Group: parameters, vuser id: 9, scenario id 0, param : Value9	[MsgId: MMSG-17999]
Ending action Action.	[MsgId: MMSG-15918]
Ending iteration 255.	[MsgId: MMSG-15965]
Waiting 2,0000 seconds for iteration pacing.	[MsgId: MMSG-15996]
Starting iteration 263.	[MsgId: MMSG-15968]
Starting action Action.	[MsgId: MMSG-15919]
Action.c(6): Notify: Parameter Substitution: parameter "myParam" =  "Value8"	[MsgId: MMSG-13992]
Group: parameters, vuser id: 8, scenario id 0, param : Value8	[MsgId: MMSG-17999]
Ending action Action.	[MsgId: MMSG-15918]
Ending iteration 263.	[MsgId: MMSG-15965]
Waiting 1,9990 seconds for iteration pacing.	[MsgId: MMSG-15996]
Starting iteration 248.	[MsgId: MMSG-15968]
Starting action Action.	[MsgId: MMSG-15919]
Action.c(6): Notify: Parameter Substitution: parameter "myParam" =  "Value10"	[MsgId: MMSG-13992]
Group: parameters, vuser id: 10, scenario id 0, param : Value10	[MsgId: MMSG-17999]
Ending action Action.	[MsgId: MMSG-15918]
Ending iteration 248.	[MsgId: MMSG-15965]
Waiting 1,9990 seconds for iteration pacing.	[MsgId: MMSG-15996]
Starting iteration 256.	[MsgId: MMSG-15968]
Starting action Action.	[MsgId: MMSG-15919]
Action.c(6): Notify: Parameter Substitution: parameter "myParam" =  "Value9"	[MsgId: MMSG-13992]
Group: parameters, vuser id: 9, scenario id 0, param : Value9	[MsgId: MMSG-17999]
Ending action Action.	[MsgId: MMSG-15918]
Ending iteration 256.	[MsgId: MMSG-15965]
Waiting 2,0000 seconds for iteration pacing.	[MsgId: MMSG-15996]
Starting iteration 264.	[MsgId: MMSG-15968]
Starting action Action.	[MsgId: MMSG-15919]
Action.c(6): Notify: Parameter Substitution: parameter "myParam" =  "Value8"	[MsgId: MMSG-13992]
Group: parameters, vuser id: 8, scenario id 0, param : Value8	[MsgId: MMSG-17999]
Ending action Action.	[MsgId: MMSG-15918]
Ending iteration 264.	[MsgId: MMSG-15965]
Waiting 2,0000 seconds for iteration pacing.	[MsgId: MMSG-15996]
Starting iteration 249.	[MsgId: MMSG-15968]
Starting action Action.	[MsgId: MMSG-15919]
Action.c(6): Notify: Parameter Substitution: parameter "myParam" =  "Value10"	[MsgId: MMSG-13992]
Group: parameters, vuser id: 10, scenario id 0, param : Value10	[MsgId: MMSG-17999]
Ending action Action.	[MsgId: MMSG-15918]
Ending iteration 249.	[MsgId: MMSG-15965]
Waiting 2,0000 seconds for iteration pacing.	[MsgId: MMSG-15996]
Starting iteration 257.	[MsgId: MMSG-15968]
Starting action Action.	[MsgId: MMSG-15919]
Action.c(6): Notify: Parameter Substitution: parameter "myParam" =  "Value9"	[MsgId: MMSG-13992]
Group: parameters, vuser id: 9, scenario id 0, param : Value9	[MsgId: MMSG-17999]
Ending action Action.	[MsgId: MMSG-15918]
Ending iteration 257.	[MsgId: MMSG-15965]
Waiting 1,9990 seconds for iteration pacing.	[MsgId: MMSG-15996]
Starting iteration 265.	[MsgId: MMSG-15968]
Starting action Action.	[MsgId: MMSG-15919]
Action.c(6): Notify: Parameter Substitution: parameter "myParam" =  "Value8"	[MsgId: MMSG-13992]
Group: parameters, vuser id: 8, scenario id 0, param : Value8	[MsgId: MMSG-17999]
Ending action Action.	[MsgId: MMSG-15918]
Ending iteration 265.	[MsgId: MMSG-15965]
Waiting 2,0000 seconds for iteration pacing.	[MsgId: MMSG-15996]
Starting iteration 250.	[MsgId: MMSG-15968]
Starting action Action.	[MsgId: MMSG-15919]
Action.c(6): Notify: Parameter Substitution: parameter "myParam" =  "Value10"	[MsgId: MMSG-13992]
Group: parameters, vuser id: 10, scenario id 0, param : Value10	[MsgId: MMSG-17999]
Ending action Action.	[MsgId: MMSG-15918]
Ending iteration 250.	[MsgId: MMSG-15965]
Waiting 1,9990 seconds for iteration pacing.	[MsgId: MMSG-15996]
Starting iteration 258.	[MsgId: MMSG-15968]
Starting action Action.	[MsgId: MMSG-15919]
Action.c(6): Notify: Parameter Substitution: parameter "myParam" =  "Value9"	[MsgId: MMSG-13992]
Group: parameters, vuser id: 9, scenario id 0, param : Value9	[MsgId: MMSG-17999]
Ending action Action.	[MsgId: MMSG-15918]
Ending iteration 258.	[MsgId: MMSG-15965]
Waiting 2,0000 seconds for iteration pacing.	[MsgId: MMSG-15996]
Starting iteration 266.	[MsgId: MMSG-15968]
Starting action Action.	[MsgId: MMSG-15919]
Action.c(6): Notify: Parameter Substitution: parameter "myParam" =  "Value8"	[MsgId: MMSG-13992]
Group: parameters, vuser id: 8, scenario id 0, param : Value8	[MsgId: MMSG-17999]
Ending action Action.	[MsgId: MMSG-15918]
Ending iteration 266.	[MsgId: MMSG-15965]
Waiting 2,0000 seconds for iteration pacing.	[MsgId: MMSG-15996]
Starting iteration 251.	[MsgId: MMSG-15968]
Starting action Action.	[MsgId: MMSG-15919]
Action.c(6): Notify: Parameter Substitution: parameter "myParam" =  "Value10"	[MsgId: MMSG-13992]
Group: parameters, vuser id: 10, scenario id 0, param : Value10	[MsgId: MMSG-17999]
Ending action Action.	[MsgId: MMSG-15918]
Ending iteration 251.	[MsgId: MMSG-15965]
Waiting 2,0000 seconds for iteration pacing.	[MsgId: MMSG-15996]
Starting iteration 259.	[MsgId: MMSG-15968]
Starting action Action.	[MsgId: MMSG-15919]
Action.c(6): Notify: Parameter Substitution: parameter "myParam" =  "Value9"	[MsgId: MMSG-13992]
Group: parameters, vuser id: 9, scenario id 0, param : Value9	[MsgId: MMSG-17999]
Ending action Action.	[MsgId: MMSG-15918]
Ending iteration 259.	[MsgId: MMSG-15965]
Waiting 2,0000 seconds for iteration pacing.	[MsgId: MMSG-15996]
Starting iteration 267.	[MsgId: MMSG-15968]
Starting action Action.	[MsgId: MMSG-15919]
Action.c(6): Notify: Parameter Substitution: parameter "myParam" =  "Value8"	[MsgId: MMSG-13992]
Group: parameters, vuser id: 8, scenario id 0, param : Value8	[MsgId: MMSG-17999]
Ending action Action.	[MsgId: MMSG-15918]
Ending iteration 267.	[MsgId: MMSG-15965]
Waiting 1,9990 seconds for iteration pacing.	[MsgId: MMSG-15996]
Starting iteration 252.	[MsgId: MMSG-15968]
Starting action Action.	[MsgId: MMSG-15919]
Action.c(6): Notify: Parameter Substitution: parameter "myParam" =  "Value10"	[MsgId: MMSG-13992]
Group: parameters, vuser id: 10, scenario id 0, param : Value10	[MsgId: MMSG-17999]
Ending action Action.	[MsgId: MMSG-15918]
Ending iteration 252.	[MsgId: MMSG-15965]
Waiting 2,0000 seconds for iteration pacing.	[MsgId: MMSG-15996]
Starting iteration 260.	[MsgId: MMSG-15968]
Starting action Action.	[MsgId: MMSG-15919]
Action.c(6): Notify: Parameter Substitution: parameter "myParam" =  "Value9"	[MsgId: MMSG-13992]
Group: parameters, vuser id: 9, scenario id 0, param : Value9	[MsgId: MMSG-17999]
Ending action Action.	[MsgId: MMSG-15918]
Ending iteration 260.	[MsgId: MMSG-15965]
Waiting 1,9990 seconds for iteration pacing.	[MsgId: MMSG-15996]
Starting iteration 268.	[MsgId: MMSG-15968]
Starting action Action.	[MsgId: MMSG-15919]
Action.c(6): Notify: Parameter Substitution: parameter "myParam" =  "Value8"	[MsgId: MMSG-13992]
Group: parameters, vuser id: 8, scenario id 0, param : Value8	[MsgId: MMSG-17999]
Ending action Action.	[MsgId: MMSG-15918]
Ending iteration 268.	[MsgId: MMSG-15965]
Waiting 2,0000 seconds for iteration pacing.	[MsgId: MMSG-15996]
Starting iteration 253.	[MsgId: MMSG-15968]
Starting action Action.	[MsgId: MMSG-15919]
Action.c(6): Notify: Parameter Substitution: parameter "myParam" =  "Value10"	[MsgId: MMSG-13992]
Group: parameters, vuser id: 10, scenario id 0, param : Value10	[MsgId: MMSG-17999]
Ending action Action.	[MsgId: MMSG-15918]
Ending iteration 253.	[MsgId: MMSG-15965]
Waiting 1,9990 seconds for iteration pacing.	[MsgId: MMSG-15996]
Starting iteration 261.	[MsgId: MMSG-15968]
Starting action Action.	[MsgId: MMSG-15919]
Action.c(6): Notify: Parameter Substitution: parameter "myParam" =  "Value9"	[MsgId: MMSG-13992]
Group: parameters, vuser id: 9, scenario id 0, param : Value9	[MsgId: MMSG-17999]
Ending action Action.	[MsgId: MMSG-15918]
Ending iteration 261.	[MsgId: MMSG-15965]
Waiting 1,9970 seconds for iteration pacing.	[MsgId: MMSG-15996]
Starting iteration 269.	[MsgId: MMSG-15968]
Starting action Action.	[MsgId: MMSG-15919]
Action.c(6): Notify: Parameter Substitution: parameter "myParam" =  "Value8"	[MsgId: MMSG-13992]
Group: parameters, vuser id: 8, scenario id 0, param : Value8	[MsgId: MMSG-17999]
Ending action Action.	[MsgId: MMSG-15918]
Ending iteration 269.	[MsgId: MMSG-15965]
Waiting 2,0000 seconds for iteration pacing.	[MsgId: MMSG-15996]
Starting iteration 254.	[MsgId: MMSG-15968]
Starting action Action.	[MsgId: MMSG-15919]
Action.c(6): Notify: Parameter Substitution: parameter "myParam" =  "Value10"	[MsgId: MMSG-13992]
Group: parameters, vuser id: 10, scenario id 0, param : Value10	[MsgId: MMSG-17999]
Ending action Action.	[MsgId: MMSG-15918]
Ending iteration 254.	[MsgId: MMSG-15965]
Waiting 1,9990 seconds for iteration pacing.	[MsgId: MMSG-15996]
Starting iteration 262.	[MsgId: MMSG-15968]
Starting action Action.	[MsgId: MMSG-15919]
Action.c(6): Notify: Parameter Substitution: parameter "myParam" =  "Value9"	[MsgId: MMSG-13992]
Group: parameters, vuser id: 9, scenario id 0, param : Value9	[MsgId: MMSG-17999]
Ending action Action.	[MsgId: MMSG-15918]
Ending iteration 262.	[MsgId: MMSG-15965]
Waiting 2,0000 seconds for iteration pacing.	[MsgId: MMSG-15996]
Starting iteration 270.	[MsgId: MMSG-15968]
Starting action Action.	[MsgId: MMSG-15919]
Action.c(6): Notify: Parameter Substitution: parameter "myParam" =  "Value8"	[MsgId: MMSG-13992]
Group: parameters, vuser id: 8, scenario id 0, param : Value8	[MsgId: MMSG-17999]
Ending action Action.	[MsgId: MMSG-15918]
Ending iteration 270.	[MsgId: MMSG-15965]
Waiting 2,0000 seconds for iteration pacing.	[MsgId: MMSG-15996]
Starting iteration 255.	[MsgId: MMSG-15968]
Starting action Action.	[MsgId: MMSG-15919]
Action.c(6): Notify: Parameter Substitution: parameter "myParam" =  "Value10"	[MsgId: MMSG-13992]
Group: parameters, vuser id: 10, scenario id 0, param : Value10	[MsgId: MMSG-17999]
Ending action Action.	[MsgId: MMSG-15918]
Ending iteration 255.	[MsgId: MMSG-15965]
Waiting 1,9990 seconds for iteration pacing.	[MsgId: MMSG-15996]
Starting iteration 263.	[MsgId: MMSG-15968]
Starting action Action.	[MsgId: MMSG-15919]
Action.c(6): Notify: Parameter Substitution: parameter "myParam" =  "Value9"	[MsgId: MMSG-13992]
Group: parameters, vuser id: 9, scenario id 0, param : Value9	[MsgId: MMSG-17999]
Ending action Action.	[MsgId: MMSG-15918]
Ending iteration 263.	[MsgId: MMSG-15965]
Waiting 2,0000 seconds for iteration pacing.	[MsgId: MMSG-15996]
Action was aborted.	[MsgId: MMSG-10694]
Ending Vuser...	[MsgId: MMSG-15966]
Starting action vuser_end.	[MsgId: MMSG-15919]
Ending action vuser_end.	[MsgId: MMSG-15918]
Vuser Terminated.	[MsgId: MMSG-15963]
Vuser 7 (thread 11096), ended OK."	[MsgId: MMSG-10695]
Starting iteration 256.	[MsgId: MMSG-15968]
Starting action Action.	[MsgId: MMSG-15919]
Action.c(6): Notify: Parameter Substitution: parameter "myParam" =  "Value10"	[MsgId: MMSG-13992]
Group: parameters, vuser id: 10, scenario id 0, param : Value10	[MsgId: MMSG-17999]
Ending action Action.	[MsgId: MMSG-15918]
Ending iteration 256.	[MsgId: MMSG-15965]
Waiting 2,0000 seconds for iteration pacing.	[MsgId: MMSG-15996]
Starting iteration 264.	[MsgId: MMSG-15968]
Starting action Action.	[MsgId: MMSG-15919]
Action.c(6): Notify: Parameter Substitution: parameter "myParam" =  "Value9"	[MsgId: MMSG-13992]
Group: parameters, vuser id: 9, scenario id 0, param : Value9	[MsgId: MMSG-17999]
Ending action Action.	[MsgId: MMSG-15918]
Ending iteration 264.	[MsgId: MMSG-15965]
Waiting 2,0000 seconds for iteration pacing.	[MsgId: MMSG-15996]
Starting iteration 257.	[MsgId: MMSG-15968]
Starting action Action.	[MsgId: MMSG-15919]
Action.c(6): Notify: Parameter Substitution: parameter "myParam" =  "Value10"	[MsgId: MMSG-13992]
Group: parameters, vuser id: 10, scenario id 0, param : Value10	[MsgId: MMSG-17999]
Ending action Action.	[MsgId: MMSG-15918]
Ending iteration 257.	[MsgId: MMSG-15965]
Waiting 1,9990 seconds for iteration pacing.	[MsgId: MMSG-15996]
Starting iteration 265.	[MsgId: MMSG-15968]
Starting action Action.	[MsgId: MMSG-15919]
Action.c(6): Notify: Parameter Substitution: parameter "myParam" =  "Value9"	[MsgId: MMSG-13992]
Group: parameters, vuser id: 9, scenario id 0, param : Value9	[MsgId: MMSG-17999]
Ending action Action.	[MsgId: MMSG-15918]
Ending iteration 265.	[MsgId: MMSG-15965]
Waiting 2,0000 seconds for iteration pacing.	[MsgId: MMSG-15996]
Starting iteration 258.	[MsgId: MMSG-15968]
Starting action Action.	[MsgId: MMSG-15919]
Action.c(6): Notify: Parameter Substitution: parameter "myParam" =  "Value10"	[MsgId: MMSG-13992]
Group: parameters, vuser id: 10, scenario id 0, param : Value10	[MsgId: MMSG-17999]
Ending action Action.	[MsgId: MMSG-15918]
Ending iteration 258.	[MsgId: MMSG-15965]
Waiting 1,9990 seconds for iteration pacing.	[MsgId: MMSG-15996]
Starting iteration 266.	[MsgId: MMSG-15968]
Starting action Action.	[MsgId: MMSG-15919]
Action.c(6): Notify: Parameter Substitution: parameter "myParam" =  "Value9"	[MsgId: MMSG-13992]
Group: parameters, vuser id: 9, scenario id 0, param : Value9	[MsgId: MMSG-17999]
Ending action Action.	[MsgId: MMSG-15918]
Ending iteration 266.	[MsgId: MMSG-15965]
Waiting 2,0000 seconds for iteration pacing.	[MsgId: MMSG-15996]
Starting iteration 259.	[MsgId: MMSG-15968]
Starting action Action.	[MsgId: MMSG-15919]
Action.c(6): Notify: Parameter Substitution: parameter "myParam" =  "Value10"	[MsgId: MMSG-13992]
Group: parameters, vuser id: 10, scenario id 0, param : Value10	[MsgId: MMSG-17999]
Ending action Action.	[MsgId: MMSG-15918]
Ending iteration 259.	[MsgId: MMSG-15965]
Waiting 2,0000 seconds for iteration pacing.	[MsgId: MMSG-15996]
Starting iteration 267.	[MsgId: MMSG-15968]
Starting action Action.	[MsgId: MMSG-15919]
Action.c(6): Notify: Parameter Substitution: parameter "myParam" =  "Value9"	[MsgId: MMSG-13992]
Group: parameters, vuser id: 9, scenario id 0, param : Value9	[MsgId: MMSG-17999]
Ending action Action.	[MsgId: MMSG-15918]
Ending iteration 267.	[MsgId: MMSG-15965]
Waiting 2,0000 seconds for iteration pacing.	[MsgId: MMSG-15996]
Starting iteration 260.	[MsgId: MMSG-15968]
Starting action Action.	[MsgId: MMSG-15919]
Action.c(6): Notify: Parameter Substitution: parameter "myParam" =  "Value10"	[MsgId: MMSG-13992]
Group: parameters, vuser id: 10, scenario id 0, param : Value10	[MsgId: MMSG-17999]
Ending action Action.	[MsgId: MMSG-15918]
Ending iteration 260.	[MsgId: MMSG-15965]
Waiting 2,0000 seconds for iteration pacing.	[MsgId: MMSG-15996]
Starting iteration 268.	[MsgId: MMSG-15968]
Starting action Action.	[MsgId: MMSG-15919]
Action.c(6): Notify: Parameter Substitution: parameter "myParam" =  "Value9"	[MsgId: MMSG-13992]
Group: parameters, vuser id: 9, scenario id 0, param : Value9	[MsgId: MMSG-17999]
Ending action Action.	[MsgId: MMSG-15918]
Ending iteration 268.	[MsgId: MMSG-15965]
Waiting 2,0000 seconds for iteration pacing.	[MsgId: MMSG-15996]
Starting iteration 261.	[MsgId: MMSG-15968]
Starting action Action.	[MsgId: MMSG-15919]
Action.c(6): Notify: Parameter Substitution: parameter "myParam" =  "Value10"	[MsgId: MMSG-13992]
Group: parameters, vuser id: 10, scenario id 0, param : Value10	[MsgId: MMSG-17999]
Ending action Action.	[MsgId: MMSG-15918]
Ending iteration 261.	[MsgId: MMSG-15965]
Waiting 2,0000 seconds for iteration pacing.	[MsgId: MMSG-15996]
Starting iteration 269.	[MsgId: MMSG-15968]
Starting action Action.	[MsgId: MMSG-15919]
Action.c(6): Notify: Parameter Substitution: parameter "myParam" =  "Value9"	[MsgId: MMSG-13992]
Group: parameters, vuser id: 9, scenario id 0, param : Value9	[MsgId: MMSG-17999]
Ending action Action.	[MsgId: MMSG-15918]
Ending iteration 269.	[MsgId: MMSG-15965]
Waiting 1,9990 seconds for iteration pacing.	[MsgId: MMSG-15996]
Starting iteration 262.	[MsgId: MMSG-15968]
Starting action Action.	[MsgId: MMSG-15919]
Action.c(6): Notify: Parameter Substitution: parameter "myParam" =  "Value10"	[MsgId: MMSG-13992]
Group: parameters, vuser id: 10, scenario id 0, param : Value10	[MsgId: MMSG-17999]
Ending action Action.	[MsgId: MMSG-15918]
Ending iteration 262.	[MsgId: MMSG-15965]
Waiting 2,0000 seconds for iteration pacing.	[MsgId: MMSG-15996]
Starting iteration 270.	[MsgId: MMSG-15968]
Starting action Action.	[MsgId: MMSG-15919]
Action.c(6): Notify: Parameter Substitution: parameter "myParam" =  "Value9"	[MsgId: MMSG-13992]
Group: parameters, vuser id: 9, scenario id 0, param : Value9	[MsgId: MMSG-17999]
Ending action Action.	[MsgId: MMSG-15918]
Ending iteration 270.	[MsgId: MMSG-15965]
Waiting 1,9990 seconds for iteration pacing.	[MsgId: MMSG-15996]
Starting iteration 263.	[MsgId: MMSG-15968]
Starting action Action.	[MsgId: MMSG-15919]
Action.c(6): Notify: Parameter Substitution: parameter "myParam" =  "Value10"	[MsgId: MMSG-13992]
Group: parameters, vuser id: 10, scenario id 0, param : Value10	[MsgId: MMSG-17999]
Ending action Action.	[MsgId: MMSG-15918]
Ending iteration 263.	[MsgId: MMSG-15965]
Waiting 2,0000 seconds for iteration pacing.	[MsgId: MMSG-15996]
Starting iteration 271.	[MsgId: MMSG-15968]
Starting action Action.	[MsgId: MMSG-15919]
Action.c(6): Notify: Parameter Substitution: parameter "myParam" =  "Value9"	[MsgId: MMSG-13992]
Group: parameters, vuser id: 9, scenario id 0, param : Value9	[MsgId: MMSG-17999]
Ending action Action.	[MsgId: MMSG-15918]
Ending iteration 271.	[MsgId: MMSG-15965]
Waiting 2,0000 seconds for iteration pacing.	[MsgId: MMSG-15996]
Starting iteration 264.	[MsgId: MMSG-15968]
Starting action Action.	[MsgId: MMSG-15919]
Action.c(6): Notify: Parameter Substitution: parameter "myParam" =  "Value10"	[MsgId: MMSG-13992]
Group: parameters, vuser id: 10, scenario id 0, param : Value10	[MsgId: MMSG-17999]
Ending action Action.	[MsgId: MMSG-15918]
Ending iteration 264.	[MsgId: MMSG-15965]
Waiting 1,9990 seconds for iteration pacing.	[MsgId: MMSG-15996]
Starting iteration 272.	[MsgId: MMSG-15968]
Starting action Action.	[MsgId: MMSG-15919]
Action.c(6): Notify: Parameter Substitution: parameter "myParam" =  "Value9"	[MsgId: MMSG-13992]
Group: parameters, vuser id: 9, scenario id 0, param : Value9	[MsgId: MMSG-17999]
Ending action Action.	[MsgId: MMSG-15918]
Ending iteration 272.	[MsgId: MMSG-15965]
Waiting 2,0000 seconds for iteration pacing.	[MsgId: MMSG-15996]
Starting iteration 265.	[MsgId: MMSG-15968]
Starting action Action.	[MsgId: MMSG-15919]
Action.c(6): Notify: Parameter Substitution: parameter "myParam" =  "Value10"	[MsgId: MMSG-13992]
Group: parameters, vuser id: 10, scenario id 0, param : Value10	[MsgId: MMSG-17999]
Ending action Action.	[MsgId: MMSG-15918]
Ending iteration 265.	[MsgId: MMSG-15965]
Waiting 2,0000 seconds for iteration pacing.	[MsgId: MMSG-15996]
Starting iteration 273.	[MsgId: MMSG-15968]
Starting action Action.	[MsgId: MMSG-15919]
Action.c(6): Notify: Parameter Substitution: parameter "myParam" =  "Value9"	[MsgId: MMSG-13992]
Group: parameters, vuser id: 9, scenario id 0, param : Value9	[MsgId: MMSG-17999]
Ending action Action.	[MsgId: MMSG-15918]
Ending iteration 273.	[MsgId: MMSG-15965]
Waiting 2,0000 seconds for iteration pacing.	[MsgId: MMSG-15996]
Starting iteration 266.	[MsgId: MMSG-15968]
Starting action Action.	[MsgId: MMSG-15919]
Action.c(6): Notify: Parameter Substitution: parameter "myParam" =  "Value10"	[MsgId: MMSG-13992]
Group: parameters, vuser id: 10, scenario id 0, param : Value10	[MsgId: MMSG-17999]
Ending action Action.	[MsgId: MMSG-15918]
Ending iteration 266.	[MsgId: MMSG-15965]
Waiting 1,9990 seconds for iteration pacing.	[MsgId: MMSG-15996]
Starting iteration 274.	[MsgId: MMSG-15968]
Starting action Action.	[MsgId: MMSG-15919]
Action.c(6): Notify: Parameter Substitution: parameter "myParam" =  "Value9"	[MsgId: MMSG-13992]
Group: parameters, vuser id: 9, scenario id 0, param : Value9	[MsgId: MMSG-17999]
Ending action Action.	[MsgId: MMSG-15918]
Ending iteration 274.	[MsgId: MMSG-15965]
Waiting 2,0000 seconds for iteration pacing.	[MsgId: MMSG-15996]
Starting iteration 267.	[MsgId: MMSG-15968]
Starting action Action.	[MsgId: MMSG-15919]
Action.c(6): Notify: Parameter Substitution: parameter "myParam" =  "Value10"	[MsgId: MMSG-13992]
Group: parameters, vuser id: 10, scenario id 0, param : Value10	[MsgId: MMSG-17999]
Ending action Action.	[MsgId: MMSG-15918]
Ending iteration 267.	[MsgId: MMSG-15965]
Waiting 2,0000 seconds for iteration pacing.	[MsgId: MMSG-15996]
Starting iteration 275.	[MsgId: MMSG-15968]
Starting action Action.	[MsgId: MMSG-15919]
Action.c(6): Notify: Parameter Substitution: parameter "myParam" =  "Value9"	[MsgId: MMSG-13992]
Group: parameters, vuser id: 9, scenario id 0, param : Value9	[MsgId: MMSG-17999]
Ending action Action.	[MsgId: MMSG-15918]
Ending iteration 275.	[MsgId: MMSG-15965]
Waiting 1,9990 seconds for iteration pacing.	[MsgId: MMSG-15996]
Starting iteration 268.	[MsgId: MMSG-15968]
Starting action Action.	[MsgId: MMSG-15919]
Action.c(6): Notify: Parameter Substitution: parameter "myParam" =  "Value10"	[MsgId: MMSG-13992]
Group: parameters, vuser id: 10, scenario id 0, param : Value10	[MsgId: MMSG-17999]
Ending action Action.	[MsgId: MMSG-15918]
Ending iteration 268.	[MsgId: MMSG-15965]
Waiting 1,9990 seconds for iteration pacing.	[MsgId: MMSG-15996]
Starting iteration 276.	[MsgId: MMSG-15968]
Starting action Action.	[MsgId: MMSG-15919]
Action.c(6): Notify: Parameter Substitution: parameter "myParam" =  "Value9"	[MsgId: MMSG-13992]
Group: parameters, vuser id: 9, scenario id 0, param : Value9	[MsgId: MMSG-17999]
Ending action Action.	[MsgId: MMSG-15918]
Ending iteration 276.	[MsgId: MMSG-15965]
Waiting 2,0000 seconds for iteration pacing.	[MsgId: MMSG-15996]
Starting iteration 269.	[MsgId: MMSG-15968]
Starting action Action.	[MsgId: MMSG-15919]
Action.c(6): Notify: Parameter Substitution: parameter "myParam" =  "Value10"	[MsgId: MMSG-13992]
Group: parameters, vuser id: 10, scenario id 0, param : Value10	[MsgId: MMSG-17999]
Ending action Action.	[MsgId: MMSG-15918]
Ending iteration 269.	[MsgId: MMSG-15965]
Waiting 2,0000 seconds for iteration pacing.	[MsgId: MMSG-15996]
Starting iteration 277.	[MsgId: MMSG-15968]
Starting action Action.	[MsgId: MMSG-15919]
Action.c(6): Notify: Parameter Substitution: parameter "myParam" =  "Value9"	[MsgId: MMSG-13992]
Group: parameters, vuser id: 9, scenario id 0, param : Value9	[MsgId: MMSG-17999]
Ending action Action.	[MsgId: MMSG-15918]
Ending iteration 277.	[MsgId: MMSG-15965]
Waiting 2,0000 seconds for iteration pacing.	[MsgId: MMSG-15996]
Starting iteration 270.	[MsgId: MMSG-15968]
Starting action Action.	[MsgId: MMSG-15919]
Action.c(6): Notify: Parameter Substitution: parameter "myParam" =  "Value10"	[MsgId: MMSG-13992]
Group: parameters, vuser id: 10, scenario id 0, param : Value10	[MsgId: MMSG-17999]
Ending action Action.	[MsgId: MMSG-15918]
Ending iteration 270.	[MsgId: MMSG-15965]
Waiting 1,9990 seconds for iteration pacing.	[MsgId: MMSG-15996]
Starting iteration 278.	[MsgId: MMSG-15968]
Starting action Action.	[MsgId: MMSG-15919]
Action.c(6): Notify: Parameter Substitution: parameter "myParam" =  "Value9"	[MsgId: MMSG-13992]
Group: parameters, vuser id: 9, scenario id 0, param : Value9	[MsgId: MMSG-17999]
Ending action Action.	[MsgId: MMSG-15918]
Ending iteration 278.	[MsgId: MMSG-15965]
Waiting 1,9990 seconds for iteration pacing.	[MsgId: MMSG-15996]
Action was aborted.	[MsgId: MMSG-10694]
Ending Vuser...	[MsgId: MMSG-15966]
Starting action vuser_end.	[MsgId: MMSG-15919]
Ending action vuser_end.	[MsgId: MMSG-15918]
Vuser Terminated.	[MsgId: MMSG-15963]
Vuser 8 (thread 1020), ended OK."	[MsgId: MMSG-10695]
Starting iteration 271.	[MsgId: MMSG-15968]
Starting action Action.	[MsgId: MMSG-15919]
Action.c(6): Notify: Parameter Substitution: parameter "myParam" =  "Value10"	[MsgId: MMSG-13992]
Group: parameters, vuser id: 10, scenario id 0, param : Value10	[MsgId: MMSG-17999]
Ending action Action.	[MsgId: MMSG-15918]
Ending iteration 271.	[MsgId: MMSG-15965]
Waiting 1,9990 seconds for iteration pacing.	[MsgId: MMSG-15996]
Starting iteration 272.	[MsgId: MMSG-15968]
Starting action Action.	[MsgId: MMSG-15919]
Action.c(6): Notify: Parameter Substitution: parameter "myParam" =  "Value10"	[MsgId: MMSG-13992]
Group: parameters, vuser id: 10, scenario id 0, param : Value10	[MsgId: MMSG-17999]
Ending action Action.	[MsgId: MMSG-15918]
Ending iteration 272.	[MsgId: MMSG-15965]
Waiting 2,0000 seconds for iteration pacing.	[MsgId: MMSG-15996]
Starting iteration 273.	[MsgId: MMSG-15968]
Starting action Action.	[MsgId: MMSG-15919]
Action.c(6): Notify: Parameter Substitution: parameter "myParam" =  "Value10"	[MsgId: MMSG-13992]
Group: parameters, vuser id: 10, scenario id 0, param : Value10	[MsgId: MMSG-17999]
Ending action Action.	[MsgId: MMSG-15918]
Ending iteration 273.	[MsgId: MMSG-15965]
Waiting 2,0000 seconds for iteration pacing.	[MsgId: MMSG-15996]
Starting iteration 274.	[MsgId: MMSG-15968]
Starting action Action.	[MsgId: MMSG-15919]
Action.c(6): Notify: Parameter Substitution: parameter "myParam" =  "Value10"	[MsgId: MMSG-13992]
Group: parameters, vuser id: 10, scenario id 0, param : Value10	[MsgId: MMSG-17999]
Ending action Action.	[MsgId: MMSG-15918]
Ending iteration 274.	[MsgId: MMSG-15965]
Waiting 2,0000 seconds for iteration pacing.	[MsgId: MMSG-15996]
Starting iteration 275.	[MsgId: MMSG-15968]
Starting action Action.	[MsgId: MMSG-15919]
Action.c(6): Notify: Parameter Substitution: parameter "myParam" =  "Value10"	[MsgId: MMSG-13992]
Group: parameters, vuser id: 10, scenario id 0, param : Value10	[MsgId: MMSG-17999]
Ending action Action.	[MsgId: MMSG-15918]
Ending iteration 275.	[MsgId: MMSG-15965]
Waiting 2,0000 seconds for iteration pacing.	[MsgId: MMSG-15996]
Starting iteration 276.	[MsgId: MMSG-15968]
Starting action Action.	[MsgId: MMSG-15919]
Action.c(6): Notify: Parameter Substitution: parameter "myParam" =  "Value10"	[MsgId: MMSG-13992]
Group: parameters, vuser id: 10, scenario id 0, param : Value10	[MsgId: MMSG-17999]
Ending action Action.	[MsgId: MMSG-15918]
Ending iteration 276.	[MsgId: MMSG-15965]
Waiting 2,0000 seconds for iteration pacing.	[MsgId: MMSG-15996]
Starting iteration 277.	[MsgId: MMSG-15968]
Starting action Action.	[MsgId: MMSG-15919]
Action.c(6): Notify: Parameter Substitution: parameter "myParam" =  "Value10"	[MsgId: MMSG-13992]
Group: parameters, vuser id: 10, scenario id 0, param : Value10	[MsgId: MMSG-17999]
Ending action Action.	[MsgId: MMSG-15918]
Ending iteration 277.	[MsgId: MMSG-15965]
Waiting 1,9990 seconds for iteration pacing.	[MsgId: MMSG-15996]
Starting iteration 278.	[MsgId: MMSG-15968]
Starting action Action.	[MsgId: MMSG-15919]
Action.c(6): Notify: Parameter Substitution: parameter "myParam" =  "Value10"	[MsgId: MMSG-13992]
Group: parameters, vuser id: 10, scenario id 0, param : Value10	[MsgId: MMSG-17999]
Ending action Action.	[MsgId: MMSG-15918]
Ending iteration 278.	[MsgId: MMSG-15965]
Waiting 2,0000 seconds for iteration pacing.	[MsgId: MMSG-15996]
Starting iteration 279.	[MsgId: MMSG-15968]
Starting action Action.	[MsgId: MMSG-15919]
Action.c(6): Notify: Parameter Substitution: parameter "myParam" =  "Value10"	[MsgId: MMSG-13992]
Group: parameters, vuser id: 10, scenario id 0, param : Value10	[MsgId: MMSG-17999]
Ending action Action.	[MsgId: MMSG-15918]
Ending iteration 279.	[MsgId: MMSG-15965]
Waiting 2,0000 seconds for iteration pacing.	[MsgId: MMSG-15996]
Starting iteration 280.	[MsgId: MMSG-15968]
Starting action Action.	[MsgId: MMSG-15919]
Action.c(6): Notify: Parameter Substitution: parameter "myParam" =  "Value10"	[MsgId: MMSG-13992]
Group: parameters, vuser id: 10, scenario id 0, param : Value10	[MsgId: MMSG-17999]
Ending action Action.	[MsgId: MMSG-15918]
Ending iteration 280.	[MsgId: MMSG-15965]
Waiting 2,0000 seconds for iteration pacing.	[MsgId: MMSG-15996]
Starting iteration 281.	[MsgId: MMSG-15968]
Starting action Action.	[MsgId: MMSG-15919]
Action.c(6): Notify: Parameter Substitution: parameter "myParam" =  "Value10"	[MsgId: MMSG-13992]
Group: parameters, vuser id: 10, scenario id 0, param : Value10	[MsgId: MMSG-17999]
Ending action Action.	[MsgId: MMSG-15918]
Ending iteration 281.	[MsgId: MMSG-15965]
Waiting 2,0000 seconds for iteration pacing.	[MsgId: MMSG-15996]
Starting iteration 282.	[MsgId: MMSG-15968]
Starting action Action.	[MsgId: MMSG-15919]
Action.c(6): Notify: Parameter Substitution: parameter "myParam" =  "Value10"	[MsgId: MMSG-13992]
Group: parameters, vuser id: 10, scenario id 0, param : Value10	[MsgId: MMSG-17999]
Ending action Action.	[MsgId: MMSG-15918]
Ending iteration 282.	[MsgId: MMSG-15965]
Waiting 2,0000 seconds for iteration pacing.	[MsgId: MMSG-15996]
Starting iteration 283.	[MsgId: MMSG-15968]
Starting action Action.	[MsgId: MMSG-15919]
Action.c(6): Notify: Parameter Substitution: parameter "myParam" =  "Value10"	[MsgId: MMSG-13992]
Group: parameters, vuser id: 10, scenario id 0, param : Value10	[MsgId: MMSG-17999]
Ending action Action.	[MsgId: MMSG-15918]
Ending iteration 283.	[MsgId: MMSG-15965]
Waiting 1,9990 seconds for iteration pacing.	[MsgId: MMSG-15996]
Starting iteration 284.	[MsgId: MMSG-15968]
Starting action Action.	[MsgId: MMSG-15919]
Action.c(6): Notify: Parameter Substitution: parameter "myParam" =  "Value10"	[MsgId: MMSG-13992]
Group: parameters, vuser id: 10, scenario id 0, param : Value10	[MsgId: MMSG-17999]
Ending action Action.	[MsgId: MMSG-15918]
Ending iteration 284.	[MsgId: MMSG-15965]
Waiting 2,0000 seconds for iteration pacing.	[MsgId: MMSG-15996]
Starting iteration 285.	[MsgId: MMSG-15968]
Starting action Action.	[MsgId: MMSG-15919]
Action.c(6): Notify: Parameter Substitution: parameter "myParam" =  "Value10"	[MsgId: MMSG-13992]
Group: parameters, vuser id: 10, scenario id 0, param : Value10	[MsgId: MMSG-17999]
Ending action Action.	[MsgId: MMSG-15918]
Ending iteration 285.	[MsgId: MMSG-15965]
Waiting 1,9990 seconds for iteration pacing.	[MsgId: MMSG-15996]
Action was aborted.	[MsgId: MMSG-10694]
Ending Vuser...	[MsgId: MMSG-15966]
Starting action vuser_end.	[MsgId: MMSG-15919]
Ending action vuser_end.	[MsgId: MMSG-15918]
Vuser Terminated.	[MsgId: MMSG-15963]
Vuser 9 (thread 2572), ended OK."	[MsgId: MMSG-10695]
Notify: The Network Virtualization Emulation Dynamic Filter API was closed.	[MsgId: MMSG-56945]
