Virtual User Script started at: 01/08/2023 08:55:05	[MsgId: MMSG-15967]
Starting action vuser_init.	[MsgId: MMSG-15919]
Web Turbo Replay of LoadRunner 2023.0.0 for Windows 2019; build 506 (Mar 08 2023 13:11:40)  	[MsgId: MMSG-26983]
Run mode: HTML  	[MsgId: MMSG-26993]
Replay user agent: Mozilla/5.0 (compatible; MSIE 10.0; Windows NT 6.1; Trident/6.0)  	[MsgId: MMSG-26988]
Runtime Settings file: "C:\Users\demo\AppData\Local\Temp\1\lr5tmpdiriUX.820\lrcfgn8f.821\cfgaEh.824"  	[MsgId: MMSG-27141]
Ending action vuser_init.	[MsgId: MMSG-15918]
Running Vuser...	[MsgId: MMSG-15964]
Virtual User Script started at: 01/08/2023 08:55:05	[MsgId: MMSG-15967]
Starting action vuser_init.	[MsgId: MMSG-15919]
Web Turbo Replay of LoadRunner 2023.0.0 for Windows 2019; build 506 (Mar 08 2023 13:11:40)  	[MsgId: MMSG-26983]
Run mode: HTML  	[MsgId: MMSG-26993]
Replay user agent: Mozilla/5.0 (compatible; MSIE 10.0; Windows NT 6.1; Trident/6.0)  	[MsgId: MMSG-26988]
Runtime Settings file: "C:\Users\demo\AppData\Local\Temp\1\lr5tmpdiriUX.820\lrcfgn8f.821\cfgaEh.824"  	[MsgId: MMSG-27141]
Ending action vuser_init.	[MsgId: MMSG-15918]
Running Vuser...	[MsgId: MMSG-15964]
Virtual User Script started at: 01/08/2023 08:55:05	[MsgId: MMSG-15967]
Starting action vuser_init.	[MsgId: MMSG-15919]
Web Turbo Replay of LoadRunner 2023.0.0 for Windows 2019; build 506 (Mar 08 2023 13:11:40)  	[MsgId: MMSG-26983]
Run mode: HTML  	[MsgId: MMSG-26993]
Replay user agent: Mozilla/5.0 (compatible; MSIE 10.0; Windows NT 6.1; Trident/6.0)  	[MsgId: MMSG-26988]
Runtime Settings file: "C:\Users\demo\AppData\Local\Temp\1\lr5tmpdiriUX.820\lrcfgn8f.821\cfgaEh.824"  	[MsgId: MMSG-27141]
Ending action vuser_init.	[MsgId: MMSG-15918]
Running Vuser...	[MsgId: MMSG-15964]
Virtual User Script started at: 01/08/2023 08:55:05	[MsgId: MMSG-15967]
Starting action vuser_init.	[MsgId: MMSG-15919]
Web Turbo Replay of LoadRunner 2023.0.0 for Windows 2019; build 506 (Mar 08 2023 13:11:40)  	[MsgId: MMSG-26983]
Run mode: HTML  	[MsgId: MMSG-26993]
Replay user agent: Mozilla/5.0 (compatible; MSIE 10.0; Windows NT 6.1; Trident/6.0)  	[MsgId: MMSG-26988]
Runtime Settings file: "C:\Users\demo\AppData\Local\Temp\1\lr5tmpdiriUX.820\lrcfgn8f.821\cfgaEh.824"  	[MsgId: MMSG-27141]
Ending action vuser_init.	[MsgId: MMSG-15918]
Running Vuser...	[MsgId: MMSG-15964]
Virtual User Script started at: 01/08/2023 08:55:05	[MsgId: MMSG-15967]
Starting action vuser_init.	[MsgId: MMSG-15919]
Web Turbo Replay of LoadRunner 2023.0.0 for Windows 2019; build 506 (Mar 08 2023 13:11:40)  	[MsgId: MMSG-26983]
Run mode: HTML  	[MsgId: MMSG-26993]
Replay user agent: Mozilla/5.0 (compatible; MSIE 10.0; Windows NT 6.1; Trident/6.0)  	[MsgId: MMSG-26988]
Runtime Settings file: "C:\Users\demo\AppData\Local\Temp\1\lr5tmpdiriUX.820\lrcfgn8f.821\cfgaEh.824"  	[MsgId: MMSG-27141]
Ending action vuser_init.	[MsgId: MMSG-15918]
Running Vuser...	[MsgId: MMSG-15964]
Virtual User Script started at: 01/08/2023 08:55:05	[MsgId: MMSG-15967]
Starting iteration 1.	[MsgId: MMSG-15968]
Starting action vuser_init.	[MsgId: MMSG-15919]
Web Turbo Replay of LoadRunner 2023.0.0 for Windows 2019; build 506 (Mar 08 2023 13:11:40)  	[MsgId: MMSG-26983]
Run mode: HTML  	[MsgId: MMSG-26993]
Replay user agent: Mozilla/5.0 (compatible; MSIE 10.0; Windows NT 6.1; Trident/6.0)  	[MsgId: MMSG-26988]
Runtime Settings file: "C:\Users\demo\AppData\Local\Temp\1\lr5tmpdiriUX.820\lrcfgn8f.821\cfgaEh.824"  	[MsgId: MMSG-27141]
Ending action vuser_init.	[MsgId: MMSG-15918]
Running Vuser...	[MsgId: MMSG-15964]
Virtual User Script started at: 01/08/2023 08:55:05	[MsgId: MMSG-15967]
Starting iteration 1.	[MsgId: MMSG-15968]
Maximum number of concurrent connections per server: 6  	[MsgId: MMSG-26989]
Starting action Action.	[MsgId: MMSG-15919]
Action.c(6): Notify: Parameter Substitution: parameter "myParam" =  "Value1"	[MsgId: MMSG-13992]
Group: parameters, vuser id: 1, scenario id 0, param : Value1	[MsgId: MMSG-17999]
Ending action Action.	[MsgId: MMSG-15918]
Ending iteration 1.	[MsgId: MMSG-15965]
Starting iteration 2.	[MsgId: MMSG-15968]
Starting iteration 1.	[MsgId: MMSG-15968]
Maximum number of concurrent connections per server: 6  	[MsgId: MMSG-26989]
Starting action Action.	[MsgId: MMSG-15919]
Action.c(6): Notify: Parameter Substitution: parameter "myParam" =  "Value6"	[MsgId: MMSG-13992]
Group: parameters, vuser id: 6, scenario id 0, param : Value6	[MsgId: MMSG-17999]
Ending action Action.	[MsgId: MMSG-15918]
Ending iteration 1.	[MsgId: MMSG-15965]
Starting iteration 2.	[MsgId: MMSG-15968]
Starting action Action.	[MsgId: MMSG-15919]
Action.c(6): Notify: Parameter Substitution: parameter "myParam" =  "Value6"	[MsgId: MMSG-13992]
Group: parameters, vuser id: 6, scenario id 0, param : Value6	[MsgId: MMSG-17999]
Ending action Action.	[MsgId: MMSG-15918]
Ending iteration 2.	[MsgId: MMSG-15965]
Starting iteration 3.	[MsgId: MMSG-15968]
Starting action Action.	[MsgId: MMSG-15919]
Action.c(6): Notify: Parameter Substitution: parameter "myParam" =  "Value6"	[MsgId: MMSG-13992]
Group: parameters, vuser id: 6, scenario id 0, param : Value6	[MsgId: MMSG-17999]
Ending action Action.	[MsgId: MMSG-15918]
Ending iteration 3.	[MsgId: MMSG-15965]
Starting iteration 4.	[MsgId: MMSG-15968]
Starting action Action.	[MsgId: MMSG-15919]
Action.c(6): Notify: Parameter Substitution: parameter "myParam" =  "Value6"	[MsgId: MMSG-13992]
Group: parameters, vuser id: 6, scenario id 0, param : Value6	[MsgId: MMSG-17999]
Ending action Action.	[MsgId: MMSG-15918]
Ending iteration 4.	[MsgId: MMSG-15965]
Starting iteration 5.	[MsgId: MMSG-15968]
Starting action Action.	[MsgId: MMSG-15919]
Action.c(6): Notify: Parameter Substitution: parameter "myParam" =  "Value6"	[MsgId: MMSG-13992]
Group: parameters, vuser id: 6, scenario id 0, param : Value6	[MsgId: MMSG-17999]
Ending action Action.	[MsgId: MMSG-15918]
Ending iteration 5.	[MsgId: MMSG-15965]
Starting iteration 6.	[MsgId: MMSG-15968]
Starting action Action.	[MsgId: MMSG-15919]
Action.c(6): Notify: Parameter Substitution: parameter "myParam" =  "Value6"	[MsgId: MMSG-13992]
Group: parameters, vuser id: 6, scenario id 0, param : Value6	[MsgId: MMSG-17999]
Ending action Action.	[MsgId: MMSG-15918]
Ending iteration 6.	[MsgId: MMSG-15965]
Starting iteration 7.	[MsgId: MMSG-15968]
Starting action Action.	[MsgId: MMSG-15919]
Action.c(6): Notify: Parameter Substitution: parameter "myParam" =  "Value6"	[MsgId: MMSG-13992]
Group: parameters, vuser id: 6, scenario id 0, param : Value6	[MsgId: MMSG-17999]
Ending action Action.	[MsgId: MMSG-15918]
Ending iteration 7.	[MsgId: MMSG-15965]
Starting iteration 8.	[MsgId: MMSG-15968]
Starting action Action.	[MsgId: MMSG-15919]
Action.c(6): Notify: Parameter Substitution: parameter "myParam" =  "Value6"	[MsgId: MMSG-13992]
Group: parameters, vuser id: 6, scenario id 0, param : Value6	[MsgId: MMSG-17999]
Ending action Action.	[MsgId: MMSG-15918]
Ending iteration 8.	[MsgId: MMSG-15965]
Starting iteration 9.	[MsgId: MMSG-15968]
Starting action Action.	[MsgId: MMSG-15919]
Action.c(6): Notify: Parameter Substitution: parameter "myParam" =  "Value6"	[MsgId: MMSG-13992]
Group: parameters, vuser id: 6, scenario id 0, param : Value6	[MsgId: MMSG-17999]
Ending action Action.	[MsgId: MMSG-15918]
Ending iteration 9.	[MsgId: MMSG-15965]
Starting iteration 10.	[MsgId: MMSG-15968]
Starting action Action.	[MsgId: MMSG-15919]
Action.c(6): Notify: Parameter Substitution: parameter "myParam" =  "Value6"	[MsgId: MMSG-13992]
Group: parameters, vuser id: 6, scenario id 0, param : Value6	[MsgId: MMSG-17999]
Ending action Action.	[MsgId: MMSG-15918]
Ending iteration 10.	[MsgId: MMSG-15965]
Ending Vuser...	[MsgId: MMSG-15966]
Starting action vuser_end.	[MsgId: MMSG-15919]
Ending action vuser_end.	[MsgId: MMSG-15918]
Vuser Terminated.	[MsgId: MMSG-15963]
Vuser 5 (thread 8504), ended OK."	[MsgId: MMSG-10695]
Starting action vuser_init.	[MsgId: MMSG-15919]
Web Turbo Replay of LoadRunner 2023.0.0 for Windows 2019; build 506 (Mar 08 2023 13:11:40)  	[MsgId: MMSG-26983]
Run mode: HTML  	[MsgId: MMSG-26993]
Replay user agent: Mozilla/5.0 (compatible; MSIE 10.0; Windows NT 6.1; Trident/6.0)  	[MsgId: MMSG-26988]
Runtime Settings file: "C:\Users\demo\AppData\Local\Temp\1\lr5tmpdiriUX.820\lrcfgn8f.821\cfgaEh.824"  	[MsgId: MMSG-27141]
Ending action vuser_init.	[MsgId: MMSG-15918]
Running Vuser...	[MsgId: MMSG-15964]
Virtual User Script started at: 01/08/2023 08:55:05	[MsgId: MMSG-15967]
Starting action vuser_init.	[MsgId: MMSG-15919]
Web Turbo Replay of LoadRunner 2023.0.0 for Windows 2019; build 506 (Mar 08 2023 13:11:40)  	[MsgId: MMSG-26983]
Run mode: HTML  	[MsgId: MMSG-26993]
Replay user agent: Mozilla/5.0 (compatible; MSIE 10.0; Windows NT 6.1; Trident/6.0)  	[MsgId: MMSG-26988]
Runtime Settings file: "C:\Users\demo\AppData\Local\Temp\1\lr5tmpdiriUX.820\lrcfgn8f.821\cfgaEh.824"  	[MsgId: MMSG-27141]
Ending action vuser_init.	[MsgId: MMSG-15918]
Running Vuser...	[MsgId: MMSG-15964]
Virtual User Script started at: 01/08/2023 08:55:05	[MsgId: MMSG-15967]
Maximum number of concurrent connections per server: 6  	[MsgId: MMSG-26989]
Starting action Action.	[MsgId: MMSG-15919]
Action.c(6): Notify: Parameter Substitution: parameter "myParam" =  "Value5"	[MsgId: MMSG-13992]
Group: parameters, vuser id: 5, scenario id 0, param : Value5	[MsgId: MMSG-17999]
Ending action Action.	[MsgId: MMSG-15918]
Ending iteration 1.	[MsgId: MMSG-15965]
Starting iteration 2.	[MsgId: MMSG-15968]
Starting action vuser_init.	[MsgId: MMSG-15919]
Starting action Action.	[MsgId: MMSG-15919]
Web Turbo Replay of LoadRunner 2023.0.0 for Windows 2019; build 506 (Mar 08 2023 13:11:40)  	[MsgId: MMSG-26983]
Action.c(6): Notify: Parameter Substitution: parameter "myParam" =  "Value5"	[MsgId: MMSG-13992]
Group: parameters, vuser id: 5, scenario id 0, param : Value5	[MsgId: MMSG-17999]
Run mode: HTML  	[MsgId: MMSG-26993]
Ending action Action.	[MsgId: MMSG-15918]
Ending iteration 2.	[MsgId: MMSG-15965]
Starting iteration 3.	[MsgId: MMSG-15968]
Replay user agent: Mozilla/5.0 (compatible; MSIE 10.0; Windows NT 6.1; Trident/6.0)  	[MsgId: MMSG-26988]
Starting action Action.	[MsgId: MMSG-15919]
Runtime Settings file: "C:\Users\demo\AppData\Local\Temp\1\lr5tmpdiriUX.820\lrcfgn8f.821\cfgaEh.824"  	[MsgId: MMSG-27141]
Action.c(6): Notify: Parameter Substitution: parameter "myParam" =  "Value5"	[MsgId: MMSG-13992]
Group: parameters, vuser id: 5, scenario id 0, param : Value5	[MsgId: MMSG-17999]
Ending action Action.	[MsgId: MMSG-15918]
Ending iteration 3.	[MsgId: MMSG-15965]
Starting iteration 4.	[MsgId: MMSG-15968]
Starting action Action.	[MsgId: MMSG-15919]
Action.c(6): Notify: Parameter Substitution: parameter "myParam" =  "Value5"	[MsgId: MMSG-13992]
Group: parameters, vuser id: 5, scenario id 0, param : Value5	[MsgId: MMSG-17999]
Ending action Action.	[MsgId: MMSG-15918]
Ending iteration 4.	[MsgId: MMSG-15965]
Starting iteration 5.	[MsgId: MMSG-15968]
Starting action Action.	[MsgId: MMSG-15919]
Action.c(6): Notify: Parameter Substitution: parameter "myParam" =  "Value5"	[MsgId: MMSG-13992]
Group: parameters, vuser id: 5, scenario id 0, param : Value5	[MsgId: MMSG-17999]
Ending action Action.	[MsgId: MMSG-15918]
Ending iteration 5.	[MsgId: MMSG-15965]
Starting iteration 6.	[MsgId: MMSG-15968]
Starting action Action.	[MsgId: MMSG-15919]
Action.c(6): Notify: Parameter Substitution: parameter "myParam" =  "Value5"	[MsgId: MMSG-13992]
Group: parameters, vuser id: 5, scenario id 0, param : Value5	[MsgId: MMSG-17999]
Ending action Action.	[MsgId: MMSG-15918]
Ending iteration 6.	[MsgId: MMSG-15965]
Starting iteration 7.	[MsgId: MMSG-15968]
Starting action Action.	[MsgId: MMSG-15919]
Action.c(6): Notify: Parameter Substitution: parameter "myParam" =  "Value5"	[MsgId: MMSG-13992]
Group: parameters, vuser id: 5, scenario id 0, param : Value5	[MsgId: MMSG-17999]
Ending action vuser_init.	[MsgId: MMSG-15918]
Running Vuser...	[MsgId: MMSG-15964]
Ending action Action.	[MsgId: MMSG-15918]
Ending iteration 7.	[MsgId: MMSG-15965]
Starting iteration 8.	[MsgId: MMSG-15968]
Starting action Action.	[MsgId: MMSG-15919]
Action.c(6): Notify: Parameter Substitution: parameter "myParam" =  "Value5"	[MsgId: MMSG-13992]
Group: parameters, vuser id: 5, scenario id 0, param : Value5	[MsgId: MMSG-17999]
Ending action Action.	[MsgId: MMSG-15918]
Ending iteration 8.	[MsgId: MMSG-15965]
Starting iteration 9.	[MsgId: MMSG-15968]
Starting action Action.	[MsgId: MMSG-15919]
Action.c(6): Notify: Parameter Substitution: parameter "myParam" =  "Value5"	[MsgId: MMSG-13992]
Group: parameters, vuser id: 5, scenario id 0, param : Value5	[MsgId: MMSG-17999]
Ending action Action.	[MsgId: MMSG-15918]
Ending iteration 9.	[MsgId: MMSG-15965]
Starting iteration 10.	[MsgId: MMSG-15968]
Starting action Action.	[MsgId: MMSG-15919]
Action.c(6): Notify: Parameter Substitution: parameter "myParam" =  "Value5"	[MsgId: MMSG-13992]
Group: parameters, vuser id: 5, scenario id 0, param : Value5	[MsgId: MMSG-17999]
Ending action Action.	[MsgId: MMSG-15918]
Ending iteration 10.	[MsgId: MMSG-15965]
Ending Vuser...	[MsgId: MMSG-15966]
Starting action vuser_end.	[MsgId: MMSG-15919]
Ending action vuser_end.	[MsgId: MMSG-15918]
Vuser Terminated.	[MsgId: MMSG-15963]
Starting iteration 1.	[MsgId: MMSG-15968]
Vuser 4 (thread 8500), ended OK."	[MsgId: MMSG-10695]
Starting iteration 1.	[MsgId: MMSG-15968]
Maximum number of concurrent connections per server: 6  	[MsgId: MMSG-26989]
Starting action Action.	[MsgId: MMSG-15919]
Action.c(6): Notify: Parameter Substitution: parameter "myParam" =  "Value9"	[MsgId: MMSG-13992]
Group: parameters, vuser id: 9, scenario id 0, param : Value9	[MsgId: MMSG-17999]
Ending action Action.	[MsgId: MMSG-15918]
Ending iteration 1.	[MsgId: MMSG-15965]
Starting iteration 2.	[MsgId: MMSG-15968]
Starting action Action.	[MsgId: MMSG-15919]
Action.c(6): Notify: Parameter Substitution: parameter "myParam" =  "Value9"	[MsgId: MMSG-13992]
Group: parameters, vuser id: 9, scenario id 0, param : Value9	[MsgId: MMSG-17999]
Ending action Action.	[MsgId: MMSG-15918]
Ending iteration 2.	[MsgId: MMSG-15965]
Starting iteration 3.	[MsgId: MMSG-15968]
Starting action Action.	[MsgId: MMSG-15919]
Action.c(6): Notify: Parameter Substitution: parameter "myParam" =  "Value9"	[MsgId: MMSG-13992]
Group: parameters, vuser id: 9, scenario id 0, param : Value9	[MsgId: MMSG-17999]
Ending action Action.	[MsgId: MMSG-15918]
Ending iteration 3.	[MsgId: MMSG-15965]
Starting iteration 4.	[MsgId: MMSG-15968]
Starting action Action.	[MsgId: MMSG-15919]
Action.c(6): Notify: Parameter Substitution: parameter "myParam" =  "Value9"	[MsgId: MMSG-13992]
Group: parameters, vuser id: 9, scenario id 0, param : Value9	[MsgId: MMSG-17999]
Ending action Action.	[MsgId: MMSG-15918]
Ending iteration 4.	[MsgId: MMSG-15965]
Starting iteration 5.	[MsgId: MMSG-15968]
Starting action Action.	[MsgId: MMSG-15919]
Action.c(6): Notify: Parameter Substitution: parameter "myParam" =  "Value9"	[MsgId: MMSG-13992]
Group: parameters, vuser id: 9, scenario id 0, param : Value9	[MsgId: MMSG-17999]
Ending action Action.	[MsgId: MMSG-15918]
Ending iteration 5.	[MsgId: MMSG-15965]
Starting iteration 6.	[MsgId: MMSG-15968]
Starting action Action.	[MsgId: MMSG-15919]
Action.c(6): Notify: Parameter Substitution: parameter "myParam" =  "Value9"	[MsgId: MMSG-13992]
Group: parameters, vuser id: 9, scenario id 0, param : Value9	[MsgId: MMSG-17999]
Maximum number of concurrent connections per server: 6  	[MsgId: MMSG-26989]
Ending action Action.	[MsgId: MMSG-15918]
Ending iteration 6.	[MsgId: MMSG-15965]
Starting iteration 7.	[MsgId: MMSG-15968]
Starting action Action.	[MsgId: MMSG-15919]
Action.c(6): Notify: Parameter Substitution: parameter "myParam" =  "Value9"	[MsgId: MMSG-13992]
Group: parameters, vuser id: 9, scenario id 0, param : Value9	[MsgId: MMSG-17999]
Ending action Action.	[MsgId: MMSG-15918]
Ending iteration 7.	[MsgId: MMSG-15965]
Starting iteration 8.	[MsgId: MMSG-15968]
Starting action Action.	[MsgId: MMSG-15919]
Action.c(6): Notify: Parameter Substitution: parameter "myParam" =  "Value9"	[MsgId: MMSG-13992]
Group: parameters, vuser id: 9, scenario id 0, param : Value9	[MsgId: MMSG-17999]
Starting action Action.	[MsgId: MMSG-15919]
Action.c(6): Notify: Parameter Substitution: parameter "myParam" =  "Value8"	[MsgId: MMSG-13992]
Group: parameters, vuser id: 8, scenario id 0, param : Value8	[MsgId: MMSG-17999]
Ending action Action.	[MsgId: MMSG-15918]
Ending iteration 1.	[MsgId: MMSG-15965]
Starting iteration 2.	[MsgId: MMSG-15968]
Starting iteration 1.	[MsgId: MMSG-15968]
Starting action Action.	[MsgId: MMSG-15919]
Action.c(6): Notify: Parameter Substitution: parameter "myParam" =  "Value8"	[MsgId: MMSG-13992]
Group: parameters, vuser id: 8, scenario id 0, param : Value8	[MsgId: MMSG-17999]
Ending action Action.	[MsgId: MMSG-15918]
Ending iteration 2.	[MsgId: MMSG-15965]
Starting iteration 3.	[MsgId: MMSG-15968]
Starting action Action.	[MsgId: MMSG-15919]
Action.c(6): Notify: Parameter Substitution: parameter "myParam" =  "Value8"	[MsgId: MMSG-13992]
Group: parameters, vuser id: 8, scenario id 0, param : Value8	[MsgId: MMSG-17999]
Starting action Action.	[MsgId: MMSG-15919]
Maximum number of concurrent connections per server: 6  	[MsgId: MMSG-26989]
Starting action Action.	[MsgId: MMSG-15919]
Ending action Action.	[MsgId: MMSG-15918]
Action.c(6): Notify: Parameter Substitution: parameter "myParam" =  "Value4"	[MsgId: MMSG-13992]
Ending iteration 3.	[MsgId: MMSG-15965]
Starting iteration 4.	[MsgId: MMSG-15968]
Starting action Action.	[MsgId: MMSG-15919]
Action.c(6): Notify: Parameter Substitution: parameter "myParam" =  "Value1"	[MsgId: MMSG-13992]
Action.c(6): Notify: Parameter Substitution: parameter "myParam" =  "Value8"	[MsgId: MMSG-13992]
Group: parameters, vuser id: 4, scenario id 0, param : Value4	[MsgId: MMSG-17999]
Group: parameters, vuser id: 8, scenario id 0, param : Value8	[MsgId: MMSG-17999]
Ending action Action.	[MsgId: MMSG-15918]
Ending action Action.	[MsgId: MMSG-15918]
Ending iteration 1.	[MsgId: MMSG-15965]
Starting iteration 2.	[MsgId: MMSG-15968]
Starting action Action.	[MsgId: MMSG-15919]
Action.c(6): Notify: Parameter Substitution: parameter "myParam" =  "Value4"	[MsgId: MMSG-13992]
Group: parameters, vuser id: 4, scenario id 0, param : Value4	[MsgId: MMSG-17999]
Ending iteration 4.	[MsgId: MMSG-15965]
Starting iteration 5.	[MsgId: MMSG-15968]
Starting action Action.	[MsgId: MMSG-15919]
Action.c(6): Notify: Parameter Substitution: parameter "myParam" =  "Value8"	[MsgId: MMSG-13992]
Group: parameters, vuser id: 8, scenario id 0, param : Value8	[MsgId: MMSG-17999]
Ending action Action.	[MsgId: MMSG-15918]
Ending iteration 5.	[MsgId: MMSG-15965]
Starting iteration 6.	[MsgId: MMSG-15968]
Starting action Action.	[MsgId: MMSG-15919]
Action.c(6): Notify: Parameter Substitution: parameter "myParam" =  "Value8"	[MsgId: MMSG-13992]
Group: parameters, vuser id: 8, scenario id 0, param : Value8	[MsgId: MMSG-17999]
Ending action Action.	[MsgId: MMSG-15918]
Ending iteration 6.	[MsgId: MMSG-15965]
Starting iteration 7.	[MsgId: MMSG-15968]
Starting action Action.	[MsgId: MMSG-15919]
Action.c(6): Notify: Parameter Substitution: parameter "myParam" =  "Value8"	[MsgId: MMSG-13992]
Group: parameters, vuser id: 8, scenario id 0, param : Value8	[MsgId: MMSG-17999]
Ending action Action.	[MsgId: MMSG-15918]
Ending iteration 7.	[MsgId: MMSG-15965]
Starting iteration 8.	[MsgId: MMSG-15968]
Starting action Action.	[MsgId: MMSG-15919]
Action.c(6): Notify: Parameter Substitution: parameter "myParam" =  "Value8"	[MsgId: MMSG-13992]
Group: parameters, vuser id: 8, scenario id 0, param : Value8	[MsgId: MMSG-17999]
Ending action Action.	[MsgId: MMSG-15918]
Ending iteration 8.	[MsgId: MMSG-15965]
Starting iteration 9.	[MsgId: MMSG-15968]
Starting action Action.	[MsgId: MMSG-15919]
Action.c(6): Notify: Parameter Substitution: parameter "myParam" =  "Value8"	[MsgId: MMSG-13992]
Group: parameters, vuser id: 8, scenario id 0, param : Value8	[MsgId: MMSG-17999]
Ending action Action.	[MsgId: MMSG-15918]
Ending iteration 9.	[MsgId: MMSG-15965]
Starting iteration 10.	[MsgId: MMSG-15968]
Starting action Action.	[MsgId: MMSG-15919]
Ending action Action.	[MsgId: MMSG-15918]
Ending iteration 2.	[MsgId: MMSG-15965]
Action.c(6): Notify: Parameter Substitution: parameter "myParam" =  "Value8"	[MsgId: MMSG-13992]
Starting iteration 3.	[MsgId: MMSG-15968]
Group: parameters, vuser id: 8, scenario id 0, param : Value8	[MsgId: MMSG-17999]
Starting action Action.	[MsgId: MMSG-15919]
Action.c(6): Notify: Parameter Substitution: parameter "myParam" =  "Value4"	[MsgId: MMSG-13992]
Group: parameters, vuser id: 4, scenario id 0, param : Value4	[MsgId: MMSG-17999]
Ending action Action.	[MsgId: MMSG-15918]
Ending action Action.	[MsgId: MMSG-15918]
Ending iteration 3.	[MsgId: MMSG-15965]
Starting iteration 4.	[MsgId: MMSG-15968]
Starting action Action.	[MsgId: MMSG-15919]
Action.c(6): Notify: Parameter Substitution: parameter "myParam" =  "Value4"	[MsgId: MMSG-13992]
Group: parameters, vuser id: 4, scenario id 0, param : Value4	[MsgId: MMSG-17999]
Ending action Action.	[MsgId: MMSG-15918]
Ending iteration 8.	[MsgId: MMSG-15965]
Starting iteration 9.	[MsgId: MMSG-15968]
Starting action Action.	[MsgId: MMSG-15919]
Action.c(6): Notify: Parameter Substitution: parameter "myParam" =  "Value9"	[MsgId: MMSG-13992]
Group: parameters, vuser id: 9, scenario id 0, param : Value9	[MsgId: MMSG-17999]
Ending action Action.	[MsgId: MMSG-15918]
Ending iteration 9.	[MsgId: MMSG-15965]
Starting iteration 10.	[MsgId: MMSG-15968]
Starting action Action.	[MsgId: MMSG-15919]
Action.c(6): Notify: Parameter Substitution: parameter "myParam" =  "Value9"	[MsgId: MMSG-13992]
Group: parameters, vuser id: 9, scenario id 0, param : Value9	[MsgId: MMSG-17999]
Ending action Action.	[MsgId: MMSG-15918]
Ending iteration 10.	[MsgId: MMSG-15965]
Ending Vuser...	[MsgId: MMSG-15966]
Starting action vuser_end.	[MsgId: MMSG-15919]
Ending action vuser_end.	[MsgId: MMSG-15918]
Vuser Terminated.	[MsgId: MMSG-15963]
Group: parameters, vuser id: 1, scenario id 0, param : Value1	[MsgId: MMSG-17999]
Ending action Action.	[MsgId: MMSG-15918]
Ending iteration 2.	[MsgId: MMSG-15965]
Starting iteration 3.	[MsgId: MMSG-15968]
Starting action Action.	[MsgId: MMSG-15919]
Action.c(6): Notify: Parameter Substitution: parameter "myParam" =  "Value1"	[MsgId: MMSG-13992]
Group: parameters, vuser id: 1, scenario id 0, param : Value1	[MsgId: MMSG-17999]
Ending action Action.	[MsgId: MMSG-15918]
Vuser 8 (thread 8652), ended OK."	[MsgId: MMSG-10695]
Ending iteration 3.	[MsgId: MMSG-15965]
Starting iteration 4.	[MsgId: MMSG-15968]
Starting action Action.	[MsgId: MMSG-15919]
Action.c(6): Notify: Parameter Substitution: parameter "myParam" =  "Value1"	[MsgId: MMSG-13992]
Group: parameters, vuser id: 1, scenario id 0, param : Value1	[MsgId: MMSG-17999]
Ending action Action.	[MsgId: MMSG-15918]
Ending iteration 4.	[MsgId: MMSG-15965]
Starting iteration 5.	[MsgId: MMSG-15968]
Starting action Action.	[MsgId: MMSG-15919]
Action.c(6): Notify: Parameter Substitution: parameter "myParam" =  "Value1"	[MsgId: MMSG-13992]
Group: parameters, vuser id: 1, scenario id 0, param : Value1	[MsgId: MMSG-17999]
Ending action Action.	[MsgId: MMSG-15918]
Ending iteration 5.	[MsgId: MMSG-15965]
Starting iteration 6.	[MsgId: MMSG-15968]
Starting action Action.	[MsgId: MMSG-15919]
Action.c(6): Notify: Parameter Substitution: parameter "myParam" =  "Value1"	[MsgId: MMSG-13992]
Group: parameters, vuser id: 1, scenario id 0, param : Value1	[MsgId: MMSG-17999]
Ending action Action.	[MsgId: MMSG-15918]
Ending iteration 10.	[MsgId: MMSG-15965]
Ending action Action.	[MsgId: MMSG-15918]
Ending Vuser...	[MsgId: MMSG-15966]
Ending iteration 6.	[MsgId: MMSG-15965]
Starting action vuser_end.	[MsgId: MMSG-15919]
Starting iteration 7.	[MsgId: MMSG-15968]
Starting action Action.	[MsgId: MMSG-15919]
Action.c(6): Notify: Parameter Substitution: parameter "myParam" =  "Value1"	[MsgId: MMSG-13992]
Group: parameters, vuser id: 1, scenario id 0, param : Value1	[MsgId: MMSG-17999]
Ending action Action.	[MsgId: MMSG-15918]
Ending iteration 7.	[MsgId: MMSG-15965]
Starting iteration 8.	[MsgId: MMSG-15968]
Starting action Action.	[MsgId: MMSG-15919]
Action.c(6): Notify: Parameter Substitution: parameter "myParam" =  "Value1"	[MsgId: MMSG-13992]
Group: parameters, vuser id: 1, scenario id 0, param : Value1	[MsgId: MMSG-17999]
Ending action Action.	[MsgId: MMSG-15918]
Ending iteration 8.	[MsgId: MMSG-15965]
Starting iteration 9.	[MsgId: MMSG-15968]
Starting action Action.	[MsgId: MMSG-15919]
Action.c(6): Notify: Parameter Substitution: parameter "myParam" =  "Value1"	[MsgId: MMSG-13992]
Group: parameters, vuser id: 1, scenario id 0, param : Value1	[MsgId: MMSG-17999]
Ending action Action.	[MsgId: MMSG-15918]
Ending iteration 9.	[MsgId: MMSG-15965]
Starting iteration 10.	[MsgId: MMSG-15968]
Starting action Action.	[MsgId: MMSG-15919]
Action.c(6): Notify: Parameter Substitution: parameter "myParam" =  "Value1"	[MsgId: MMSG-13992]
Group: parameters, vuser id: 1, scenario id 0, param : Value1	[MsgId: MMSG-17999]
Ending action vuser_end.	[MsgId: MMSG-15918]
Vuser Terminated.	[MsgId: MMSG-15963]
Ending action Action.	[MsgId: MMSG-15918]
Ending iteration 10.	[MsgId: MMSG-15965]
Ending Vuser...	[MsgId: MMSG-15966]
Starting action vuser_end.	[MsgId: MMSG-15919]
Ending action vuser_end.	[MsgId: MMSG-15918]
Vuser Terminated.	[MsgId: MMSG-15963]
Vuser 7 (thread 8640), ended OK."	[MsgId: MMSG-10695]
Ending iteration 4.	[MsgId: MMSG-15965]
Starting iteration 5.	[MsgId: MMSG-15968]
Starting iteration 1.	[MsgId: MMSG-15968]
Starting action Action.	[MsgId: MMSG-15919]
Action.c(6): Notify: Parameter Substitution: parameter "myParam" =  "Value4"	[MsgId: MMSG-13992]
Group: parameters, vuser id: 4, scenario id 0, param : Value4	[MsgId: MMSG-17999]
Starting iteration 1.	[MsgId: MMSG-15968]
Maximum number of concurrent connections per server: 6  	[MsgId: MMSG-26989]
Starting action Action.	[MsgId: MMSG-15919]
Action.c(6): Notify: Parameter Substitution: parameter "myParam" =  "Value3"	[MsgId: MMSG-13992]
Group: parameters, vuser id: 3, scenario id 0, param : Value3	[MsgId: MMSG-17999]
Ending action Action.	[MsgId: MMSG-15918]
Ending iteration 1.	[MsgId: MMSG-15965]
Starting iteration 2.	[MsgId: MMSG-15968]
Starting action Action.	[MsgId: MMSG-15919]
Action.c(6): Notify: Parameter Substitution: parameter "myParam" =  "Value3"	[MsgId: MMSG-13992]
Group: parameters, vuser id: 3, scenario id 0, param : Value3	[MsgId: MMSG-17999]
Ending action Action.	[MsgId: MMSG-15918]
Starting iteration 1.	[MsgId: MMSG-15968]
Ending iteration 2.	[MsgId: MMSG-15965]
Starting iteration 3.	[MsgId: MMSG-15968]
Starting action Action.	[MsgId: MMSG-15919]
Action.c(6): Notify: Parameter Substitution: parameter "myParam" =  "Value3"	[MsgId: MMSG-13992]
Group: parameters, vuser id: 3, scenario id 0, param : Value3	[MsgId: MMSG-17999]
Ending action Action.	[MsgId: MMSG-15918]
Ending iteration 3.	[MsgId: MMSG-15965]
Starting iteration 4.	[MsgId: MMSG-15968]
Starting action Action.	[MsgId: MMSG-15919]
Action.c(6): Notify: Parameter Substitution: parameter "myParam" =  "Value3"	[MsgId: MMSG-13992]
Group: parameters, vuser id: 3, scenario id 0, param : Value3	[MsgId: MMSG-17999]
Ending action Action.	[MsgId: MMSG-15918]
Ending iteration 4.	[MsgId: MMSG-15965]
Starting iteration 5.	[MsgId: MMSG-15968]
Starting action Action.	[MsgId: MMSG-15919]
Action.c(6): Notify: Parameter Substitution: parameter "myParam" =  "Value3"	[MsgId: MMSG-13992]
Group: parameters, vuser id: 3, scenario id 0, param : Value3	[MsgId: MMSG-17999]
Ending action Action.	[MsgId: MMSG-15918]
Ending iteration 5.	[MsgId: MMSG-15965]
Starting iteration 6.	[MsgId: MMSG-15968]
Starting action Action.	[MsgId: MMSG-15919]
Action.c(6): Notify: Parameter Substitution: parameter "myParam" =  "Value3"	[MsgId: MMSG-13992]
Group: parameters, vuser id: 3, scenario id 0, param : Value3	[MsgId: MMSG-17999]
Ending action Action.	[MsgId: MMSG-15918]
Ending iteration 6.	[MsgId: MMSG-15965]
Starting iteration 7.	[MsgId: MMSG-15968]
Starting action Action.	[MsgId: MMSG-15919]
Action.c(6): Notify: Parameter Substitution: parameter "myParam" =  "Value3"	[MsgId: MMSG-13992]
Group: parameters, vuser id: 3, scenario id 0, param : Value3	[MsgId: MMSG-17999]
Ending action Action.	[MsgId: MMSG-15918]
Ending iteration 7.	[MsgId: MMSG-15965]
Starting iteration 8.	[MsgId: MMSG-15968]
Starting action Action.	[MsgId: MMSG-15919]
Action.c(6): Notify: Parameter Substitution: parameter "myParam" =  "Value3"	[MsgId: MMSG-13992]
Group: parameters, vuser id: 3, scenario id 0, param : Value3	[MsgId: MMSG-17999]
Ending action Action.	[MsgId: MMSG-15918]
Ending iteration 8.	[MsgId: MMSG-15965]
Starting iteration 9.	[MsgId: MMSG-15968]
Starting action Action.	[MsgId: MMSG-15919]
Action.c(6): Notify: Parameter Substitution: parameter "myParam" =  "Value3"	[MsgId: MMSG-13992]
Group: parameters, vuser id: 3, scenario id 0, param : Value3	[MsgId: MMSG-17999]
Ending action Action.	[MsgId: MMSG-15918]
Ending iteration 9.	[MsgId: MMSG-15965]
Starting iteration 10.	[MsgId: MMSG-15968]
Starting action Action.	[MsgId: MMSG-15919]
Action.c(6): Notify: Parameter Substitution: parameter "myParam" =  "Value3"	[MsgId: MMSG-13992]
Group: parameters, vuser id: 3, scenario id 0, param : Value3	[MsgId: MMSG-17999]
Ending action Action.	[MsgId: MMSG-15918]
Ending iteration 10.	[MsgId: MMSG-15965]
Maximum number of concurrent connections per server: 6  	[MsgId: MMSG-26989]
Starting action Action.	[MsgId: MMSG-15919]
Ending Vuser...	[MsgId: MMSG-15966]
Action.c(6): Notify: Parameter Substitution: parameter "myParam" =  "Value2"	[MsgId: MMSG-13992]
Group: parameters, vuser id: 2, scenario id 0, param : Value2	[MsgId: MMSG-17999]
Ending action Action.	[MsgId: MMSG-15918]
Ending iteration 1.	[MsgId: MMSG-15965]
Starting iteration 2.	[MsgId: MMSG-15968]
Starting action Action.	[MsgId: MMSG-15919]
Action.c(6): Notify: Parameter Substitution: parameter "myParam" =  "Value2"	[MsgId: MMSG-13992]
Group: parameters, vuser id: 2, scenario id 0, param : Value2	[MsgId: MMSG-17999]
Ending action Action.	[MsgId: MMSG-15918]
Ending iteration 2.	[MsgId: MMSG-15965]
Starting iteration 3.	[MsgId: MMSG-15968]
Starting action Action.	[MsgId: MMSG-15919]
Action.c(6): Notify: Parameter Substitution: parameter "myParam" =  "Value2"	[MsgId: MMSG-13992]
Group: parameters, vuser id: 2, scenario id 0, param : Value2	[MsgId: MMSG-17999]
Ending action Action.	[MsgId: MMSG-15918]
Ending iteration 3.	[MsgId: MMSG-15965]
Starting iteration 4.	[MsgId: MMSG-15968]
Starting action Action.	[MsgId: MMSG-15919]
Action.c(6): Notify: Parameter Substitution: parameter "myParam" =  "Value2"	[MsgId: MMSG-13992]
Group: parameters, vuser id: 2, scenario id 0, param : Value2	[MsgId: MMSG-17999]
Ending action Action.	[MsgId: MMSG-15918]
Ending iteration 4.	[MsgId: MMSG-15965]
Starting iteration 5.	[MsgId: MMSG-15968]
Starting action vuser_end.	[MsgId: MMSG-15919]
Starting action Action.	[MsgId: MMSG-15919]
Ending action vuser_end.	[MsgId: MMSG-15918]
Vuser Terminated.	[MsgId: MMSG-15963]
Action.c(6): Notify: Parameter Substitution: parameter "myParam" =  "Value2"	[MsgId: MMSG-13992]
Group: parameters, vuser id: 2, scenario id 0, param : Value2	[MsgId: MMSG-17999]
Ending action Action.	[MsgId: MMSG-15918]
Ending iteration 5.	[MsgId: MMSG-15965]
Starting iteration 6.	[MsgId: MMSG-15968]
Starting action Action.	[MsgId: MMSG-15919]
Action.c(6): Notify: Parameter Substitution: parameter "myParam" =  "Value2"	[MsgId: MMSG-13992]
Group: parameters, vuser id: 2, scenario id 0, param : Value2	[MsgId: MMSG-17999]
Ending action Action.	[MsgId: MMSG-15918]
Ending iteration 6.	[MsgId: MMSG-15965]
Starting iteration 7.	[MsgId: MMSG-15968]
Starting action Action.	[MsgId: MMSG-15919]
Action.c(6): Notify: Parameter Substitution: parameter "myParam" =  "Value2"	[MsgId: MMSG-13992]
Group: parameters, vuser id: 2, scenario id 0, param : Value2	[MsgId: MMSG-17999]
Ending action Action.	[MsgId: MMSG-15918]
Ending iteration 7.	[MsgId: MMSG-15965]
Starting iteration 8.	[MsgId: MMSG-15968]
Starting action Action.	[MsgId: MMSG-15919]
Action.c(6): Notify: Parameter Substitution: parameter "myParam" =  "Value2"	[MsgId: MMSG-13992]
Group: parameters, vuser id: 2, scenario id 0, param : Value2	[MsgId: MMSG-17999]
Ending action Action.	[MsgId: MMSG-15918]
Ending iteration 8.	[MsgId: MMSG-15965]
Starting iteration 9.	[MsgId: MMSG-15968]
Starting action Action.	[MsgId: MMSG-15919]
Action.c(6): Notify: Parameter Substitution: parameter "myParam" =  "Value2"	[MsgId: MMSG-13992]
Group: parameters, vuser id: 2, scenario id 0, param : Value2	[MsgId: MMSG-17999]
Vuser 2 (thread 8516), ended OK."	[MsgId: MMSG-10695]
Ending action Action.	[MsgId: MMSG-15918]
Ending iteration 9.	[MsgId: MMSG-15965]
Starting iteration 10.	[MsgId: MMSG-15968]
Starting action Action.	[MsgId: MMSG-15919]
Action.c(6): Notify: Parameter Substitution: parameter "myParam" =  "Value2"	[MsgId: MMSG-13992]
Group: parameters, vuser id: 2, scenario id 0, param : Value2	[MsgId: MMSG-17999]
Ending action Action.	[MsgId: MMSG-15918]
Ending iteration 10.	[MsgId: MMSG-15965]
Maximum number of concurrent connections per server: 6  	[MsgId: MMSG-26989]
Ending Vuser...	[MsgId: MMSG-15966]
Starting action vuser_end.	[MsgId: MMSG-15919]
Starting action Action.	[MsgId: MMSG-15919]
Ending action vuser_end.	[MsgId: MMSG-15918]
Action.c(6): Notify: Parameter Substitution: parameter "myParam" =  "Value10"	[MsgId: MMSG-13992]
Vuser Terminated.	[MsgId: MMSG-15963]
Group: parameters, vuser id: 10, scenario id 0, param : Value10	[MsgId: MMSG-17999]
Ending action Action.	[MsgId: MMSG-15918]
Ending iteration 1.	[MsgId: MMSG-15965]
Starting iteration 2.	[MsgId: MMSG-15968]
Starting action Action.	[MsgId: MMSG-15919]
Action.c(6): Notify: Parameter Substitution: parameter "myParam" =  "Value10"	[MsgId: MMSG-13992]
Group: parameters, vuser id: 10, scenario id 0, param : Value10	[MsgId: MMSG-17999]
Ending action Action.	[MsgId: MMSG-15918]
Ending iteration 2.	[MsgId: MMSG-15965]
Starting iteration 3.	[MsgId: MMSG-15968]
Starting action Action.	[MsgId: MMSG-15919]
Action.c(6): Notify: Parameter Substitution: parameter "myParam" =  "Value10"	[MsgId: MMSG-13992]
Group: parameters, vuser id: 10, scenario id 0, param : Value10	[MsgId: MMSG-17999]
Ending action Action.	[MsgId: MMSG-15918]
Ending iteration 3.	[MsgId: MMSG-15965]
Starting iteration 4.	[MsgId: MMSG-15968]
Starting action Action.	[MsgId: MMSG-15919]
Action.c(6): Notify: Parameter Substitution: parameter "myParam" =  "Value10"	[MsgId: MMSG-13992]
Group: parameters, vuser id: 10, scenario id 0, param : Value10	[MsgId: MMSG-17999]
Ending action Action.	[MsgId: MMSG-15918]
Ending iteration 4.	[MsgId: MMSG-15965]
Starting iteration 5.	[MsgId: MMSG-15968]
Starting action Action.	[MsgId: MMSG-15919]
Action.c(6): Notify: Parameter Substitution: parameter "myParam" =  "Value10"	[MsgId: MMSG-13992]
Group: parameters, vuser id: 10, scenario id 0, param : Value10	[MsgId: MMSG-17999]
Ending action Action.	[MsgId: MMSG-15918]
Ending iteration 5.	[MsgId: MMSG-15965]
Starting iteration 6.	[MsgId: MMSG-15968]
Starting action Action.	[MsgId: MMSG-15919]
Action.c(6): Notify: Parameter Substitution: parameter "myParam" =  "Value10"	[MsgId: MMSG-13992]
Group: parameters, vuser id: 10, scenario id 0, param : Value10	[MsgId: MMSG-17999]
Ending action Action.	[MsgId: MMSG-15918]
Ending iteration 6.	[MsgId: MMSG-15965]
Starting iteration 7.	[MsgId: MMSG-15968]
Starting action Action.	[MsgId: MMSG-15919]
Action.c(6): Notify: Parameter Substitution: parameter "myParam" =  "Value10"	[MsgId: MMSG-13992]
Group: parameters, vuser id: 10, scenario id 0, param : Value10	[MsgId: MMSG-17999]
Ending action Action.	[MsgId: MMSG-15918]
Ending iteration 7.	[MsgId: MMSG-15965]
Starting iteration 8.	[MsgId: MMSG-15968]
Starting action Action.	[MsgId: MMSG-15919]
Action.c(6): Notify: Parameter Substitution: parameter "myParam" =  "Value10"	[MsgId: MMSG-13992]
Group: parameters, vuser id: 10, scenario id 0, param : Value10	[MsgId: MMSG-17999]
Ending action Action.	[MsgId: MMSG-15918]
Ending iteration 8.	[MsgId: MMSG-15965]
Starting iteration 9.	[MsgId: MMSG-15968]
Vuser 1 (thread 8520), ended OK."	[MsgId: MMSG-10695]
Starting action Action.	[MsgId: MMSG-15919]
Action.c(6): Notify: Parameter Substitution: parameter "myParam" =  "Value10"	[MsgId: MMSG-13992]
Group: parameters, vuser id: 10, scenario id 0, param : Value10	[MsgId: MMSG-17999]
Ending action Action.	[MsgId: MMSG-15918]
Ending iteration 9.	[MsgId: MMSG-15965]
Starting iteration 10.	[MsgId: MMSG-15968]
Ending action Action.	[MsgId: MMSG-15918]
Ending iteration 5.	[MsgId: MMSG-15965]
Starting iteration 6.	[MsgId: MMSG-15968]
Starting action Action.	[MsgId: MMSG-15919]
Action.c(6): Notify: Parameter Substitution: parameter "myParam" =  "Value4"	[MsgId: MMSG-13992]
Group: parameters, vuser id: 4, scenario id 0, param : Value4	[MsgId: MMSG-17999]
Ending action Action.	[MsgId: MMSG-15918]
Ending iteration 6.	[MsgId: MMSG-15965]
Starting iteration 7.	[MsgId: MMSG-15968]
Starting action Action.	[MsgId: MMSG-15919]
Action.c(6): Notify: Parameter Substitution: parameter "myParam" =  "Value4"	[MsgId: MMSG-13992]
Group: parameters, vuser id: 4, scenario id 0, param : Value4	[MsgId: MMSG-17999]
Ending action Action.	[MsgId: MMSG-15918]
Ending iteration 7.	[MsgId: MMSG-15965]
Starting iteration 8.	[MsgId: MMSG-15968]
Starting action Action.	[MsgId: MMSG-15919]
Action.c(6): Notify: Parameter Substitution: parameter "myParam" =  "Value4"	[MsgId: MMSG-13992]
Group: parameters, vuser id: 4, scenario id 0, param : Value4	[MsgId: MMSG-17999]
Ending action Action.	[MsgId: MMSG-15918]
Ending iteration 8.	[MsgId: MMSG-15965]
Starting iteration 9.	[MsgId: MMSG-15968]
Starting action Action.	[MsgId: MMSG-15919]
Action.c(6): Notify: Parameter Substitution: parameter "myParam" =  "Value4"	[MsgId: MMSG-13992]
Group: parameters, vuser id: 4, scenario id 0, param : Value4	[MsgId: MMSG-17999]
Ending action Action.	[MsgId: MMSG-15918]
Ending iteration 9.	[MsgId: MMSG-15965]
Starting iteration 10.	[MsgId: MMSG-15968]
Starting action Action.	[MsgId: MMSG-15919]
Action.c(6): Notify: Parameter Substitution: parameter "myParam" =  "Value4"	[MsgId: MMSG-13992]
Group: parameters, vuser id: 4, scenario id 0, param : Value4	[MsgId: MMSG-17999]
Ending action Action.	[MsgId: MMSG-15918]
Ending iteration 10.	[MsgId: MMSG-15965]
Ending Vuser...	[MsgId: MMSG-15966]
Starting action vuser_end.	[MsgId: MMSG-15919]
Ending action vuser_end.	[MsgId: MMSG-15918]
Vuser Terminated.	[MsgId: MMSG-15963]
Starting action Action.	[MsgId: MMSG-15919]
Action.c(6): Notify: Parameter Substitution: parameter "myParam" =  "Value10"	[MsgId: MMSG-13992]
Group: parameters, vuser id: 10, scenario id 0, param : Value10	[MsgId: MMSG-17999]
Ending action Action.	[MsgId: MMSG-15918]
Ending iteration 10.	[MsgId: MMSG-15965]
Ending Vuser...	[MsgId: MMSG-15966]
Starting action vuser_end.	[MsgId: MMSG-15919]
Ending action vuser_end.	[MsgId: MMSG-15918]
Vuser Terminated.	[MsgId: MMSG-15963]
Vuser 3 (thread 8512), ended OK."	[MsgId: MMSG-10695]
Vuser 9 (thread 8660), ended OK."	[MsgId: MMSG-10695]
Vuser 0 (thread 8628), ended OK."	[MsgId: MMSG-10695]
Virtual User Script started at: 01/08/2023 08:55:05	[MsgId: MMSG-15967]
Starting action vuser_init.	[MsgId: MMSG-15919]
Web Turbo Replay of LoadRunner 2023.0.0 for Windows 2019; build 506 (Mar 08 2023 13:11:40)  	[MsgId: MMSG-26983]
Run mode: HTML  	[MsgId: MMSG-26993]
Replay user agent: Mozilla/5.0 (compatible; MSIE 10.0; Windows NT 6.1; Trident/6.0)  	[MsgId: MMSG-26988]
Runtime Settings file: "C:\Users\demo\AppData\Local\Temp\1\lr5tmpdiriUX.820\lrcfgn8f.821\cfgaEh.824"  	[MsgId: MMSG-27141]
Ending action vuser_init.	[MsgId: MMSG-15918]
Running Vuser...	[MsgId: MMSG-15964]
Starting iteration 1.	[MsgId: MMSG-15968]
Maximum number of concurrent connections per server: 6  	[MsgId: MMSG-26989]
Starting action Action.	[MsgId: MMSG-15919]
Action.c(6): Notify: Parameter Substitution: parameter "myParam" =  "Value7"	[MsgId: MMSG-13992]
Group: parameters, vuser id: 7, scenario id 0, param : Value7	[MsgId: MMSG-17999]
Ending action Action.	[MsgId: MMSG-15918]
Ending iteration 1.	[MsgId: MMSG-15965]
Starting iteration 2.	[MsgId: MMSG-15968]
Starting action Action.	[MsgId: MMSG-15919]
Action.c(6): Notify: Parameter Substitution: parameter "myParam" =  "Value7"	[MsgId: MMSG-13992]
Group: parameters, vuser id: 7, scenario id 0, param : Value7	[MsgId: MMSG-17999]
Ending action Action.	[MsgId: MMSG-15918]
Ending iteration 2.	[MsgId: MMSG-15965]
Starting iteration 3.	[MsgId: MMSG-15968]
Starting action Action.	[MsgId: MMSG-15919]
Action.c(6): Notify: Parameter Substitution: parameter "myParam" =  "Value7"	[MsgId: MMSG-13992]
Group: parameters, vuser id: 7, scenario id 0, param : Value7	[MsgId: MMSG-17999]
Ending action Action.	[MsgId: MMSG-15918]
Ending iteration 3.	[MsgId: MMSG-15965]
Starting iteration 4.	[MsgId: MMSG-15968]
Starting action Action.	[MsgId: MMSG-15919]
Action.c(6): Notify: Parameter Substitution: parameter "myParam" =  "Value7"	[MsgId: MMSG-13992]
Group: parameters, vuser id: 7, scenario id 0, param : Value7	[MsgId: MMSG-17999]
Ending action Action.	[MsgId: MMSG-15918]
Ending iteration 4.	[MsgId: MMSG-15965]
Starting iteration 5.	[MsgId: MMSG-15968]
Starting action Action.	[MsgId: MMSG-15919]
Action.c(6): Notify: Parameter Substitution: parameter "myParam" =  "Value7"	[MsgId: MMSG-13992]
Group: parameters, vuser id: 7, scenario id 0, param : Value7	[MsgId: MMSG-17999]
Ending action Action.	[MsgId: MMSG-15918]
Ending iteration 5.	[MsgId: MMSG-15965]
Starting iteration 6.	[MsgId: MMSG-15968]
Starting action Action.	[MsgId: MMSG-15919]
Action.c(6): Notify: Parameter Substitution: parameter "myParam" =  "Value7"	[MsgId: MMSG-13992]
Group: parameters, vuser id: 7, scenario id 0, param : Value7	[MsgId: MMSG-17999]
Ending action Action.	[MsgId: MMSG-15918]
Ending iteration 6.	[MsgId: MMSG-15965]
Starting iteration 7.	[MsgId: MMSG-15968]
Starting action Action.	[MsgId: MMSG-15919]
Action.c(6): Notify: Parameter Substitution: parameter "myParam" =  "Value7"	[MsgId: MMSG-13992]
Group: parameters, vuser id: 7, scenario id 0, param : Value7	[MsgId: MMSG-17999]
Ending action Action.	[MsgId: MMSG-15918]
Ending iteration 7.	[MsgId: MMSG-15965]
Starting iteration 8.	[MsgId: MMSG-15968]
Starting action Action.	[MsgId: MMSG-15919]
Action.c(6): Notify: Parameter Substitution: parameter "myParam" =  "Value7"	[MsgId: MMSG-13992]
Group: parameters, vuser id: 7, scenario id 0, param : Value7	[MsgId: MMSG-17999]
Ending action Action.	[MsgId: MMSG-15918]
Ending iteration 8.	[MsgId: MMSG-15965]
Starting iteration 9.	[MsgId: MMSG-15968]
Starting action Action.	[MsgId: MMSG-15919]
Action.c(6): Notify: Parameter Substitution: parameter "myParam" =  "Value7"	[MsgId: MMSG-13992]
Group: parameters, vuser id: 7, scenario id 0, param : Value7	[MsgId: MMSG-17999]
Ending action Action.	[MsgId: MMSG-15918]
Ending iteration 9.	[MsgId: MMSG-15965]
Starting iteration 10.	[MsgId: MMSG-15968]
Starting action Action.	[MsgId: MMSG-15919]
Action.c(6): Notify: Parameter Substitution: parameter "myParam" =  "Value7"	[MsgId: MMSG-13992]
Group: parameters, vuser id: 7, scenario id 0, param : Value7	[MsgId: MMSG-17999]
Ending action Action.	[MsgId: MMSG-15918]
Ending iteration 10.	[MsgId: MMSG-15965]
Ending Vuser...	[MsgId: MMSG-15966]
Starting action vuser_end.	[MsgId: MMSG-15919]
Ending action vuser_end.	[MsgId: MMSG-15918]
Vuser Terminated.	[MsgId: MMSG-15963]
Vuser 6 (thread 8632), ended OK."	[MsgId: MMSG-10695]
